---------------------------------------------------------------
[ 2018-04-07T21:18:05+08:00 ] 0.0.0.0 GET /hns/public/index.php/index/book/save.html
[ info ] localhost/hns/public/index.php/index/book/save.html [运行时间：0.278757s][吞吐率：3.59req/s] [内存消耗：1,891.40kb] [文件加载：43]
[ info ] [ LANG ] D:\xampp\htdocs\hns\thinkphp\lang\zh-cn.php
[ info ] [ ROUTE ] array (
  'type' => 'module',
  'module' => 
  array (
    0 => 'index',
    1 => 'book',
    2 => 'save',
  ),
)
[ info ] [ HEADER ] array (
  'host' => 'localhost',
  'connection' => 'keep-alive',
  'upgrade-insecure-requests' => '1',
  'user-agent' => 'Mozilla/5.0 (Windows NT 10.0; WOW64) AppleWebKit/537.36 (KHTML, like Gecko) Chrome/65.0.3325.146 Safari/537.36',
  'accept' => 'text/html,application/xhtml+xml,application/xml;q=0.9,image/webp,image/apng,*/*;q=0.8',
  'accept-encoding' => 'gzip, deflate, br',
  'accept-language' => 'zh-CN,zh;q=0.9',
  'cookie' => 'pgv_pvi=878369792; Hm_lvt_080836300300be57b7f34f4b3e97d911=1522584204,1522660756,1522740102,1522896617',
)
[ info ] [ PARAM ] array (
)
[ info ] [ DB ] INIT mysql
[ info ] [ RUN ] app\index\controller\Book->save[ D:\xampp\htdocs\hns\application\index\controller\Book.php ]
[ info ] [ LOG ] INIT File
[ error ] [0]模板文件不存在:D:\xampp\htdocs\hns\public/../application/index\view\book\save.html[D:\xampp\htdocs\hns\thinkphp\library\think\view\driver\Think.php:80]
---------------------------------------------------------------
[ 2018-04-07T21:18:15+08:00 ] 0.0.0.0 GET /hns/public/index.php/index/book
[ info ] localhost/hns/public/index.php/index/book [运行时间：0.651722s][吞吐率：1.53req/s] [内存消耗：2,177.41kb] [文件加载：46]
[ info ] [ LANG ] D:\xampp\htdocs\hns\thinkphp\lang\zh-cn.php
[ info ] [ ROUTE ] array (
  'type' => 'module',
  'module' => 
  array (
    0 => 'index',
    1 => 'book',
    2 => NULL,
  ),
)
[ info ] [ HEADER ] array (
  'host' => 'localhost',
  'connection' => 'keep-alive',
  'upgrade-insecure-requests' => '1',
  'user-agent' => 'Mozilla/5.0 (Windows NT 10.0; WOW64) AppleWebKit/537.36 (KHTML, like Gecko) Chrome/65.0.3325.146 Safari/537.36',
  'accept' => 'text/html,application/xhtml+xml,application/xml;q=0.9,image/webp,image/apng,*/*;q=0.8',
  'accept-encoding' => 'gzip, deflate, br',
  'accept-language' => 'zh-CN,zh;q=0.9',
  'cookie' => 'pgv_pvi=878369792; Hm_lvt_080836300300be57b7f34f4b3e97d911=1522584204,1522660756,1522740102,1522896617',
)
[ info ] [ PARAM ] array (
)
[ info ] [ DB ] INIT mysql
[ info ] [ RUN ] app\index\controller\Book->index[ D:\xampp\htdocs\hns\application\index\controller\Book.php ]
[ info ] [ VIEW ] D:\xampp\htdocs\hns\public/../application/index\view\book\index.html [ array (
  0 => 'categorys',
) ]
[ info ] [ LOG ] INIT File
[ sql ] [ DB ] CONNECT:[ UseTime:0.002165s ] mysql:host=127.0.0.1;dbname=hns;charset=utf8
[ sql ] [ SQL ] SHOW COLUMNS FROM `hn_category` [ RunTime:0.067803s ]
[ sql ] [ SQL ] SELECT COUNT(*) AS tp_count FROM `hn_category` LIMIT 1 [ RunTime:0.000579s ]
[ sql ] [ SQL ] SELECT * FROM `hn_category` LIMIT 0,10 [ RunTime:0.000513s ]
---------------------------------------------------------------
[ 2018-04-07T21:18:15+08:00 ] 0.0.0.0 GET /hns/public/index.php/index/images/item_icon.png
[ info ] localhost/hns/public/index.php/index/images/item_icon.png [运行时间：0.028293s][吞吐率：35.34req/s] [内存消耗：828.70kb] [文件加载：28]
[ info ] [ LANG ] D:\xampp\htdocs\hns\thinkphp\lang\zh-cn.php
[ info ] [ ROUTE ] array (
  'type' => 'module',
  'module' => 
  array (
    0 => 'index',
    1 => 'images',
    2 => 'item_icon.png',
  ),
)
[ info ] [ HEADER ] array (
  'host' => 'localhost',
  'connection' => 'keep-alive',
  'user-agent' => 'Mozilla/5.0 (Windows NT 10.0; WOW64) AppleWebKit/537.36 (KHTML, like Gecko) Chrome/65.0.3325.146 Safari/537.36',
  'accept' => 'image/webp,image/apng,image/*,*/*;q=0.8',
  'referer' => 'http://localhost/hns/public/index.php/index/book',
  'accept-encoding' => 'gzip, deflate, br',
  'accept-language' => 'zh-CN,zh;q=0.9',
  'cookie' => 'pgv_pvi=878369792; Hm_lvt_080836300300be57b7f34f4b3e97d911=1522584204,1522660756,1522740102,1522896617',
)
[ info ] [ PARAM ] array (
)
[ info ] [ LOG ] INIT File
---------------------------------------------------------------
[ 2018-04-07T21:18:15+08:00 ] 0.0.0.0 GET /hns/public/index.php/index/images/small_img.png
[ info ] localhost/hns/public/index.php/index/images/small_img.png [运行时间：0.021439s][吞吐率：46.64req/s] [内存消耗：828.70kb] [文件加载：28]
[ info ] [ LANG ] D:\xampp\htdocs\hns\thinkphp\lang\zh-cn.php
[ info ] [ ROUTE ] array (
  'type' => 'module',
  'module' => 
  array (
    0 => 'index',
    1 => 'images',
    2 => 'small_img.png',
  ),
)
[ info ] [ HEADER ] array (
  'host' => 'localhost',
  'connection' => 'keep-alive',
  'user-agent' => 'Mozilla/5.0 (Windows NT 10.0; WOW64) AppleWebKit/537.36 (KHTML, like Gecko) Chrome/65.0.3325.146 Safari/537.36',
  'accept' => 'image/webp,image/apng,image/*,*/*;q=0.8',
  'referer' => 'http://localhost/hns/public/index.php/index/book',
  'accept-encoding' => 'gzip, deflate, br',
  'accept-language' => 'zh-CN,zh;q=0.9',
  'cookie' => 'pgv_pvi=878369792; Hm_lvt_080836300300be57b7f34f4b3e97d911=1522584204,1522660756,1522740102,1522896617',
)
[ info ] [ PARAM ] array (
)
[ info ] [ LOG ] INIT File
---------------------------------------------------------------
[ 2018-04-07T21:18:15+08:00 ] 0.0.0.0 GET /hns/public/index.php/index/images/edit_icon.png
[ info ] localhost/hns/public/index.php/index/images/edit_icon.png [运行时间：0.025560s][吞吐率：39.12req/s] [内存消耗：828.70kb] [文件加载：28]
[ info ] [ LANG ] D:\xampp\htdocs\hns\thinkphp\lang\zh-cn.php
[ info ] [ ROUTE ] array (
  'type' => 'module',
  'module' => 
  array (
    0 => 'index',
    1 => 'images',
    2 => 'edit_icon.png',
  ),
)
[ info ] [ HEADER ] array (
  'host' => 'localhost',
  'connection' => 'keep-alive',
  'user-agent' => 'Mozilla/5.0 (Windows NT 10.0; WOW64) AppleWebKit/537.36 (KHTML, like Gecko) Chrome/65.0.3325.146 Safari/537.36',
  'accept' => 'image/webp,image/apng,image/*,*/*;q=0.8',
  'referer' => 'http://localhost/hns/public/index.php/index/book',
  'accept-encoding' => 'gzip, deflate, br',
  'accept-language' => 'zh-CN,zh;q=0.9',
  'cookie' => 'pgv_pvi=878369792; Hm_lvt_080836300300be57b7f34f4b3e97d911=1522584204,1522660756,1522740102,1522896617',
)
[ info ] [ PARAM ] array (
)
[ info ] [ LOG ] INIT File
---------------------------------------------------------------
[ 2018-04-07T21:18:15+08:00 ] 0.0.0.0 GET /hns/public/index.php/index/images/delete_item_btn.png
[ info ] localhost/hns/public/index.php/index/images/delete_item_btn.png [运行时间：0.025125s][吞吐率：39.80req/s] [内存消耗：828.77kb] [文件加载：28]
[ info ] [ LANG ] D:\xampp\htdocs\hns\thinkphp\lang\zh-cn.php
[ info ] [ ROUTE ] array (
  'type' => 'module',
  'module' => 
  array (
    0 => 'index',
    1 => 'images',
    2 => 'delete_item_btn.png',
  ),
)
[ info ] [ HEADER ] array (
  'host' => 'localhost',
  'connection' => 'keep-alive',
  'user-agent' => 'Mozilla/5.0 (Windows NT 10.0; WOW64) AppleWebKit/537.36 (KHTML, like Gecko) Chrome/65.0.3325.146 Safari/537.36',
  'accept' => 'image/webp,image/apng,image/*,*/*;q=0.8',
  'referer' => 'http://localhost/hns/public/index.php/index/book',
  'accept-encoding' => 'gzip, deflate, br',
  'accept-language' => 'zh-CN,zh;q=0.9',
  'cookie' => 'pgv_pvi=878369792; Hm_lvt_080836300300be57b7f34f4b3e97d911=1522584204,1522660756,1522740102,1522896617',
)
[ info ] [ PARAM ] array (
)
[ info ] [ LOG ] INIT File
---------------------------------------------------------------
[ 2018-04-07T21:18:15+08:00 ] 0.0.0.0 GET /hns/public/index.php/index/images/logo.png
[ info ] localhost/hns/public/index.php/index/images/logo.png [运行时间：0.027861s][吞吐率：35.89req/s] [内存消耗：828.60kb] [文件加载：28]
[ info ] [ LANG ] D:\xampp\htdocs\hns\thinkphp\lang\zh-cn.php
[ info ] [ ROUTE ] array (
  'type' => 'module',
  'module' => 
  array (
    0 => 'index',
    1 => 'images',
    2 => 'logo.png',
  ),
)
[ info ] [ HEADER ] array (
  'host' => 'localhost',
  'connection' => 'keep-alive',
  'user-agent' => 'Mozilla/5.0 (Windows NT 10.0; WOW64) AppleWebKit/537.36 (KHTML, like Gecko) Chrome/65.0.3325.146 Safari/537.36',
  'accept' => 'image/webp,image/apng,image/*,*/*;q=0.8',
  'referer' => 'http://localhost/hns/public/index.php/index/book',
  'accept-encoding' => 'gzip, deflate, br',
  'accept-language' => 'zh-CN,zh;q=0.9',
  'cookie' => 'pgv_pvi=878369792; Hm_lvt_080836300300be57b7f34f4b3e97d911=1522584204,1522660756,1522740102,1522896617',
)
[ info ] [ PARAM ] array (
)
[ info ] [ LOG ] INIT File
---------------------------------------------------------------
[ 2018-04-07T21:18:15+08:00 ] 0.0.0.0 GET /hns/public/index.php/index/images/rss.png
[ info ] localhost/hns/public/index.php/index/images/rss.png [运行时间：0.030498s][吞吐率：32.79req/s] [内存消耗：828.59kb] [文件加载：28]
[ info ] [ LANG ] D:\xampp\htdocs\hns\thinkphp\lang\zh-cn.php
[ info ] [ ROUTE ] array (
  'type' => 'module',
  'module' => 
  array (
    0 => 'index',
    1 => 'images',
    2 => 'rss.png',
  ),
)
[ info ] [ HEADER ] array (
  'host' => 'localhost',
  'connection' => 'keep-alive',
  'user-agent' => 'Mozilla/5.0 (Windows NT 10.0; WOW64) AppleWebKit/537.36 (KHTML, like Gecko) Chrome/65.0.3325.146 Safari/537.36',
  'accept' => 'image/webp,image/apng,image/*,*/*;q=0.8',
  'referer' => 'http://localhost/hns/public/index.php/index/book',
  'accept-encoding' => 'gzip, deflate, br',
  'accept-language' => 'zh-CN,zh;q=0.9',
  'cookie' => 'pgv_pvi=878369792; Hm_lvt_080836300300be57b7f34f4b3e97d911=1522584204,1522660756,1522740102,1522896617',
)
[ info ] [ PARAM ] array (
)
[ info ] [ LOG ] INIT File
---------------------------------------------------------------
[ 2018-04-07T21:18:15+08:00 ] 0.0.0.0 GET /hns/public/index.php/index/images/facebook.png
[ info ] localhost/hns/public/index.php/index/images/facebook.png [运行时间：0.030199s][吞吐率：33.11req/s] [内存消耗：828.64kb] [文件加载：28]
[ info ] [ LANG ] D:\xampp\htdocs\hns\thinkphp\lang\zh-cn.php
[ info ] [ ROUTE ] array (
  'type' => 'module',
  'module' => 
  array (
    0 => 'index',
    1 => 'images',
    2 => 'facebook.png',
  ),
)
[ info ] [ HEADER ] array (
  'host' => 'localhost',
  'connection' => 'keep-alive',
  'user-agent' => 'Mozilla/5.0 (Windows NT 10.0; WOW64) AppleWebKit/537.36 (KHTML, like Gecko) Chrome/65.0.3325.146 Safari/537.36',
  'accept' => 'image/webp,image/apng,image/*,*/*;q=0.8',
  'referer' => 'http://localhost/hns/public/index.php/index/book',
  'accept-encoding' => 'gzip, deflate, br',
  'accept-language' => 'zh-CN,zh;q=0.9',
  'cookie' => 'pgv_pvi=878369792; Hm_lvt_080836300300be57b7f34f4b3e97d911=1522584204,1522660756,1522740102,1522896617',
)
[ info ] [ PARAM ] array (
)
[ info ] [ LOG ] INIT File
---------------------------------------------------------------
[ 2018-04-07T21:18:15+08:00 ] 0.0.0.0 GET /hns/public/index.php/index/images/twitter.png
[ info ] localhost/hns/public/index.php/index/images/twitter.png [运行时间：0.035296s][吞吐率：28.33req/s] [内存消耗：828.64kb] [文件加载：28]
[ info ] [ LANG ] D:\xampp\htdocs\hns\thinkphp\lang\zh-cn.php
[ info ] [ ROUTE ] array (
  'type' => 'module',
  'module' => 
  array (
    0 => 'index',
    1 => 'images',
    2 => 'twitter.png',
  ),
)
[ info ] [ HEADER ] array (
  'host' => 'localhost',
  'connection' => 'keep-alive',
  'user-agent' => 'Mozilla/5.0 (Windows NT 10.0; WOW64) AppleWebKit/537.36 (KHTML, like Gecko) Chrome/65.0.3325.146 Safari/537.36',
  'accept' => 'image/webp,image/apng,image/*,*/*;q=0.8',
  'referer' => 'http://localhost/hns/public/index.php/index/book',
  'accept-encoding' => 'gzip, deflate, br',
  'accept-language' => 'zh-CN,zh;q=0.9',
  'cookie' => 'pgv_pvi=878369792; Hm_lvt_080836300300be57b7f34f4b3e97d911=1522584204,1522660756,1522740102,1522896617',
)
[ info ] [ PARAM ] array (
)
[ info ] [ LOG ] INIT File
---------------------------------------------------------------
[ 2018-04-07T21:18:15+08:00 ] 0.0.0.0 GET /hns/public/index.php/index/images/youtube.png
[ info ] localhost/hns/public/index.php/index/images/youtube.png [运行时间：0.021796s][吞吐率：45.88req/s] [内存消耗：828.64kb] [文件加载：28]
[ info ] [ LANG ] D:\xampp\htdocs\hns\thinkphp\lang\zh-cn.php
[ info ] [ ROUTE ] array (
  'type' => 'module',
  'module' => 
  array (
    0 => 'index',
    1 => 'images',
    2 => 'youtube.png',
  ),
)
[ info ] [ HEADER ] array (
  'host' => 'localhost',
  'connection' => 'keep-alive',
  'user-agent' => 'Mozilla/5.0 (Windows NT 10.0; WOW64) AppleWebKit/537.36 (KHTML, like Gecko) Chrome/65.0.3325.146 Safari/537.36',
  'accept' => 'image/webp,image/apng,image/*,*/*;q=0.8',
  'referer' => 'http://localhost/hns/public/index.php/index/book',
  'accept-encoding' => 'gzip, deflate, br',
  'accept-language' => 'zh-CN,zh;q=0.9',
  'cookie' => 'pgv_pvi=878369792; Hm_lvt_080836300300be57b7f34f4b3e97d911=1522584204,1522660756,1522740102,1522896617',
)
[ info ] [ PARAM ] array (
)
[ info ] [ LOG ] INIT File
---------------------------------------------------------------
[ 2018-04-07T21:18:15+08:00 ] 0.0.0.0 GET /hns/public/index.php/index/images/dribbble.png
[ info ] localhost/hns/public/index.php/index/images/dribbble.png [运行时间：0.025529s][吞吐率：39.17req/s] [内存消耗：828.64kb] [文件加载：28]
[ info ] [ LANG ] D:\xampp\htdocs\hns\thinkphp\lang\zh-cn.php
[ info ] [ ROUTE ] array (
  'type' => 'module',
  'module' => 
  array (
    0 => 'index',
    1 => 'images',
    2 => 'dribbble.png',
  ),
)
[ info ] [ HEADER ] array (
  'host' => 'localhost',
  'connection' => 'keep-alive',
  'user-agent' => 'Mozilla/5.0 (Windows NT 10.0; WOW64) AppleWebKit/537.36 (KHTML, like Gecko) Chrome/65.0.3325.146 Safari/537.36',
  'accept' => 'image/webp,image/apng,image/*,*/*;q=0.8',
  'referer' => 'http://localhost/hns/public/index.php/index/book',
  'accept-encoding' => 'gzip, deflate, br',
  'accept-language' => 'zh-CN,zh;q=0.9',
  'cookie' => 'pgv_pvi=878369792; Hm_lvt_080836300300be57b7f34f4b3e97d911=1522584204,1522660756,1522740102,1522896617',
)
[ info ] [ PARAM ] array (
)
[ info ] [ LOG ] INIT File
---------------------------------------------------------------
[ 2018-04-07T21:18:15+08:00 ] 0.0.0.0 GET /hns/public/index.php/index/images/skype.png
[ info ] localhost/hns/public/index.php/index/images/skype.png [运行时间：0.028833s][吞吐率：34.68req/s] [内存消耗：828.60kb] [文件加载：28]
[ info ] [ LANG ] D:\xampp\htdocs\hns\thinkphp\lang\zh-cn.php
[ info ] [ ROUTE ] array (
  'type' => 'module',
  'module' => 
  array (
    0 => 'index',
    1 => 'images',
    2 => 'skype.png',
  ),
)
[ info ] [ HEADER ] array (
  'host' => 'localhost',
  'connection' => 'keep-alive',
  'user-agent' => 'Mozilla/5.0 (Windows NT 10.0; WOW64) AppleWebKit/537.36 (KHTML, like Gecko) Chrome/65.0.3325.146 Safari/537.36',
  'accept' => 'image/webp,image/apng,image/*,*/*;q=0.8',
  'referer' => 'http://localhost/hns/public/index.php/index/book',
  'accept-encoding' => 'gzip, deflate, br',
  'accept-language' => 'zh-CN,zh;q=0.9',
  'cookie' => 'pgv_pvi=878369792; Hm_lvt_080836300300be57b7f34f4b3e97d911=1522584204,1522660756,1522740102,1522896617',
)
[ info ] [ PARAM ] array (
)
[ info ] [ LOG ] INIT File
---------------------------------------------------------------
[ 2018-04-07T21:18:27+08:00 ] 0.0.0.0 POST /hns/public/index.php/index/book/save.html
[ info ] localhost/hns/public/index.php/index/book/save.html [运行时间：0.219074s][吞吐率：4.56req/s] [内存消耗：2,193.79kb] [文件加载：47]
[ info ] [ LANG ] D:\xampp\htdocs\hns\thinkphp\lang\zh-cn.php
[ info ] [ ROUTE ] array (
  'type' => 'module',
  'module' => 
  array (
    0 => 'index',
    1 => 'book',
    2 => 'save',
  ),
)
[ info ] [ HEADER ] array (
  'host' => 'localhost',
  'connection' => 'keep-alive',
  'content-length' => '55688',
  'cache-control' => 'max-age=0',
  'origin' => 'http://localhost',
  'upgrade-insecure-requests' => '1',
  'content-type' => 'multipart/form-data; boundary=----WebKitFormBoundaryCe5fJCF8Gl7RbSmt',
  'user-agent' => 'Mozilla/5.0 (Windows NT 10.0; WOW64) AppleWebKit/537.36 (KHTML, like Gecko) Chrome/65.0.3325.146 Safari/537.36',
  'accept' => 'text/html,application/xhtml+xml,application/xml;q=0.9,image/webp,image/apng,*/*;q=0.8',
  'referer' => 'http://localhost/hns/public/index.php/index/book',
  'accept-encoding' => 'gzip, deflate, br',
  'accept-language' => 'zh-CN,zh;q=0.9',
  'cookie' => 'pgv_pvi=878369792; Hm_lvt_080836300300be57b7f34f4b3e97d911=1522584204,1522660756,1522740102,1522896617',
)
[ info ] [ PARAM ] array (
  'name' => 'tzx',
  'type' => 'volvo',
  'introduce' => '123123',
  'price' => '12',
)
[ info ] [ DB ] INIT mysql
[ info ] [ RUN ] app\index\controller\Book->save[ D:\xampp\htdocs\hns\application\index\controller\Book.php ]
[ info ] [ VIEW ] D:\xampp\htdocs\hns\thinkphp\tpl\dispatch_jump.tpl [ array (
  0 => 'code',
  1 => 'msg',
  2 => 'data',
  3 => 'url',
  4 => 'wait',
) ]
[ info ] [ LOG ] INIT File
[ sql ] [ DB ] CONNECT:[ UseTime:0.001102s ] mysql:host=127.0.0.1;dbname=hns;charset=utf8
[ sql ] [ SQL ] SHOW COLUMNS FROM `hn_book` [ RunTime:0.042175s ]
[ sql ] [ SQL ] INSERT INTO `hn_book` (`name` , `type` , `introduce` , `price` , `photo` , `create_time`) VALUES ('tzx' , 'volvo' , '123123' , 12 , 'D:\\xampp\\htdocs\\hns\\public\\uploads/png' , 1523107107) [ RunTime:0.049764s ]
---------------------------------------------------------------
[ 2018-04-07T21:18:30+08:00 ] 0.0.0.0 GET /hns/public/index.php/index/index/index.html
[ info ] localhost/hns/public/index.php/index/index/index.html [运行时间：0.056924s][吞吐率：17.57req/s] [内存消耗：1,164.38kb] [文件加载：33]
[ info ] [ LANG ] D:\xampp\htdocs\hns\thinkphp\lang\zh-cn.php
[ info ] [ ROUTE ] array (
  'type' => 'module',
  'module' => 
  array (
    0 => 'index',
    1 => 'index',
    2 => 'index',
  ),
)
[ info ] [ HEADER ] array (
  'host' => 'localhost',
  'connection' => 'keep-alive',
  'upgrade-insecure-requests' => '1',
  'user-agent' => 'Mozilla/5.0 (Windows NT 10.0; WOW64) AppleWebKit/537.36 (KHTML, like Gecko) Chrome/65.0.3325.146 Safari/537.36',
  'accept' => 'text/html,application/xhtml+xml,application/xml;q=0.9,image/webp,image/apng,*/*;q=0.8',
  'referer' => 'http://localhost/hns/public/index.php/index/book/save.html',
  'accept-encoding' => 'gzip, deflate, br',
  'accept-language' => 'zh-CN,zh;q=0.9',
  'cookie' => 'pgv_pvi=878369792; Hm_lvt_080836300300be57b7f34f4b3e97d911=1522584204,1522660756,1522740102,1522896617',
)
[ info ] [ PARAM ] array (
)
[ info ] [ RUN ] app\index\controller\Index->index[ D:\xampp\htdocs\hns\application\index\controller\Index.php ]
[ info ] [ VIEW ] D:\xampp\htdocs\hns\public/../application/index\view\index\index.html [ array (
) ]
[ info ] [ LOG ] INIT File
---------------------------------------------------------------
[ 2018-04-07T21:18:30+08:00 ] 0.0.0.0 GET /hns/public/index.php/index/index/images/item_icon.png
[ info ] localhost/hns/public/index.php/index/index/images/item_icon.png [运行时间：0.021713s][吞吐率：46.06req/s] [内存消耗：1,095.74kb] [文件加载：34]
[ info ] [ LANG ] D:\xampp\htdocs\hns\thinkphp\lang\zh-cn.php
[ info ] [ ROUTE ] array (
  'type' => 'module',
  'module' => 
  array (
    0 => 'index',
    1 => 'index',
    2 => 'images',
  ),
)
[ info ] [ HEADER ] array (
  'host' => 'localhost',
  'connection' => 'keep-alive',
  'user-agent' => 'Mozilla/5.0 (Windows NT 10.0; WOW64) AppleWebKit/537.36 (KHTML, like Gecko) Chrome/65.0.3325.146 Safari/537.36',
  'accept' => 'image/webp,image/apng,image/*,*/*;q=0.8',
  'referer' => 'http://localhost/hns/public/index.php/index/index/index.html',
  'accept-encoding' => 'gzip, deflate, br',
  'accept-language' => 'zh-CN,zh;q=0.9',
  'cookie' => 'pgv_pvi=878369792; Hm_lvt_080836300300be57b7f34f4b3e97d911=1522584204,1522660756,1522740102,1522896617',
)
[ info ] [ PARAM ] array (
)
[ info ] [ LOG ] INIT File
---------------------------------------------------------------
[ 2018-04-07T21:18:30+08:00 ] 0.0.0.0 GET /hns/public/index.php/index/index/images/small_img.png
[ info ] localhost/hns/public/index.php/index/index/images/small_img.png [运行时间：0.017545s][吞吐率：57.00req/s] [内存消耗：1,095.74kb] [文件加载：34]
[ info ] [ LANG ] D:\xampp\htdocs\hns\thinkphp\lang\zh-cn.php
[ info ] [ ROUTE ] array (
  'type' => 'module',
  'module' => 
  array (
    0 => 'index',
    1 => 'index',
    2 => 'images',
  ),
)
[ info ] [ HEADER ] array (
  'host' => 'localhost',
  'connection' => 'keep-alive',
  'user-agent' => 'Mozilla/5.0 (Windows NT 10.0; WOW64) AppleWebKit/537.36 (KHTML, like Gecko) Chrome/65.0.3325.146 Safari/537.36',
  'accept' => 'image/webp,image/apng,image/*,*/*;q=0.8',
  'referer' => 'http://localhost/hns/public/index.php/index/index/index.html',
  'accept-encoding' => 'gzip, deflate, br',
  'accept-language' => 'zh-CN,zh;q=0.9',
  'cookie' => 'pgv_pvi=878369792; Hm_lvt_080836300300be57b7f34f4b3e97d911=1522584204,1522660756,1522740102,1522896617',
)
[ info ] [ PARAM ] array (
)
[ info ] [ LOG ] INIT File
---------------------------------------------------------------
[ 2018-04-07T21:18:30+08:00 ] 0.0.0.0 GET /hns/public/index.php/index/index/images/delete_item_btn.png
[ info ] localhost/hns/public/index.php/index/index/images/delete_item_btn.png [运行时间：0.023493s][吞吐率：42.57req/s] [内存消耗：1,095.76kb] [文件加载：34]
[ info ] [ LANG ] D:\xampp\htdocs\hns\thinkphp\lang\zh-cn.php
[ info ] [ ROUTE ] array (
  'type' => 'module',
  'module' => 
  array (
    0 => 'index',
    1 => 'index',
    2 => 'images',
  ),
)
[ info ] [ HEADER ] array (
  'host' => 'localhost',
  'connection' => 'keep-alive',
  'user-agent' => 'Mozilla/5.0 (Windows NT 10.0; WOW64) AppleWebKit/537.36 (KHTML, like Gecko) Chrome/65.0.3325.146 Safari/537.36',
  'accept' => 'image/webp,image/apng,image/*,*/*;q=0.8',
  'referer' => 'http://localhost/hns/public/index.php/index/index/index.html',
  'accept-encoding' => 'gzip, deflate, br',
  'accept-language' => 'zh-CN,zh;q=0.9',
  'cookie' => 'pgv_pvi=878369792; Hm_lvt_080836300300be57b7f34f4b3e97d911=1522584204,1522660756,1522740102,1522896617',
)
[ info ] [ PARAM ] array (
)
[ info ] [ LOG ] INIT File
---------------------------------------------------------------
[ 2018-04-07T21:18:30+08:00 ] 0.0.0.0 GET /hns/public/index.php/index/index/images/logo.png
[ info ] localhost/hns/public/index.php/index/index/images/logo.png [运行时间：0.025494s][吞吐率：39.23req/s] [内存消耗：1,095.69kb] [文件加载：34]
[ info ] [ LANG ] D:\xampp\htdocs\hns\thinkphp\lang\zh-cn.php
[ info ] [ ROUTE ] array (
  'type' => 'module',
  'module' => 
  array (
    0 => 'index',
    1 => 'index',
    2 => 'images',
  ),
)
[ info ] [ HEADER ] array (
  'host' => 'localhost',
  'connection' => 'keep-alive',
  'user-agent' => 'Mozilla/5.0 (Windows NT 10.0; WOW64) AppleWebKit/537.36 (KHTML, like Gecko) Chrome/65.0.3325.146 Safari/537.36',
  'accept' => 'image/webp,image/apng,image/*,*/*;q=0.8',
  'referer' => 'http://localhost/hns/public/index.php/index/index/index.html',
  'accept-encoding' => 'gzip, deflate, br',
  'accept-language' => 'zh-CN,zh;q=0.9',
  'cookie' => 'pgv_pvi=878369792; Hm_lvt_080836300300be57b7f34f4b3e97d911=1522584204,1522660756,1522740102,1522896617',
)
[ info ] [ PARAM ] array (
)
[ info ] [ LOG ] INIT File
---------------------------------------------------------------
[ 2018-04-07T21:18:30+08:00 ] 0.0.0.0 GET /hns/public/index.php/index/index/images/edit_icon.png
[ info ] localhost/hns/public/index.php/index/index/images/edit_icon.png [运行时间：0.031709s][吞吐率：31.54req/s] [内存消耗：1,095.74kb] [文件加载：34]
[ info ] [ LANG ] D:\xampp\htdocs\hns\thinkphp\lang\zh-cn.php
[ info ] [ ROUTE ] array (
  'type' => 'module',
  'module' => 
  array (
    0 => 'index',
    1 => 'index',
    2 => 'images',
  ),
)
[ info ] [ HEADER ] array (
  'host' => 'localhost',
  'connection' => 'keep-alive',
  'user-agent' => 'Mozilla/5.0 (Windows NT 10.0; WOW64) AppleWebKit/537.36 (KHTML, like Gecko) Chrome/65.0.3325.146 Safari/537.36',
  'accept' => 'image/webp,image/apng,image/*,*/*;q=0.8',
  'referer' => 'http://localhost/hns/public/index.php/index/index/index.html',
  'accept-encoding' => 'gzip, deflate, br',
  'accept-language' => 'zh-CN,zh;q=0.9',
  'cookie' => 'pgv_pvi=878369792; Hm_lvt_080836300300be57b7f34f4b3e97d911=1522584204,1522660756,1522740102,1522896617',
)
[ info ] [ PARAM ] array (
)
[ info ] [ LOG ] INIT File
---------------------------------------------------------------
[ 2018-04-07T21:18:30+08:00 ] 0.0.0.0 GET /hns/public/index.php/index/index/images/banner2.jpg
[ info ] localhost/hns/public/index.php/index/index/images/banner2.jpg [运行时间：0.025173s][吞吐率：39.73req/s] [内存消耗：1,095.69kb] [文件加载：34]
[ info ] [ LANG ] D:\xampp\htdocs\hns\thinkphp\lang\zh-cn.php
[ info ] [ ROUTE ] array (
  'type' => 'module',
  'module' => 
  array (
    0 => 'index',
    1 => 'index',
    2 => 'images',
  ),
)
[ info ] [ HEADER ] array (
  'host' => 'localhost',
  'connection' => 'keep-alive',
  'user-agent' => 'Mozilla/5.0 (Windows NT 10.0; WOW64) AppleWebKit/537.36 (KHTML, like Gecko) Chrome/65.0.3325.146 Safari/537.36',
  'accept' => 'image/webp,image/apng,image/*,*/*;q=0.8',
  'referer' => 'http://localhost/hns/public/index.php/index/index/index.html',
  'accept-encoding' => 'gzip, deflate, br',
  'accept-language' => 'zh-CN,zh;q=0.9',
  'cookie' => 'pgv_pvi=878369792; Hm_lvt_080836300300be57b7f34f4b3e97d911=1522584204,1522660756,1522740102,1522896617',
)
[ info ] [ PARAM ] array (
)
[ info ] [ LOG ] INIT File
---------------------------------------------------------------
[ 2018-04-07T21:18:31+08:00 ] 0.0.0.0 GET /hns/public/index.php/index/index/images/banner3.jpg
[ info ] localhost/hns/public/index.php/index/index/images/banner3.jpg [运行时间：0.028398s][吞吐率：35.21req/s] [内存消耗：1,095.69kb] [文件加载：34]
[ info ] [ LANG ] D:\xampp\htdocs\hns\thinkphp\lang\zh-cn.php
[ info ] [ ROUTE ] array (
  'type' => 'module',
  'module' => 
  array (
    0 => 'index',
    1 => 'index',
    2 => 'images',
  ),
)
[ info ] [ HEADER ] array (
  'host' => 'localhost',
  'connection' => 'keep-alive',
  'user-agent' => 'Mozilla/5.0 (Windows NT 10.0; WOW64) AppleWebKit/537.36 (KHTML, like Gecko) Chrome/65.0.3325.146 Safari/537.36',
  'accept' => 'image/webp,image/apng,image/*,*/*;q=0.8',
  'referer' => 'http://localhost/hns/public/index.php/index/index/index.html',
  'accept-encoding' => 'gzip, deflate, br',
  'accept-language' => 'zh-CN,zh;q=0.9',
  'cookie' => 'pgv_pvi=878369792; Hm_lvt_080836300300be57b7f34f4b3e97d911=1522584204,1522660756,1522740102,1522896617',
)
[ info ] [ PARAM ] array (
)
[ info ] [ LOG ] INIT File
---------------------------------------------------------------
[ 2018-04-07T21:18:31+08:00 ] 0.0.0.0 GET /hns/public/index.php/index/index/images/banner1.jpg
[ info ] localhost/hns/public/index.php/index/index/images/banner1.jpg [运行时间：0.032071s][吞吐率：31.18req/s] [内存消耗：1,095.69kb] [文件加载：34]
[ info ] [ LANG ] D:\xampp\htdocs\hns\thinkphp\lang\zh-cn.php
[ info ] [ ROUTE ] array (
  'type' => 'module',
  'module' => 
  array (
    0 => 'index',
    1 => 'index',
    2 => 'images',
  ),
)
[ info ] [ HEADER ] array (
  'host' => 'localhost',
  'connection' => 'keep-alive',
  'user-agent' => 'Mozilla/5.0 (Windows NT 10.0; WOW64) AppleWebKit/537.36 (KHTML, like Gecko) Chrome/65.0.3325.146 Safari/537.36',
  'accept' => 'image/webp,image/apng,image/*,*/*;q=0.8',
  'referer' => 'http://localhost/hns/public/index.php/index/index/index.html',
  'accept-encoding' => 'gzip, deflate, br',
  'accept-language' => 'zh-CN,zh;q=0.9',
  'cookie' => 'pgv_pvi=878369792; Hm_lvt_080836300300be57b7f34f4b3e97d911=1522584204,1522660756,1522740102,1522896617',
)
[ info ] [ PARAM ] array (
)
[ info ] [ LOG ] INIT File
---------------------------------------------------------------
[ 2018-04-07T21:18:31+08:00 ] 0.0.0.0 GET /hns/public/index.php/index/index/images/hns/public/static1.jpg
[ info ] localhost/hns/public/index.php/index/index/images/hns/public/static1.jpg [运行时间：0.026390s][吞吐率：37.89req/s] [内存消耗：1,096.29kb] [文件加载：34]
[ info ] [ LANG ] D:\xampp\htdocs\hns\thinkphp\lang\zh-cn.php
[ info ] [ ROUTE ] array (
  'type' => 'module',
  'module' => 
  array (
    0 => 'index',
    1 => 'index',
    2 => 'images',
  ),
)
[ info ] [ HEADER ] array (
  'host' => 'localhost',
  'connection' => 'keep-alive',
  'user-agent' => 'Mozilla/5.0 (Windows NT 10.0; WOW64) AppleWebKit/537.36 (KHTML, like Gecko) Chrome/65.0.3325.146 Safari/537.36',
  'accept' => 'image/webp,image/apng,image/*,*/*;q=0.8',
  'referer' => 'http://localhost/hns/public/index.php/index/index/index.html',
  'accept-encoding' => 'gzip, deflate, br',
  'accept-language' => 'zh-CN,zh;q=0.9',
  'cookie' => 'pgv_pvi=878369792; Hm_lvt_080836300300be57b7f34f4b3e97d911=1522584204,1522660756,1522740102,1522896617',
)
[ info ] [ PARAM ] array (
  'hns' => 'public',
)
[ info ] [ LOG ] INIT File
---------------------------------------------------------------
[ 2018-04-07T21:18:31+08:00 ] 0.0.0.0 GET /hns/public/index.php/index/index/images/banner4.jpg
[ info ] localhost/hns/public/index.php/index/index/images/banner4.jpg [运行时间：0.032626s][吞吐率：30.65req/s] [内存消耗：1,095.69kb] [文件加载：34]
[ info ] [ LANG ] D:\xampp\htdocs\hns\thinkphp\lang\zh-cn.php
[ info ] [ ROUTE ] array (
  'type' => 'module',
  'module' => 
  array (
    0 => 'index',
    1 => 'index',
    2 => 'images',
  ),
)
[ info ] [ HEADER ] array (
  'host' => 'localhost',
  'connection' => 'keep-alive',
  'user-agent' => 'Mozilla/5.0 (Windows NT 10.0; WOW64) AppleWebKit/537.36 (KHTML, like Gecko) Chrome/65.0.3325.146 Safari/537.36',
  'accept' => 'image/webp,image/apng,image/*,*/*;q=0.8',
  'referer' => 'http://localhost/hns/public/index.php/index/index/index.html',
  'accept-encoding' => 'gzip, deflate, br',
  'accept-language' => 'zh-CN,zh;q=0.9',
  'cookie' => 'pgv_pvi=878369792; Hm_lvt_080836300300be57b7f34f4b3e97d911=1522584204,1522660756,1522740102,1522896617',
)
[ info ] [ PARAM ] array (
)
[ info ] [ LOG ] INIT File
---------------------------------------------------------------
[ 2018-04-07T21:18:31+08:00 ] 0.0.0.0 GET /hns/public/index.php/index/index/images/hns/public/static2.jpg
[ info ] localhost/hns/public/index.php/index/index/images/hns/public/static2.jpg [运行时间：0.031835s][吞吐率：31.41req/s] [内存消耗：1,096.29kb] [文件加载：34]
[ info ] [ LANG ] D:\xampp\htdocs\hns\thinkphp\lang\zh-cn.php
[ info ] [ ROUTE ] array (
  'type' => 'module',
  'module' => 
  array (
    0 => 'index',
    1 => 'index',
    2 => 'images',
  ),
)
[ info ] [ HEADER ] array (
  'host' => 'localhost',
  'connection' => 'keep-alive',
  'user-agent' => 'Mozilla/5.0 (Windows NT 10.0; WOW64) AppleWebKit/537.36 (KHTML, like Gecko) Chrome/65.0.3325.146 Safari/537.36',
  'accept' => 'image/webp,image/apng,image/*,*/*;q=0.8',
  'referer' => 'http://localhost/hns/public/index.php/index/index/index.html',
  'accept-encoding' => 'gzip, deflate, br',
  'accept-language' => 'zh-CN,zh;q=0.9',
  'cookie' => 'pgv_pvi=878369792; Hm_lvt_080836300300be57b7f34f4b3e97d911=1522584204,1522660756,1522740102,1522896617',
)
[ info ] [ PARAM ] array (
  'hns' => 'public',
)
[ info ] [ LOG ] INIT File
---------------------------------------------------------------
[ 2018-04-07T21:18:31+08:00 ] 0.0.0.0 GET /hns/public/index.php/index/index/images/quick_view_img.png
[ info ] localhost/hns/public/index.php/index/index/images/quick_view_img.png [运行时间：0.028561s][吞吐率：35.01req/s] [内存消耗：1,095.76kb] [文件加载：34]
[ info ] [ LANG ] D:\xampp\htdocs\hns\thinkphp\lang\zh-cn.php
[ info ] [ ROUTE ] array (
  'type' => 'module',
  'module' => 
  array (
    0 => 'index',
    1 => 'index',
    2 => 'images',
  ),
)
[ info ] [ HEADER ] array (
  'host' => 'localhost',
  'connection' => 'keep-alive',
  'user-agent' => 'Mozilla/5.0 (Windows NT 10.0; WOW64) AppleWebKit/537.36 (KHTML, like Gecko) Chrome/65.0.3325.146 Safari/537.36',
  'accept' => 'image/webp,image/apng,image/*,*/*;q=0.8',
  'referer' => 'http://localhost/hns/public/index.php/index/index/index.html',
  'accept-encoding' => 'gzip, deflate, br',
  'accept-language' => 'zh-CN,zh;q=0.9',
  'cookie' => 'pgv_pvi=878369792; Hm_lvt_080836300300be57b7f34f4b3e97d911=1522584204,1522660756,1522740102,1522896617',
)
[ info ] [ PARAM ] array (
)
[ info ] [ LOG ] INIT File
---------------------------------------------------------------
[ 2018-04-07T21:18:31+08:00 ] 0.0.0.0 GET /hns/public/index.php/index/index/images/sale_icon_img.png
[ info ] localhost/hns/public/index.php/index/index/images/sale_icon_img.png [运行时间：0.032206s][吞吐率：31.05req/s] [内存消耗：1,095.76kb] [文件加载：34]
[ info ] [ LANG ] D:\xampp\htdocs\hns\thinkphp\lang\zh-cn.php
[ info ] [ ROUTE ] array (
  'type' => 'module',
  'module' => 
  array (
    0 => 'index',
    1 => 'index',
    2 => 'images',
  ),
)
[ info ] [ HEADER ] array (
  'host' => 'localhost',
  'connection' => 'keep-alive',
  'user-agent' => 'Mozilla/5.0 (Windows NT 10.0; WOW64) AppleWebKit/537.36 (KHTML, like Gecko) Chrome/65.0.3325.146 Safari/537.36',
  'accept' => 'image/webp,image/apng,image/*,*/*;q=0.8',
  'referer' => 'http://localhost/hns/public/index.php/index/index/index.html',
  'accept-encoding' => 'gzip, deflate, br',
  'accept-language' => 'zh-CN,zh;q=0.9',
  'cookie' => 'pgv_pvi=878369792; Hm_lvt_080836300300be57b7f34f4b3e97d911=1522584204,1522660756,1522740102,1522896617',
)
[ info ] [ PARAM ] array (
)
[ info ] [ LOG ] INIT File
---------------------------------------------------------------
[ 2018-04-07T21:18:31+08:00 ] 0.0.0.0 GET /hns/public/index.php/index/index/images/default_img.png
[ info ] localhost/hns/public/index.php/index/index/images/default_img.png [运行时间：0.048382s][吞吐率：20.67req/s] [内存消耗：1,095.76kb] [文件加载：34]
[ info ] [ LANG ] D:\xampp\htdocs\hns\thinkphp\lang\zh-cn.php
[ info ] [ ROUTE ] array (
  'type' => 'module',
  'module' => 
  array (
    0 => 'index',
    1 => 'index',
    2 => 'images',
  ),
)
[ info ] [ HEADER ] array (
  'host' => 'localhost',
  'connection' => 'keep-alive',
  'user-agent' => 'Mozilla/5.0 (Windows NT 10.0; WOW64) AppleWebKit/537.36 (KHTML, like Gecko) Chrome/65.0.3325.146 Safari/537.36',
  'accept' => 'image/webp,image/apng,image/*,*/*;q=0.8',
  'referer' => 'http://localhost/hns/public/index.php/index/index/index.html',
  'accept-encoding' => 'gzip, deflate, br',
  'accept-language' => 'zh-CN,zh;q=0.9',
  'cookie' => 'pgv_pvi=878369792; Hm_lvt_080836300300be57b7f34f4b3e97d911=1522584204,1522660756,1522740102,1522896617',
)
[ info ] [ PARAM ] array (
)
[ info ] [ LOG ] INIT File
---------------------------------------------------------------
[ 2018-04-07T21:18:31+08:00 ] 0.0.0.0 GET /hns/public/index.php/index/index/images/quick_thum_img.png
[ info ] localhost/hns/public/index.php/index/index/images/quick_thum_img.png [运行时间：0.031286s][吞吐率：31.96req/s] [内存消耗：1,095.76kb] [文件加载：34]
[ info ] [ LANG ] D:\xampp\htdocs\hns\thinkphp\lang\zh-cn.php
[ info ] [ ROUTE ] array (
  'type' => 'module',
  'module' => 
  array (
    0 => 'index',
    1 => 'index',
    2 => 'images',
  ),
)
[ info ] [ HEADER ] array (
  'host' => 'localhost',
  'connection' => 'keep-alive',
  'user-agent' => 'Mozilla/5.0 (Windows NT 10.0; WOW64) AppleWebKit/537.36 (KHTML, like Gecko) Chrome/65.0.3325.146 Safari/537.36',
  'accept' => 'image/webp,image/apng,image/*,*/*;q=0.8',
  'referer' => 'http://localhost/hns/public/index.php/index/index/index.html',
  'accept-encoding' => 'gzip, deflate, br',
  'accept-language' => 'zh-CN,zh;q=0.9',
  'cookie' => 'pgv_pvi=878369792; Hm_lvt_080836300300be57b7f34f4b3e97d911=1522584204,1522660756,1522740102,1522896617',
)
[ info ] [ PARAM ] array (
)
[ info ] [ LOG ] INIT File
---------------------------------------------------------------
[ 2018-04-07T21:18:31+08:00 ] 0.0.0.0 GET /hns/public/index.php/index/index/images/qty_next.png
[ info ] localhost/hns/public/index.php/index/index/images/qty_next.png [运行时间：0.028063s][吞吐率：35.63req/s] [内存消耗：1,095.70kb] [文件加载：34]
[ info ] [ LANG ] D:\xampp\htdocs\hns\thinkphp\lang\zh-cn.php
[ info ] [ ROUTE ] array (
  'type' => 'module',
  'module' => 
  array (
    0 => 'index',
    1 => 'index',
    2 => 'images',
  ),
)
[ info ] [ HEADER ] array (
  'host' => 'localhost',
  'connection' => 'keep-alive',
  'user-agent' => 'Mozilla/5.0 (Windows NT 10.0; WOW64) AppleWebKit/537.36 (KHTML, like Gecko) Chrome/65.0.3325.146 Safari/537.36',
  'accept' => 'image/webp,image/apng,image/*,*/*;q=0.8',
  'referer' => 'http://localhost/hns/public/index.php/index/index/index.html',
  'accept-encoding' => 'gzip, deflate, br',
  'accept-language' => 'zh-CN,zh;q=0.9',
  'cookie' => 'pgv_pvi=878369792; Hm_lvt_080836300300be57b7f34f4b3e97d911=1522584204,1522660756,1522740102,1522896617',
)
[ info ] [ PARAM ] array (
)
[ info ] [ LOG ] INIT File
---------------------------------------------------------------
[ 2018-04-07T21:18:31+08:00 ] 0.0.0.0 GET /hns/public/index.php/index/index/images/twitter.png
[ info ] localhost/hns/public/index.php/index/index/images/twitter.png [运行时间：0.024966s][吞吐率：40.05req/s] [内存消耗：1,095.69kb] [文件加载：34]
[ info ] [ LANG ] D:\xampp\htdocs\hns\thinkphp\lang\zh-cn.php
[ info ] [ ROUTE ] array (
  'type' => 'module',
  'module' => 
  array (
    0 => 'index',
    1 => 'index',
    2 => 'images',
  ),
)
[ info ] [ HEADER ] array (
  'host' => 'localhost',
  'connection' => 'keep-alive',
  'user-agent' => 'Mozilla/5.0 (Windows NT 10.0; WOW64) AppleWebKit/537.36 (KHTML, like Gecko) Chrome/65.0.3325.146 Safari/537.36',
  'accept' => 'image/webp,image/apng,image/*,*/*;q=0.8',
  'referer' => 'http://localhost/hns/public/index.php/index/index/index.html',
  'accept-encoding' => 'gzip, deflate, br',
  'accept-language' => 'zh-CN,zh;q=0.9',
  'cookie' => 'pgv_pvi=878369792; Hm_lvt_080836300300be57b7f34f4b3e97d911=1522584204,1522660756,1522740102,1522896617',
)
[ info ] [ PARAM ] array (
)
[ info ] [ LOG ] INIT File
---------------------------------------------------------------
[ 2018-04-07T21:18:31+08:00 ] 0.0.0.0 GET /hns/public/index.php/index/index/images/facebook.png
[ info ] localhost/hns/public/index.php/index/index/images/facebook.png [运行时间：0.026542s][吞吐率：37.68req/s] [内存消耗：1,095.70kb] [文件加载：34]
[ info ] [ LANG ] D:\xampp\htdocs\hns\thinkphp\lang\zh-cn.php
[ info ] [ ROUTE ] array (
  'type' => 'module',
  'module' => 
  array (
    0 => 'index',
    1 => 'index',
    2 => 'images',
  ),
)
[ info ] [ HEADER ] array (
  'host' => 'localhost',
  'connection' => 'keep-alive',
  'user-agent' => 'Mozilla/5.0 (Windows NT 10.0; WOW64) AppleWebKit/537.36 (KHTML, like Gecko) Chrome/65.0.3325.146 Safari/537.36',
  'accept' => 'image/webp,image/apng,image/*,*/*;q=0.8',
  'referer' => 'http://localhost/hns/public/index.php/index/index/index.html',
  'accept-encoding' => 'gzip, deflate, br',
  'accept-language' => 'zh-CN,zh;q=0.9',
  'cookie' => 'pgv_pvi=878369792; Hm_lvt_080836300300be57b7f34f4b3e97d911=1522584204,1522660756,1522740102,1522896617',
)
[ info ] [ PARAM ] array (
)
[ info ] [ LOG ] INIT File
---------------------------------------------------------------
[ 2018-04-07T21:18:31+08:00 ] 0.0.0.0 GET /hns/public/index.php/index/index/images/rss.png
[ info ] localhost/hns/public/index.php/index/index/images/rss.png [运行时间：0.030516s][吞吐率：32.77req/s] [内存消耗：1,095.69kb] [文件加载：34]
[ info ] [ LANG ] D:\xampp\htdocs\hns\thinkphp\lang\zh-cn.php
[ info ] [ ROUTE ] array (
  'type' => 'module',
  'module' => 
  array (
    0 => 'index',
    1 => 'index',
    2 => 'images',
  ),
)
[ info ] [ HEADER ] array (
  'host' => 'localhost',
  'connection' => 'keep-alive',
  'user-agent' => 'Mozilla/5.0 (Windows NT 10.0; WOW64) AppleWebKit/537.36 (KHTML, like Gecko) Chrome/65.0.3325.146 Safari/537.36',
  'accept' => 'image/webp,image/apng,image/*,*/*;q=0.8',
  'referer' => 'http://localhost/hns/public/index.php/index/index/index.html',
  'accept-encoding' => 'gzip, deflate, br',
  'accept-language' => 'zh-CN,zh;q=0.9',
  'cookie' => 'pgv_pvi=878369792; Hm_lvt_080836300300be57b7f34f4b3e97d911=1522584204,1522660756,1522740102,1522896617',
)
[ info ] [ PARAM ] array (
)
[ info ] [ LOG ] INIT File
---------------------------------------------------------------
[ 2018-04-07T21:18:31+08:00 ] 0.0.0.0 GET /hns/public/index.php/index/index/images/qty_prev.png
[ info ] localhost/hns/public/index.php/index/index/images/qty_prev.png [运行时间：0.037866s][吞吐率：26.41req/s] [内存消耗：1,095.70kb] [文件加载：34]
[ info ] [ LANG ] D:\xampp\htdocs\hns\thinkphp\lang\zh-cn.php
[ info ] [ ROUTE ] array (
  'type' => 'module',
  'module' => 
  array (
    0 => 'index',
    1 => 'index',
    2 => 'images',
  ),
)
[ info ] [ HEADER ] array (
  'host' => 'localhost',
  'connection' => 'keep-alive',
  'user-agent' => 'Mozilla/5.0 (Windows NT 10.0; WOW64) AppleWebKit/537.36 (KHTML, like Gecko) Chrome/65.0.3325.146 Safari/537.36',
  'accept' => 'image/webp,image/apng,image/*,*/*;q=0.8',
  'referer' => 'http://localhost/hns/public/index.php/index/index/index.html',
  'accept-encoding' => 'gzip, deflate, br',
  'accept-language' => 'zh-CN,zh;q=0.9',
  'cookie' => 'pgv_pvi=878369792; Hm_lvt_080836300300be57b7f34f4b3e97d911=1522584204,1522660756,1522740102,1522896617',
)
[ info ] [ PARAM ] array (
)
[ info ] [ LOG ] INIT File
---------------------------------------------------------------
[ 2018-04-07T21:18:31+08:00 ] 0.0.0.0 GET /hns/public/index.php/index/index/images/dribbble.png
[ info ] localhost/hns/public/index.php/index/index/images/dribbble.png [运行时间：0.032426s][吞吐率：30.84req/s] [内存消耗：1,095.70kb] [文件加载：34]
[ info ] [ LANG ] D:\xampp\htdocs\hns\thinkphp\lang\zh-cn.php
[ info ] [ ROUTE ] array (
  'type' => 'module',
  'module' => 
  array (
    0 => 'index',
    1 => 'index',
    2 => 'images',
  ),
)
[ info ] [ HEADER ] array (
  'host' => 'localhost',
  'connection' => 'keep-alive',
  'user-agent' => 'Mozilla/5.0 (Windows NT 10.0; WOW64) AppleWebKit/537.36 (KHTML, like Gecko) Chrome/65.0.3325.146 Safari/537.36',
  'accept' => 'image/webp,image/apng,image/*,*/*;q=0.8',
  'referer' => 'http://localhost/hns/public/index.php/index/index/index.html',
  'accept-encoding' => 'gzip, deflate, br',
  'accept-language' => 'zh-CN,zh;q=0.9',
  'cookie' => 'pgv_pvi=878369792; Hm_lvt_080836300300be57b7f34f4b3e97d911=1522584204,1522660756,1522740102,1522896617',
)
[ info ] [ PARAM ] array (
)
[ info ] [ LOG ] INIT File
---------------------------------------------------------------
[ 2018-04-07T21:18:31+08:00 ] 0.0.0.0 GET /hns/public/index.php/index/index/images/skype.png
[ info ] localhost/hns/public/index.php/index/index/images/skype.png [运行时间：0.019490s][吞吐率：51.31req/s] [内存消耗：1,095.69kb] [文件加载：34]
[ info ] [ LANG ] D:\xampp\htdocs\hns\thinkphp\lang\zh-cn.php
[ info ] [ ROUTE ] array (
  'type' => 'module',
  'module' => 
  array (
    0 => 'index',
    1 => 'index',
    2 => 'images',
  ),
)
[ info ] [ HEADER ] array (
  'host' => 'localhost',
  'connection' => 'keep-alive',
  'user-agent' => 'Mozilla/5.0 (Windows NT 10.0; WOW64) AppleWebKit/537.36 (KHTML, like Gecko) Chrome/65.0.3325.146 Safari/537.36',
  'accept' => 'image/webp,image/apng,image/*,*/*;q=0.8',
  'referer' => 'http://localhost/hns/public/index.php/index/index/index.html',
  'accept-encoding' => 'gzip, deflate, br',
  'accept-language' => 'zh-CN,zh;q=0.9',
  'cookie' => 'pgv_pvi=878369792; Hm_lvt_080836300300be57b7f34f4b3e97d911=1522584204,1522660756,1522740102,1522896617',
)
[ info ] [ PARAM ] array (
)
[ info ] [ LOG ] INIT File
---------------------------------------------------------------
[ 2018-04-07T21:18:31+08:00 ] 0.0.0.0 GET /hns/public/index.php/index/index/images/youtube.png
[ info ] localhost/hns/public/index.php/index/index/images/youtube.png [运行时间：0.024601s][吞吐率：40.65req/s] [内存消耗：1,095.69kb] [文件加载：34]
[ info ] [ LANG ] D:\xampp\htdocs\hns\thinkphp\lang\zh-cn.php
[ info ] [ ROUTE ] array (
  'type' => 'module',
  'module' => 
  array (
    0 => 'index',
    1 => 'index',
    2 => 'images',
  ),
)
[ info ] [ HEADER ] array (
  'host' => 'localhost',
  'connection' => 'keep-alive',
  'user-agent' => 'Mozilla/5.0 (Windows NT 10.0; WOW64) AppleWebKit/537.36 (KHTML, like Gecko) Chrome/65.0.3325.146 Safari/537.36',
  'accept' => 'image/webp,image/apng,image/*,*/*;q=0.8',
  'referer' => 'http://localhost/hns/public/index.php/index/index/index.html',
  'accept-encoding' => 'gzip, deflate, br',
  'accept-language' => 'zh-CN,zh;q=0.9',
  'cookie' => 'pgv_pvi=878369792; Hm_lvt_080836300300be57b7f34f4b3e97d911=1522584204,1522660756,1522740102,1522896617',
)
[ info ] [ PARAM ] array (
)
[ info ] [ LOG ] INIT File
---------------------------------------------------------------
[ 2018-04-07T21:18:31+08:00 ] 0.0.0.0 GET /hns/public/index.php/index/index/images/payment.png
[ info ] localhost/hns/public/index.php/index/index/images/payment.png [运行时间：0.024928s][吞吐率：40.12req/s] [内存消耗：1,095.69kb] [文件加载：34]
[ info ] [ LANG ] D:\xampp\htdocs\hns\thinkphp\lang\zh-cn.php
[ info ] [ ROUTE ] array (
  'type' => 'module',
  'module' => 
  array (
    0 => 'index',
    1 => 'index',
    2 => 'images',
  ),
)
[ info ] [ HEADER ] array (
  'host' => 'localhost',
  'connection' => 'keep-alive',
  'user-agent' => 'Mozilla/5.0 (Windows NT 10.0; WOW64) AppleWebKit/537.36 (KHTML, like Gecko) Chrome/65.0.3325.146 Safari/537.36',
  'accept' => 'image/webp,image/apng,image/*,*/*;q=0.8',
  'referer' => 'http://localhost/hns/public/index.php/index/index/index.html',
  'accept-encoding' => 'gzip, deflate, br',
  'accept-language' => 'zh-CN,zh;q=0.9',
  'cookie' => 'pgv_pvi=878369792; Hm_lvt_080836300300be57b7f34f4b3e97d911=1522584204,1522660756,1522740102,1522896617',
)
[ info ] [ PARAM ] array (
)
[ info ] [ LOG ] INIT File
---------------------------------------------------------------
[ 2018-04-07T21:22:23+08:00 ] 0.0.0.0 GET /hns/public/index.php/index/book/index.html
[ info ] localhost/hns/public/index.php/index/book/index.html [运行时间：0.045890s][吞吐率：21.79req/s] [内存消耗：2,178.34kb] [文件加载：46]
[ info ] [ LANG ] D:\xampp\htdocs\hns\thinkphp\lang\zh-cn.php
[ info ] [ ROUTE ] array (
  'type' => 'module',
  'module' => 
  array (
    0 => 'index',
    1 => 'book',
    2 => 'index',
  ),
)
[ info ] [ HEADER ] array (
  'host' => 'localhost',
  'connection' => 'keep-alive',
  'upgrade-insecure-requests' => '1',
  'user-agent' => 'Mozilla/5.0 (Windows NT 10.0; WOW64) AppleWebKit/537.36 (KHTML, like Gecko) Chrome/65.0.3325.146 Safari/537.36',
  'accept' => 'text/html,application/xhtml+xml,application/xml;q=0.9,image/webp,image/apng,*/*;q=0.8',
  'referer' => 'http://localhost/hns/public/index.php/index/index/index.html',
  'accept-encoding' => 'gzip, deflate, br',
  'accept-language' => 'zh-CN,zh;q=0.9',
  'cookie' => 'pgv_pvi=878369792; Hm_lvt_080836300300be57b7f34f4b3e97d911=1522584204,1522660756,1522740102,1522896617',
)
[ info ] [ PARAM ] array (
)
[ info ] [ DB ] INIT mysql
[ info ] [ RUN ] app\index\controller\Book->index[ D:\xampp\htdocs\hns\application\index\controller\Book.php ]
[ info ] [ VIEW ] D:\xampp\htdocs\hns\public/../application/index\view\book\index.html [ array (
  0 => 'categorys',
) ]
[ info ] [ LOG ] INIT File
[ sql ] [ DB ] CONNECT:[ UseTime:0.010429s ] mysql:host=127.0.0.1;dbname=hns;charset=utf8
[ sql ] [ SQL ] SHOW COLUMNS FROM `hn_category` [ RunTime:0.005045s ]
[ sql ] [ SQL ] SELECT COUNT(*) AS tp_count FROM `hn_category` LIMIT 1 [ RunTime:0.000528s ]
[ sql ] [ SQL ] SELECT * FROM `hn_category` LIMIT 0,10 [ RunTime:0.000436s ]
---------------------------------------------------------------
[ 2018-04-07T21:22:23+08:00 ] 0.0.0.0 GET /hns/public/index.php/index/book/images/item_icon.png
[ info ] localhost/hns/public/index.php/index/book/images/item_icon.png [运行时间：0.025495s][吞吐率：39.22req/s] [内存消耗：1,891.80kb] [文件加载：43]
[ info ] [ LANG ] D:\xampp\htdocs\hns\thinkphp\lang\zh-cn.php
[ info ] [ ROUTE ] array (
  'type' => 'module',
  'module' => 
  array (
    0 => 'index',
    1 => 'book',
    2 => 'images',
  ),
)
[ info ] [ HEADER ] array (
  'host' => 'localhost',
  'connection' => 'keep-alive',
  'user-agent' => 'Mozilla/5.0 (Windows NT 10.0; WOW64) AppleWebKit/537.36 (KHTML, like Gecko) Chrome/65.0.3325.146 Safari/537.36',
  'accept' => 'image/webp,image/apng,image/*,*/*;q=0.8',
  'referer' => 'http://localhost/hns/public/index.php/index/book/index.html',
  'accept-encoding' => 'gzip, deflate, br',
  'accept-language' => 'zh-CN,zh;q=0.9',
  'cookie' => 'pgv_pvi=878369792; Hm_lvt_080836300300be57b7f34f4b3e97d911=1522584204,1522660756,1522740102,1522896617',
)
[ info ] [ PARAM ] array (
)
[ info ] [ DB ] INIT mysql
[ info ] [ LOG ] INIT File
---------------------------------------------------------------
[ 2018-04-07T21:22:23+08:00 ] 0.0.0.0 GET /hns/public/index.php/index/book/images/small_img.png
[ info ] localhost/hns/public/index.php/index/book/images/small_img.png [运行时间：0.030011s][吞吐率：33.32req/s] [内存消耗：1,891.80kb] [文件加载：43]
[ info ] [ LANG ] D:\xampp\htdocs\hns\thinkphp\lang\zh-cn.php
[ info ] [ ROUTE ] array (
  'type' => 'module',
  'module' => 
  array (
    0 => 'index',
    1 => 'book',
    2 => 'images',
  ),
)
[ info ] [ HEADER ] array (
  'host' => 'localhost',
  'connection' => 'keep-alive',
  'user-agent' => 'Mozilla/5.0 (Windows NT 10.0; WOW64) AppleWebKit/537.36 (KHTML, like Gecko) Chrome/65.0.3325.146 Safari/537.36',
  'accept' => 'image/webp,image/apng,image/*,*/*;q=0.8',
  'referer' => 'http://localhost/hns/public/index.php/index/book/index.html',
  'accept-encoding' => 'gzip, deflate, br',
  'accept-language' => 'zh-CN,zh;q=0.9',
  'cookie' => 'pgv_pvi=878369792; Hm_lvt_080836300300be57b7f34f4b3e97d911=1522584204,1522660756,1522740102,1522896617',
)
[ info ] [ PARAM ] array (
)
[ info ] [ DB ] INIT mysql
[ info ] [ LOG ] INIT File
---------------------------------------------------------------
[ 2018-04-07T21:22:23+08:00 ] 0.0.0.0 GET /hns/public/index.php/index/book/images/delete_item_btn.png
[ info ] localhost/hns/public/index.php/index/book/images/delete_item_btn.png [运行时间：0.041053s][吞吐率：24.36req/s] [内存消耗：1,891.85kb] [文件加载：43]
[ info ] [ LANG ] D:\xampp\htdocs\hns\thinkphp\lang\zh-cn.php
[ info ] [ ROUTE ] array (
  'type' => 'module',
  'module' => 
  array (
    0 => 'index',
    1 => 'book',
    2 => 'images',
  ),
)
[ info ] [ HEADER ] array (
  'host' => 'localhost',
  'connection' => 'keep-alive',
  'user-agent' => 'Mozilla/5.0 (Windows NT 10.0; WOW64) AppleWebKit/537.36 (KHTML, like Gecko) Chrome/65.0.3325.146 Safari/537.36',
  'accept' => 'image/webp,image/apng,image/*,*/*;q=0.8',
  'referer' => 'http://localhost/hns/public/index.php/index/book/index.html',
  'accept-encoding' => 'gzip, deflate, br',
  'accept-language' => 'zh-CN,zh;q=0.9',
  'cookie' => 'pgv_pvi=878369792; Hm_lvt_080836300300be57b7f34f4b3e97d911=1522584204,1522660756,1522740102,1522896617',
)
[ info ] [ PARAM ] array (
)
[ info ] [ DB ] INIT mysql
[ info ] [ LOG ] INIT File
---------------------------------------------------------------
[ 2018-04-07T21:22:23+08:00 ] 0.0.0.0 GET /hns/public/index.php/index/book/images/facebook.png
[ info ] localhost/hns/public/index.php/index/book/images/facebook.png [运行时间：0.040424s][吞吐率：24.74req/s] [内存消耗：1,891.78kb] [文件加载：43]
[ info ] [ LANG ] D:\xampp\htdocs\hns\thinkphp\lang\zh-cn.php
[ info ] [ ROUTE ] array (
  'type' => 'module',
  'module' => 
  array (
    0 => 'index',
    1 => 'book',
    2 => 'images',
  ),
)
[ info ] [ HEADER ] array (
  'host' => 'localhost',
  'connection' => 'keep-alive',
  'user-agent' => 'Mozilla/5.0 (Windows NT 10.0; WOW64) AppleWebKit/537.36 (KHTML, like Gecko) Chrome/65.0.3325.146 Safari/537.36',
  'accept' => 'image/webp,image/apng,image/*,*/*;q=0.8',
  'referer' => 'http://localhost/hns/public/index.php/index/book/index.html',
  'accept-encoding' => 'gzip, deflate, br',
  'accept-language' => 'zh-CN,zh;q=0.9',
  'cookie' => 'pgv_pvi=878369792; Hm_lvt_080836300300be57b7f34f4b3e97d911=1522584204,1522660756,1522740102,1522896617',
)
[ info ] [ PARAM ] array (
)
[ info ] [ DB ] INIT mysql
[ info ] [ LOG ] INIT File
---------------------------------------------------------------
[ 2018-04-07T21:22:23+08:00 ] 0.0.0.0 GET /hns/public/index.php/index/book/images/edit_icon.png
[ info ] localhost/hns/public/index.php/index/book/images/edit_icon.png [运行时间：0.045436s][吞吐率：22.01req/s] [内存消耗：1,891.80kb] [文件加载：43]
[ info ] [ LANG ] D:\xampp\htdocs\hns\thinkphp\lang\zh-cn.php
[ info ] [ ROUTE ] array (
  'type' => 'module',
  'module' => 
  array (
    0 => 'index',
    1 => 'book',
    2 => 'images',
  ),
)
[ info ] [ HEADER ] array (
  'host' => 'localhost',
  'connection' => 'keep-alive',
  'user-agent' => 'Mozilla/5.0 (Windows NT 10.0; WOW64) AppleWebKit/537.36 (KHTML, like Gecko) Chrome/65.0.3325.146 Safari/537.36',
  'accept' => 'image/webp,image/apng,image/*,*/*;q=0.8',
  'referer' => 'http://localhost/hns/public/index.php/index/book/index.html',
  'accept-encoding' => 'gzip, deflate, br',
  'accept-language' => 'zh-CN,zh;q=0.9',
  'cookie' => 'pgv_pvi=878369792; Hm_lvt_080836300300be57b7f34f4b3e97d911=1522584204,1522660756,1522740102,1522896617',
)
[ info ] [ PARAM ] array (
)
[ info ] [ DB ] INIT mysql
[ info ] [ LOG ] INIT File
---------------------------------------------------------------
[ 2018-04-07T21:22:23+08:00 ] 0.0.0.0 GET /hns/public/index.php/index/book/images/logo.png
[ info ] localhost/hns/public/index.php/index/book/images/logo.png [运行时间：0.044500s][吞吐率：22.47req/s] [内存消耗：1,891.78kb] [文件加载：43]
[ info ] [ LANG ] D:\xampp\htdocs\hns\thinkphp\lang\zh-cn.php
[ info ] [ ROUTE ] array (
  'type' => 'module',
  'module' => 
  array (
    0 => 'index',
    1 => 'book',
    2 => 'images',
  ),
)
[ info ] [ HEADER ] array (
  'host' => 'localhost',
  'connection' => 'keep-alive',
  'user-agent' => 'Mozilla/5.0 (Windows NT 10.0; WOW64) AppleWebKit/537.36 (KHTML, like Gecko) Chrome/65.0.3325.146 Safari/537.36',
  'accept' => 'image/webp,image/apng,image/*,*/*;q=0.8',
  'referer' => 'http://localhost/hns/public/index.php/index/book/index.html',
  'accept-encoding' => 'gzip, deflate, br',
  'accept-language' => 'zh-CN,zh;q=0.9',
  'cookie' => 'pgv_pvi=878369792; Hm_lvt_080836300300be57b7f34f4b3e97d911=1522584204,1522660756,1522740102,1522896617',
)
[ info ] [ PARAM ] array (
)
[ info ] [ DB ] INIT mysql
[ info ] [ LOG ] INIT File
---------------------------------------------------------------
[ 2018-04-07T21:22:23+08:00 ] 0.0.0.0 GET /hns/public/index.php/index/book/images/rss.png
[ info ] localhost/hns/public/index.php/index/book/images/rss.png [运行时间：0.044349s][吞吐率：22.55req/s] [内存消耗：1,891.72kb] [文件加载：43]
[ info ] [ LANG ] D:\xampp\htdocs\hns\thinkphp\lang\zh-cn.php
[ info ] [ ROUTE ] array (
  'type' => 'module',
  'module' => 
  array (
    0 => 'index',
    1 => 'book',
    2 => 'images',
  ),
)
[ info ] [ HEADER ] array (
  'host' => 'localhost',
  'connection' => 'keep-alive',
  'user-agent' => 'Mozilla/5.0 (Windows NT 10.0; WOW64) AppleWebKit/537.36 (KHTML, like Gecko) Chrome/65.0.3325.146 Safari/537.36',
  'accept' => 'image/webp,image/apng,image/*,*/*;q=0.8',
  'referer' => 'http://localhost/hns/public/index.php/index/book/index.html',
  'accept-encoding' => 'gzip, deflate, br',
  'accept-language' => 'zh-CN,zh;q=0.9',
  'cookie' => 'pgv_pvi=878369792; Hm_lvt_080836300300be57b7f34f4b3e97d911=1522584204,1522660756,1522740102,1522896617',
)
[ info ] [ PARAM ] array (
)
[ info ] [ DB ] INIT mysql
[ info ] [ LOG ] INIT File
---------------------------------------------------------------
[ 2018-04-07T21:22:23+08:00 ] 0.0.0.0 GET /hns/public/index.php/index/book/images/twitter.png
[ info ] localhost/hns/public/index.php/index/book/images/twitter.png [运行时间：0.037230s][吞吐率：26.86req/s] [内存消耗：1,891.78kb] [文件加载：43]
[ info ] [ LANG ] D:\xampp\htdocs\hns\thinkphp\lang\zh-cn.php
[ info ] [ ROUTE ] array (
  'type' => 'module',
  'module' => 
  array (
    0 => 'index',
    1 => 'book',
    2 => 'images',
  ),
)
[ info ] [ HEADER ] array (
  'host' => 'localhost',
  'connection' => 'keep-alive',
  'user-agent' => 'Mozilla/5.0 (Windows NT 10.0; WOW64) AppleWebKit/537.36 (KHTML, like Gecko) Chrome/65.0.3325.146 Safari/537.36',
  'accept' => 'image/webp,image/apng,image/*,*/*;q=0.8',
  'referer' => 'http://localhost/hns/public/index.php/index/book/index.html',
  'accept-encoding' => 'gzip, deflate, br',
  'accept-language' => 'zh-CN,zh;q=0.9',
  'cookie' => 'pgv_pvi=878369792; Hm_lvt_080836300300be57b7f34f4b3e97d911=1522584204,1522660756,1522740102,1522896617',
)
[ info ] [ PARAM ] array (
)
[ info ] [ DB ] INIT mysql
[ info ] [ LOG ] INIT File
---------------------------------------------------------------
[ 2018-04-07T21:22:23+08:00 ] 0.0.0.0 GET /hns/public/index.php/index/book/images/dribbble.png
[ info ] localhost/hns/public/index.php/index/book/images/dribbble.png [运行时间：0.032092s][吞吐率：31.16req/s] [内存消耗：1,891.78kb] [文件加载：43]
[ info ] [ LANG ] D:\xampp\htdocs\hns\thinkphp\lang\zh-cn.php
[ info ] [ ROUTE ] array (
  'type' => 'module',
  'module' => 
  array (
    0 => 'index',
    1 => 'book',
    2 => 'images',
  ),
)
[ info ] [ HEADER ] array (
  'host' => 'localhost',
  'connection' => 'keep-alive',
  'user-agent' => 'Mozilla/5.0 (Windows NT 10.0; WOW64) AppleWebKit/537.36 (KHTML, like Gecko) Chrome/65.0.3325.146 Safari/537.36',
  'accept' => 'image/webp,image/apng,image/*,*/*;q=0.8',
  'referer' => 'http://localhost/hns/public/index.php/index/book/index.html',
  'accept-encoding' => 'gzip, deflate, br',
  'accept-language' => 'zh-CN,zh;q=0.9',
  'cookie' => 'pgv_pvi=878369792; Hm_lvt_080836300300be57b7f34f4b3e97d911=1522584204,1522660756,1522740102,1522896617',
)
[ info ] [ PARAM ] array (
)
[ info ] [ DB ] INIT mysql
[ info ] [ LOG ] INIT File
---------------------------------------------------------------
[ 2018-04-07T21:22:23+08:00 ] 0.0.0.0 GET /hns/public/index.php/index/book/images/skype.png
[ info ] localhost/hns/public/index.php/index/book/images/skype.png [运行时间：0.036099s][吞吐率：27.70req/s] [内存消耗：1,891.78kb] [文件加载：43]
[ info ] [ LANG ] D:\xampp\htdocs\hns\thinkphp\lang\zh-cn.php
[ info ] [ ROUTE ] array (
  'type' => 'module',
  'module' => 
  array (
    0 => 'index',
    1 => 'book',
    2 => 'images',
  ),
)
[ info ] [ HEADER ] array (
  'host' => 'localhost',
  'connection' => 'keep-alive',
  'user-agent' => 'Mozilla/5.0 (Windows NT 10.0; WOW64) AppleWebKit/537.36 (KHTML, like Gecko) Chrome/65.0.3325.146 Safari/537.36',
  'accept' => 'image/webp,image/apng,image/*,*/*;q=0.8',
  'referer' => 'http://localhost/hns/public/index.php/index/book/index.html',
  'accept-encoding' => 'gzip, deflate, br',
  'accept-language' => 'zh-CN,zh;q=0.9',
  'cookie' => 'pgv_pvi=878369792; Hm_lvt_080836300300be57b7f34f4b3e97d911=1522584204,1522660756,1522740102,1522896617',
)
[ info ] [ PARAM ] array (
)
[ info ] [ DB ] INIT mysql
[ info ] [ LOG ] INIT File
---------------------------------------------------------------
[ 2018-04-07T21:22:23+08:00 ] 0.0.0.0 GET /hns/public/index.php/index/book/images/youtube.png
[ info ] localhost/hns/public/index.php/index/book/images/youtube.png [运行时间：0.041760s][吞吐率：23.95req/s] [内存消耗：1,891.78kb] [文件加载：43]
[ info ] [ LANG ] D:\xampp\htdocs\hns\thinkphp\lang\zh-cn.php
[ info ] [ ROUTE ] array (
  'type' => 'module',
  'module' => 
  array (
    0 => 'index',
    1 => 'book',
    2 => 'images',
  ),
)
[ info ] [ HEADER ] array (
  'host' => 'localhost',
  'connection' => 'keep-alive',
  'user-agent' => 'Mozilla/5.0 (Windows NT 10.0; WOW64) AppleWebKit/537.36 (KHTML, like Gecko) Chrome/65.0.3325.146 Safari/537.36',
  'accept' => 'image/webp,image/apng,image/*,*/*;q=0.8',
  'referer' => 'http://localhost/hns/public/index.php/index/book/index.html',
  'accept-encoding' => 'gzip, deflate, br',
  'accept-language' => 'zh-CN,zh;q=0.9',
  'cookie' => 'pgv_pvi=878369792; Hm_lvt_080836300300be57b7f34f4b3e97d911=1522584204,1522660756,1522740102,1522896617',
)
[ info ] [ PARAM ] array (
)
[ info ] [ DB ] INIT mysql
[ info ] [ LOG ] INIT File
---------------------------------------------------------------
[ 2018-04-07T21:22:23+08:00 ] 0.0.0.0 GET /hns/public/index.php/index/book/images/payment.png
[ info ] localhost/hns/public/index.php/index/book/images/payment.png [运行时间：0.040908s][吞吐率：24.45req/s] [内存消耗：1,891.78kb] [文件加载：43]
[ info ] [ LANG ] D:\xampp\htdocs\hns\thinkphp\lang\zh-cn.php
[ info ] [ ROUTE ] array (
  'type' => 'module',
  'module' => 
  array (
    0 => 'index',
    1 => 'book',
    2 => 'images',
  ),
)
[ info ] [ HEADER ] array (
  'host' => 'localhost',
  'connection' => 'keep-alive',
  'user-agent' => 'Mozilla/5.0 (Windows NT 10.0; WOW64) AppleWebKit/537.36 (KHTML, like Gecko) Chrome/65.0.3325.146 Safari/537.36',
  'accept' => 'image/webp,image/apng,image/*,*/*;q=0.8',
  'referer' => 'http://localhost/hns/public/index.php/index/book/index.html',
  'accept-encoding' => 'gzip, deflate, br',
  'accept-language' => 'zh-CN,zh;q=0.9',
  'cookie' => 'pgv_pvi=878369792; Hm_lvt_080836300300be57b7f34f4b3e97d911=1522584204,1522660756,1522740102,1522896617',
)
[ info ] [ PARAM ] array (
)
[ info ] [ DB ] INIT mysql
[ info ] [ LOG ] INIT File
---------------------------------------------------------------
[ 2018-04-07T21:22:34+08:00 ] 0.0.0.0 POST /hns/public/index.php/index/book/save.html
[ info ] localhost/hns/public/index.php/index/book/save.html [运行时间：0.133421s][吞吐率：7.50req/s] [内存消耗：2,194.02kb] [文件加载：47]
[ info ] [ LANG ] D:\xampp\htdocs\hns\thinkphp\lang\zh-cn.php
[ info ] [ ROUTE ] array (
  'type' => 'module',
  'module' => 
  array (
    0 => 'index',
    1 => 'book',
    2 => 'save',
  ),
)
[ info ] [ HEADER ] array (
  'host' => 'localhost',
  'connection' => 'keep-alive',
  'content-length' => '47804',
  'cache-control' => 'max-age=0',
  'origin' => 'http://localhost',
  'upgrade-insecure-requests' => '1',
  'content-type' => 'multipart/form-data; boundary=----WebKitFormBoundaryL9rNKeajveOQMoHU',
  'user-agent' => 'Mozilla/5.0 (Windows NT 10.0; WOW64) AppleWebKit/537.36 (KHTML, like Gecko) Chrome/65.0.3325.146 Safari/537.36',
  'accept' => 'text/html,application/xhtml+xml,application/xml;q=0.9,image/webp,image/apng,*/*;q=0.8',
  'referer' => 'http://localhost/hns/public/index.php/index/book/index.html',
  'accept-encoding' => 'gzip, deflate, br',
  'accept-language' => 'zh-CN,zh;q=0.9',
  'cookie' => 'pgv_pvi=878369792; Hm_lvt_080836300300be57b7f34f4b3e97d911=1522584204,1522660756,1522740102,1522896617',
)
[ info ] [ PARAM ] array (
  'name' => 'tzx',
  'type' => 'volvo',
  'introduce' => '123123',
  'price' => '123',
)
[ info ] [ DB ] INIT mysql
[ info ] [ RUN ] app\index\controller\Book->save[ D:\xampp\htdocs\hns\application\index\controller\Book.php ]
[ info ] [ VIEW ] D:\xampp\htdocs\hns\thinkphp\tpl\dispatch_jump.tpl [ array (
  0 => 'code',
  1 => 'msg',
  2 => 'data',
  3 => 'url',
  4 => 'wait',
) ]
[ info ] [ LOG ] INIT File
[ sql ] [ DB ] CONNECT:[ UseTime:0.001349s ] mysql:host=127.0.0.1;dbname=hns;charset=utf8
[ sql ] [ SQL ] SHOW COLUMNS FROM `hn_book` [ RunTime:0.006009s ]
[ sql ] [ SQL ] INSERT INTO `hn_book` (`name` , `type` , `introduce` , `price` , `photo` , `create_time`) VALUES ('tzx' , 'volvo' , '123123' , 123 , 'http://127.0.0.1/hns/public\\uploads/20180407\\0786ec59008f9fc940bb7ac44c60d9f2.jpg' , 1523107354) [ RunTime:0.093805s ]
---------------------------------------------------------------
[ 2018-04-07T21:22:37+08:00 ] 0.0.0.0 GET /hns/public/index.php/index/index/index.html
[ info ] localhost/hns/public/index.php/index/index/index.html [运行时间：0.016012s][吞吐率：62.45req/s] [内存消耗：1,164.38kb] [文件加载：33]
[ info ] [ LANG ] D:\xampp\htdocs\hns\thinkphp\lang\zh-cn.php
[ info ] [ ROUTE ] array (
  'type' => 'module',
  'module' => 
  array (
    0 => 'index',
    1 => 'index',
    2 => 'index',
  ),
)
[ info ] [ HEADER ] array (
  'host' => 'localhost',
  'connection' => 'keep-alive',
  'upgrade-insecure-requests' => '1',
  'user-agent' => 'Mozilla/5.0 (Windows NT 10.0; WOW64) AppleWebKit/537.36 (KHTML, like Gecko) Chrome/65.0.3325.146 Safari/537.36',
  'accept' => 'text/html,application/xhtml+xml,application/xml;q=0.9,image/webp,image/apng,*/*;q=0.8',
  'referer' => 'http://localhost/hns/public/index.php/index/book/save.html',
  'accept-encoding' => 'gzip, deflate, br',
  'accept-language' => 'zh-CN,zh;q=0.9',
  'cookie' => 'pgv_pvi=878369792; Hm_lvt_080836300300be57b7f34f4b3e97d911=1522584204,1522660756,1522740102,1522896617',
)
[ info ] [ PARAM ] array (
)
[ info ] [ RUN ] app\index\controller\Index->index[ D:\xampp\htdocs\hns\application\index\controller\Index.php ]
[ info ] [ VIEW ] D:\xampp\htdocs\hns\public/../application/index\view\index\index.html [ array (
) ]
[ info ] [ LOG ] INIT File
---------------------------------------------------------------
[ 2018-04-07T21:22:37+08:00 ] 0.0.0.0 GET /hns/public/index.php/index/index/images/item_icon.png
[ info ] localhost/hns/public/index.php/index/index/images/item_icon.png [运行时间：0.018010s][吞吐率：55.53req/s] [内存消耗：1,095.74kb] [文件加载：34]
[ info ] [ LANG ] D:\xampp\htdocs\hns\thinkphp\lang\zh-cn.php
[ info ] [ ROUTE ] array (
  'type' => 'module',
  'module' => 
  array (
    0 => 'index',
    1 => 'index',
    2 => 'images',
  ),
)
[ info ] [ HEADER ] array (
  'host' => 'localhost',
  'connection' => 'keep-alive',
  'user-agent' => 'Mozilla/5.0 (Windows NT 10.0; WOW64) AppleWebKit/537.36 (KHTML, like Gecko) Chrome/65.0.3325.146 Safari/537.36',
  'accept' => 'image/webp,image/apng,image/*,*/*;q=0.8',
  'referer' => 'http://localhost/hns/public/index.php/index/index/index.html',
  'accept-encoding' => 'gzip, deflate, br',
  'accept-language' => 'zh-CN,zh;q=0.9',
  'cookie' => 'pgv_pvi=878369792; Hm_lvt_080836300300be57b7f34f4b3e97d911=1522584204,1522660756,1522740102,1522896617',
)
[ info ] [ PARAM ] array (
)
[ info ] [ LOG ] INIT File
---------------------------------------------------------------
[ 2018-04-07T21:22:37+08:00 ] 0.0.0.0 GET /hns/public/index.php/index/index/images/small_img.png
[ info ] localhost/hns/public/index.php/index/index/images/small_img.png [运行时间：0.025654s][吞吐率：38.98req/s] [内存消耗：1,095.74kb] [文件加载：34]
[ info ] [ LANG ] D:\xampp\htdocs\hns\thinkphp\lang\zh-cn.php
[ info ] [ ROUTE ] array (
  'type' => 'module',
  'module' => 
  array (
    0 => 'index',
    1 => 'index',
    2 => 'images',
  ),
)
[ info ] [ HEADER ] array (
  'host' => 'localhost',
  'connection' => 'keep-alive',
  'user-agent' => 'Mozilla/5.0 (Windows NT 10.0; WOW64) AppleWebKit/537.36 (KHTML, like Gecko) Chrome/65.0.3325.146 Safari/537.36',
  'accept' => 'image/webp,image/apng,image/*,*/*;q=0.8',
  'referer' => 'http://localhost/hns/public/index.php/index/index/index.html',
  'accept-encoding' => 'gzip, deflate, br',
  'accept-language' => 'zh-CN,zh;q=0.9',
  'cookie' => 'pgv_pvi=878369792; Hm_lvt_080836300300be57b7f34f4b3e97d911=1522584204,1522660756,1522740102,1522896617',
)
[ info ] [ PARAM ] array (
)
[ info ] [ LOG ] INIT File
---------------------------------------------------------------
[ 2018-04-07T21:22:37+08:00 ] 0.0.0.0 GET /hns/public/index.php/index/index/images/logo.png
[ info ] localhost/hns/public/index.php/index/index/images/logo.png [运行时间：0.027786s][吞吐率：35.99req/s] [内存消耗：1,095.69kb] [文件加载：34]
[ info ] [ LANG ] D:\xampp\htdocs\hns\thinkphp\lang\zh-cn.php
[ info ] [ ROUTE ] array (
  'type' => 'module',
  'module' => 
  array (
    0 => 'index',
    1 => 'index',
    2 => 'images',
  ),
)
[ info ] [ HEADER ] array (
  'host' => 'localhost',
  'connection' => 'keep-alive',
  'user-agent' => 'Mozilla/5.0 (Windows NT 10.0; WOW64) AppleWebKit/537.36 (KHTML, like Gecko) Chrome/65.0.3325.146 Safari/537.36',
  'accept' => 'image/webp,image/apng,image/*,*/*;q=0.8',
  'referer' => 'http://localhost/hns/public/index.php/index/index/index.html',
  'accept-encoding' => 'gzip, deflate, br',
  'accept-language' => 'zh-CN,zh;q=0.9',
  'cookie' => 'pgv_pvi=878369792; Hm_lvt_080836300300be57b7f34f4b3e97d911=1522584204,1522660756,1522740102,1522896617',
)
[ info ] [ PARAM ] array (
)
[ info ] [ LOG ] INIT File
---------------------------------------------------------------
[ 2018-04-07T21:22:37+08:00 ] 0.0.0.0 GET /hns/public/index.php/index/index/images/delete_item_btn.png
[ info ] localhost/hns/public/index.php/index/index/images/delete_item_btn.png [运行时间：0.030800s][吞吐率：32.47req/s] [内存消耗：1,095.76kb] [文件加载：34]
[ info ] [ LANG ] D:\xampp\htdocs\hns\thinkphp\lang\zh-cn.php
[ info ] [ ROUTE ] array (
  'type' => 'module',
  'module' => 
  array (
    0 => 'index',
    1 => 'index',
    2 => 'images',
  ),
)
[ info ] [ HEADER ] array (
  'host' => 'localhost',
  'connection' => 'keep-alive',
  'user-agent' => 'Mozilla/5.0 (Windows NT 10.0; WOW64) AppleWebKit/537.36 (KHTML, like Gecko) Chrome/65.0.3325.146 Safari/537.36',
  'accept' => 'image/webp,image/apng,image/*,*/*;q=0.8',
  'referer' => 'http://localhost/hns/public/index.php/index/index/index.html',
  'accept-encoding' => 'gzip, deflate, br',
  'accept-language' => 'zh-CN,zh;q=0.9',
  'cookie' => 'pgv_pvi=878369792; Hm_lvt_080836300300be57b7f34f4b3e97d911=1522584204,1522660756,1522740102,1522896617',
)
[ info ] [ PARAM ] array (
)
[ info ] [ LOG ] INIT File
---------------------------------------------------------------
[ 2018-04-07T21:22:37+08:00 ] 0.0.0.0 GET /hns/public/index.php/index/index/images/edit_icon.png
[ info ] localhost/hns/public/index.php/index/index/images/edit_icon.png [运行时间：0.034351s][吞吐率：29.11req/s] [内存消耗：1,095.74kb] [文件加载：34]
[ info ] [ LANG ] D:\xampp\htdocs\hns\thinkphp\lang\zh-cn.php
[ info ] [ ROUTE ] array (
  'type' => 'module',
  'module' => 
  array (
    0 => 'index',
    1 => 'index',
    2 => 'images',
  ),
)
[ info ] [ HEADER ] array (
  'host' => 'localhost',
  'connection' => 'keep-alive',
  'user-agent' => 'Mozilla/5.0 (Windows NT 10.0; WOW64) AppleWebKit/537.36 (KHTML, like Gecko) Chrome/65.0.3325.146 Safari/537.36',
  'accept' => 'image/webp,image/apng,image/*,*/*;q=0.8',
  'referer' => 'http://localhost/hns/public/index.php/index/index/index.html',
  'accept-encoding' => 'gzip, deflate, br',
  'accept-language' => 'zh-CN,zh;q=0.9',
  'cookie' => 'pgv_pvi=878369792; Hm_lvt_080836300300be57b7f34f4b3e97d911=1522584204,1522660756,1522740102,1522896617',
)
[ info ] [ PARAM ] array (
)
[ info ] [ LOG ] INIT File
---------------------------------------------------------------
[ 2018-04-07T21:22:37+08:00 ] 0.0.0.0 GET /hns/public/index.php/index/index/images/banner1.jpg
[ info ] localhost/hns/public/index.php/index/index/images/banner1.jpg [运行时间：0.032302s][吞吐率：30.96req/s] [内存消耗：1,095.69kb] [文件加载：34]
[ info ] [ LANG ] D:\xampp\htdocs\hns\thinkphp\lang\zh-cn.php
[ info ] [ ROUTE ] array (
  'type' => 'module',
  'module' => 
  array (
    0 => 'index',
    1 => 'index',
    2 => 'images',
  ),
)
[ info ] [ HEADER ] array (
  'host' => 'localhost',
  'connection' => 'keep-alive',
  'user-agent' => 'Mozilla/5.0 (Windows NT 10.0; WOW64) AppleWebKit/537.36 (KHTML, like Gecko) Chrome/65.0.3325.146 Safari/537.36',
  'accept' => 'image/webp,image/apng,image/*,*/*;q=0.8',
  'referer' => 'http://localhost/hns/public/index.php/index/index/index.html',
  'accept-encoding' => 'gzip, deflate, br',
  'accept-language' => 'zh-CN,zh;q=0.9',
  'cookie' => 'pgv_pvi=878369792; Hm_lvt_080836300300be57b7f34f4b3e97d911=1522584204,1522660756,1522740102,1522896617',
)
[ info ] [ PARAM ] array (
)
[ info ] [ LOG ] INIT File
---------------------------------------------------------------
[ 2018-04-07T21:22:37+08:00 ] 0.0.0.0 GET /hns/public/index.php/index/index/images/default_img.png
[ info ] localhost/hns/public/index.php/index/index/images/default_img.png [运行时间：0.041580s][吞吐率：24.05req/s] [内存消耗：1,095.76kb] [文件加载：34]
[ info ] [ LANG ] D:\xampp\htdocs\hns\thinkphp\lang\zh-cn.php
[ info ] [ ROUTE ] array (
  'type' => 'module',
  'module' => 
  array (
    0 => 'index',
    1 => 'index',
    2 => 'images',
  ),
)
[ info ] [ HEADER ] array (
  'host' => 'localhost',
  'connection' => 'keep-alive',
  'user-agent' => 'Mozilla/5.0 (Windows NT 10.0; WOW64) AppleWebKit/537.36 (KHTML, like Gecko) Chrome/65.0.3325.146 Safari/537.36',
  'accept' => 'image/webp,image/apng,image/*,*/*;q=0.8',
  'referer' => 'http://localhost/hns/public/index.php/index/index/index.html',
  'accept-encoding' => 'gzip, deflate, br',
  'accept-language' => 'zh-CN,zh;q=0.9',
  'cookie' => 'pgv_pvi=878369792; Hm_lvt_080836300300be57b7f34f4b3e97d911=1522584204,1522660756,1522740102,1522896617',
)
[ info ] [ PARAM ] array (
)
[ info ] [ LOG ] INIT File
---------------------------------------------------------------
[ 2018-04-07T21:22:37+08:00 ] 0.0.0.0 GET /hns/public/index.php/index/index/images/banner2.jpg
[ info ] localhost/hns/public/index.php/index/index/images/banner2.jpg [运行时间：0.056473s][吞吐率：17.71req/s] [内存消耗：1,095.69kb] [文件加载：34]
[ info ] [ LANG ] D:\xampp\htdocs\hns\thinkphp\lang\zh-cn.php
[ info ] [ ROUTE ] array (
  'type' => 'module',
  'module' => 
  array (
    0 => 'index',
    1 => 'index',
    2 => 'images',
  ),
)
[ info ] [ HEADER ] array (
  'host' => 'localhost',
  'connection' => 'keep-alive',
  'user-agent' => 'Mozilla/5.0 (Windows NT 10.0; WOW64) AppleWebKit/537.36 (KHTML, like Gecko) Chrome/65.0.3325.146 Safari/537.36',
  'accept' => 'image/webp,image/apng,image/*,*/*;q=0.8',
  'referer' => 'http://localhost/hns/public/index.php/index/index/index.html',
  'accept-encoding' => 'gzip, deflate, br',
  'accept-language' => 'zh-CN,zh;q=0.9',
  'cookie' => 'pgv_pvi=878369792; Hm_lvt_080836300300be57b7f34f4b3e97d911=1522584204,1522660756,1522740102,1522896617',
)
[ info ] [ PARAM ] array (
)
[ info ] [ LOG ] INIT File
---------------------------------------------------------------
[ 2018-04-07T21:22:37+08:00 ] 0.0.0.0 GET /hns/public/index.php/index/index/images/hns/public/static2.jpg
[ info ] localhost/hns/public/index.php/index/index/images/hns/public/static2.jpg [运行时间：0.034546s][吞吐率：28.95req/s] [内存消耗：1,096.29kb] [文件加载：34]
[ info ] [ LANG ] D:\xampp\htdocs\hns\thinkphp\lang\zh-cn.php
[ info ] [ ROUTE ] array (
  'type' => 'module',
  'module' => 
  array (
    0 => 'index',
    1 => 'index',
    2 => 'images',
  ),
)
[ info ] [ HEADER ] array (
  'host' => 'localhost',
  'connection' => 'keep-alive',
  'user-agent' => 'Mozilla/5.0 (Windows NT 10.0; WOW64) AppleWebKit/537.36 (KHTML, like Gecko) Chrome/65.0.3325.146 Safari/537.36',
  'accept' => 'image/webp,image/apng,image/*,*/*;q=0.8',
  'referer' => 'http://localhost/hns/public/index.php/index/index/index.html',
  'accept-encoding' => 'gzip, deflate, br',
  'accept-language' => 'zh-CN,zh;q=0.9',
  'cookie' => 'pgv_pvi=878369792; Hm_lvt_080836300300be57b7f34f4b3e97d911=1522584204,1522660756,1522740102,1522896617',
)
[ info ] [ PARAM ] array (
  'hns' => 'public',
)
[ info ] [ LOG ] INIT File
---------------------------------------------------------------
[ 2018-04-07T21:22:37+08:00 ] 0.0.0.0 GET /hns/public/index.php/index/index/images/banner3.jpg
[ info ] localhost/hns/public/index.php/index/index/images/banner3.jpg [运行时间：0.033997s][吞吐率：29.41req/s] [内存消耗：1,095.69kb] [文件加载：34]
[ info ] [ LANG ] D:\xampp\htdocs\hns\thinkphp\lang\zh-cn.php
[ info ] [ ROUTE ] array (
  'type' => 'module',
  'module' => 
  array (
    0 => 'index',
    1 => 'index',
    2 => 'images',
  ),
)
[ info ] [ HEADER ] array (
  'host' => 'localhost',
  'connection' => 'keep-alive',
  'user-agent' => 'Mozilla/5.0 (Windows NT 10.0; WOW64) AppleWebKit/537.36 (KHTML, like Gecko) Chrome/65.0.3325.146 Safari/537.36',
  'accept' => 'image/webp,image/apng,image/*,*/*;q=0.8',
  'referer' => 'http://localhost/hns/public/index.php/index/index/index.html',
  'accept-encoding' => 'gzip, deflate, br',
  'accept-language' => 'zh-CN,zh;q=0.9',
  'cookie' => 'pgv_pvi=878369792; Hm_lvt_080836300300be57b7f34f4b3e97d911=1522584204,1522660756,1522740102,1522896617',
)
[ info ] [ PARAM ] array (
)
[ info ] [ LOG ] INIT File
> 'public',
)
[ info ] [ LOG ] INIT File
---------------------------------------------------------------
[ 2018-04-07T21:22:37+08:00 ] 0.0.0.0 GET /hns/public/index.php/index/index/images/banner4.jpg
[ info ] localhost/hns/public/index.php/index/index/images/banner4.jpg [运行时间：0.029016s][吞吐率：34.46req/s] [内存消耗：1,095.69kb] [文件加载：34]
[ info ] [ LANG ] D:\xampp\htdocs\hns\thinkphp\lang\zh-cn.php
[ info ] [ ROUTE ] array (
  'type' => 'module',
  'module' => 
  array (
    0 => 'index',
    1 => 'index',
    2 => 'images',
  ),
)
[ info ] [ HEADER ] array (
  'host' => 'localhost',
  'connection' => 'keep-alive',
  'user-agent' => 'Mozilla/5.0 (Windows NT 10.0; WOW64) AppleWebKit/537.36 (KHTML, like Gecko) Chrome/65.0.3325.146 Safari/537.36',
  'accept' => 'image/webp,image/apng,image/*,*/*;q=0.8',
  'referer' => 'http://localhost/hns/public/index.php/index/index/index.html',
  'accept-encoding' => 'gzip, deflate, br',
  'accept-language' => 'zh-CN,zh;q=0.9',
  'cookie' => 'pgv_pvi=878369792; Hm_lvt_080836300300be57b7f34f4b3e97d911=1522584204,1522660756,1522740102,1522896617',
)
[ info ] [ PARAM ] array (
)
[ info ] [ LOG ] INIT File
---------------------------------------------------------------
[ 2018-04-07T21:22:37+08:00 ] 0.0.0.0 GET /hns/public/index.php/index/index/images/sale_icon_img.png
[ info ] localhost/hns/public/index.php/index/index/images/sale_icon_img.png [运行时间：0.036923s][吞吐率：27.08req/s] [内存消耗：1,095.76kb] [文件加载：34]
[ info ] [ LANG ] D:\xampp\htdocs\hns\thinkphp\lang\zh-cn.php
[ info ] [ ROUTE ] array (
  'type' => 'module',
  'module' => 
  array (
    0 => 'index',
    1 => 'index',
    2 => 'images',
  ),
)
[ info ] [ HEADER ] array (
  'host' => 'localhost',
  'connection' => 'keep-alive',
  'user-agent' => 'Mozilla/5.0 (Windows NT 10.0; WOW64) AppleWebKit/537.36 (KHTML, like Gecko) Chrome/65.0.3325.146 Safari/537.36',
  'accept' => 'image/webp,image/apng,image/*,*/*;q=0.8',
  'referer' => 'http://localhost/hns/public/index.php/index/index/index.html',
  'accept-encoding' => 'gzip, deflate, br',
  'accept-language' => 'zh-CN,zh;q=0.9',
  'cookie' => 'pgv_pvi=878369792; Hm_lvt_080836300300be57b7f34f4b3e97d911=1522584204,1522660756,1522740102,1522896617',
)
[ info ] [ PARAM ] array (
)
[ info ] [ LOG ] INIT File
---------------------------------------------------------------
[ 2018-04-07T21:22:37+08:00 ] 0.0.0.0 GET /hns/public/index.php/index/index/images/quick_view_img.png
[ info ] localhost/hns/public/index.php/index/index/images/quick_view_img.png [运行时间：0.038101s][吞吐率：26.25req/s] [内存消耗：1,095.76kb] [文件加载：34]
[ info ] [ LANG ] D:\xampp\htdocs\hns\thinkphp\lang\zh-cn.php
[ info ] [ ROUTE ] array (
  'type' => 'module',
  'module' => 
  array (
    0 => 'index',
    1 => 'index',
    2 => 'images',
  ),
)
[ info ] [ HEADER ] array (
  'host' => 'localhost',
  'connection' => 'keep-alive',
  'user-agent' => 'Mozilla/5.0 (Windows NT 10.0; WOW64) AppleWebKit/537.36 (KHTML, like Gecko) Chrome/65.0.3325.146 Safari/537.36',
  'accept' => 'image/webp,image/apng,image/*,*/*;q=0.8',
  'referer' => 'http://localhost/hns/public/index.php/index/index/index.html',
  'accept-encoding' => 'gzip, deflate, br',
  'accept-language' => 'zh-CN,zh;q=0.9',
  'cookie' => 'pgv_pvi=878369792; Hm_lvt_080836300300be57b7f34f4b3e97d911=1522584204,1522660756,1522740102,1522896617',
)
[ info ] [ PARAM ] array (
)
[ info ] [ LOG ] INIT File
---------------------------------------------------------------
[ 2018-04-07T21:22:37+08:00 ] 0.0.0.0 GET /hns/public/index.php/index/index/images/quick_thum_img.png
[ info ] localhost/hns/public/index.php/index/index/images/quick_thum_img.png [运行时间：0.031530s][吞吐率：31.72req/s] [内存消耗：1,095.76kb] [文件加载：34]
[ info ] [ LANG ] D:\xampp\htdocs\hns\thinkphp\lang\zh-cn.php
[ info ] [ ROUTE ] array (
  'type' => 'module',
  'module' => 
  array (
    0 => 'index',
    1 => 'index',
    2 => 'images',
  ),
)
[ info ] [ HEADER ] array (
  'host' => 'localhost',
  'connection' => 'keep-alive',
  'user-agent' => 'Mozilla/5.0 (Windows NT 10.0; WOW64) AppleWebKit/537.36 (KHTML, like Gecko) Chrome/65.0.3325.146 Safari/537.36',
  'accept' => 'image/webp,image/apng,image/*,*/*;q=0.8',
  'referer' => 'http://localhost/hns/public/index.php/index/index/index.html',
  'accept-encoding' => 'gzip, deflate, br',
  'accept-language' => 'zh-CN,zh;q=0.9',
  'cookie' => 'pgv_pvi=878369792; Hm_lvt_080836300300be57b7f34f4b3e97d911=1522584204,1522660756,1522740102,1522896617',
)
[ info ] [ PARAM ] array (
)
[ info ] [ LOG ] INIT File
---------------------------------------------------------------
[ 2018-04-07T21:22:37+08:00 ] 0.0.0.0 GET /hns/public/index.php/index/index/images/facebook.png
[ info ] localhost/hns/public/index.php/index/index/images/facebook.png [运行时间：0.029645s][吞吐率：33.73req/s] [内存消耗：1,095.70kb] [文件加载：34]
[ info ] [ LANG ] D:\xampp\htdocs\hns\thinkphp\lang\zh-cn.php
[ info ] [ ROUTE ] array (
  'type' => 'module',
  'module' => 
  array (
    0 => 'index',
    1 => 'index',
    2 => 'images',
  ),
)
[ info ] [ HEADER ] array (
  'host' => 'localhost',
  'connection' => 'keep-alive',
  'user-agent' => 'Mozilla/5.0 (Windows NT 10.0; WOW64) AppleWebKit/537.36 (KHTML, like Gecko) Chrome/65.0.3325.146 Safari/537.36',
  'accept' => 'image/webp,image/apng,image/*,*/*;q=0.8',
  'referer' => 'http://localhost/hns/public/index.php/index/index/index.html',
  'accept-encoding' => 'gzip, deflate, br',
  'accept-language' => 'zh-CN,zh;q=0.9',
  'cookie' => 'pgv_pvi=878369792; Hm_lvt_080836300300be57b7f34f4b3e97d911=1522584204,1522660756,1522740102,1522896617',
)
[ info ] [ PARAM ] array (
)
[ info ] [ LOG ] INIT File
---------------------------------------------------------------
[ 2018-04-07T21:22:37+08:00 ] 0.0.0.0 GET /hns/public/index.php/index/index/images/qty_next.png
[ info ] localhost/hns/public/index.php/index/index/images/qty_next.png [运行时间：0.041122s][吞吐率：24.32req/s] [内存消耗：1,095.70kb] [文件加载：34]
[ info ] [ LANG ] D:\xampp\htdocs\hns\thinkphp\lang\zh-cn.php
[ info ] [ ROUTE ] array (
  'type' => 'module',
  'module' => 
  array (
    0 => 'index',
    1 => 'index',
    2 => 'images',
  ),
)
[ info ] [ HEADER ] array (
  'host' => 'localhost',
  'connection' => 'keep-alive',
  'user-agent' => 'Mozilla/5.0 (Windows NT 10.0; WOW64) AppleWebKit/537.36 (KHTML, like Gecko) Chrome/65.0.3325.146 Safari/537.36',
  'accept' => 'image/webp,image/apng,image/*,*/*;q=0.8',
  'referer' => 'http://localhost/hns/public/index.php/index/index/index.html',
  'accept-encoding' => 'gzip, deflate, br',
  'accept-language' => 'zh-CN,zh;q=0.9',
  'cookie' => 'pgv_pvi=878369792; Hm_lvt_080836300300be57b7f34f4b3e97d911=1522584204,1522660756,1522740102,1522896617',
)
[ info ] [ PARAM ] array (
)
[ info ] [ LOG ] INIT File
---------------------------------------------------------------
[ 2018-04-07T21:22:37+08:00 ] 0.0.0.0 GET /hns/public/index.php/index/index/images/qty_prev.png
[ info ] localhost/hns/public/index.php/index/index/images/qty_prev.png [运行时间：0.043591s][吞吐率：22.94req/s] [内存消耗：1,095.70kb] [文件加载：34]
[ info ] [ LANG ] D:\xampp\htdocs\hns\thinkphp\lang\zh-cn.php
[ info ] [ ROUTE ] array (
  'type' => 'module',
  'module' => 
  array (
    0 => 'index',
    1 => 'index',
    2 => 'images',
  ),
)
[ info ] [ HEADER ] array (
  'host' => 'localhost',
  'connection' => 'keep-alive',
  'user-agent' => 'Mozilla/5.0 (Windows NT 10.0; WOW64) AppleWebKit/537.36 (KHTML, like Gecko) Chrome/65.0.3325.146 Safari/537.36',
  'accept' => 'image/webp,image/apng,image/*,*/*;q=0.8',
  'referer' => 'http://localhost/hns/public/index.php/index/index/index.html',
  'accept-encoding' => 'gzip, deflate, br',
  'accept-language' => 'zh-CN,zh;q=0.9',
  'cookie' => 'pgv_pvi=878369792; Hm_lvt_080836300300be57b7f34f4b3e97d911=1522584204,1522660756,1522740102,1522896617',
)
[ info ] [ PARAM ] array (
)
[ info ] [ LOG ] INIT File
---------------------------------------------------------------
[ 2018-04-07T21:22:37+08:00 ] 0.0.0.0 GET /hns/public/index.php/index/index/images/twitter.png
[ info ] localhost/hns/public/index.php/index/index/images/twitter.png [运行时间：0.034471s][吞吐率：29.01req/s] [内存消耗：1,095.69kb] [文件加载：34]
[ info ] [ LANG ] D:\xampp\htdocs\hns\thinkphp\lang\zh-cn.php
[ info ] [ ROUTE ] array (
  'type' => 'module',
  'module' => 
  array (
    0 => 'index',
    1 => 'index',
    2 => 'images',
  ),
)
[ info ] [ HEADER ] array (
  'host' => 'localhost',
  'connection' => 'keep-alive',
  'user-agent' => 'Mozilla/5.0 (Windows NT 10.0; WOW64) AppleWebKit/537.36 (KHTML, like Gecko) Chrome/65.0.3325.146 Safari/537.36',
  'accept' => 'image/webp,image/apng,image/*,*/*;q=0.8',
  'referer' => 'http://localhost/hns/public/index.php/index/index/index.html',
  'accept-encoding' => 'gzip, deflate, br',
  'accept-language' => 'zh-CN,zh;q=0.9',
  'cookie' => 'pgv_pvi=878369792; Hm_lvt_080836300300be57b7f34f4b3e97d911=1522584204,1522660756,1522740102,1522896617',
)
[ info ] [ PARAM ] array (
)
[ info ] [ LOG ] INIT File
---------------------------------------------------------------
[ 2018-04-07T21:22:37+08:00 ] 0.0.0.0 GET /hns/public/index.php/index/index/images/rss.png
[ info ] localhost/hns/public/index.php/index/index/images/rss.png [运行时间：0.044507s][吞吐率：22.47req/s] [内存消耗：1,095.69kb] [文件加载：34]
[ info ] [ LANG ] D:\xampp\htdocs\hns\thinkphp\lang\zh-cn.php
[ info ] [ ROUTE ] array (
  'type' => 'module',
  'module' => 
  array (
    0 => 'index',
    1 => 'index',
    2 => 'images',
  ),
)
[ info ] [ HEADER ] array (
  'host' => 'localhost',
  'connection' => 'keep-alive',
  'user-agent' => 'Mozilla/5.0 (Windows NT 10.0; WOW64) AppleWebKit/537.36 (KHTML, like Gecko) Chrome/65.0.3325.146 Safari/537.36',
  'accept' => 'image/webp,image/apng,image/*,*/*;q=0.8',
  'referer' => 'http://localhost/hns/public/index.php/index/index/index.html',
  'accept-encoding' => 'gzip, deflate, br',
  'accept-language' => 'zh-CN,zh;q=0.9',
  'cookie' => 'pgv_pvi=878369792; Hm_lvt_080836300300be57b7f34f4b3e97d911=1522584204,1522660756,1522740102,1522896617',
)
[ info ] [ PARAM ] array (
)
[ info ] [ LOG ] INIT File
---------------------------------------------------------------
[ 2018-04-07T21:22:37+08:00 ] 0.0.0.0 GET /hns/public/index.php/index/index/images/dribbble.png
[ info ] localhost/hns/public/index.php/index/index/images/dribbble.png [运行时间：0.039086s][吞吐率：25.58req/s] [内存消耗：1,095.70kb] [文件加载：34]
[ info ] [ LANG ] D:\xampp\htdocs\hns\thinkphp\lang\zh-cn.php
[ info ] [ ROUTE ] array (
  'type' => 'module',
  'module' => 
  array (
    0 => 'index',
    1 => 'index',
    2 => 'images',
  ),
)
[ info ] [ HEADER ] array (
  'host' => 'localhost',
  'connection' => 'keep-alive',
  'user-agent' => 'Mozilla/5.0 (Windows NT 10.0; WOW64) AppleWebKit/537.36 (KHTML, like Gecko) Chrome/65.0.3325.146 Safari/537.36',
  'accept' => 'image/webp,image/apng,image/*,*/*;q=0.8',
  'referer' => 'http://localhost/hns/public/index.php/index/index/index.html',
  'accept-encoding' => 'gzip, deflate, br',
  'accept-language' => 'zh-CN,zh;q=0.9',
  'cookie' => 'pgv_pvi=878369792; Hm_lvt_080836300300be57b7f34f4b3e97d911=1522584204,1522660756,1522740102,1522896617',
)
[ info ] [ PARAM ] array (
)
[ info ] [ LOG ] INIT File
---------------------------------------------------------------
[ 2018-04-07T21:22:37+08:00 ] 0.0.0.0 GET /hns/public/index.php/index/index/images/youtube.png
[ info ] localhost/hns/public/index.php/index/index/images/youtube.png [运行时间：0.035722s][吞吐率：27.99req/s] [内存消耗：1,095.69kb] [文件加载：34]
[ info ] [ LANG ] D:\xampp\htdocs\hns\thinkphp\lang\zh-cn.php
[ info ] [ ROUTE ] array (
  'type' => 'module',
  'module' => 
  array (
    0 => 'index',
    1 => 'index',
    2 => 'images',
  ),
)
[ info ] [ HEADER ] array (
  'host' => 'localhost',
  'connection' => 'keep-alive',
  'user-agent' => 'Mozilla/5.0 (Windows NT 10.0; WOW64) AppleWebKit/537.36 (KHTML, like Gecko) Chrome/65.0.3325.146 Safari/537.36',
  'accept' => 'image/webp,image/apng,image/*,*/*;q=0.8',
  'referer' => 'http://localhost/hns/public/index.php/index/index/index.html',
  'accept-encoding' => 'gzip, deflate, br',
  'accept-language' => 'zh-CN,zh;q=0.9',
  'cookie' => 'pgv_pvi=878369792; Hm_lvt_080836300300be57b7f34f4b3e97d911=1522584204,1522660756,1522740102,1522896617',
)
[ info ] [ PARAM ] array (
)
[ info ] [ LOG ] INIT File
---------------------------------------------------------------
[ 2018-04-07T21:22:37+08:00 ] 0.0.0.0 GET /hns/public/index.php/index/index/images/payment.png
[ info ] localhost/hns/public/index.php/index/index/images/payment.png [运行时间：0.027715s][吞吐率：36.08req/s] [内存消耗：1,095.69kb] [文件加载：34]
[ info ] [ LANG ] D:\xampp\htdocs\hns\thinkphp\lang\zh-cn.php
[ info ] [ ROUTE ] array (
  'type' => 'module',
  'module' => 
  array (
    0 => 'index',
    1 => 'index',
    2 => 'images',
  ),
)
[ info ] [ HEADER ] array (
  'host' => 'localhost',
  'connection' => 'keep-alive',
  'user-agent' => 'Mozilla/5.0 (Windows NT 10.0; WOW64) AppleWebKit/537.36 (KHTML, like Gecko) Chrome/65.0.3325.146 Safari/537.36',
  'accept' => 'image/webp,image/apng,image/*,*/*;q=0.8',
  'referer' => 'http://localhost/hns/public/index.php/index/index/index.html',
  'accept-encoding' => 'gzip, deflate, br',
  'accept-language' => 'zh-CN,zh;q=0.9',
  'cookie' => 'pgv_pvi=878369792; Hm_lvt_080836300300be57b7f34f4b3e97d911=1522584204,1522660756,1522740102,1522896617',
)
[ info ] [ PARAM ] array (
)
[ info ] [ LOG ] INIT File
---------------------------------------------------------------
[ 2018-04-07T21:22:37+08:00 ] 0.0.0.0 GET /hns/public/index.php/index/index/images/skype.png
[ info ] localhost/hns/public/index.php/index/index/images/skype.png [运行时间：0.031968s][吞吐率：31.28req/s] [内存消耗：1,095.69kb] [文件加载：34]
[ info ] [ LANG ] D:\xampp\htdocs\hns\thinkphp\lang\zh-cn.php
[ info ] [ ROUTE ] array (
  'type' => 'module',
  'module' => 
  array (
    0 => 'index',
    1 => 'index',
    2 => 'images',
  ),
)
[ info ] [ HEADER ] array (
  'host' => 'localhost',
  'connection' => 'keep-alive',
  'user-agent' => 'Mozilla/5.0 (Windows NT 10.0; WOW64) AppleWebKit/537.36 (KHTML, like Gecko) Chrome/65.0.3325.146 Safari/537.36',
  'accept' => 'image/webp,image/apng,image/*,*/*;q=0.8',
  'referer' => 'http://localhost/hns/public/index.php/index/index/index.html',
  'accept-encoding' => 'gzip, deflate, br',
  'accept-language' => 'zh-CN,zh;q=0.9',
  'cookie' => 'pgv_pvi=878369792; Hm_lvt_080836300300be57b7f34f4b3e97d911=1522584204,1522660756,1522740102,1522896617',
)
[ info ] [ PARAM ] array (
)
[ info ] [ LOG ] INIT File
