---------------------------------------------------------------
[ 2018-04-08T12:25:51+08:00 ] 0.0.0.0 GET /hns/public/index.php/admin
[ info ] localhost/hns/public/index.php/admin [运行时间：0.251294s][吞吐率：3.98req/s] [内存消耗：1,117.48kb] [文件加载：33]
[ info ] [ LANG ] D:\xampp\htdocs\hns\thinkphp\lang\zh-cn.php
[ info ] [ ROUTE ] array (
  'type' => 'module',
  'module' => 
  array (
    0 => 'admin',
    1 => NULL,
    2 => NULL,
  ),
)
[ info ] [ HEADER ] array (
  'host' => 'localhost',
  'connection' => 'keep-alive',
  'upgrade-insecure-requests' => '1',
  'user-agent' => 'Mozilla/5.0 (Windows NT 10.0; WOW64) AppleWebKit/537.36 (KHTML, like Gecko) Chrome/65.0.3325.146 Safari/537.36',
  'accept' => 'text/html,application/xhtml+xml,application/xml;q=0.9,image/webp,image/apng,*/*;q=0.8',
  'accept-encoding' => 'gzip, deflate, br',
  'accept-language' => 'zh-CN,zh;q=0.9',
  'cookie' => 'pgv_pvi=878369792; Hm_lvt_080836300300be57b7f34f4b3e97d911=1522584204,1522660756,1522740102,1522896617',
)
[ info ] [ PARAM ] array (
)
[ info ] [ RUN ] app\admin\controller\Index->index[ D:\xampp\htdocs\hns\application\admin\controller\Index.php ]
[ info ] [ VIEW ] D:\xampp\htdocs\hns\public/../application/admin\view\index\index.html [ array (
) ]
[ info ] [ SESSION ] INIT array (
  'id' => '',
  'var_session_id' => '',
  'prefix' => 'think',
  'type' => '',
  'auto_start' => true,
)
[ info ] [ LOG ] INIT File
---------------------------------------------------------------
[ 2018-04-08T12:25:51+08:00 ] 0.0.0.0 GET /hns/public/index.php/admin
[ info ] localhost/hns/public/index.php/admin [运行时间：0.047429s][吞吐率：21.08req/s] [内存消耗：1,117.49kb] [文件加载：33]
[ info ] [ LANG ] D:\xampp\htdocs\hns\thinkphp\lang\zh-cn.php
[ info ] [ ROUTE ] array (
  'type' => 'module',
  'module' => 
  array (
    0 => 'admin',
    1 => NULL,
    2 => NULL,
  ),
)
[ info ] [ HEADER ] array (
  'host' => 'localhost',
  'connection' => 'keep-alive',
  'upgrade-insecure-requests' => '1',
  'user-agent' => 'Mozilla/5.0 (Windows NT 10.0; WOW64) AppleWebKit/537.36 (KHTML, like Gecko) Chrome/65.0.3325.146 Safari/537.36',
  'accept' => 'text/html,application/xhtml+xml,application/xml;q=0.9,image/webp,image/apng,*/*;q=0.8',
  'accept-encoding' => 'gzip, deflate, br',
  'accept-language' => 'zh-CN,zh;q=0.9',
  'cookie' => 'pgv_pvi=878369792; Hm_lvt_080836300300be57b7f34f4b3e97d911=1522584204,1522660756,1522740102,1522896617',
)
[ info ] [ PARAM ] array (
)
[ info ] [ RUN ] app\admin\controller\Index->index[ D:\xampp\htdocs\hns\application\admin\controller\Index.php ]
[ info ] [ VIEW ] D:\xampp\htdocs\hns\public/../application/admin\view\index\index.html [ array (
) ]
[ info ] [ SESSION ] INIT array (
  'id' => '',
  'var_session_id' => '',
  'prefix' => 'think',
  'type' => '',
  'auto_start' => true,
)
[ info ] [ LOG ] INIT File
---------------------------------------------------------------
[ 2018-04-08T12:25:53+08:00 ] 0.0.0.0 GET /hns/public/index.php/admin/user/index.html
[ info ] localhost/hns/public/index.php/admin/user/index.html [运行时间：0.242482s][吞吐率：4.12req/s] [内存消耗：2,090.55kb] [文件加载：44]
[ info ] [ LANG ] D:\xampp\htdocs\hns\thinkphp\lang\zh-cn.php
[ info ] [ ROUTE ] array (
  'type' => 'module',
  'module' => 
  array (
    0 => 'admin',
    1 => 'user',
    2 => 'index',
  ),
)
[ info ] [ HEADER ] array (
  'host' => 'localhost',
  'connection' => 'keep-alive',
  'upgrade-insecure-requests' => '1',
  'user-agent' => 'Mozilla/5.0 (Windows NT 10.0; WOW64) AppleWebKit/537.36 (KHTML, like Gecko) Chrome/65.0.3325.146 Safari/537.36',
  'accept' => 'text/html,application/xhtml+xml,application/xml;q=0.9,image/webp,image/apng,*/*;q=0.8',
  'referer' => 'http://localhost/hns/public/index.php/admin',
  'accept-encoding' => 'gzip, deflate, br',
  'accept-language' => 'zh-CN,zh;q=0.9',
  'cookie' => 'pgv_pvi=878369792; Hm_lvt_080836300300be57b7f34f4b3e97d911=1522584204,1522660756,1522740102,1522896617; PHPSESSID=5d9gd5n12i5a04i83vbcjrtuc4',
)
[ info ] [ PARAM ] array (
)
[ info ] [ DB ] INIT mysql
[ info ] [ RUN ] app\admin\controller\User->index[ D:\xampp\htdocs\hns\application\admin\controller\User.php ]
[ info ] [ VIEW ] D:\xampp\htdocs\hns\public/../application/admin\view\user\index.html [ array (
  0 => 'users',
) ]
[ info ] [ LOG ] INIT File
[ sql ] [ DB ] CONNECT:[ UseTime:0.034758s ] mysql:host=127.0.0.1;dbname=hns;charset=utf8
[ sql ] [ SQL ] SHOW COLUMNS FROM `hn_user` [ RunTime:0.044886s ]
[ sql ] [ SQL ] SELECT COUNT(*) AS tp_count FROM `hn_user` LIMIT 1 [ RunTime:0.000787s ]
[ sql ] [ SQL ] SELECT * FROM `hn_user` LIMIT 0,10 [ RunTime:0.000775s ]
---------------------------------------------------------------
[ 2018-04-08T12:25:56+08:00 ] 0.0.0.0 GET /hns/public/index.php/admin/admin/index.html
[ info ] localhost/hns/public/index.php/admin/admin/index.html [运行时间：0.131162s][吞吐率：7.62req/s] [内存消耗：2,121.67kb] [文件加载：45]
[ info ] [ LANG ] D:\xampp\htdocs\hns\thinkphp\lang\zh-cn.php
[ info ] [ ROUTE ] array (
  'type' => 'module',
  'module' => 
  array (
    0 => 'admin',
    1 => 'admin',
    2 => 'index',
  ),
)
[ info ] [ HEADER ] array (
  'host' => 'localhost',
  'connection' => 'keep-alive',
  'upgrade-insecure-requests' => '1',
  'user-agent' => 'Mozilla/5.0 (Windows NT 10.0; WOW64) AppleWebKit/537.36 (KHTML, like Gecko) Chrome/65.0.3325.146 Safari/537.36',
  'accept' => 'text/html,application/xhtml+xml,application/xml;q=0.9,image/webp,image/apng,*/*;q=0.8',
  'referer' => 'http://localhost/hns/public/index.php/admin',
  'accept-encoding' => 'gzip, deflate, br',
  'accept-language' => 'zh-CN,zh;q=0.9',
  'cookie' => 'pgv_pvi=878369792; Hm_lvt_080836300300be57b7f34f4b3e97d911=1522584204,1522660756,1522740102,1522896617; PHPSESSID=5d9gd5n12i5a04i83vbcjrtuc4',
)
[ info ] [ PARAM ] array (
)
[ info ] [ DB ] INIT mysql
[ info ] [ RUN ] app\admin\controller\Admin->index[ D:\xampp\htdocs\hns\application\admin\controller\Admin.php ]
[ info ] [ VIEW ] D:\xampp\htdocs\hns\public/../application/admin\view\admin\index.html [ array (
  0 => 'admins',
) ]
[ info ] [ LOG ] INIT File
[ sql ] [ DB ] CONNECT:[ UseTime:0.010790s ] mysql:host=127.0.0.1;dbname=hns;charset=utf8
[ sql ] [ SQL ] SHOW COLUMNS FROM `hn_admin` [ RunTime:0.051940s ]
[ sql ] [ SQL ] SELECT COUNT(*) AS tp_count FROM `hn_admin` LIMIT 1 [ RunTime:0.000593s ]
[ sql ] [ SQL ] SELECT * FROM `hn_admin` LIMIT 0,10 [ RunTime:0.000586s ]
---------------------------------------------------------------
[ 2018-04-08T12:25:57+08:00 ] 0.0.0.0 GET /hns/public/index.php/admin/advice/index.html
[ info ] localhost/hns/public/index.php/admin/advice/index.html [运行时间：0.101028s][吞吐率：9.90req/s] [内存消耗：2,125.16kb] [文件加载：45]
[ info ] [ LANG ] D:\xampp\htdocs\hns\thinkphp\lang\zh-cn.php
[ info ] [ ROUTE ] array (
  'type' => 'module',
  'module' => 
  array (
    0 => 'admin',
    1 => 'advice',
    2 => 'index',
  ),
)
[ info ] [ HEADER ] array (
  'host' => 'localhost',
  'connection' => 'keep-alive',
  'upgrade-insecure-requests' => '1',
  'user-agent' => 'Mozilla/5.0 (Windows NT 10.0; WOW64) AppleWebKit/537.36 (KHTML, like Gecko) Chrome/65.0.3325.146 Safari/537.36',
  'accept' => 'text/html,application/xhtml+xml,application/xml;q=0.9,image/webp,image/apng,*/*;q=0.8',
  'referer' => 'http://localhost/hns/public/index.php/admin',
  'accept-encoding' => 'gzip, deflate, br',
  'accept-language' => 'zh-CN,zh;q=0.9',
  'cookie' => 'pgv_pvi=878369792; Hm_lvt_080836300300be57b7f34f4b3e97d911=1522584204,1522660756,1522740102,1522896617; PHPSESSID=5d9gd5n12i5a04i83vbcjrtuc4',
)
[ info ] [ PARAM ] array (
)
[ info ] [ DB ] INIT mysql
[ info ] [ RUN ] app\admin\controller\Advice->index[ D:\xampp\htdocs\hns\application\admin\controller\Advice.php ]
[ info ] [ VIEW ] D:\xampp\htdocs\hns\public/../application/admin\view\advice\index.html [ array (
  0 => 'advices',
) ]
[ info ] [ LOG ] INIT File
[ sql ] [ DB ] CONNECT:[ UseTime:0.010254s ] mysql:host=127.0.0.1;dbname=hns;charset=utf8
[ sql ] [ SQL ] SHOW COLUMNS FROM `hn_advice` [ RunTime:0.037742s ]
[ sql ] [ SQL ] SELECT COUNT(*) AS tp_count FROM `hn_advice` LIMIT 1 [ RunTime:0.000588s ]
[ sql ] [ SQL ] SELECT * FROM `hn_advice` LIMIT 0,5 [ RunTime:0.000651s ]
---------------------------------------------------------------
[ 2018-04-08T12:25:58+08:00 ] 0.0.0.0 GET /hns/public/index.php/admin/category/index.html
[ info ] localhost/hns/public/index.php/admin/category/index.html [运行时间：0.153390s][吞吐率：6.52req/s] [内存消耗：2,133.72kb] [文件加载：45]
[ info ] [ LANG ] D:\xampp\htdocs\hns\thinkphp\lang\zh-cn.php
[ info ] [ ROUTE ] array (
  'type' => 'module',
  'module' => 
  array (
    0 => 'admin',
    1 => 'category',
    2 => 'index',
  ),
)
[ info ] [ HEADER ] array (
  'host' => 'localhost',
  'connection' => 'keep-alive',
  'upgrade-insecure-requests' => '1',
  'user-agent' => 'Mozilla/5.0 (Windows NT 10.0; WOW64) AppleWebKit/537.36 (KHTML, like Gecko) Chrome/65.0.3325.146 Safari/537.36',
  'accept' => 'text/html,application/xhtml+xml,application/xml;q=0.9,image/webp,image/apng,*/*;q=0.8',
  'referer' => 'http://localhost/hns/public/index.php/admin',
  'accept-encoding' => 'gzip, deflate, br',
  'accept-language' => 'zh-CN,zh;q=0.9',
  'cookie' => 'pgv_pvi=878369792; Hm_lvt_080836300300be57b7f34f4b3e97d911=1522584204,1522660756,1522740102,1522896617; PHPSESSID=5d9gd5n12i5a04i83vbcjrtuc4',
)
[ info ] [ PARAM ] array (
)
[ info ] [ DB ] INIT mysql
[ info ] [ RUN ] app\admin\controller\Category->index[ D:\xampp\htdocs\hns\application\admin\controller\Category.php ]
[ info ] [ VIEW ] D:\xampp\htdocs\hns\public/../application/admin\view\category\index.html [ array (
  0 => 'categorys',
) ]
[ info ] [ LOG ] INIT File
[ sql ] [ DB ] CONNECT:[ UseTime:0.001473s ] mysql:host=127.0.0.1;dbname=hns;charset=utf8
[ sql ] [ SQL ] SHOW COLUMNS FROM `hn_category` [ RunTime:0.042400s ]
[ sql ] [ SQL ] SELECT COUNT(*) AS tp_count FROM `hn_category` LIMIT 1 [ RunTime:0.000501s ]
[ sql ] [ SQL ] SELECT * FROM `hn_category` LIMIT 0,10 [ RunTime:0.000399s ]
---------------------------------------------------------------
[ 2018-04-08T12:26:41+08:00 ] 0.0.0.0 GET /hns/public/index.php/admin
[ info ] localhost/hns/public/index.php/admin [运行时间：0.015856s][吞吐率：63.07req/s] [内存消耗：1,118.05kb] [文件加载：33]
[ info ] [ LANG ] D:\xampp\htdocs\hns\thinkphp\lang\zh-cn.php
[ info ] [ ROUTE ] array (
  'type' => 'module',
  'module' => 
  array (
    0 => 'admin',
    1 => NULL,
    2 => NULL,
  ),
)
[ info ] [ HEADER ] array (
  'host' => 'localhost',
  'connection' => 'keep-alive',
  'cache-control' => 'max-age=0',
  'upgrade-insecure-requests' => '1',
  'user-agent' => 'Mozilla/5.0 (Windows NT 10.0; WOW64) AppleWebKit/537.36 (KHTML, like Gecko) Chrome/65.0.3325.146 Safari/537.36',
  'accept' => 'text/html,application/xhtml+xml,application/xml;q=0.9,image/webp,image/apng,*/*;q=0.8',
  'accept-encoding' => 'gzip, deflate, br',
  'accept-language' => 'zh-CN,zh;q=0.9',
  'cookie' => 'pgv_pvi=878369792; Hm_lvt_080836300300be57b7f34f4b3e97d911=1522584204,1522660756,1522740102,1522896617; PHPSESSID=5d9gd5n12i5a04i83vbcjrtuc4',
)
[ info ] [ PARAM ] array (
)
[ info ] [ RUN ] app\admin\controller\Index->index[ D:\xampp\htdocs\hns\application\admin\controller\Index.php ]
[ info ] [ VIEW ] D:\xampp\htdocs\hns\public/../application/admin\view\index\index.html [ array (
) ]
[ info ] [ SESSION ] INIT array (
  'id' => '',
  'var_session_id' => '',
  'prefix' => 'think',
  'type' => '',
  'auto_start' => true,
)
[ info ] [ LOG ] INIT File
---------------------------------------------------------------
[ 2018-04-08T12:26:43+08:00 ] 0.0.0.0 GET /hns/public/index.php/admin/category/index.html
[ info ] localhost/hns/public/index.php/admin/category/index.html [运行时间：0.139662s][吞吐率：7.16req/s] [内存消耗：2,258.16kb] [文件加载：47]
[ info ] [ LANG ] D:\xampp\htdocs\hns\thinkphp\lang\zh-cn.php
[ info ] [ ROUTE ] array (
  'type' => 'module',
  'module' => 
  array (
    0 => 'admin',
    1 => 'category',
    2 => 'index',
  ),
)
[ info ] [ HEADER ] array (
  'host' => 'localhost',
  'connection' => 'keep-alive',
  'upgrade-insecure-requests' => '1',
  'user-agent' => 'Mozilla/5.0 (Windows NT 10.0; WOW64) AppleWebKit/537.36 (KHTML, like Gecko) Chrome/65.0.3325.146 Safari/537.36',
  'accept' => 'text/html,application/xhtml+xml,application/xml;q=0.9,image/webp,image/apng,*/*;q=0.8',
  'referer' => 'http://localhost/hns/public/index.php/admin',
  'accept-encoding' => 'gzip, deflate, br',
  'accept-language' => 'zh-CN,zh;q=0.9',
  'cookie' => 'pgv_pvi=878369792; Hm_lvt_080836300300be57b7f34f4b3e97d911=1522584204,1522660756,1522740102,1522896617; PHPSESSID=5d9gd5n12i5a04i83vbcjrtuc4',
)
[ info ] [ PARAM ] array (
)
[ info ] [ DB ] INIT mysql
[ info ] [ RUN ] app\admin\controller\Category->index[ D:\xampp\htdocs\hns\application\admin\controller\Category.php ]
[ info ] [ VIEW ] D:\xampp\htdocs\hns\public/../application/admin\view\category\index.html [ array (
  0 => 'categorys',
) ]
[ info ] [ LOG ] INIT File
[ sql ] [ DB ] CONNECT:[ UseTime:0.002892s ] mysql:host=127.0.0.1;dbname=hns;charset=utf8
[ sql ] [ SQL ] SHOW COLUMNS FROM `hn_category` [ RunTime:0.025527s ]
[ sql ] [ SQL ] SELECT COUNT(*) AS tp_count FROM `hn_category` LIMIT 1 [ RunTime:0.000404s ]
[ sql ] [ SQL ] SELECT * FROM `hn_category` LIMIT 0,10 [ RunTime:0.000466s ]
---------------------------------------------------------------
[ 2018-04-08T12:26:49+08:00 ] 0.0.0.0 GET /hns/public/index.php/admin
[ info ] localhost/hns/public/index.php/admin [运行时间：0.023419s][吞吐率：42.70req/s] [内存消耗：1,118.05kb] [文件加载：33]
[ info ] [ LANG ] D:\xampp\htdocs\hns\thinkphp\lang\zh-cn.php
[ info ] [ ROUTE ] array (
  'type' => 'module',
  'module' => 
  array (
    0 => 'admin',
    1 => NULL,
    2 => NULL,
  ),
)
[ info ] [ HEADER ] array (
  'host' => 'localhost',
  'connection' => 'keep-alive',
  'cache-control' => 'max-age=0',
  'upgrade-insecure-requests' => '1',
  'user-agent' => 'Mozilla/5.0 (Windows NT 10.0; WOW64) AppleWebKit/537.36 (KHTML, like Gecko) Chrome/65.0.3325.146 Safari/537.36',
  'accept' => 'text/html,application/xhtml+xml,application/xml;q=0.9,image/webp,image/apng,*/*;q=0.8',
  'accept-encoding' => 'gzip, deflate, br',
  'accept-language' => 'zh-CN,zh;q=0.9',
  'cookie' => 'pgv_pvi=878369792; Hm_lvt_080836300300be57b7f34f4b3e97d911=1522584204,1522660756,1522740102,1522896617; PHPSESSID=5d9gd5n12i5a04i83vbcjrtuc4',
)
[ info ] [ PARAM ] array (
)
[ info ] [ RUN ] app\admin\controller\Index->index[ D:\xampp\htdocs\hns\application\admin\controller\Index.php ]
[ info ] [ VIEW ] D:\xampp\htdocs\hns\public/../application/admin\view\index\index.html [ array (
) ]
[ info ] [ SESSION ] INIT array (
  'id' => '',
  'var_session_id' => '',
  'prefix' => 'think',
  'type' => '',
  'auto_start' => true,
)
[ info ] [ LOG ] INIT File
---------------------------------------------------------------
[ 2018-04-08T12:26:50+08:00 ] 0.0.0.0 GET /hns/public/index.php/admin/advice/index.html
[ info ] localhost/hns/public/index.php/admin/advice/index.html [运行时间：0.038921s][吞吐率：25.69req/s] [内存消耗：2,125.16kb] [文件加载：45]
[ info ] [ LANG ] D:\xampp\htdocs\hns\thinkphp\lang\zh-cn.php
[ info ] [ ROUTE ] array (
  'type' => 'module',
  'module' => 
  array (
    0 => 'admin',
    1 => 'advice',
    2 => 'index',
  ),
)
[ info ] [ HEADER ] array (
  'host' => 'localhost',
  'connection' => 'keep-alive',
  'upgrade-insecure-requests' => '1',
  'user-agent' => 'Mozilla/5.0 (Windows NT 10.0; WOW64) AppleWebKit/537.36 (KHTML, like Gecko) Chrome/65.0.3325.146 Safari/537.36',
  'accept' => 'text/html,application/xhtml+xml,application/xml;q=0.9,image/webp,image/apng,*/*;q=0.8',
  'referer' => 'http://localhost/hns/public/index.php/admin',
  'accept-encoding' => 'gzip, deflate, br',
  'accept-language' => 'zh-CN,zh;q=0.9',
  'cookie' => 'pgv_pvi=878369792; Hm_lvt_080836300300be57b7f34f4b3e97d911=1522584204,1522660756,1522740102,1522896617; PHPSESSID=5d9gd5n12i5a04i83vbcjrtuc4',
)
[ info ] [ PARAM ] array (
)
[ info ] [ DB ] INIT mysql
[ info ] [ RUN ] app\admin\controller\Advice->index[ D:\xampp\htdocs\hns\application\admin\controller\Advice.php ]
[ info ] [ VIEW ] D:\xampp\htdocs\hns\public/../application/admin\view\advice\index.html [ array (
  0 => 'advices',
) ]
[ info ] [ LOG ] INIT File
[ sql ] [ DB ] CONNECT:[ UseTime:0.001189s ] mysql:host=127.0.0.1;dbname=hns;charset=utf8
[ sql ] [ SQL ] SHOW COLUMNS FROM `hn_advice` [ RunTime:0.005011s ]
[ sql ] [ SQL ] SELECT COUNT(*) AS tp_count FROM `hn_advice` LIMIT 1 [ RunTime:0.000428s ]
[ sql ] [ SQL ] SELECT * FROM `hn_advice` LIMIT 0,5 [ RunTime:0.000431s ]
---------------------------------------------------------------
[ 2018-04-08T12:26:51+08:00 ] 0.0.0.0 GET /hns/public/index.php/admin/category/index.html
[ info ] localhost/hns/public/index.php/admin/category/index.html [运行时间：0.048948s][吞吐率：20.43req/s] [内存消耗：2,258.16kb] [文件加载：47]
[ info ] [ LANG ] D:\xampp\htdocs\hns\thinkphp\lang\zh-cn.php
[ info ] [ ROUTE ] array (
  'type' => 'module',
  'module' => 
  array (
    0 => 'admin',
    1 => 'category',
    2 => 'index',
  ),
)
[ info ] [ HEADER ] array (
  'host' => 'localhost',
  'connection' => 'keep-alive',
  'upgrade-insecure-requests' => '1',
  'user-agent' => 'Mozilla/5.0 (Windows NT 10.0; WOW64) AppleWebKit/537.36 (KHTML, like Gecko) Chrome/65.0.3325.146 Safari/537.36',
  'accept' => 'text/html,application/xhtml+xml,application/xml;q=0.9,image/webp,image/apng,*/*;q=0.8',
  'referer' => 'http://localhost/hns/public/index.php/admin',
  'accept-encoding' => 'gzip, deflate, br',
  'accept-language' => 'zh-CN,zh;q=0.9',
  'cookie' => 'pgv_pvi=878369792; Hm_lvt_080836300300be57b7f34f4b3e97d911=1522584204,1522660756,1522740102,1522896617; PHPSESSID=5d9gd5n12i5a04i83vbcjrtuc4',
)
[ info ] [ PARAM ] array (
)
[ info ] [ DB ] INIT mysql
[ info ] [ RUN ] app\admin\controller\Category->index[ D:\xampp\htdocs\hns\application\admin\controller\Category.php ]
[ info ] [ VIEW ] D:\xampp\htdocs\hns\public/../application/admin\view\category\index.html [ array (
  0 => 'categorys',
) ]
[ info ] [ LOG ] INIT File
[ sql ] [ DB ] CONNECT:[ UseTime:0.002490s ] mysql:host=127.0.0.1;dbname=hns;charset=utf8
[ sql ] [ SQL ] SHOW COLUMNS FROM `hn_category` [ RunTime:0.005697s ]
[ sql ] [ SQL ] SELECT COUNT(*) AS tp_count FROM `hn_category` LIMIT 1 [ RunTime:0.000532s ]
[ sql ] [ SQL ] SELECT * FROM `hn_category` LIMIT 0,10 [ RunTime:0.000482s ]
---------------------------------------------------------------
[ 2018-04-08T12:30:04+08:00 ] 0.0.0.0 GET /hns/public/index.php/admin
[ info ] localhost/hns/public/index.php/admin [运行时间：0.017709s][吞吐率：56.47req/s] [内存消耗：1,118.05kb] [文件加载：33]
[ info ] [ LANG ] D:\xampp\htdocs\hns\thinkphp\lang\zh-cn.php
[ info ] [ ROUTE ] array (
  'type' => 'module',
  'module' => 
  array (
    0 => 'admin',
    1 => NULL,
    2 => NULL,
  ),
)
[ info ] [ HEADER ] array (
  'host' => 'localhost',
  'connection' => 'keep-alive',
  'cache-control' => 'max-age=0',
  'upgrade-insecure-requests' => '1',
  'user-agent' => 'Mozilla/5.0 (Windows NT 10.0; WOW64) AppleWebKit/537.36 (KHTML, like Gecko) Chrome/65.0.3325.146 Safari/537.36',
  'accept' => 'text/html,application/xhtml+xml,application/xml;q=0.9,image/webp,image/apng,*/*;q=0.8',
  'accept-encoding' => 'gzip, deflate, br',
  'accept-language' => 'zh-CN,zh;q=0.9',
  'cookie' => 'pgv_pvi=878369792; Hm_lvt_080836300300be57b7f34f4b3e97d911=1522584204,1522660756,1522740102,1522896617; PHPSESSID=5d9gd5n12i5a04i83vbcjrtuc4',
)
[ info ] [ PARAM ] array (
)
[ info ] [ RUN ] app\admin\controller\Index->index[ D:\xampp\htdocs\hns\application\admin\controller\Index.php ]
[ info ] [ VIEW ] D:\xampp\htdocs\hns\public/../application/admin\view\index\index.html [ array (
) ]
[ info ] [ SESSION ] INIT array (
  'id' => '',
  'var_session_id' => '',
  'prefix' => 'think',
  'type' => '',
  'auto_start' => true,
)
[ info ] [ LOG ] INIT File
---------------------------------------------------------------
[ 2018-04-08T12:30:07+08:00 ] 0.0.0.0 GET /hns/public/index.php/admin/category/index.html
[ info ] localhost/hns/public/index.php/admin/category/index.html [运行时间：0.057173s][吞吐率：17.49req/s] [内存消耗：2,258.17kb] [文件加载：47]
[ info ] [ LANG ] D:\xampp\htdocs\hns\thinkphp\lang\zh-cn.php
[ info ] [ ROUTE ] array (
  'type' => 'module',
  'module' => 
  array (
    0 => 'admin',
    1 => 'category',
    2 => 'index',
  ),
)
[ info ] [ HEADER ] array (
  'host' => 'localhost',
  'connection' => 'keep-alive',
  'upgrade-insecure-requests' => '1',
  'user-agent' => 'Mozilla/5.0 (Windows NT 10.0; WOW64) AppleWebKit/537.36 (KHTML, like Gecko) Chrome/65.0.3325.146 Safari/537.36',
  'accept' => 'text/html,application/xhtml+xml,application/xml;q=0.9,image/webp,image/apng,*/*;q=0.8',
  'referer' => 'http://localhost/hns/public/index.php/admin',
  'accept-encoding' => 'gzip, deflate, br',
  'accept-language' => 'zh-CN,zh;q=0.9',
  'cookie' => 'pgv_pvi=878369792; Hm_lvt_080836300300be57b7f34f4b3e97d911=1522584204,1522660756,1522740102,1522896617; PHPSESSID=5d9gd5n12i5a04i83vbcjrtuc4',
)
[ info ] [ PARAM ] array (
)
[ info ] [ DB ] INIT mysql
[ info ] [ RUN ] app\admin\controller\Category->index[ D:\xampp\htdocs\hns\application\admin\controller\Category.php ]
[ info ] [ VIEW ] D:\xampp\htdocs\hns\public/../application/admin\view\category\index.html [ array (
  0 => 'categorys',
) ]
[ info ] [ LOG ] INIT File
[ sql ] [ DB ] CONNECT:[ UseTime:0.011390s ] mysql:host=127.0.0.1;dbname=hns;charset=utf8
[ sql ] [ SQL ] SHOW COLUMNS FROM `hn_category` [ RunTime:0.005742s ]
[ sql ] [ SQL ] SELECT COUNT(*) AS tp_count FROM `hn_category` LIMIT 1 [ RunTime:0.000479s ]
[ sql ] [ SQL ] SELECT * FROM `hn_category` LIMIT 0,10 [ RunTime:0.000536s ]
---------------------------------------------------------------
[ 2018-04-08T12:30:45+08:00 ] 0.0.0.0 GET /hns/public/index.php/admin/category/index.html
[ info ] localhost/hns/public/index.php/admin/category/index.html [运行时间：0.039648s][吞吐率：25.22req/s] [内存消耗：2,133.72kb] [文件加载：45]
[ info ] [ LANG ] D:\xampp\htdocs\hns\thinkphp\lang\zh-cn.php
[ info ] [ ROUTE ] array (
  'type' => 'module',
  'module' => 
  array (
    0 => 'admin',
    1 => 'category',
    2 => 'index',
  ),
)
[ info ] [ HEADER ] array (
  'host' => 'localhost',
  'connection' => 'keep-alive',
  'upgrade-insecure-requests' => '1',
  'user-agent' => 'Mozilla/5.0 (Windows NT 10.0; WOW64) AppleWebKit/537.36 (KHTML, like Gecko) Chrome/65.0.3325.146 Safari/537.36',
  'accept' => 'text/html,application/xhtml+xml,application/xml;q=0.9,image/webp,image/apng,*/*;q=0.8',
  'referer' => 'http://localhost/hns/public/index.php/admin',
  'accept-encoding' => 'gzip, deflate, br',
  'accept-language' => 'zh-CN,zh;q=0.9',
  'cookie' => 'pgv_pvi=878369792; Hm_lvt_080836300300be57b7f34f4b3e97d911=1522584204,1522660756,1522740102,1522896617; PHPSESSID=5d9gd5n12i5a04i83vbcjrtuc4',
)
[ info ] [ PARAM ] array (
)
[ info ] [ DB ] INIT mysql
[ info ] [ RUN ] app\admin\controller\Category->index[ D:\xampp\htdocs\hns\application\admin\controller\Category.php ]
[ info ] [ VIEW ] D:\xampp\htdocs\hns\public/../application/admin\view\category\index.html [ array (
  0 => 'categorys',
) ]
[ info ] [ LOG ] INIT File
[ sql ] [ DB ] CONNECT:[ UseTime:0.001528s ] mysql:host=127.0.0.1;dbname=hns;charset=utf8
[ sql ] [ SQL ] SHOW COLUMNS FROM `hn_category` [ RunTime:0.004240s ]
[ sql ] [ SQL ] SELECT COUNT(*) AS tp_count FROM `hn_category` LIMIT 1 [ RunTime:0.000487s ]
[ sql ] [ SQL ] SELECT * FROM `hn_category` LIMIT 0,10 [ RunTime:0.000472s ]
---------------------------------------------------------------
[ 2018-04-08T12:30:46+08:00 ] 0.0.0.0 GET /hns/public/index.php/admin/book/index.html
[ info ] localhost/hns/public/index.php/admin/book/index.html [运行时间：0.130986s][吞吐率：7.63req/s] [内存消耗：2,088.02kb] [文件加载：44]
[ info ] [ LANG ] D:\xampp\htdocs\hns\thinkphp\lang\zh-cn.php
[ info ] [ ROUTE ] array (
  'type' => 'module',
  'module' => 
  array (
    0 => 'admin',
    1 => 'book',
    2 => 'index',
  ),
)
[ info ] [ HEADER ] array (
  'host' => 'localhost',
  'connection' => 'keep-alive',
  'upgrade-insecure-requests' => '1',
  'user-agent' => 'Mozilla/5.0 (Windows NT 10.0; WOW64) AppleWebKit/537.36 (KHTML, like Gecko) Chrome/65.0.3325.146 Safari/537.36',
  'accept' => 'text/html,application/xhtml+xml,application/xml;q=0.9,image/webp,image/apng,*/*;q=0.8',
  'referer' => 'http://localhost/hns/public/index.php/admin',
  'accept-encoding' => 'gzip, deflate, br',
  'accept-language' => 'zh-CN,zh;q=0.9',
  'cookie' => 'pgv_pvi=878369792; Hm_lvt_080836300300be57b7f34f4b3e97d911=1522584204,1522660756,1522740102,1522896617; PHPSESSID=5d9gd5n12i5a04i83vbcjrtuc4',
)
[ info ] [ PARAM ] array (
)
[ info ] [ DB ] INIT mysql
[ info ] [ RUN ] app\admin\controller\Book->index[ D:\xampp\htdocs\hns\application\admin\controller\Book.php ]
[ info ] [ VIEW ] D:\xampp\htdocs\hns\public/../application/admin\view\book\index.html [ array (
  0 => 'books',
) ]
[ info ] [ LOG ] INIT File
[ sql ] [ DB ] CONNECT:[ UseTime:0.010000s ] mysql:host=127.0.0.1;dbname=hns;charset=utf8
[ sql ] [ SQL ] SHOW COLUMNS FROM `hn_book` [ RunTime:0.040119s ]
[ sql ] [ SQL ] SELECT COUNT(*) AS tp_count FROM `hn_book` LIMIT 1 [ RunTime:0.000553s ]
[ sql ] [ SQL ] SELECT * FROM `hn_book` LIMIT 0,5 [ RunTime:0.000558s ]
---------------------------------------------------------------
[ 2018-04-08T12:39:40+08:00 ] 0.0.0.0 GET /hns/public/index.php/admin
[ info ] localhost/hns/public/index.php/admin [运行时间：0.023366s][吞吐率：42.80req/s] [内存消耗：1,118.05kb] [文件加载：33]
[ info ] [ LANG ] D:\xampp\htdocs\hns\thinkphp\lang\zh-cn.php
[ info ] [ ROUTE ] array (
  'type' => 'module',
  'module' => 
  array (
    0 => 'admin',
    1 => NULL,
    2 => NULL,
  ),
)
[ info ] [ HEADER ] array (
  'host' => 'localhost',
  'connection' => 'keep-alive',
  'cache-control' => 'max-age=0',
  'upgrade-insecure-requests' => '1',
  'user-agent' => 'Mozilla/5.0 (Windows NT 10.0; WOW64) AppleWebKit/537.36 (KHTML, like Gecko) Chrome/65.0.3325.146 Safari/537.36',
  'accept' => 'text/html,application/xhtml+xml,application/xml;q=0.9,image/webp,image/apng,*/*;q=0.8',
  'accept-encoding' => 'gzip, deflate, br',
  'accept-language' => 'zh-CN,zh;q=0.9',
  'cookie' => 'pgv_pvi=878369792; Hm_lvt_080836300300be57b7f34f4b3e97d911=1522584204,1522660756,1522740102,1522896617; PHPSESSID=5d9gd5n12i5a04i83vbcjrtuc4',
)
[ info ] [ PARAM ] array (
)
[ info ] [ RUN ] app\admin\controller\Index->index[ D:\xampp\htdocs\hns\application\admin\controller\Index.php ]
[ info ] [ VIEW ] D:\xampp\htdocs\hns\public/../application/admin\view\index\index.html [ array (
) ]
[ info ] [ SESSION ] INIT array (
  'id' => '',
  'var_session_id' => '',
  'prefix' => 'think',
  'type' => '',
  'auto_start' => true,
)
[ info ] [ LOG ] INIT File
---------------------------------------------------------------
[ 2018-04-08T12:39:42+08:00 ] 0.0.0.0 GET /hns/public/index.php/admin/book/index.html
[ info ] localhost/hns/public/index.php/admin/book/index.html [运行时间：0.159965s][吞吐率：6.25req/s] [内存消耗：2,252.45kb] [文件加载：48]
[ info ] [ LANG ] D:\xampp\htdocs\hns\thinkphp\lang\zh-cn.php
[ info ] [ ROUTE ] array (
  'type' => 'module',
  'module' => 
  array (
    0 => 'admin',
    1 => 'book',
    2 => 'index',
  ),
)
[ info ] [ HEADER ] array (
  'host' => 'localhost',
  'connection' => 'keep-alive',
  'upgrade-insecure-requests' => '1',
  'user-agent' => 'Mozilla/5.0 (Windows NT 10.0; WOW64) AppleWebKit/537.36 (KHTML, like Gecko) Chrome/65.0.3325.146 Safari/537.36',
  'accept' => 'text/html,application/xhtml+xml,application/xml;q=0.9,image/webp,image/apng,*/*;q=0.8',
  'referer' => 'http://localhost/hns/public/index.php/admin',
  'accept-encoding' => 'gzip, deflate, br',
  'accept-language' => 'zh-CN,zh;q=0.9',
  'cookie' => 'pgv_pvi=878369792; Hm_lvt_080836300300be57b7f34f4b3e97d911=1522584204,1522660756,1522740102,1522896617; PHPSESSID=5d9gd5n12i5a04i83vbcjrtuc4',
)
[ info ] [ PARAM ] array (
)
[ info ] [ DB ] INIT mysql
[ info ] [ RUN ] app\admin\controller\Book->index[ D:\xampp\htdocs\hns\application\admin\controller\Book.php ]
[ info ] [ VIEW ] D:\xampp\htdocs\hns\public/../application/admin\view\book\index.html [ array (
  0 => 'books',
) ]
[ info ] [ LOG ] INIT File
[ sql ] [ DB ] CONNECT:[ UseTime:0.011550s ] mysql:host=127.0.0.1;dbname=hns;charset=utf8
[ sql ] [ SQL ] SHOW COLUMNS FROM `hn_book` [ RunTime:0.004776s ]
[ sql ] [ SQL ] SELECT COUNT(*) AS tp_count FROM `hn_book` LIMIT 1 [ RunTime:0.000433s ]
[ sql ] [ SQL ] SELECT * FROM `hn_book` LIMIT 0,5 [ RunTime:0.000383s ]
[ error ] [0]类的属性不存在:app\common\model\book->id[D:\xampp\htdocs\hns\thinkphp\library\think\Model.php:600]
---------------------------------------------------------------
[ 2018-04-08T12:40:54+08:00 ] 0.0.0.0 GET /hns/public/index.php/admin
[ info ] localhost/hns/public/index.php/admin [运行时间：0.027262s][吞吐率：36.68req/s] [内存消耗：1,118.05kb] [文件加载：33]
[ info ] [ LANG ] D:\xampp\htdocs\hns\thinkphp\lang\zh-cn.php
[ info ] [ ROUTE ] array (
  'type' => 'module',
  'module' => 
  array (
    0 => 'admin',
    1 => NULL,
    2 => NULL,
  ),
)
[ info ] [ HEADER ] array (
  'host' => 'localhost',
  'connection' => 'keep-alive',
  'cache-control' => 'max-age=0',
  'upgrade-insecure-requests' => '1',
  'user-agent' => 'Mozilla/5.0 (Windows NT 10.0; WOW64) AppleWebKit/537.36 (KHTML, like Gecko) Chrome/65.0.3325.146 Safari/537.36',
  'accept' => 'text/html,application/xhtml+xml,application/xml;q=0.9,image/webp,image/apng,*/*;q=0.8',
  'accept-encoding' => 'gzip, deflate, br',
  'accept-language' => 'zh-CN,zh;q=0.9',
  'cookie' => 'pgv_pvi=878369792; Hm_lvt_080836300300be57b7f34f4b3e97d911=1522584204,1522660756,1522740102,1522896617; PHPSESSID=5d9gd5n12i5a04i83vbcjrtuc4',
)
[ info ] [ PARAM ] array (
)
[ info ] [ RUN ] app\admin\controller\Index->index[ D:\xampp\htdocs\hns\application\admin\controller\Index.php ]
[ info ] [ VIEW ] D:\xampp\htdocs\hns\public/../application/admin\view\index\index.html [ array (
) ]
[ info ] [ SESSION ] INIT array (
  'id' => '',
  'var_session_id' => '',
  'prefix' => 'think',
  'type' => '',
  'auto_start' => true,
)
[ info ] [ LOG ] INIT File
---------------------------------------------------------------
[ 2018-04-08T12:40:55+08:00 ] 0.0.0.0 GET /hns/public/index.php/admin/category/index.html
[ info ] localhost/hns/public/index.php/admin/category/index.html [运行时间：0.050528s][吞吐率：19.79req/s] [内存消耗：2,133.72kb] [文件加载：45]
[ info ] [ LANG ] D:\xampp\htdocs\hns\thinkphp\lang\zh-cn.php
[ info ] [ ROUTE ] array (
  'type' => 'module',
  'module' => 
  array (
    0 => 'admin',
    1 => 'category',
    2 => 'index',
  ),
)
[ info ] [ HEADER ] array (
  'host' => 'localhost',
  'connection' => 'keep-alive',
  'upgrade-insecure-requests' => '1',
  'user-agent' => 'Mozilla/5.0 (Windows NT 10.0; WOW64) AppleWebKit/537.36 (KHTML, like Gecko) Chrome/65.0.3325.146 Safari/537.36',
  'accept' => 'text/html,application/xhtml+xml,application/xml;q=0.9,image/webp,image/apng,*/*;q=0.8',
  'referer' => 'http://localhost/hns/public/index.php/admin',
  'accept-encoding' => 'gzip, deflate, br',
  'accept-language' => 'zh-CN,zh;q=0.9',
  'cookie' => 'pgv_pvi=878369792; Hm_lvt_080836300300be57b7f34f4b3e97d911=1522584204,1522660756,1522740102,1522896617; PHPSESSID=5d9gd5n12i5a04i83vbcjrtuc4',
)
[ info ] [ PARAM ] array (
)
[ info ] [ DB ] INIT mysql
[ info ] [ RUN ] app\admin\controller\Category->index[ D:\xampp\htdocs\hns\application\admin\controller\Category.php ]
[ info ] [ VIEW ] D:\xampp\htdocs\hns\public/../application/admin\view\category\index.html [ array (
  0 => 'categorys',
) ]
[ info ] [ LOG ] INIT File
[ sql ] [ DB ] CONNECT:[ UseTime:0.011566s ] mysql:host=127.0.0.1;dbname=hns;charset=utf8
[ sql ] [ SQL ] SHOW COLUMNS FROM `hn_category` [ RunTime:0.005641s ]
[ sql ] [ SQL ] SELECT COUNT(*) AS tp_count FROM `hn_category` LIMIT 1 [ RunTime:0.000553s ]
[ sql ] [ SQL ] SELECT * FROM `hn_category` LIMIT 0,10 [ RunTime:0.000548s ]
---------------------------------------------------------------
[ 2018-04-08T12:40:57+08:00 ] 0.0.0.0 GET /hns/public/index.php/admin/book/index.html
[ info ] localhost/hns/public/index.php/admin/book/index.html [运行时间：0.038625s][吞吐率：25.89req/s] [内存消耗：2,223.30kb] [文件加载：46]
[ info ] [ LANG ] D:\xampp\htdocs\hns\thinkphp\lang\zh-cn.php
[ info ] [ ROUTE ] array (
  'type' => 'module',
  'module' => 
  array (
    0 => 'admin',
    1 => 'book',
    2 => 'index',
  ),
)
[ info ] [ HEADER ] array (
  'host' => 'localhost',
  'connection' => 'keep-alive',
  'upgrade-insecure-requests' => '1',
  'user-agent' => 'Mozilla/5.0 (Windows NT 10.0; WOW64) AppleWebKit/537.36 (KHTML, like Gecko) Chrome/65.0.3325.146 Safari/537.36',
  'accept' => 'text/html,application/xhtml+xml,application/xml;q=0.9,image/webp,image/apng,*/*;q=0.8',
  'referer' => 'http://localhost/hns/public/index.php/admin',
  'accept-encoding' => 'gzip, deflate, br',
  'accept-language' => 'zh-CN,zh;q=0.9',
  'cookie' => 'pgv_pvi=878369792; Hm_lvt_080836300300be57b7f34f4b3e97d911=1522584204,1522660756,1522740102,1522896617; PHPSESSID=5d9gd5n12i5a04i83vbcjrtuc4',
)
[ info ] [ PARAM ] array (
)
[ info ] [ DB ] INIT mysql
[ info ] [ RUN ] app\admin\controller\Book->index[ D:\xampp\htdocs\hns\application\admin\controller\Book.php ]
[ info ] [ VIEW ] D:\xampp\htdocs\hns\public/../application/admin\view\book\index.html [ array (
  0 => 'books',
) ]
[ info ] [ LOG ] INIT File
[ sql ] [ DB ] CONNECT:[ UseTime:0.001658s ] mysql:host=127.0.0.1;dbname=hns;charset=utf8
[ sql ] [ SQL ] SHOW COLUMNS FROM `hn_book` [ RunTime:0.006248s ]
[ sql ] [ SQL ] SELECT COUNT(*) AS tp_count FROM `hn_book` LIMIT 1 [ RunTime:0.000428s ]
[ sql ] [ SQL ] SELECT * FROM `hn_book` LIMIT 0,5 [ RunTime:0.000419s ]
---------------------------------------------------------------
[ 2018-04-08T12:41:09+08:00 ] 0.0.0.0 GET /hns/public/index.php/admin
[ info ] localhost/hns/public/index.php/admin [运行时间：0.017532s][吞吐率：57.04req/s] [内存消耗：1,117.50kb] [文件加载：33]
[ info ] [ LANG ] D:\xampp\htdocs\hns\thinkphp\lang\zh-cn.php
[ info ] [ ROUTE ] array (
  'type' => 'module',
  'module' => 
  array (
    0 => 'admin',
    1 => NULL,
    2 => NULL,
  ),
)
[ info ] [ HEADER ] array (
  'host' => 'localhost',
  'connection' => 'keep-alive',
  'upgrade-insecure-requests' => '1',
  'user-agent' => 'Mozilla/5.0 (Windows NT 10.0; WOW64) AppleWebKit/537.36 (KHTML, like Gecko) Chrome/65.0.3325.146 Safari/537.36',
  'accept' => 'text/html,application/xhtml+xml,application/xml;q=0.9,image/webp,image/apng,*/*;q=0.8',
  'accept-encoding' => 'gzip, deflate, br',
  'accept-language' => 'zh-CN,zh;q=0.9',
  'cookie' => 'pgv_pvi=878369792; Hm_lvt_080836300300be57b7f34f4b3e97d911=1522584204,1522660756,1522740102,1522896617; PHPSESSID=5d9gd5n12i5a04i83vbcjrtuc4',
)
[ info ] [ PARAM ] array (
)
[ info ] [ RUN ] app\admin\controller\Index->index[ D:\xampp\htdocs\hns\application\admin\controller\Index.php ]
[ info ] [ VIEW ] D:\xampp\htdocs\hns\public/../application/admin\view\index\index.html [ array (
) ]
[ info ] [ SESSION ] INIT array (
  'id' => '',
  'var_session_id' => '',
  'prefix' => 'think',
  'type' => '',
  'auto_start' => true,
)
[ info ] [ LOG ] INIT File
---------------------------------------------------------------
[ 2018-04-08T12:41:09+08:00 ] 0.0.0.0 GET /hns/public/index.php/admin
[ info ] localhost/hns/public/index.php/admin [运行时间：0.020008s][吞吐率：49.98req/s] [内存消耗：1,117.50kb] [文件加载：33]
[ info ] [ LANG ] D:\xampp\htdocs\hns\thinkphp\lang\zh-cn.php
[ info ] [ ROUTE ] array (
  'type' => 'module',
  'module' => 
  array (
    0 => 'admin',
    1 => NULL,
    2 => NULL,
  ),
)
[ info ] [ HEADER ] array (
  'host' => 'localhost',
  'connection' => 'keep-alive',
  'upgrade-insecure-requests' => '1',
  'user-agent' => 'Mozilla/5.0 (Windows NT 10.0; WOW64) AppleWebKit/537.36 (KHTML, like Gecko) Chrome/65.0.3325.146 Safari/537.36',
  'accept' => 'text/html,application/xhtml+xml,application/xml;q=0.9,image/webp,image/apng,*/*;q=0.8',
  'accept-encoding' => 'gzip, deflate, br',
  'accept-language' => 'zh-CN,zh;q=0.9',
  'cookie' => 'pgv_pvi=878369792; Hm_lvt_080836300300be57b7f34f4b3e97d911=1522584204,1522660756,1522740102,1522896617; PHPSESSID=5d9gd5n12i5a04i83vbcjrtuc4',
)
[ info ] [ PARAM ] array (
)
[ info ] [ RUN ] app\admin\controller\Index->index[ D:\xampp\htdocs\hns\application\admin\controller\Index.php ]
[ info ] [ VIEW ] D:\xampp\htdocs\hns\public/../application/admin\view\index\index.html [ array (
) ]
[ info ] [ SESSION ] INIT array (
  'id' => '',
  'var_session_id' => '',
  'prefix' => 'think',
  'type' => '',
  'auto_start' => true,
)
[ info ] [ LOG ] INIT File
---------------------------------------------------------------
[ 2018-04-08T12:41:12+08:00 ] 0.0.0.0 GET /hns/public/index.php/admin/book/index.html
[ info ] localhost/hns/public/index.php/admin/book/index.html [运行时间：0.052811s][吞吐率：18.94req/s] [内存消耗：2,089.46kb] [文件加载：44]
[ info ] [ LANG ] D:\xampp\htdocs\hns\thinkphp\lang\zh-cn.php
[ info ] [ ROUTE ] array (
  'type' => 'module',
  'module' => 
  array (
    0 => 'admin',
    1 => 'book',
    2 => 'index',
  ),
)
[ info ] [ HEADER ] array (
  'host' => 'localhost',
  'connection' => 'keep-alive',
  'upgrade-insecure-requests' => '1',
  'user-agent' => 'Mozilla/5.0 (Windows NT 10.0; WOW64) AppleWebKit/537.36 (KHTML, like Gecko) Chrome/65.0.3325.146 Safari/537.36',
  'accept' => 'text/html,application/xhtml+xml,application/xml;q=0.9,image/webp,image/apng,*/*;q=0.8',
  'referer' => 'http://localhost/hns/public/index.php/admin',
  'accept-encoding' => 'gzip, deflate, br',
  'accept-language' => 'zh-CN,zh;q=0.9',
  'cookie' => 'pgv_pvi=878369792; Hm_lvt_080836300300be57b7f34f4b3e97d911=1522584204,1522660756,1522740102,1522896617; PHPSESSID=5d9gd5n12i5a04i83vbcjrtuc4',
)
[ info ] [ PARAM ] array (
)
[ info ] [ DB ] INIT mysql
[ info ] [ RUN ] app\admin\controller\Book->index[ D:\xampp\htdocs\hns\application\admin\controller\Book.php ]
[ info ] [ VIEW ] D:\xampp\htdocs\hns\public/../application/admin\view\book\index.html [ array (
  0 => 'books',
) ]
[ info ] [ LOG ] INIT File
[ sql ] [ DB ] CONNECT:[ UseTime:0.011083s ] mysql:host=127.0.0.1;dbname=hns;charset=utf8
[ sql ] [ SQL ] SHOW COLUMNS FROM `hn_book` [ RunTime:0.005914s ]
[ sql ] [ SQL ] SELECT COUNT(*) AS tp_count FROM `hn_book` LIMIT 1 [ RunTime:0.000673s ]
[ sql ] [ SQL ] SELECT * FROM `hn_book` LIMIT 0,5 [ RunTime:0.000521s ]
---------------------------------------------------------------
[ 2018-04-08T12:44:21+08:00 ] 0.0.0.0 GET /hns/public/index.php/admin
[ info ] localhost/hns/public/index.php/admin [运行时间：0.029513s][吞吐率：33.88req/s] [内存消耗：1,118.05kb] [文件加载：33]
[ info ] [ LANG ] D:\xampp\htdocs\hns\thinkphp\lang\zh-cn.php
[ info ] [ ROUTE ] array (
  'type' => 'module',
  'module' => 
  array (
    0 => 'admin',
    1 => NULL,
    2 => NULL,
  ),
)
[ info ] [ HEADER ] array (
  'host' => 'localhost',
  'connection' => 'keep-alive',
  'cache-control' => 'max-age=0',
  'upgrade-insecure-requests' => '1',
  'user-agent' => 'Mozilla/5.0 (Windows NT 10.0; WOW64) AppleWebKit/537.36 (KHTML, like Gecko) Chrome/65.0.3325.146 Safari/537.36',
  'accept' => 'text/html,application/xhtml+xml,application/xml;q=0.9,image/webp,image/apng,*/*;q=0.8',
  'accept-encoding' => 'gzip, deflate, br',
  'accept-language' => 'zh-CN,zh;q=0.9',
  'cookie' => 'pgv_pvi=878369792; Hm_lvt_080836300300be57b7f34f4b3e97d911=1522584204,1522660756,1522740102,1522896617; PHPSESSID=5d9gd5n12i5a04i83vbcjrtuc4',
)
[ info ] [ PARAM ] array (
)
[ info ] [ RUN ] app\admin\controller\Index->index[ D:\xampp\htdocs\hns\application\admin\controller\Index.php ]
[ info ] [ VIEW ] D:\xampp\htdocs\hns\public/../application/admin\view\index\index.html [ array (
) ]
[ info ] [ SESSION ] INIT array (
  'id' => '',
  'var_session_id' => '',
  'prefix' => 'think',
  'type' => '',
  'auto_start' => true,
)
[ info ] [ LOG ] INIT File
---------------------------------------------------------------
[ 2018-04-08T12:44:22+08:00 ] 0.0.0.0 GET /hns/public/index.php/admin/book/index.html
[ info ] localhost/hns/public/index.php/admin/book/index.html [运行时间：0.045154s][吞吐率：22.15req/s] [内存消耗：2,223.66kb] [文件加载：46]
[ info ] [ LANG ] D:\xampp\htdocs\hns\thinkphp\lang\zh-cn.php
[ info ] [ ROUTE ] array (
  'type' => 'module',
  'module' => 
  array (
    0 => 'admin',
    1 => 'book',
    2 => 'index',
  ),
)
[ info ] [ HEADER ] array (
  'host' => 'localhost',
  'connection' => 'keep-alive',
  'upgrade-insecure-requests' => '1',
  'user-agent' => 'Mozilla/5.0 (Windows NT 10.0; WOW64) AppleWebKit/537.36 (KHTML, like Gecko) Chrome/65.0.3325.146 Safari/537.36',
  'accept' => 'text/html,application/xhtml+xml,application/xml;q=0.9,image/webp,image/apng,*/*;q=0.8',
  'referer' => 'http://localhost/hns/public/index.php/admin',
  'accept-encoding' => 'gzip, deflate, br',
  'accept-language' => 'zh-CN,zh;q=0.9',
  'cookie' => 'pgv_pvi=878369792; Hm_lvt_080836300300be57b7f34f4b3e97d911=1522584204,1522660756,1522740102,1522896617; PHPSESSID=5d9gd5n12i5a04i83vbcjrtuc4',
)
[ info ] [ PARAM ] array (
)
[ info ] [ DB ] INIT mysql
[ info ] [ RUN ] app\admin\controller\Book->index[ D:\xampp\htdocs\hns\application\admin\controller\Book.php ]
[ info ] [ VIEW ] D:\xampp\htdocs\hns\public/../application/admin\view\book\index.html [ array (
  0 => 'books',
) ]
[ info ] [ LOG ] INIT File
[ sql ] [ DB ] CONNECT:[ UseTime:0.001518s ] mysql:host=127.0.0.1;dbname=hns;charset=utf8
[ sql ] [ SQL ] SHOW COLUMNS FROM `hn_book` [ RunTime:0.007460s ]
[ sql ] [ SQL ] SELECT COUNT(*) AS tp_count FROM `hn_book` LIMIT 1 [ RunTime:0.000903s ]
[ sql ] [ SQL ] SELECT * FROM `hn_book` LIMIT 0,5 [ RunTime:0.000624s ]
---------------------------------------------------------------
[ 2018-04-08T12:45:00+08:00 ] 0.0.0.0 GET /hns/public/index.php/admin
[ info ] localhost/hns/public/index.php/admin [运行时间：0.020817s][吞吐率：48.04req/s] [内存消耗：1,118.05kb] [文件加载：33]
[ info ] [ LANG ] D:\xampp\htdocs\hns\thinkphp\lang\zh-cn.php
[ info ] [ ROUTE ] array (
  'type' => 'module',
  'module' => 
  array (
    0 => 'admin',
    1 => NULL,
    2 => NULL,
  ),
)
[ info ] [ HEADER ] array (
  'host' => 'localhost',
  'connection' => 'keep-alive',
  'cache-control' => 'max-age=0',
  'upgrade-insecure-requests' => '1',
  'user-agent' => 'Mozilla/5.0 (Windows NT 10.0; WOW64) AppleWebKit/537.36 (KHTML, like Gecko) Chrome/65.0.3325.146 Safari/537.36',
  'accept' => 'text/html,application/xhtml+xml,application/xml;q=0.9,image/webp,image/apng,*/*;q=0.8',
  'accept-encoding' => 'gzip, deflate, br',
  'accept-language' => 'zh-CN,zh;q=0.9',
  'cookie' => 'pgv_pvi=878369792; Hm_lvt_080836300300be57b7f34f4b3e97d911=1522584204,1522660756,1522740102,1522896617; PHPSESSID=5d9gd5n12i5a04i83vbcjrtuc4',
)
[ info ] [ PARAM ] array (
)
[ info ] [ RUN ] app\admin\controller\Index->index[ D:\xampp\htdocs\hns\application\admin\controller\Index.php ]
[ info ] [ VIEW ] D:\xampp\htdocs\hns\public/../application/admin\view\index\index.html [ array (
) ]
[ info ] [ SESSION ] INIT array (
  'id' => '',
  'var_session_id' => '',
  'prefix' => 'think',
  'type' => '',
  'auto_start' => true,
)
[ info ] [ LOG ] INIT File
---------------------------------------------------------------
[ 2018-04-08T12:45:01+08:00 ] 0.0.0.0 GET /hns/public/index.php/admin/book/index.html
[ info ] localhost/hns/public/index.php/admin/book/index.html [运行时间：0.044311s][吞吐率：22.57req/s] [内存消耗：2,223.66kb] [文件加载：46]
[ info ] [ LANG ] D:\xampp\htdocs\hns\thinkphp\lang\zh-cn.php
[ info ] [ ROUTE ] array (
  'type' => 'module',
  'module' => 
  array (
    0 => 'admin',
    1 => 'book',
    2 => 'index',
  ),
)
[ info ] [ HEADER ] array (
  'host' => 'localhost',
  'connection' => 'keep-alive',
  'upgrade-insecure-requests' => '1',
  'user-agent' => 'Mozilla/5.0 (Windows NT 10.0; WOW64) AppleWebKit/537.36 (KHTML, like Gecko) Chrome/65.0.3325.146 Safari/537.36',
  'accept' => 'text/html,application/xhtml+xml,application/xml;q=0.9,image/webp,image/apng,*/*;q=0.8',
  'referer' => 'http://localhost/hns/public/index.php/admin',
  'accept-encoding' => 'gzip, deflate, br',
  'accept-language' => 'zh-CN,zh;q=0.9',
  'cookie' => 'pgv_pvi=878369792; Hm_lvt_080836300300be57b7f34f4b3e97d911=1522584204,1522660756,1522740102,1522896617; PHPSESSID=5d9gd5n12i5a04i83vbcjrtuc4',
)
[ info ] [ PARAM ] array (
)
[ info ] [ DB ] INIT mysql
[ info ] [ RUN ] app\admin\controller\Book->index[ D:\xampp\htdocs\hns\application\admin\controller\Book.php ]
[ info ] [ VIEW ] D:\xampp\htdocs\hns\public/../application/admin\view\book\index.html [ array (
  0 => 'books',
) ]
[ info ] [ LOG ] INIT File
[ sql ] [ DB ] CONNECT:[ UseTime:0.001584s ] mysql:host=127.0.0.1;dbname=hns;charset=utf8
[ sql ] [ SQL ] SHOW COLUMNS FROM `hn_book` [ RunTime:0.006583s ]
[ sql ] [ SQL ] SELECT COUNT(*) AS tp_count FROM `hn_book` LIMIT 1 [ RunTime:0.000467s ]
[ sql ] [ SQL ] SELECT * FROM `hn_book` LIMIT 0,5 [ RunTime:0.000474s ]
---------------------------------------------------------------
[ 2018-04-08T12:45:32+08:00 ] 0.0.0.0 GET /hns/public/index.php/admin
[ info ] localhost/hns/public/index.php/admin [运行时间：0.022614s][吞吐率：44.22req/s] [内存消耗：1,118.05kb] [文件加载：33]
[ info ] [ LANG ] D:\xampp\htdocs\hns\thinkphp\lang\zh-cn.php
[ info ] [ ROUTE ] array (
  'type' => 'module',
  'module' => 
  array (
    0 => 'admin',
    1 => NULL,
    2 => NULL,
  ),
)
[ info ] [ HEADER ] array (
  'host' => 'localhost',
  'connection' => 'keep-alive',
  'cache-control' => 'max-age=0',
  'upgrade-insecure-requests' => '1',
  'user-agent' => 'Mozilla/5.0 (Windows NT 10.0; WOW64) AppleWebKit/537.36 (KHTML, like Gecko) Chrome/65.0.3325.146 Safari/537.36',
  'accept' => 'text/html,application/xhtml+xml,application/xml;q=0.9,image/webp,image/apng,*/*;q=0.8',
  'accept-encoding' => 'gzip, deflate, br',
  'accept-language' => 'zh-CN,zh;q=0.9',
  'cookie' => 'pgv_pvi=878369792; Hm_lvt_080836300300be57b7f34f4b3e97d911=1522584204,1522660756,1522740102,1522896617; PHPSESSID=5d9gd5n12i5a04i83vbcjrtuc4',
)
[ info ] [ PARAM ] array (
)
[ info ] [ RUN ] app\admin\controller\Index->index[ D:\xampp\htdocs\hns\application\admin\controller\Index.php ]
[ info ] [ VIEW ] D:\xampp\htdocs\hns\public/../application/admin\view\index\index.html [ array (
) ]
[ info ] [ SESSION ] INIT array (
  'id' => '',
  'var_session_id' => '',
  'prefix' => 'think',
  'type' => '',
  'auto_start' => true,
)
[ info ] [ LOG ] INIT File
---------------------------------------------------------------
[ 2018-04-08T12:45:33+08:00 ] 0.0.0.0 GET /hns/public/index.php/admin/book/index.html
[ info ] localhost/hns/public/index.php/admin/book/index.html [运行时间：0.046598s][吞吐率：21.46req/s] [内存消耗：2,223.63kb] [文件加载：46]
[ info ] [ LANG ] D:\xampp\htdocs\hns\thinkphp\lang\zh-cn.php
[ info ] [ ROUTE ] array (
  'type' => 'module',
  'module' => 
  array (
    0 => 'admin',
    1 => 'book',
    2 => 'index',
  ),
)
[ info ] [ HEADER ] array (
  'host' => 'localhost',
  'connection' => 'keep-alive',
  'upgrade-insecure-requests' => '1',
  'user-agent' => 'Mozilla/5.0 (Windows NT 10.0; WOW64) AppleWebKit/537.36 (KHTML, like Gecko) Chrome/65.0.3325.146 Safari/537.36',
  'accept' => 'text/html,application/xhtml+xml,application/xml;q=0.9,image/webp,image/apng,*/*;q=0.8',
  'referer' => 'http://localhost/hns/public/index.php/admin',
  'accept-encoding' => 'gzip, deflate, br',
  'accept-language' => 'zh-CN,zh;q=0.9',
  'cookie' => 'pgv_pvi=878369792; Hm_lvt_080836300300be57b7f34f4b3e97d911=1522584204,1522660756,1522740102,1522896617; PHPSESSID=5d9gd5n12i5a04i83vbcjrtuc4',
)
[ info ] [ PARAM ] array (
)
[ info ] [ DB ] INIT mysql
[ info ] [ RUN ] app\admin\controller\Book->index[ D:\xampp\htdocs\hns\application\admin\controller\Book.php ]
[ info ] [ VIEW ] D:\xampp\htdocs\hns\public/../application/admin\view\book\index.html [ array (
  0 => 'books',
) ]
[ info ] [ LOG ] INIT File
[ sql ] [ DB ] CONNECT:[ UseTime:0.001889s ] mysql:host=127.0.0.1;dbname=hns;charset=utf8
[ sql ] [ SQL ] SHOW COLUMNS FROM `hn_book` [ RunTime:0.006781s ]
[ sql ] [ SQL ] SELECT COUNT(*) AS tp_count FROM `hn_book` LIMIT 1 [ RunTime:0.000508s ]
[ sql ] [ SQL ] SELECT * FROM `hn_book` LIMIT 0,5 [ RunTime:0.000560s ]
