[ 2018-04-09T19:05:50+08:00 ] ::1 ::1 GET /hns/public/index.php/index
[ log ] localhost/hns/public/index.php/index [运行时间：0.075289s][吞吐率：13.28req/s] [内存消耗：2,250.54kb] [文件加载：51]
[ info ] [ LANG ] D:\xampp\htdocs\hns\thinkphp\lang\zh-cn.php
[ info ] [ ROUTE ] array (
  'type' => 'module',
  'module' => 
  array (
    0 => 'index',
    1 => NULL,
    2 => NULL,
  ),
)
[ info ] [ HEADER ] array (
  'host' => 'localhost',
  'connection' => 'keep-alive',
  'cache-control' => 'max-age=0',
  'upgrade-insecure-requests' => '1',
  'user-agent' => 'Mozilla/5.0 (Windows NT 10.0; WOW64) AppleWebKit/537.36 (KHTML, like Gecko) Chrome/65.0.3325.146 Safari/537.36',
  'accept' => 'text/html,application/xhtml+xml,application/xml;q=0.9,image/webp,image/apng,*/*;q=0.8',
  'accept-encoding' => 'gzip, deflate, br',
  'accept-language' => 'zh-CN,zh;q=0.9',
  'cookie' => 'pgv_pvi=878369792; Hm_lvt_080836300300be57b7f34f4b3e97d911=1522896617,1523184463,1523189357,1523251483; PHPSESSID=eoaigl7d6tb0h5io0hkb1t1mb3; pgv_si=s1459032064; Hm_lpvt_080836300300be57b7f34f4b3e97d911=1523268646',
)
[ info ] [ PARAM ] array (
)
[ info ] [ DB ] INIT mysql
[ info ] [ RUN ] app\index\controller\Index->index[ D:\xampp\htdocs\hns\application\index\controller\Index.php ]
[ info ] [ VIEW ] D:\xampp\htdocs\hns\public/../application/index\view\index\index.html [ array (
  0 => 'categorys',
  1 => 'books',
) ]
[ info ] [ LOG ] INIT File
[ sql ] [ DB ] CONNECT:[ UseTime:0.012844s ] mysql:dbname=hns;host=127.0.0.1;charset=utf8
[ sql ] [ SQL ] SHOW COLUMNS FROM `hn_category` [ RunTime:0.005591s ]
[ sql ] [ SQL ] SELECT COUNT(*) AS tp_count FROM `hn_category` LIMIT 1 [ RunTime:0.000359s ]
[ sql ] [ SQL ] SELECT * FROM `hn_category` LIMIT 0,10 [ RunTime:0.000323s ]
[ sql ] [ SQL ] SHOW COLUMNS FROM `hn_book` [ RunTime:0.006514s ]
[ sql ] [ SQL ] SELECT COUNT(*) AS tp_count FROM `hn_book` LIMIT 1 [ RunTime:0.001540s ]
[ sql ] [ SQL ] SELECT * FROM `hn_book` LIMIT 0,12 [ RunTime:0.000976s ]

---------------------------------------------------------------
[ 2018-04-09T19:05:50+08:00 ] ::1 ::1 GET /hns/public/index.php/images/small_img.png
[ log ] localhost/hns/public/index.php/images/small_img.png [运行时间：0.019703s][吞吐率：50.75req/s] [内存消耗：788.45kb] [文件加载：30]
[ info ] [ LANG ] D:\xampp\htdocs\hns\thinkphp\lang\zh-cn.php
[ info ] [ ROUTE ] array (
  'type' => 'module',
  'module' => 
  array (
    0 => 'images',
    1 => 'small_img.png',
    2 => NULL,
  ),
)
[ info ] [ HEADER ] array (
  'host' => 'localhost',
  'connection' => 'keep-alive',
  'user-agent' => 'Mozilla/5.0 (Windows NT 10.0; WOW64) AppleWebKit/537.36 (KHTML, like Gecko) Chrome/65.0.3325.146 Safari/537.36',
  'accept' => 'image/webp,image/apng,image/*,*/*;q=0.8',
  'referer' => 'http://localhost/hns/public/index.php/index',
  'accept-encoding' => 'gzip, deflate, br',
  'accept-language' => 'zh-CN,zh;q=0.9',
  'cookie' => 'pgv_pvi=878369792; Hm_lvt_080836300300be57b7f34f4b3e97d911=1522896617,1523184463,1523189357,1523251483; PHPSESSID=eoaigl7d6tb0h5io0hkb1t1mb3; pgv_si=s1459032064; Hm_lpvt_080836300300be57b7f34f4b3e97d911=1523268646',
)
[ info ] [ PARAM ] array (
)
[ info ] [ LOG ] INIT File

---------------------------------------------------------------
[ 2018-04-09T19:05:50+08:00 ] ::1 ::1 GET /hns/public/index.php/images/edit_icon.png
[ log ] localhost/hns/public/index.php/images/edit_icon.png [运行时间：0.018884s][吞吐率：52.96req/s] [内存消耗：788.45kb] [文件加载：30]
[ info ] [ LANG ] D:\xampp\htdocs\hns\thinkphp\lang\zh-cn.php
[ info ] [ ROUTE ] array (
  'type' => 'module',
  'module' => 
  array (
    0 => 'images',
    1 => 'edit_icon.png',
    2 => NULL,
  ),
)
[ info ] [ HEADER ] array (
  'host' => 'localhost',
  'connection' => 'keep-alive',
  'user-agent' => 'Mozilla/5.0 (Windows NT 10.0; WOW64) AppleWebKit/537.36 (KHTML, like Gecko) Chrome/65.0.3325.146 Safari/537.36',
  'accept' => 'image/webp,image/apng,image/*,*/*;q=0.8',
  'referer' => 'http://localhost/hns/public/index.php/index',
  'accept-encoding' => 'gzip, deflate, br',
  'accept-language' => 'zh-CN,zh;q=0.9',
  'cookie' => 'pgv_pvi=878369792; Hm_lvt_080836300300be57b7f34f4b3e97d911=1522896617,1523184463,1523189357,1523251483; PHPSESSID=eoaigl7d6tb0h5io0hkb1t1mb3; pgv_si=s1459032064; Hm_lpvt_080836300300be57b7f34f4b3e97d911=1523268646',
)
[ info ] [ PARAM ] array (
)
[ info ] [ LOG ] INIT File

---------------------------------------------------------------
[ 2018-04-09T19:05:50+08:00 ] ::1 ::1 GET /hns/public/index.php/images/delete_item_btn.png
[ log ] localhost/hns/public/index.php/images/delete_item_btn.png [运行时间：0.018876s][吞吐率：52.98req/s] [内存消耗：788.55kb] [文件加载：30]
[ info ] [ LANG ] D:\xampp\htdocs\hns\thinkphp\lang\zh-cn.php
[ info ] [ ROUTE ] array (
  'type' => 'module',
  'module' => 
  array (
    0 => 'images',
    1 => 'delete_item_btn.png',
    2 => NULL,
  ),
)
[ info ] [ HEADER ] array (
  'host' => 'localhost',
  'connection' => 'keep-alive',
  'user-agent' => 'Mozilla/5.0 (Windows NT 10.0; WOW64) AppleWebKit/537.36 (KHTML, like Gecko) Chrome/65.0.3325.146 Safari/537.36',
  'accept' => 'image/webp,image/apng,image/*,*/*;q=0.8',
  'referer' => 'http://localhost/hns/public/index.php/index',
  'accept-encoding' => 'gzip, deflate, br',
  'accept-language' => 'zh-CN,zh;q=0.9',
  'cookie' => 'pgv_pvi=878369792; Hm_lvt_080836300300be57b7f34f4b3e97d911=1522896617,1523184463,1523189357,1523251483; PHPSESSID=eoaigl7d6tb0h5io0hkb1t1mb3; pgv_si=s1459032064; Hm_lpvt_080836300300be57b7f34f4b3e97d911=1523268646',
)
[ info ] [ PARAM ] array (
)
[ info ] [ LOG ] INIT File

---------------------------------------------------------------
[ 2018-04-09T19:05:50+08:00 ] ::1 ::1 GET /hns/public/index.php/images/banner1.jpg
[ log ] localhost/hns/public/index.php/images/banner1.jpg [运行时间：0.026163s][吞吐率：38.22req/s] [内存消耗：788.45kb] [文件加载：30]
[ info ] [ LANG ] D:\xampp\htdocs\hns\thinkphp\lang\zh-cn.php
[ info ] [ ROUTE ] array (
  'type' => 'module',
  'module' => 
  array (
    0 => 'images',
    1 => 'banner1.jpg',
    2 => NULL,
  ),
)
[ info ] [ HEADER ] array (
  'host' => 'localhost',
  'connection' => 'keep-alive',
  'user-agent' => 'Mozilla/5.0 (Windows NT 10.0; WOW64) AppleWebKit/537.36 (KHTML, like Gecko) Chrome/65.0.3325.146 Safari/537.36',
  'accept' => 'image/webp,image/apng,image/*,*/*;q=0.8',
  'referer' => 'http://localhost/hns/public/index.php/index',
  'accept-encoding' => 'gzip, deflate, br',
  'accept-language' => 'zh-CN,zh;q=0.9',
  'cookie' => 'pgv_pvi=878369792; Hm_lvt_080836300300be57b7f34f4b3e97d911=1522896617,1523184463,1523189357,1523251483; PHPSESSID=eoaigl7d6tb0h5io0hkb1t1mb3; pgv_si=s1459032064; Hm_lpvt_080836300300be57b7f34f4b3e97d911=1523268646',
)
[ info ] [ PARAM ] array (
)
[ info ] [ LOG ] INIT File

---------------------------------------------------------------
[ 2018-04-09T19:05:50+08:00 ] ::1 ::1 GET /hns/public/index.php/images/banner2.jpg
[ log ] localhost/hns/public/index.php/images/banner2.jpg [运行时间：0.028944s][吞吐率：34.55req/s] [内存消耗：788.45kb] [文件加载：30]
[ info ] [ LANG ] D:\xampp\htdocs\hns\thinkphp\lang\zh-cn.php
[ info ] [ ROUTE ] array (
  'type' => 'module',
  'module' => 
  array (
    0 => 'images',
    1 => 'banner2.jpg',
    2 => NULL,
  ),
)
[ info ] [ HEADER ] array (
  'host' => 'localhost',
  'connection' => 'keep-alive',
  'user-agent' => 'Mozilla/5.0 (Windows NT 10.0; WOW64) AppleWebKit/537.36 (KHTML, like Gecko) Chrome/65.0.3325.146 Safari/537.36',
  'accept' => 'image/webp,image/apng,image/*,*/*;q=0.8',
  'referer' => 'http://localhost/hns/public/index.php/index',
  'accept-encoding' => 'gzip, deflate, br',
  'accept-language' => 'zh-CN,zh;q=0.9',
  'cookie' => 'pgv_pvi=878369792; Hm_lvt_080836300300be57b7f34f4b3e97d911=1522896617,1523184463,1523189357,1523251483; PHPSESSID=eoaigl7d6tb0h5io0hkb1t1mb3; pgv_si=s1459032064; Hm_lpvt_080836300300be57b7f34f4b3e97d911=1523268646',
)
[ info ] [ PARAM ] array (
)
[ info ] [ LOG ] INIT File

---------------------------------------------------------------
[ 2018-04-09T19:05:50+08:00 ] ::1 ::1 GET /hns/public/index.php/images/banner3.jpg
[ log ] localhost/hns/public/index.php/images/banner3.jpg [运行时间：0.032281s][吞吐率：30.98req/s] [内存消耗：788.45kb] [文件加载：30]
[ info ] [ LANG ] D:\xampp\htdocs\hns\thinkphp\lang\zh-cn.php
[ info ] [ ROUTE ] array (
  'type' => 'module',
  'module' => 
  array (
    0 => 'images',
    1 => 'banner3.jpg',
    2 => NULL,
  ),
)
[ info ] [ HEADER ] array (
  'host' => 'localhost',
  'connection' => 'keep-alive',
  'user-agent' => 'Mozilla/5.0 (Windows NT 10.0; WOW64) AppleWebKit/537.36 (KHTML, like Gecko) Chrome/65.0.3325.146 Safari/537.36',
  'accept' => 'image/webp,image/apng,image/*,*/*;q=0.8',
  'referer' => 'http://localhost/hns/public/index.php/index',
  'accept-encoding' => 'gzip, deflate, br',
  'accept-language' => 'zh-CN,zh;q=0.9',
  'cookie' => 'pgv_pvi=878369792; Hm_lvt_080836300300be57b7f34f4b3e97d911=1522896617,1523184463,1523189357,1523251483; PHPSESSID=eoaigl7d6tb0h5io0hkb1t1mb3; pgv_si=s1459032064; Hm_lpvt_080836300300be57b7f34f4b3e97d911=1523268646',
)
[ info ] [ PARAM ] array (
)
[ info ] [ LOG ] INIT File

---------------------------------------------------------------
[ 2018-04-09T19:05:50+08:00 ] ::1 ::1 GET /hns/public/index.php/images/hns/public/static2.jpg
[ log ] localhost/hns/public/index.php/images/hns/public/static2.jpg [运行时间：0.022004s][吞吐率：45.45req/s] [内存消耗：788.56kb] [文件加载：30]
[ info ] [ LANG ] D:\xampp\htdocs\hns\thinkphp\lang\zh-cn.php
[ info ] [ ROUTE ] array (
  'type' => 'module',
  'module' => 
  array (
    0 => 'images',
    1 => 'hns',
    2 => 'public',
  ),
)
[ info ] [ HEADER ] array (
  'host' => 'localhost',
  'connection' => 'keep-alive',
  'user-agent' => 'Mozilla/5.0 (Windows NT 10.0; WOW64) AppleWebKit/537.36 (KHTML, like Gecko) Chrome/65.0.3325.146 Safari/537.36',
  'accept' => 'image/webp,image/apng,image/*,*/*;q=0.8',
  'referer' => 'http://localhost/hns/public/index.php/index',
  'accept-encoding' => 'gzip, deflate, br',
  'accept-language' => 'zh-CN,zh;q=0.9',
  'cookie' => 'pgv_pvi=878369792; Hm_lvt_080836300300be57b7f34f4b3e97d911=1522896617,1523184463,1523189357,1523251483; PHPSESSID=eoaigl7d6tb0h5io0hkb1t1mb3; pgv_si=s1459032064; Hm_lpvt_080836300300be57b7f34f4b3e97d911=1523268646',
)
[ info ] [ PARAM ] array (
)
[ info ] [ LOG ] INIT File

---------------------------------------------------------------
[ 2018-04-09T19:05:50+08:00 ] ::1 ::1 GET /hns/public/index.php/images/hns/public/static1.jpg
[ log ] localhost/hns/public/index.php/images/hns/public/static1.jpg [运行时间：0.040492s][吞吐率：24.70req/s] [内存消耗：788.56kb] [文件加载：30]
[ info ] [ LANG ] D:\xampp\htdocs\hns\thinkphp\lang\zh-cn.php
[ info ] [ ROUTE ] array (
  'type' => 'module',
  'module' => 
  array (
    0 => 'images',
    1 => 'hns',
    2 => 'public',
  ),
)
[ info ] [ HEADER ] array (
  'host' => 'localhost',
  'connection' => 'keep-alive',
  'user-agent' => 'Mozilla/5.0 (Windows NT 10.0; WOW64) AppleWebKit/537.36 (KHTML, like Gecko) Chrome/65.0.3325.146 Safari/537.36',
  'accept' => 'image/webp,image/apng,image/*,*/*;q=0.8',
  'referer' => 'http://localhost/hns/public/index.php/index',
  'accept-encoding' => 'gzip, deflate, br',
  'accept-language' => 'zh-CN,zh;q=0.9',
  'cookie' => 'pgv_pvi=878369792; Hm_lvt_080836300300be57b7f34f4b3e97d911=1522896617,1523184463,1523189357,1523251483; PHPSESSID=eoaigl7d6tb0h5io0hkb1t1mb3; pgv_si=s1459032064; Hm_lpvt_080836300300be57b7f34f4b3e97d911=1523268646',
)
[ info ] [ PARAM ] array (
)
[ info ] [ LOG ] INIT File

---------------------------------------------------------------
[ 2018-04-09T19:05:50+08:00 ] ::1 ::1 GET /hns/public/index.php/images/banner4.jpg
[ log ] localhost/hns/public/index.php/images/banner4.jpg [运行时间：0.054246s][吞吐率：18.43req/s] [内存消耗：788.45kb] [文件加载：30]
[ info ] [ LANG ] D:\xampp\htdocs\hns\thinkphp\lang\zh-cn.php
[ info ] [ ROUTE ] array (
  'type' => 'module',
  'module' => 
  array (
    0 => 'images',
    1 => 'banner4.jpg',
    2 => NULL,
  ),
)
[ info ] [ HEADER ] array (
  'host' => 'localhost',
  'connection' => 'keep-alive',
  'user-agent' => 'Mozilla/5.0 (Windows NT 10.0; WOW64) AppleWebKit/537.36 (KHTML, like Gecko) Chrome/65.0.3325.146 Safari/537.36',
  'accept' => 'image/webp,image/apng,image/*,*/*;q=0.8',
  'referer' => 'http://localhost/hns/public/index.php/index',
  'accept-encoding' => 'gzip, deflate, br',
  'accept-language' => 'zh-CN,zh;q=0.9',
  'cookie' => 'pgv_pvi=878369792; Hm_lvt_080836300300be57b7f34f4b3e97d911=1522896617,1523184463,1523189357,1523251483; PHPSESSID=eoaigl7d6tb0h5io0hkb1t1mb3; pgv_si=s1459032064; Hm_lpvt_080836300300be57b7f34f4b3e97d911=1523268646',
)
[ info ] [ PARAM ] array (
)
[ info ] [ LOG ] INIT File

---------------------------------------------------------------
[ 2018-04-09T19:05:50+08:00 ] ::1 ::1 GET /hns/public/index.php/images/sale_icon_img.png
[ log ] localhost/hns/public/index.php/images/sale_icon_img.png [运行时间：0.026945s][吞吐率：37.11req/s] [内存消耗：788.49kb] [文件加载：30]
[ info ] [ LANG ] D:\xampp\htdocs\hns\thinkphp\lang\zh-cn.php
[ info ] [ ROUTE ] array (
  'type' => 'module',
  'module' => 
  array (
    0 => 'images',
    1 => 'sale_icon_img.png',
    2 => NULL,
  ),
)
[ info ] [ HEADER ] array (
  'host' => 'localhost',
  'connection' => 'keep-alive',
  'user-agent' => 'Mozilla/5.0 (Windows NT 10.0; WOW64) AppleWebKit/537.36 (KHTML, like Gecko) Chrome/65.0.3325.146 Safari/537.36',
  'accept' => 'image/webp,image/apng,image/*,*/*;q=0.8',
  'referer' => 'http://localhost/hns/public/index.php/index',
  'accept-encoding' => 'gzip, deflate, br',
  'accept-language' => 'zh-CN,zh;q=0.9',
  'cookie' => 'pgv_pvi=878369792; Hm_lvt_080836300300be57b7f34f4b3e97d911=1522896617,1523184463,1523189357,1523251483; PHPSESSID=eoaigl7d6tb0h5io0hkb1t1mb3; pgv_si=s1459032064; Hm_lpvt_080836300300be57b7f34f4b3e97d911=1523268646',
)
[ info ] [ PARAM ] array (
)
[ info ] [ LOG ] INIT File

---------------------------------------------------------------
[ 2018-04-09T19:05:50+08:00 ] ::1 ::1 GET /hns/public/index.php/images/quick_view_img.png
[ log ] localhost/hns/public/index.php/images/quick_view_img.png [运行时间：0.022210s][吞吐率：45.03req/s] [内存消耗：788.49kb] [文件加载：30]
[ info ] [ LANG ] D:\xampp\htdocs\hns\thinkphp\lang\zh-cn.php
[ info ] [ ROUTE ] array (
  'type' => 'module',
  'module' => 
  array (
    0 => 'images',
    1 => 'quick_view_img.png',
    2 => NULL,
  ),
)
[ info ] [ HEADER ] array (
  'host' => 'localhost',
  'connection' => 'keep-alive',
  'user-agent' => 'Mozilla/5.0 (Windows NT 10.0; WOW64) AppleWebKit/537.36 (KHTML, like Gecko) Chrome/65.0.3325.146 Safari/537.36',
  'accept' => 'image/webp,image/apng,image/*,*/*;q=0.8',
  'referer' => 'http://localhost/hns/public/index.php/index',
  'accept-encoding' => 'gzip, deflate, br',
  'accept-language' => 'zh-CN,zh;q=0.9',
  'cookie' => 'pgv_pvi=878369792; Hm_lvt_080836300300be57b7f34f4b3e97d911=1522896617,1523184463,1523189357,1523251483; PHPSESSID=eoaigl7d6tb0h5io0hkb1t1mb3; pgv_si=s1459032064; Hm_lpvt_080836300300be57b7f34f4b3e97d911=1523268646',
)
[ info ] [ PARAM ] array (
)
[ info ] [ LOG ] INIT File

---------------------------------------------------------------
[ 2018-04-09T19:05:50+08:00 ] ::1 ::1 GET /hns/public/index.php/images/default_img.png
[ log ] localhost/hns/public/index.php/images/default_img.png [运行时间：0.037786s][吞吐率：26.46req/s] [内存消耗：788.45kb] [文件加载：30]
[ info ] [ LANG ] D:\xampp\htdocs\hns\thinkphp\lang\zh-cn.php
[ info ] [ ROUTE ] array (
  'type' => 'module',
  'module' => 
  array (
    0 => 'images',
    1 => 'default_img.png',
    2 => NULL,
  ),
)
[ info ] [ HEADER ] array (
  'host' => 'localhost',
  'connection' => 'keep-alive',
  'user-agent' => 'Mozilla/5.0 (Windows NT 10.0; WOW64) AppleWebKit/537.36 (KHTML, like Gecko) Chrome/65.0.3325.146 Safari/537.36',
  'accept' => 'image/webp,image/apng,image/*,*/*;q=0.8',
  'referer' => 'http://localhost/hns/public/index.php/index',
  'accept-encoding' => 'gzip, deflate, br',
  'accept-language' => 'zh-CN,zh;q=0.9',
  'cookie' => 'pgv_pvi=878369792; Hm_lvt_080836300300be57b7f34f4b3e97d911=1522896617,1523184463,1523189357,1523251483; PHPSESSID=eoaigl7d6tb0h5io0hkb1t1mb3; pgv_si=s1459032064; Hm_lpvt_080836300300be57b7f34f4b3e97d911=1523268646',
)
[ info ] [ PARAM ] array (
)
[ info ] [ LOG ] INIT File

---------------------------------------------------------------
[ 2018-04-09T19:05:50+08:00 ] ::1 ::1 GET /hns/public/index.php/images/quick_thum_img.png
[ log ] localhost/hns/public/index.php/images/quick_thum_img.png [运行时间：0.024700s][吞吐率：40.49req/s] [内存消耗：788.49kb] [文件加载：30]
[ info ] [ LANG ] D:\xampp\htdocs\hns\thinkphp\lang\zh-cn.php
[ info ] [ ROUTE ] array (
  'type' => 'module',
  'module' => 
  array (
    0 => 'images',
    1 => 'quick_thum_img.png',
    2 => NULL,
  ),
)
[ info ] [ HEADER ] array (
  'host' => 'localhost',
  'connection' => 'keep-alive',
  'user-agent' => 'Mozilla/5.0 (Windows NT 10.0; WOW64) AppleWebKit/537.36 (KHTML, like Gecko) Chrome/65.0.3325.146 Safari/537.36',
  'accept' => 'image/webp,image/apng,image/*,*/*;q=0.8',
  'referer' => 'http://localhost/hns/public/index.php/index',
  'accept-encoding' => 'gzip, deflate, br',
  'accept-language' => 'zh-CN,zh;q=0.9',
  'cookie' => 'pgv_pvi=878369792; Hm_lvt_080836300300be57b7f34f4b3e97d911=1522896617,1523184463,1523189357,1523251483; PHPSESSID=eoaigl7d6tb0h5io0hkb1t1mb3; pgv_si=s1459032064; Hm_lpvt_080836300300be57b7f34f4b3e97d911=1523268646',
)
[ info ] [ PARAM ] array (
)
[ info ] [ LOG ] INIT File

---------------------------------------------------------------
[ 2018-04-09T19:05:50+08:00 ] ::1 ::1 GET /hns/public/index.php/images/qty_prev.png
[ log ] localhost/hns/public/index.php/images/qty_prev.png [运行时间：0.023270s][吞吐率：42.97req/s] [内存消耗：788.45kb] [文件加载：30]
[ info ] [ LANG ] D:\xampp\htdocs\hns\thinkphp\lang\zh-cn.php
[ info ] [ ROUTE ] array (
  'type' => 'module',
  'module' => 
  array (
    0 => 'images',
    1 => 'qty_prev.png',
    2 => NULL,
  ),
)
[ info ] [ HEADER ] array (
  'host' => 'localhost',
  'connection' => 'keep-alive',
  'user-agent' => 'Mozilla/5.0 (Windows NT 10.0; WOW64) AppleWebKit/537.36 (KHTML, like Gecko) Chrome/65.0.3325.146 Safari/537.36',
  'accept' => 'image/webp,image/apng,image/*,*/*;q=0.8',
  'referer' => 'http://localhost/hns/public/index.php/index',
  'accept-encoding' => 'gzip, deflate, br',
  'accept-language' => 'zh-CN,zh;q=0.9',
  'cookie' => 'pgv_pvi=878369792; Hm_lvt_080836300300be57b7f34f4b3e97d911=1522896617,1523184463,1523189357,1523251483; PHPSESSID=eoaigl7d6tb0h5io0hkb1t1mb3; pgv_si=s1459032064; Hm_lpvt_080836300300be57b7f34f4b3e97d911=1523268646',
)
[ info ] [ PARAM ] array (
)
[ info ] [ LOG ] INIT File

---------------------------------------------------------------
[ 2018-04-09T19:05:50+08:00 ] ::1 ::1 GET /hns/public/index.php/images/qty_next.png
[ log ] localhost/hns/public/index.php/images/qty_next.png [运行时间：0.019895s][吞吐率：50.26req/s] [内存消耗：788.45kb] [文件加载：30]
[ info ] [ LANG ] D:\xampp\htdocs\hns\thinkphp\lang\zh-cn.php
[ info ] [ ROUTE ] array (
  'type' => 'module',
  'module' => 
  array (
    0 => 'images',
    1 => 'qty_next.png',
    2 => NULL,
  ),
)
[ info ] [ HEADER ] array (
  'host' => 'localhost',
  'connection' => 'keep-alive',
  'user-agent' => 'Mozilla/5.0 (Windows NT 10.0; WOW64) AppleWebKit/537.36 (KHTML, like Gecko) Chrome/65.0.3325.146 Safari/537.36',
  'accept' => 'image/webp,image/apng,image/*,*/*;q=0.8',
  'referer' => 'http://localhost/hns/public/index.php/index',
  'accept-encoding' => 'gzip, deflate, br',
  'accept-language' => 'zh-CN,zh;q=0.9',
  'cookie' => 'pgv_pvi=878369792; Hm_lvt_080836300300be57b7f34f4b3e97d911=1522896617,1523184463,1523189357,1523251483; PHPSESSID=eoaigl7d6tb0h5io0hkb1t1mb3; pgv_si=s1459032064; Hm_lpvt_080836300300be57b7f34f4b3e97d911=1523268646',
)
[ info ] [ PARAM ] array (
)
[ info ] [ LOG ] INIT File

---------------------------------------------------------------
[ 2018-04-09T19:05:50+08:00 ] ::1 ::1 GET /hns/public/index.php/images/facebook.png
[ log ] localhost/hns/public/index.php/images/facebook.png [运行时间：0.023718s][吞吐率：42.16req/s] [内存消耗：788.45kb] [文件加载：30]
[ info ] [ LANG ] D:\xampp\htdocs\hns\thinkphp\lang\zh-cn.php
[ info ] [ ROUTE ] array (
  'type' => 'module',
  'module' => 
  array (
    0 => 'images',
    1 => 'facebook.png',
    2 => NULL,
  ),
)
[ info ] [ HEADER ] array (
  'host' => 'localhost',
  'connection' => 'keep-alive',
  'user-agent' => 'Mozilla/5.0 (Windows NT 10.0; WOW64) AppleWebKit/537.36 (KHTML, like Gecko) Chrome/65.0.3325.146 Safari/537.36',
  'accept' => 'image/webp,image/apng,image/*,*/*;q=0.8',
  'referer' => 'http://localhost/hns/public/index.php/index',
  'accept-encoding' => 'gzip, deflate, br',
  'accept-language' => 'zh-CN,zh;q=0.9',
  'cookie' => 'pgv_pvi=878369792; Hm_lvt_080836300300be57b7f34f4b3e97d911=1522896617,1523184463,1523189357,1523251483; PHPSESSID=eoaigl7d6tb0h5io0hkb1t1mb3; pgv_si=s1459032064; Hm_lpvt_080836300300be57b7f34f4b3e97d911=1523268646',
)
[ info ] [ PARAM ] array (
)
[ info ] [ LOG ] INIT File

---------------------------------------------------------------
[ 2018-04-09T19:05:50+08:00 ] ::1 ::1 GET /hns/public/index.php/images/rss.png
[ log ] localhost/hns/public/index.php/images/rss.png [运行时间：0.019780s][吞吐率：50.56req/s] [内存消耗：788.35kb] [文件加载：30]
[ info ] [ LANG ] D:\xampp\htdocs\hns\thinkphp\lang\zh-cn.php
[ info ] [ ROUTE ] array (
  'type' => 'module',
  'module' => 
  array (
    0 => 'images',
    1 => 'rss.png',
    2 => NULL,
  ),
)
[ info ] [ HEADER ] array (
  'host' => 'localhost',
  'connection' => 'keep-alive',
  'user-agent' => 'Mozilla/5.0 (Windows NT 10.0; WOW64) AppleWebKit/537.36 (KHTML, like Gecko) Chrome/65.0.3325.146 Safari/537.36',
  'accept' => 'image/webp,image/apng,image/*,*/*;q=0.8',
  'referer' => 'http://localhost/hns/public/index.php/index',
  'accept-encoding' => 'gzip, deflate, br',
  'accept-language' => 'zh-CN,zh;q=0.9',
  'cookie' => 'pgv_pvi=878369792; Hm_lvt_080836300300be57b7f34f4b3e97d911=1522896617,1523184463,1523189357,1523251483; PHPSESSID=eoaigl7d6tb0h5io0hkb1t1mb3; pgv_si=s1459032064; Hm_lpvt_080836300300be57b7f34f4b3e97d911=1523268646',
)
[ info ] [ PARAM ] array (
)
[ info ] [ LOG ] INIT File

---------------------------------------------------------------
[ 2018-04-09T19:05:50+08:00 ] ::1 ::1 GET /hns/public/index.php/images/dribbble.png
[ log ] localhost/hns/public/index.php/images/dribbble.png [运行时间：0.025269s][吞吐率：39.57req/s] [内存消耗：788.45kb] [文件加载：30]
[ info ] [ LANG ] D:\xampp\htdocs\hns\thinkphp\lang\zh-cn.php
[ info ] [ ROUTE ] array (
  'type' => 'module',
  'module' => 
  array (
    0 => 'images',
    1 => 'dribbble.png',
    2 => NULL,
  ),
)
[ info ] [ HEADER ] array (
  'host' => 'localhost',
  'connection' => 'keep-alive',
  'user-agent' => 'Mozilla/5.0 (Windows NT 10.0; WOW64) AppleWebKit/537.36 (KHTML, like Gecko) Chrome/65.0.3325.146 Safari/537.36',
  'accept' => 'image/webp,image/apng,image/*,*/*;q=0.8',
  'referer' => 'http://localhost/hns/public/index.php/index',
  'accept-encoding' => 'gzip, deflate, br',
  'accept-language' => 'zh-CN,zh;q=0.9',
  'cookie' => 'pgv_pvi=878369792; Hm_lvt_080836300300be57b7f34f4b3e97d911=1522896617,1523184463,1523189357,1523251483; PHPSESSID=eoaigl7d6tb0h5io0hkb1t1mb3; pgv_si=s1459032064; Hm_lpvt_080836300300be57b7f34f4b3e97d911=1523268646',
)
[ info ] [ PARAM ] array (
)
[ info ] [ LOG ] INIT File

---------------------------------------------------------------
[ 2018-04-09T19:05:50+08:00 ] ::1 ::1 GET /hns/public/index.php/images/twitter.png
[ log ] localhost/hns/public/index.php/images/twitter.png [运行时间：0.031779s][吞吐率：31.47req/s] [内存消耗：788.45kb] [文件加载：30]
[ info ] [ LANG ] D:\xampp\htdocs\hns\thinkphp\lang\zh-cn.php
[ info ] [ ROUTE ] array (
  'type' => 'module',
  'module' => 
  array (
    0 => 'images',
    1 => 'twitter.png',
    2 => NULL,
  ),
)
[ info ] [ HEADER ] array (
  'host' => 'localhost',
  'connection' => 'keep-alive',
  'user-agent' => 'Mozilla/5.0 (Windows NT 10.0; WOW64) AppleWebKit/537.36 (KHTML, like Gecko) Chrome/65.0.3325.146 Safari/537.36',
  'accept' => 'image/webp,image/apng,image/*,*/*;q=0.8',
  'referer' => 'http://localhost/hns/public/index.php/index',
  'accept-encoding' => 'gzip, deflate, br',
  'accept-language' => 'zh-CN,zh;q=0.9',
  'cookie' => 'pgv_pvi=878369792; Hm_lvt_080836300300be57b7f34f4b3e97d911=1522896617,1523184463,1523189357,1523251483; PHPSESSID=eoaigl7d6tb0h5io0hkb1t1mb3; pgv_si=s1459032064; Hm_lpvt_080836300300be57b7f34f4b3e97d911=1523268646',
)
[ info ] [ PARAM ] array (
)
[ info ] [ LOG ] INIT File

---------------------------------------------------------------
[ 2018-04-09T19:05:50+08:00 ] ::1 ::1 GET /hns/public/index.php/images/skype.png
[ log ] localhost/hns/public/index.php/images/skype.png [运行时间：0.023941s][吞吐率：41.77req/s] [内存消耗：788.40kb] [文件加载：30]
[ info ] [ LANG ] D:\xampp\htdocs\hns\thinkphp\lang\zh-cn.php
[ info ] [ ROUTE ] array (
  'type' => 'module',
  'module' => 
  array (
    0 => 'images',
    1 => 'skype.png',
    2 => NULL,
  ),
)
[ info ] [ HEADER ] array (
  'host' => 'localhost',
  'connection' => 'keep-alive',
  'user-agent' => 'Mozilla/5.0 (Windows NT 10.0; WOW64) AppleWebKit/537.36 (KHTML, like Gecko) Chrome/65.0.3325.146 Safari/537.36',
  'accept' => 'image/webp,image/apng,image/*,*/*;q=0.8',
  'referer' => 'http://localhost/hns/public/index.php/index',
  'accept-encoding' => 'gzip, deflate, br',
  'accept-language' => 'zh-CN,zh;q=0.9',
  'cookie' => 'pgv_pvi=878369792; Hm_lvt_080836300300be57b7f34f4b3e97d911=1522896617,1523184463,1523189357,1523251483; PHPSESSID=eoaigl7d6tb0h5io0hkb1t1mb3; pgv_si=s1459032064; Hm_lpvt_080836300300be57b7f34f4b3e97d911=1523268646',
)
[ info ] [ PARAM ] array (
)
[ info ] [ LOG ] INIT File

---------------------------------------------------------------
[ 2018-04-09T19:05:50+08:00 ] ::1 ::1 GET /hns/public/index.php/images/youtube.png
[ log ] localhost/hns/public/index.php/images/youtube.png [运行时间：0.026208s][吞吐率：38.16req/s] [内存消耗：788.45kb] [文件加载：30]
[ info ] [ LANG ] D:\xampp\htdocs\hns\thinkphp\lang\zh-cn.php
[ info ] [ ROUTE ] array (
  'type' => 'module',
  'module' => 
  array (
    0 => 'images',
    1 => 'youtube.png',
    2 => NULL,
  ),
)
[ info ] [ HEADER ] array (
  'host' => 'localhost',
  'connection' => 'keep-alive',
  'user-agent' => 'Mozilla/5.0 (Windows NT 10.0; WOW64) AppleWebKit/537.36 (KHTML, like Gecko) Chrome/65.0.3325.146 Safari/537.36',
  'accept' => 'image/webp,image/apng,image/*,*/*;q=0.8',
  'referer' => 'http://localhost/hns/public/index.php/index',
  'accept-encoding' => 'gzip, deflate, br',
  'accept-language' => 'zh-CN,zh;q=0.9',
  'cookie' => 'pgv_pvi=878369792; Hm_lvt_080836300300be57b7f34f4b3e97d911=1522896617,1523184463,1523189357,1523251483; PHPSESSID=eoaigl7d6tb0h5io0hkb1t1mb3; pgv_si=s1459032064; Hm_lpvt_080836300300be57b7f34f4b3e97d911=1523268646',
)
[ info ] [ PARAM ] array (
)
[ info ] [ LOG ] INIT File

---------------------------------------------------------------
[ 2018-04-09T19:05:50+08:00 ] ::1 ::1 GET /hns/public/index.php/images/payment.png
[ log ] localhost/hns/public/index.php/images/payment.png [运行时间：0.027554s][吞吐率：36.29req/s] [内存消耗：788.45kb] [文件加载：30]
[ info ] [ LANG ] D:\xampp\htdocs\hns\thinkphp\lang\zh-cn.php
[ info ] [ ROUTE ] array (
  'type' => 'module',
  'module' => 
  array (
    0 => 'images',
    1 => 'payment.png',
    2 => NULL,
  ),
)
[ info ] [ HEADER ] array (
  'host' => 'localhost',
  'connection' => 'keep-alive',
  'user-agent' => 'Mozilla/5.0 (Windows NT 10.0; WOW64) AppleWebKit/537.36 (KHTML, like Gecko) Chrome/65.0.3325.146 Safari/537.36',
  'accept' => 'image/webp,image/apng,image/*,*/*;q=0.8',
  'referer' => 'http://localhost/hns/public/index.php/index',
  'accept-encoding' => 'gzip, deflate, br',
  'accept-language' => 'zh-CN,zh;q=0.9',
  'cookie' => 'pgv_pvi=878369792; Hm_lvt_080836300300be57b7f34f4b3e97d911=1522896617,1523184463,1523189357,1523251483; PHPSESSID=eoaigl7d6tb0h5io0hkb1t1mb3; pgv_si=s1459032064; Hm_lpvt_080836300300be57b7f34f4b3e97d911=1523268646',
)
[ info ] [ PARAM ] array (
)
[ info ] [ LOG ] INIT File

---------------------------------------------------------------
[ 2018-04-09T19:05:50+08:00 ] ::1 ::1 GET /hns/public/index.php/images/small_img.png
[ log ] localhost/hns/public/index.php/images/small_img.png [运行时间：0.042583s][吞吐率：23.48req/s] [内存消耗：788.45kb] [文件加载：30]
[ info ] [ LANG ] D:\xampp\htdocs\hns\thinkphp\lang\zh-cn.php
[ info ] [ ROUTE ] array (
  'type' => 'module',
  'module' => 
  array (
    0 => 'images',
    1 => 'small_img.png',
    2 => NULL,
  ),
)
[ info ] [ HEADER ] array (
  'host' => 'localhost',
  'connection' => 'keep-alive',
  'user-agent' => 'Mozilla/5.0 (Windows NT 10.0; WOW64) AppleWebKit/537.36 (KHTML, like Gecko) Chrome/65.0.3325.146 Safari/537.36',
  'accept' => 'image/webp,image/apng,image/*,*/*;q=0.8',
  'referer' => 'http://localhost/hns/public/index.php/index',
  'accept-encoding' => 'gzip, deflate, br',
  'accept-language' => 'zh-CN,zh;q=0.9',
  'cookie' => 'pgv_pvi=878369792; Hm_lvt_080836300300be57b7f34f4b3e97d911=1522896617,1523184463,1523189357,1523251483; PHPSESSID=eoaigl7d6tb0h5io0hkb1t1mb3; pgv_si=s1459032064; Hm_lpvt_080836300300be57b7f34f4b3e97d911=1523268646',
)
[ info ] [ PARAM ] array (
)
[ info ] [ LOG ] INIT File

---------------------------------------------------------------
[ 2018-04-09T19:06:01+08:00 ] ::1 ::1 GET /hns/public/index.php/index
[ log ] localhost/hns/public/index.php/index [运行时间：0.082367s][吞吐率：12.14req/s] [内存消耗：2,088.81kb] [文件加载：49]
[ info ] [ LANG ] D:\xampp\htdocs\hns\thinkphp\lang\zh-cn.php
[ info ] [ ROUTE ] array (
  'type' => 'module',
  'module' => 
  array (
    0 => 'index',
    1 => NULL,
    2 => NULL,
  ),
)
[ info ] [ HEADER ] array (
  'host' => 'localhost',
  'connection' => 'keep-alive',
  'cache-control' => 'max-age=0',
  'upgrade-insecure-requests' => '1',
  'user-agent' => 'Mozilla/5.0 (Windows NT 10.0; WOW64) AppleWebKit/537.36 (KHTML, like Gecko) Chrome/65.0.3325.146 Safari/537.36',
  'accept' => 'text/html,application/xhtml+xml,application/xml;q=0.9,image/webp,image/apng,*/*;q=0.8',
  'accept-encoding' => 'gzip, deflate, br',
  'accept-language' => 'zh-CN,zh;q=0.9',
  'cookie' => 'pgv_pvi=878369792; Hm_lvt_080836300300be57b7f34f4b3e97d911=1522896617,1523184463,1523189357,1523251483; PHPSESSID=eoaigl7d6tb0h5io0hkb1t1mb3; pgv_si=s1459032064; Hm_lpvt_080836300300be57b7f34f4b3e97d911=1523268646',
)
[ info ] [ PARAM ] array (
)
[ info ] [ DB ] INIT mysql
[ info ] [ RUN ] app\index\controller\Index->index[ D:\xampp\htdocs\hns\application\index\controller\Index.php ]
[ info ] [ VIEW ] D:\xampp\htdocs\hns\public/../application/index\view\index\index.html [ array (
  0 => 'categorys',
  1 => 'books',
) ]
[ info ] [ LOG ] INIT File
[ sql ] [ DB ] CONNECT:[ UseTime:0.015047s ] mysql:dbname=hns;host=127.0.0.1;charset=utf8
[ sql ] [ SQL ] SHOW COLUMNS FROM `hn_category` [ RunTime:0.024003s ]
[ sql ] [ SQL ] SELECT COUNT(*) AS tp_count FROM `hn_category` LIMIT 1 [ RunTime:0.000408s ]
[ sql ] [ SQL ] SELECT * FROM `hn_category` LIMIT 0,10 [ RunTime:0.000328s ]
[ sql ] [ SQL ] SHOW COLUMNS FROM `hn_book` [ RunTime:0.004337s ]
[ sql ] [ SQL ] SELECT COUNT(*) AS tp_count FROM `hn_book` LIMIT 1 [ RunTime:0.000296s ]
[ sql ] [ SQL ] SELECT * FROM `hn_book` LIMIT 0,12 [ RunTime:0.000317s ]

---------------------------------------------------------------
[ 2018-04-09T19:06:01+08:00 ] ::1 ::1 GET /hns/public/index.php/images/small_img.png
[ log ] localhost/hns/public/index.php/images/small_img.png [运行时间：0.013460s][吞吐率：74.29req/s] [内存消耗：788.45kb] [文件加载：30]
[ info ] [ LANG ] D:\xampp\htdocs\hns\thinkphp\lang\zh-cn.php
[ info ] [ ROUTE ] array (
  'type' => 'module',
  'module' => 
  array (
    0 => 'images',
    1 => 'small_img.png',
    2 => NULL,
  ),
)
[ info ] [ HEADER ] array (
  'host' => 'localhost',
  'connection' => 'keep-alive',
  'user-agent' => 'Mozilla/5.0 (Windows NT 10.0; WOW64) AppleWebKit/537.36 (KHTML, like Gecko) Chrome/65.0.3325.146 Safari/537.36',
  'accept' => 'image/webp,image/apng,image/*,*/*;q=0.8',
  'referer' => 'http://localhost/hns/public/index.php/index',
  'accept-encoding' => 'gzip, deflate, br',
  'accept-language' => 'zh-CN,zh;q=0.9',
  'cookie' => 'pgv_pvi=878369792; Hm_lvt_080836300300be57b7f34f4b3e97d911=1522896617,1523184463,1523189357,1523251483; PHPSESSID=eoaigl7d6tb0h5io0hkb1t1mb3; pgv_si=s1459032064; Hm_lpvt_080836300300be57b7f34f4b3e97d911=1523268646',
)
[ info ] [ PARAM ] array (
)
[ info ] [ LOG ] INIT File

---------------------------------------------------------------
[ 2018-04-09T19:06:01+08:00 ] ::1 ::1 GET /hns/public/index.php/images/edit_icon.png
[ log ] localhost/hns/public/index.php/images/edit_icon.png [运行时间：0.014502s][吞吐率：68.96req/s] [内存消耗：788.45kb] [文件加载：30]
[ info ] [ LANG ] D:\xampp\htdocs\hns\thinkphp\lang\zh-cn.php
[ info ] [ ROUTE ] array (
  'type' => 'module',
  'module' => 
  array (
    0 => 'images',
    1 => 'edit_icon.png',
    2 => NULL,
  ),
)
[ info ] [ HEADER ] array (
  'host' => 'localhost',
  'connection' => 'keep-alive',
  'user-agent' => 'Mozilla/5.0 (Windows NT 10.0; WOW64) AppleWebKit/537.36 (KHTML, like Gecko) Chrome/65.0.3325.146 Safari/537.36',
  'accept' => 'image/webp,image/apng,image/*,*/*;q=0.8',
  'referer' => 'http://localhost/hns/public/index.php/index',
  'accept-encoding' => 'gzip, deflate, br',
  'accept-language' => 'zh-CN,zh;q=0.9',
  'cookie' => 'pgv_pvi=878369792; Hm_lvt_080836300300be57b7f34f4b3e97d911=1522896617,1523184463,1523189357,1523251483; PHPSESSID=eoaigl7d6tb0h5io0hkb1t1mb3; pgv_si=s1459032064; Hm_lpvt_080836300300be57b7f34f4b3e97d911=1523268646',
)
[ info ] [ PARAM ] array (
)
[ info ] [ LOG ] INIT File

---------------------------------------------------------------
[ 2018-04-09T19:06:01+08:00 ] ::1 ::1 GET /hns/public/index.php/images/delete_item_btn.png
[ log ] localhost/hns/public/index.php/images/delete_item_btn.png [运行时间：0.013556s][吞吐率：73.77req/s] [内存消耗：788.55kb] [文件加载：30]
[ info ] [ LANG ] D:\xampp\htdocs\hns\thinkphp\lang\zh-cn.php
[ info ] [ ROUTE ] array (
  'type' => 'module',
  'module' => 
  array (
    0 => 'images',
    1 => 'delete_item_btn.png',
    2 => NULL,
  ),
)
[ info ] [ HEADER ] array (
  'host' => 'localhost',
  'connection' => 'keep-alive',
  'user-agent' => 'Mozilla/5.0 (Windows NT 10.0; WOW64) AppleWebKit/537.36 (KHTML, like Gecko) Chrome/65.0.3325.146 Safari/537.36',
  'accept' => 'image/webp,image/apng,image/*,*/*;q=0.8',
  'referer' => 'http://localhost/hns/public/index.php/index',
  'accept-encoding' => 'gzip, deflate, br',
  'accept-language' => 'zh-CN,zh;q=0.9',
  'cookie' => 'pgv_pvi=878369792; Hm_lvt_080836300300be57b7f34f4b3e97d911=1522896617,1523184463,1523189357,1523251483; PHPSESSID=eoaigl7d6tb0h5io0hkb1t1mb3; pgv_si=s1459032064; Hm_lpvt_080836300300be57b7f34f4b3e97d911=1523268646',
)
[ info ] [ PARAM ] array (
)
[ info ] [ LOG ] INIT File

---------------------------------------------------------------
[ 2018-04-09T19:06:01+08:00 ] ::1 ::1 GET /hns/public/index.php/images/banner1.jpg
[ log ] localhost/hns/public/index.php/images/banner1.jpg [运行时间：0.019873s][吞吐率：50.32req/s] [内存消耗：788.45kb] [文件加载：30]
[ info ] [ LANG ] D:\xampp\htdocs\hns\thinkphp\lang\zh-cn.php
[ info ] [ ROUTE ] array (
  'type' => 'module',
  'module' => 
  array (
    0 => 'images',
    1 => 'banner1.jpg',
    2 => NULL,
  ),
)
[ info ] [ HEADER ] array (
  'host' => 'localhost',
  'connection' => 'keep-alive',
  'user-agent' => 'Mozilla/5.0 (Windows NT 10.0; WOW64) AppleWebKit/537.36 (KHTML, like Gecko) Chrome/65.0.3325.146 Safari/537.36',
  'accept' => 'image/webp,image/apng,image/*,*/*;q=0.8',
  'referer' => 'http://localhost/hns/public/index.php/index',
  'accept-encoding' => 'gzip, deflate, br',
  'accept-language' => 'zh-CN,zh;q=0.9',
  'cookie' => 'pgv_pvi=878369792; Hm_lvt_080836300300be57b7f34f4b3e97d911=1522896617,1523184463,1523189357,1523251483; PHPSESSID=eoaigl7d6tb0h5io0hkb1t1mb3; pgv_si=s1459032064; Hm_lpvt_080836300300be57b7f34f4b3e97d911=1523268646',
)
[ info ] [ PARAM ] array (
)
[ info ] [ LOG ] INIT File

---------------------------------------------------------------
[ 2018-04-09T19:06:01+08:00 ] ::1 ::1 GET /hns/public/index.php/images/banner2.jpg
[ log ] localhost/hns/public/index.php/images/banner2.jpg [运行时间：0.019011s][吞吐率：52.60req/s] [内存消耗：788.45kb] [文件加载：30]
[ info ] [ LANG ] D:\xampp\htdocs\hns\thinkphp\lang\zh-cn.php
[ info ] [ ROUTE ] array (
  'type' => 'module',
  'module' => 
  array (
    0 => 'images',
    1 => 'banner2.jpg',
    2 => NULL,
  ),
)
[ info ] [ HEADER ] array (
  'host' => 'localhost',
  'connection' => 'keep-alive',
  'user-agent' => 'Mozilla/5.0 (Windows NT 10.0; WOW64) AppleWebKit/537.36 (KHTML, like Gecko) Chrome/65.0.3325.146 Safari/537.36',
  'accept' => 'image/webp,image/apng,image/*,*/*;q=0.8',
  'referer' => 'http://localhost/hns/public/index.php/index',
  'accept-encoding' => 'gzip, deflate, br',
  'accept-language' => 'zh-CN,zh;q=0.9',
  'cookie' => 'pgv_pvi=878369792; Hm_lvt_080836300300be57b7f34f4b3e97d911=1522896617,1523184463,1523189357,1523251483; PHPSESSID=eoaigl7d6tb0h5io0hkb1t1mb3; pgv_si=s1459032064; Hm_lpvt_080836300300be57b7f34f4b3e97d911=1523268646',
)
[ info ] [ PARAM ] array (
)
[ info ] [ LOG ] INIT File

---------------------------------------------------------------
[ 2018-04-09T19:06:01+08:00 ] ::1 ::1 GET /hns/public/index.php/images/banner3.jpg
[ log ] localhost/hns/public/index.php/images/banner3.jpg [运行时间：0.025383s][吞吐率：39.40req/s] [内存消耗：788.45kb] [文件加载：30]
[ info ] [ LANG ] D:\xampp\htdocs\hns\thinkphp\lang\zh-cn.php
[ info ] [ ROUTE ] array (
  'type' => 'module',
  'module' => 
  array (
    0 => 'images',
    1 => 'banner3.jpg',
    2 => NULL,
  ),
)
[ info ] [ HEADER ] array (
  'host' => 'localhost',
  'connection' => 'keep-alive',
  'user-agent' => 'Mozilla/5.0 (Windows NT 10.0; WOW64) AppleWebKit/537.36 (KHTML, like Gecko) Chrome/65.0.3325.146 Safari/537.36',
  'accept' => 'image/webp,image/apng,image/*,*/*;q=0.8',
  'referer' => 'http://localhost/hns/public/index.php/index',
  'accept-encoding' => 'gzip, deflate, br',
  'accept-language' => 'zh-CN,zh;q=0.9',
  'cookie' => 'pgv_pvi=878369792; Hm_lvt_080836300300be57b7f34f4b3e97d911=1522896617,1523184463,1523189357,1523251483; PHPSESSID=eoaigl7d6tb0h5io0hkb1t1mb3; pgv_si=s1459032064; Hm_lpvt_080836300300be57b7f34f4b3e97d911=1523268646',
)
[ info ] [ PARAM ] array (
)
[ info ] [ LOG ] INIT File

---------------------------------------------------------------
[ 2018-04-09T19:06:01+08:00 ] ::1 ::1 GET /hns/public/index.php/images/banner4.jpg
[ log ] localhost/hns/public/index.php/images/banner4.jpg [运行时间：0.022221s][吞吐率：45.00req/s] [内存消耗：788.45kb] [文件加载：30]
[ info ] [ LANG ] D:\xampp\htdocs\hns\thinkphp\lang\zh-cn.php
[ info ] [ ROUTE ] array (
  'type' => 'module',
  'module' => 
  array (
    0 => 'images',
    1 => 'banner4.jpg',
    2 => NULL,
  ),
)
[ info ] [ HEADER ] array (
  'host' => 'localhost',
  'connection' => 'keep-alive',
  'user-agent' => 'Mozilla/5.0 (Windows NT 10.0; WOW64) AppleWebKit/537.36 (KHTML, like Gecko) Chrome/65.0.3325.146 Safari/537.36',
  'accept' => 'image/webp,image/apng,image/*,*/*;q=0.8',
  'referer' => 'http://localhost/hns/public/index.php/index',
  'accept-encoding' => 'gzip, deflate, br',
  'accept-language' => 'zh-CN,zh;q=0.9',
  'cookie' => 'pgv_pvi=878369792; Hm_lvt_080836300300be57b7f34f4b3e97d911=1522896617,1523184463,1523189357,1523251483; PHPSESSID=eoaigl7d6tb0h5io0hkb1t1mb3; pgv_si=s1459032064; Hm_lpvt_080836300300be57b7f34f4b3e97d911=1523268646',
)
[ info ] [ PARAM ] array (
)
[ info ] [ LOG ] INIT File

---------------------------------------------------------------
[ 2018-04-09T19:06:01+08:00 ] ::1 ::1 GET /hns/public/index.php/images/hns/public/static2.jpg
[ log ] localhost/hns/public/index.php/images/hns/public/static2.jpg [运行时间：0.031894s][吞吐率：31.35req/s] [内存消耗：788.56kb] [文件加载：30]
[ info ] [ LANG ] D:\xampp\htdocs\hns\thinkphp\lang\zh-cn.php
[ info ] [ ROUTE ] array (
  'type' => 'module',
  'module' => 
  array (
    0 => 'images',
    1 => 'hns',
    2 => 'public',
  ),
)
[ info ] [ HEADER ] array (
  'host' => 'localhost',
  'connection' => 'keep-alive',
  'user-agent' => 'Mozilla/5.0 (Windows NT 10.0; WOW64) AppleWebKit/537.36 (KHTML, like Gecko) Chrome/65.0.3325.146 Safari/537.36',
  'accept' => 'image/webp,image/apng,image/*,*/*;q=0.8',
  'referer' => 'http://localhost/hns/public/index.php/index',
  'accept-encoding' => 'gzip, deflate, br',
  'accept-language' => 'zh-CN,zh;q=0.9',
  'cookie' => 'pgv_pvi=878369792; Hm_lvt_080836300300be57b7f34f4b3e97d911=1522896617,1523184463,1523189357,1523251483; PHPSESSID=eoaigl7d6tb0h5io0hkb1t1mb3; pgv_si=s1459032064; Hm_lpvt_080836300300be57b7f34f4b3e97d911=1523268646',
)
[ info ] [ PARAM ] array (
)
[ info ] [ LOG ] INIT File

---------------------------------------------------------------
[ 2018-04-09T19:06:01+08:00 ] ::1 ::1 GET /hns/public/index.php/images/hns/public/static1.jpg
[ log ] localhost/hns/public/index.php/images/hns/public/static1.jpg [运行时间：0.036325s][吞吐率：27.53req/s] [内存消耗：788.56kb] [文件加载：30]
[ info ] [ LANG ] D:\xampp\htdocs\hns\thinkphp\lang\zh-cn.php
[ info ] [ ROUTE ] array (
  'type' => 'module',
  'module' => 
  array (
    0 => 'images',
    1 => 'hns',
    2 => 'public',
  ),
)
[ info ] [ HEADER ] array (
  'host' => 'localhost',
  'connection' => 'keep-alive',
  'user-agent' => 'Mozilla/5.0 (Windows NT 10.0; WOW64) AppleWebKit/537.36 (KHTML, like Gecko) Chrome/65.0.3325.146 Safari/537.36',
  'accept' => 'image/webp,image/apng,image/*,*/*;q=0.8',
  'referer' => 'http://localhost/hns/public/index.php/index',
  'accept-encoding' => 'gzip, deflate, br',
  'accept-language' => 'zh-CN,zh;q=0.9',
  'cookie' => 'pgv_pvi=878369792; Hm_lvt_080836300300be57b7f34f4b3e97d911=1522896617,1523184463,1523189357,1523251483; PHPSESSID=eoaigl7d6tb0h5io0hkb1t1mb3; pgv_si=s1459032064; Hm_lpvt_080836300300be57b7f34f4b3e97d911=1523268646',
)
[ info ] [ PARAM ] array (
)
[ info ] [ LOG ] INIT File

---------------------------------------------------------------
[ 2018-04-09T19:06:01+08:00 ] ::1 ::1 GET /hns/public/index.php/images/default_img.png
[ log ] localhost/hns/public/index.php/images/default_img.png [运行时间：0.027657s][吞吐率：36.16req/s] [内存消耗：788.45kb] [文件加载：30]
[ info ] [ LANG ] D:\xampp\htdocs\hns\thinkphp\lang\zh-cn.php
[ info ] [ ROUTE ] array (
  'type' => 'module',
  'module' => 
  array (
    0 => 'images',
    1 => 'default_img.png',
    2 => NULL,
  ),
)
[ info ] [ HEADER ] array (
  'host' => 'localhost',
  'connection' => 'keep-alive',
  'user-agent' => 'Mozilla/5.0 (Windows NT 10.0; WOW64) AppleWebKit/537.36 (KHTML, like Gecko) Chrome/65.0.3325.146 Safari/537.36',
  'accept' => 'image/webp,image/apng,image/*,*/*;q=0.8',
  'referer' => 'http://localhost/hns/public/index.php/index',
  'accept-encoding' => 'gzip, deflate, br',
  'accept-language' => 'zh-CN,zh;q=0.9',
  'cookie' => 'pgv_pvi=878369792; Hm_lvt_080836300300be57b7f34f4b3e97d911=1522896617,1523184463,1523189357,1523251483; PHPSESSID=eoaigl7d6tb0h5io0hkb1t1mb3; pgv_si=s1459032064; Hm_lpvt_080836300300be57b7f34f4b3e97d911=1523268646',
)
[ info ] [ PARAM ] array (
)
[ info ] [ LOG ] INIT File

---------------------------------------------------------------
[ 2018-04-09T19:06:01+08:00 ] ::1 ::1 GET /hns/public/index.php/images/quick_view_img.png
[ log ] localhost/hns/public/index.php/images/quick_view_img.png [运行时间：0.028791s][吞吐率：34.73req/s] [内存消耗：788.49kb] [文件加载：30]
[ info ] [ LANG ] D:\xampp\htdocs\hns\thinkphp\lang\zh-cn.php
[ info ] [ ROUTE ] array (
  'type' => 'module',
  'module' => 
  array (
    0 => 'images',
    1 => 'quick_view_img.png',
    2 => NULL,
  ),
)
[ info ] [ HEADER ] array (
  'host' => 'localhost',
  'connection' => 'keep-alive',
  'user-agent' => 'Mozilla/5.0 (Windows NT 10.0; WOW64) AppleWebKit/537.36 (KHTML, like Gecko) Chrome/65.0.3325.146 Safari/537.36',
  'accept' => 'image/webp,image/apng,image/*,*/*;q=0.8',
  'referer' => 'http://localhost/hns/public/index.php/index',
  'accept-encoding' => 'gzip, deflate, br',
  'accept-language' => 'zh-CN,zh;q=0.9',
  'cookie' => 'pgv_pvi=878369792; Hm_lvt_080836300300be57b7f34f4b3e97d911=1522896617,1523184463,1523189357,1523251483; PHPSESSID=eoaigl7d6tb0h5io0hkb1t1mb3; pgv_si=s1459032064; Hm_lpvt_080836300300be57b7f34f4b3e97d911=1523268646',
)
[ info ] [ PARAM ] array (
)
[ info ] [ LOG ] INIT File

---------------------------------------------------------------
[ 2018-04-09T19:06:01+08:00 ] ::1 ::1 GET /hns/public/index.php/images/quick_thum_img.png
[ log ] localhost/hns/public/index.php/images/quick_thum_img.png [运行时间：0.020191s][吞吐率：49.53req/s] [内存消耗：788.49kb] [文件加载：30]
[ info ] [ LANG ] D:\xampp\htdocs\hns\thinkphp\lang\zh-cn.php
[ info ] [ ROUTE ] array (
  'type' => 'module',
  'module' => 
  array (
    0 => 'images',
    1 => 'quick_thum_img.png',
    2 => NULL,
  ),
)
[ info ] [ HEADER ] array (
  'host' => 'localhost',
  'connection' => 'keep-alive',
  'user-agent' => 'Mozilla/5.0 (Windows NT 10.0; WOW64) AppleWebKit/537.36 (KHTML, like Gecko) Chrome/65.0.3325.146 Safari/537.36',
  'accept' => 'image/webp,image/apng,image/*,*/*;q=0.8',
  'referer' => 'http://localhost/hns/public/index.php/index',
  'accept-encoding' => 'gzip, deflate, br',
  'accept-language' => 'zh-CN,zh;q=0.9',
  'cookie' => 'pgv_pvi=878369792; Hm_lvt_080836300300be57b7f34f4b3e97d911=1522896617,1523184463,1523189357,1523251483; PHPSESSID=eoaigl7d6tb0h5io0hkb1t1mb3; pgv_si=s1459032064; Hm_lpvt_080836300300be57b7f34f4b3e97d911=1523268646',
)
[ info ] [ PARAM ] array (
)
[ info ] [ LOG ] INIT File

---------------------------------------------------------------
[ 2018-04-09T19:06:01+08:00 ] ::1 ::1 GET /hns/public/index.php/images/qty_prev.png
[ log ] localhost/hns/public/index.php/images/qty_prev.png [运行时间：0.021332s][吞吐率：46.88req/s] [内存消耗：788.45kb] [文件加载：30]
[ info ] [ LANG ] D:\xampp\htdocs\hns\thinkphp\lang\zh-cn.php
[ info ] [ ROUTE ] array (
  'type' => 'module',
  'module' => 
  array (
    0 => 'images',
    1 => 'qty_prev.png',
    2 => NULL,
  ),
)
[ info ] [ HEADER ] array (
  'host' => 'localhost',
  'connection' => 'keep-alive',
  'user-agent' => 'Mozilla/5.0 (Windows NT 10.0; WOW64) AppleWebKit/537.36 (KHTML, like Gecko) Chrome/65.0.3325.146 Safari/537.36',
  'accept' => 'image/webp,image/apng,image/*,*/*;q=0.8',
  'referer' => 'http://localhost/hns/public/index.php/index',
  'accept-encoding' => 'gzip, deflate, br',
  'accept-language' => 'zh-CN,zh;q=0.9',
  'cookie' => 'pgv_pvi=878369792; Hm_lvt_080836300300be57b7f34f4b3e97d911=1522896617,1523184463,1523189357,1523251483; PHPSESSID=eoaigl7d6tb0h5io0hkb1t1mb3; pgv_si=s1459032064; Hm_lpvt_080836300300be57b7f34f4b3e97d911=1523268646',
)
[ info ] [ PARAM ] array (
)
[ info ] [ LOG ] INIT File

---------------------------------------------------------------
[ 2018-04-09T19:06:01+08:00 ] ::1 ::1 GET /hns/public/index.php/images/facebook.png
[ log ] localhost/hns/public/index.php/images/facebook.png [运行时间：0.025269s][吞吐率：39.57req/s] [内存消耗：788.45kb] [文件加载：30]
[ info ] [ LANG ] D:\xampp\htdocs\hns\thinkphp\lang\zh-cn.php
[ info ] [ ROUTE ] array (
  'type' => 'module',
  'module' => 
  array (
    0 => 'images',
    1 => 'facebook.png',
    2 => NULL,
  ),
)
[ info ] [ HEADER ] array (
  'host' => 'localhost',
  'connection' => 'keep-alive',
  'user-agent' => 'Mozilla/5.0 (Windows NT 10.0; WOW64) AppleWebKit/537.36 (KHTML, like Gecko) Chrome/65.0.3325.146 Safari/537.36',
  'accept' => 'image/webp,image/apng,image/*,*/*;q=0.8',
  'referer' => 'http://localhost/hns/public/index.php/index',
  'accept-encoding' => 'gzip, deflate, br',
  'accept-language' => 'zh-CN,zh;q=0.9',
  'cookie' => 'pgv_pvi=878369792; Hm_lvt_080836300300be57b7f34f4b3e97d911=1522896617,1523184463,1523189357,1523251483; PHPSESSID=eoaigl7d6tb0h5io0hkb1t1mb3; pgv_si=s1459032064; Hm_lpvt_080836300300be57b7f34f4b3e97d911=1523268646',
)
[ info ] [ PARAM ] array (
)
[ info ] [ LOG ] INIT File

---------------------------------------------------------------
[ 2018-04-09T19:06:01+08:00 ] ::1 ::1 GET /hns/public/index.php/images/qty_next.png
[ log ] localhost/hns/public/index.php/images/qty_next.png [运行时间：0.039067s][吞吐率：25.60req/s] [内存消耗：788.45kb] [文件加载：30]
[ info ] [ LANG ] D:\xampp\htdocs\hns\thinkphp\lang\zh-cn.php
[ info ] [ ROUTE ] array (
  'type' => 'module',
  'module' => 
  array (
    0 => 'images',
    1 => 'qty_next.png',
    2 => NULL,
  ),
)
[ info ] [ HEADER ] array (
  'host' => 'localhost',
  'connection' => 'keep-alive',
  'user-agent' => 'Mozilla/5.0 (Windows NT 10.0; WOW64) AppleWebKit/537.36 (KHTML, like Gecko) Chrome/65.0.3325.146 Safari/537.36',
  'accept' => 'image/webp,image/apng,image/*,*/*;q=0.8',
  'referer' => 'http://localhost/hns/public/index.php/index',
  'accept-encoding' => 'gzip, deflate, br',
  'accept-language' => 'zh-CN,zh;q=0.9',
  'cookie' => 'pgv_pvi=878369792; Hm_lvt_080836300300be57b7f34f4b3e97d911=1522896617,1523184463,1523189357,1523251483; PHPSESSID=eoaigl7d6tb0h5io0hkb1t1mb3; pgv_si=s1459032064; Hm_lpvt_080836300300be57b7f34f4b3e97d911=1523268646',
)
[ info ] [ PARAM ] array (
)
[ info ] [ LOG ] INIT File

---------------------------------------------------------------
[ 2018-04-09T19:06:01+08:00 ] ::1 ::1 GET /hns/public/index.php/images/sale_icon_img.png
[ log ] localhost/hns/public/index.php/images/sale_icon_img.png [运行时间：0.067580s][吞吐率：14.80req/s] [内存消耗：788.49kb] [文件加载：30]
[ info ] [ LANG ] D:\xampp\htdocs\hns\thinkphp\lang\zh-cn.php
[ info ] [ ROUTE ] array (
  'type' => 'module',
  'module' => 
  array (
    0 => 'images',
    1 => 'sale_icon_img.png',
    2 => NULL,
  ),
)
[ info ] [ HEADER ] array (
  'host' => 'localhost',
  'connection' => 'keep-alive',
  'user-agent' => 'Mozilla/5.0 (Windows NT 10.0; WOW64) AppleWebKit/537.36 (KHTML, like Gecko) Chrome/65.0.3325.146 Safari/537.36',
  'accept' => 'image/webp,image/apng,image/*,*/*;q=0.8',
  'referer' => 'http://localhost/hns/public/index.php/index',
  'accept-encoding' => 'gzip, deflate, br',
  'accept-language' => 'zh-CN,zh;q=0.9',
  'cookie' => 'pgv_pvi=878369792; Hm_lvt_080836300300be57b7f34f4b3e97d911=1522896617,1523184463,1523189357,1523251483; PHPSESSID=eoaigl7d6tb0h5io0hkb1t1mb3; pgv_si=s1459032064; Hm_lpvt_080836300300be57b7f34f4b3e97d911=1523268646',
)
[ info ] [ PARAM ] array (
)
[ info ] [ LOG ] INIT File

---------------------------------------------------------------
[ 2018-04-09T19:06:01+08:00 ] ::1 ::1 GET /hns/public/index.php/images/rss.png
[ log ] localhost/hns/public/index.php/images/rss.png [运行时间：0.031211s][吞吐率：32.04req/s] [内存消耗：788.35kb] [文件加载：30]
[ info ] [ LANG ] D:\xampp\htdocs\hns\thinkphp\lang\zh-cn.php
[ info ] [ ROUTE ] array (
  'type' => 'module',
  'module' => 
  array (
    0 => 'images',
    1 => 'rss.png',
    2 => NULL,
  ),
)
[ info ] [ HEADER ] array (
  'host' => 'localhost',
  'connection' => 'keep-alive',
  'user-agent' => 'Mozilla/5.0 (Windows NT 10.0; WOW64) AppleWebKit/537.36 (KHTML, like Gecko) Chrome/65.0.3325.146 Safari/537.36',
  'accept' => 'image/webp,image/apng,image/*,*/*;q=0.8',
  'referer' => 'http://localhost/hns/public/index.php/index',
  'accept-encoding' => 'gzip, deflate, br',
  'accept-language' => 'zh-CN,zh;q=0.9',
  'cookie' => 'pgv_pvi=878369792; Hm_lvt_080836300300be57b7f34f4b3e97d911=1522896617,1523184463,1523189357,1523251483; PHPSESSID=eoaigl7d6tb0h5io0hkb1t1mb3; pgv_si=s1459032064; Hm_lpvt_080836300300be57b7f34f4b3e97d911=1523268646',
)
[ info ] [ PARAM ] array (
)
[ info ] [ LOG ] INIT File

---------------------------------------------------------------
[ 2018-04-09T19:06:01+08:00 ] ::1 ::1 GET /hns/public/index.php/images/dribbble.png
[ log ] localhost/hns/public/index.php/images/dribbble.png [运行时间：0.024241s][吞吐率：41.25req/s] [内存消耗：788.45kb] [文件加载：30]
[ info ] [ LANG ] D:\xampp\htdocs\hns\thinkphp\lang\zh-cn.php
[ info ] [ ROUTE ] array (
  'type' => 'module',
  'module' => 
  array (
    0 => 'images',
    1 => 'dribbble.png',
    2 => NULL,
  ),
)
[ info ] [ HEADER ] array (
  'host' => 'localhost',
  'connection' => 'keep-alive',
  'user-agent' => 'Mozilla/5.0 (Windows NT 10.0; WOW64) AppleWebKit/537.36 (KHTML, like Gecko) Chrome/65.0.3325.146 Safari/537.36',
  'accept' => 'image/webp,image/apng,image/*,*/*;q=0.8',
  'referer' => 'http://localhost/hns/public/index.php/index',
  'accept-encoding' => 'gzip, deflate, br',
  'accept-language' => 'zh-CN,zh;q=0.9',
  'cookie' => 'pgv_pvi=878369792; Hm_lvt_080836300300be57b7f34f4b3e97d911=1522896617,1523184463,1523189357,1523251483; PHPSESSID=eoaigl7d6tb0h5io0hkb1t1mb3; pgv_si=s1459032064; Hm_lpvt_080836300300be57b7f34f4b3e97d911=1523268646',
)
[ info ] [ PARAM ] array (
)
[ info ] [ LOG ] INIT File

---------------------------------------------------------------
[ 2018-04-09T19:06:01+08:00 ] ::1 ::1 GET /hns/public/index.php/images/twitter.png
[ log ] localhost/hns/public/index.php/images/twitter.png [运行时间：0.045895s][吞吐率：21.79req/s] [内存消耗：788.45kb] [文件加载：30]
[ info ] [ LANG ] D:\xampp\htdocs\hns\thinkphp\lang\zh-cn.php
[ info ] [ ROUTE ] array (
  'type' => 'module',
  'module' => 
  array (
    0 => 'images',
    1 => 'twitter.png',
    2 => NULL,
  ),
)
[ info ] [ HEADER ] array (
  'host' => 'localhost',
  'connection' => 'keep-alive',
  'user-agent' => 'Mozilla/5.0 (Windows NT 10.0; WOW64) AppleWebKit/537.36 (KHTML, like Gecko) Chrome/65.0.3325.146 Safari/537.36',
  'accept' => 'image/webp,image/apng,image/*,*/*;q=0.8',
  'referer' => 'http://localhost/hns/public/index.php/index',
  'accept-encoding' => 'gzip, deflate, br',
  'accept-language' => 'zh-CN,zh;q=0.9',
  'cookie' => 'pgv_pvi=878369792; Hm_lvt_080836300300be57b7f34f4b3e97d911=1522896617,1523184463,1523189357,1523251483; PHPSESSID=eoaigl7d6tb0h5io0hkb1t1mb3; pgv_si=s1459032064; Hm_lpvt_080836300300be57b7f34f4b3e97d911=1523268646',
)
[ info ] [ PARAM ] array (
)
[ info ] [ LOG ] INIT File

---------------------------------------------------------------
[ 2018-04-09T19:06:01+08:00 ] ::1 ::1 GET /hns/public/index.php/images/skype.png
[ log ] localhost/hns/public/index.php/images/skype.png [运行时间：0.025223s][吞吐率：39.65req/s] [内存消耗：788.40kb] [文件加载：30]
[ info ] [ LANG ] D:\xampp\htdocs\hns\thinkphp\lang\zh-cn.php
[ info ] [ ROUTE ] array (
  'type' => 'module',
  'module' => 
  array (
    0 => 'images',
    1 => 'skype.png',
    2 => NULL,
  ),
)
[ info ] [ HEADER ] array (
  'host' => 'localhost',
  'connection' => 'keep-alive',
  'user-agent' => 'Mozilla/5.0 (Windows NT 10.0; WOW64) AppleWebKit/537.36 (KHTML, like Gecko) Chrome/65.0.3325.146 Safari/537.36',
  'accept' => 'image/webp,image/apng,image/*,*/*;q=0.8',
  'referer' => 'http://localhost/hns/public/index.php/index',
  'accept-encoding' => 'gzip, deflate, br',
  'accept-language' => 'zh-CN,zh;q=0.9',
  'cookie' => 'pgv_pvi=878369792; Hm_lvt_080836300300be57b7f34f4b3e97d911=1522896617,1523184463,1523189357,1523251483; PHPSESSID=eoaigl7d6tb0h5io0hkb1t1mb3; pgv_si=s1459032064; Hm_lpvt_080836300300be57b7f34f4b3e97d911=1523268646',
)
[ info ] [ PARAM ] array (
)
[ info ] [ LOG ] INIT File

---------------------------------------------------------------
[ 2018-04-09T19:06:01+08:00 ] ::1 ::1 GET /hns/public/index.php/images/youtube.png
[ log ] localhost/hns/public/index.php/images/youtube.png [运行时间：0.027475s][吞吐率：36.40req/s] [内存消耗：788.45kb] [文件加载：30]
[ info ] [ LANG ] D:\xampp\htdocs\hns\thinkphp\lang\zh-cn.php
[ info ] [ ROUTE ] array (
  'type' => 'module',
  'module' => 
  array (
    0 => 'images',
    1 => 'youtube.png',
    2 => NULL,
  ),
)
[ info ] [ HEADER ] array (
  'host' => 'localhost',
  'connection' => 'keep-alive',
  'user-agent' => 'Mozilla/5.0 (Windows NT 10.0; WOW64) AppleWebKit/537.36 (KHTML, like Gecko) Chrome/65.0.3325.146 Safari/537.36',
  'accept' => 'image/webp,image/apng,image/*,*/*;q=0.8',
  'referer' => 'http://localhost/hns/public/index.php/index',
  'accept-encoding' => 'gzip, deflate, br',
  'accept-language' => 'zh-CN,zh;q=0.9',
  'cookie' => 'pgv_pvi=878369792; Hm_lvt_080836300300be57b7f34f4b3e97d911=1522896617,1523184463,1523189357,1523251483; PHPSESSID=eoaigl7d6tb0h5io0hkb1t1mb3; pgv_si=s1459032064; Hm_lpvt_080836300300be57b7f34f4b3e97d911=1523268646',
)
[ info ] [ PARAM ] array (
)
[ info ] [ LOG ] INIT File

---------------------------------------------------------------
[ 2018-04-09T19:06:01+08:00 ] ::1 ::1 GET /hns/public/index.php/images/small_img.png
[ log ] localhost/hns/public/index.php/images/small_img.png [运行时间：0.027150s][吞吐率：36.83req/s] [内存消耗：788.45kb] [文件加载：30]
[ info ] [ LANG ] D:\xampp\htdocs\hns\thinkphp\lang\zh-cn.php
[ info ] [ ROUTE ] array (
  'type' => 'module',
  'module' => 
  array (
    0 => 'images',
    1 => 'small_img.png',
    2 => NULL,
  ),
)
[ info ] [ HEADER ] array (
  'host' => 'localhost',
  'connection' => 'keep-alive',
  'user-agent' => 'Mozilla/5.0 (Windows NT 10.0; WOW64) AppleWebKit/537.36 (KHTML, like Gecko) Chrome/65.0.3325.146 Safari/537.36',
  'accept' => 'image/webp,image/apng,image/*,*/*;q=0.8',
  'referer' => 'http://localhost/hns/public/index.php/index',
  'accept-encoding' => 'gzip, deflate, br',
  'accept-language' => 'zh-CN,zh;q=0.9',
  'cookie' => 'pgv_pvi=878369792; Hm_lvt_080836300300be57b7f34f4b3e97d911=1522896617,1523184463,1523189357,1523251483; PHPSESSID=eoaigl7d6tb0h5io0hkb1t1mb3; pgv_si=s1459032064; Hm_lpvt_080836300300be57b7f34f4b3e97d911=1523268646',
)
[ info ] [ PARAM ] array (
)
[ info ] [ LOG ] INIT File

---------------------------------------------------------------
[ 2018-04-09T19:06:01+08:00 ] ::1 ::1 GET /hns/public/index.php/images/payment.png
[ log ] localhost/hns/public/index.php/images/payment.png [运行时间：0.042380s][吞吐率：23.60req/s] [内存消耗：788.45kb] [文件加载：30]
[ info ] [ LANG ] D:\xampp\htdocs\hns\thinkphp\lang\zh-cn.php
[ info ] [ ROUTE ] array (
  'type' => 'module',
  'module' => 
  array (
    0 => 'images',
    1 => 'payment.png',
    2 => NULL,
  ),
)
[ info ] [ HEADER ] array (
  'host' => 'localhost',
  'connection' => 'keep-alive',
  'user-agent' => 'Mozilla/5.0 (Windows NT 10.0; WOW64) AppleWebKit/537.36 (KHTML, like Gecko) Chrome/65.0.3325.146 Safari/537.36',
  'accept' => 'image/webp,image/apng,image/*,*/*;q=0.8',
  'referer' => 'http://localhost/hns/public/index.php/index',
  'accept-encoding' => 'gzip, deflate, br',
  'accept-language' => 'zh-CN,zh;q=0.9',
  'cookie' => 'pgv_pvi=878369792; Hm_lvt_080836300300be57b7f34f4b3e97d911=1522896617,1523184463,1523189357,1523251483; PHPSESSID=eoaigl7d6tb0h5io0hkb1t1mb3; pgv_si=s1459032064; Hm_lpvt_080836300300be57b7f34f4b3e97d911=1523268646',
)
[ info ] [ PARAM ] array (
)
[ info ] [ LOG ] INIT File

---------------------------------------------------------------
[ 2018-04-09T19:06:01+08:00 ] ::1 ::1 GET /hns/public/index.php/images/edit_icon.png
[ log ] localhost/hns/public/index.php/images/edit_icon.png [运行时间：0.026455s][吞吐率：37.80req/s] [内存消耗：788.45kb] [文件加载：30]
[ info ] [ LANG ] D:\xampp\htdocs\hns\thinkphp\lang\zh-cn.php
[ info ] [ ROUTE ] array (
  'type' => 'module',
  'module' => 
  array (
    0 => 'images',
    1 => 'edit_icon.png',
    2 => NULL,
  ),
)
[ info ] [ HEADER ] array (
  'host' => 'localhost',
  'connection' => 'keep-alive',
  'user-agent' => 'Mozilla/5.0 (Windows NT 10.0; WOW64) AppleWebKit/537.36 (KHTML, like Gecko) Chrome/65.0.3325.146 Safari/537.36',
  'accept' => 'image/webp,image/apng,image/*,*/*;q=0.8',
  'referer' => 'http://localhost/hns/public/index.php/index',
  'accept-encoding' => 'gzip, deflate, br',
  'accept-language' => 'zh-CN,zh;q=0.9',
  'cookie' => 'pgv_pvi=878369792; Hm_lvt_080836300300be57b7f34f4b3e97d911=1522896617,1523184463,1523189357,1523251483; PHPSESSID=eoaigl7d6tb0h5io0hkb1t1mb3; pgv_si=s1459032064; Hm_lpvt_080836300300be57b7f34f4b3e97d911=1523268646',
)
[ info ] [ PARAM ] array (
)
[ info ] [ LOG ] INIT File

---------------------------------------------------------------
[ 2018-04-09T19:06:45+08:00 ] ::1 ::1 GET /hns/public/index.php/admin
[ log ] localhost/hns/public/index.php/admin [运行时间：0.022125s][吞吐率：45.20req/s] [内存消耗：1,209.80kb] [文件加载：38]
[ info ] [ LANG ] D:\xampp\htdocs\hns\thinkphp\lang\zh-cn.php
[ info ] [ ROUTE ] array (
  'type' => 'module',
  'module' => 
  array (
    0 => 'admin',
    1 => NULL,
    2 => NULL,
  ),
)
[ info ] [ HEADER ] array (
  'host' => 'localhost',
  'connection' => 'keep-alive',
  'upgrade-insecure-requests' => '1',
  'user-agent' => 'Mozilla/5.0 (Windows NT 10.0; WOW64) AppleWebKit/537.36 (KHTML, like Gecko) Chrome/65.0.3325.146 Safari/537.36',
  'accept' => 'text/html,application/xhtml+xml,application/xml;q=0.9,image/webp,image/apng,*/*;q=0.8',
  'accept-encoding' => 'gzip, deflate, br',
  'accept-language' => 'zh-CN,zh;q=0.9',
  'cookie' => 'pgv_pvi=878369792; Hm_lvt_080836300300be57b7f34f4b3e97d911=1522896617,1523184463,1523189357,1523251483; PHPSESSID=eoaigl7d6tb0h5io0hkb1t1mb3; pgv_si=s1459032064; Hm_lpvt_080836300300be57b7f34f4b3e97d911=1523268646',
)
[ info ] [ PARAM ] array (
)
[ info ] [ RUN ] app\admin\controller\Index->index[ D:\xampp\htdocs\hns\application\admin\controller\Index.php ]
[ info ] [ VIEW ] D:\xampp\htdocs\hns\public/../application/admin\view\index\index.html [ array (
) ]
[ info ] [ SESSION ] INIT array (
  'id' => '',
  'var_session_id' => '',
  'prefix' => 'think',
  'type' => '',
  'auto_start' => true,
)
[ info ] [ LOG ] INIT File

---------------------------------------------------------------
[ 2018-04-09T19:06:46+08:00 ] ::1 ::1 GET /hns/public/index.php/admin
[ log ] localhost/hns/public/index.php/admin [运行时间：0.018051s][吞吐率：55.40req/s] [内存消耗：1,083.77kb] [文件加载：36]
[ info ] [ LANG ] D:\xampp\htdocs\hns\thinkphp\lang\zh-cn.php
[ info ] [ ROUTE ] array (
  'type' => 'module',
  'module' => 
  array (
    0 => 'admin',
    1 => NULL,
    2 => NULL,
  ),
)
[ info ] [ HEADER ] array (
  'host' => 'localhost',
  'connection' => 'keep-alive',
  'upgrade-insecure-requests' => '1',
  'user-agent' => 'Mozilla/5.0 (Windows NT 10.0; WOW64) AppleWebKit/537.36 (KHTML, like Gecko) Chrome/65.0.3325.146 Safari/537.36',
  'accept' => 'text/html,application/xhtml+xml,application/xml;q=0.9,image/webp,image/apng,*/*;q=0.8',
  'accept-encoding' => 'gzip, deflate, br',
  'accept-language' => 'zh-CN,zh;q=0.9',
  'cookie' => 'pgv_pvi=878369792; Hm_lvt_080836300300be57b7f34f4b3e97d911=1522896617,1523184463,1523189357,1523251483; PHPSESSID=eoaigl7d6tb0h5io0hkb1t1mb3; pgv_si=s1459032064; Hm_lpvt_080836300300be57b7f34f4b3e97d911=1523268646',
)
[ info ] [ PARAM ] array (
)
[ info ] [ RUN ] app\admin\controller\Index->index[ D:\xampp\htdocs\hns\application\admin\controller\Index.php ]
[ info ] [ VIEW ] D:\xampp\htdocs\hns\public/../application/admin\view\index\index.html [ array (
) ]
[ info ] [ SESSION ] INIT array (
  'id' => '',
  'var_session_id' => '',
  'prefix' => 'think',
  'type' => '',
  'auto_start' => true,
)
[ info ] [ LOG ] INIT File

---------------------------------------------------------------
[ 2018-04-09T19:12:00+08:00 ] ::1 ::1 GET /hns/public/index.php/admin/captcha
[ log ] localhost/hns/public/index.php/admin/captcha [运行时间：0.027101s][吞吐率：36.90req/s] [内存消耗：1,310.15kb] [文件加载：41]
[ info ] [ LANG ] D:\xampp\htdocs\hns\thinkphp\lang\zh-cn.php
[ info ] [ ROUTE ] array (
  'type' => 'module',
  'module' => 
  array (
    0 => 'admin',
    1 => 'captcha',
    2 => NULL,
  ),
)
[ info ] [ HEADER ] array (
  'host' => 'localhost',
  'connection' => 'keep-alive',
  'upgrade-insecure-requests' => '1',
  'user-agent' => 'Mozilla/5.0 (Windows NT 10.0; WOW64) AppleWebKit/537.36 (KHTML, like Gecko) Chrome/65.0.3325.146 Safari/537.36',
  'accept' => 'text/html,application/xhtml+xml,application/xml;q=0.9,image/webp,image/apng,*/*;q=0.8',
  'accept-encoding' => 'gzip, deflate, br',
  'accept-language' => 'zh-CN,zh;q=0.9',
  'cookie' => 'pgv_pvi=878369792; Hm_lvt_080836300300be57b7f34f4b3e97d911=1522896617,1523184463,1523189357,1523251483; PHPSESSID=eoaigl7d6tb0h5io0hkb1t1mb3; pgv_si=s1459032064; Hm_lpvt_080836300300be57b7f34f4b3e97d911=1523268646',
)
[ info ] [ PARAM ] array (
)
[ info ] [ RUN ] app\admin\controller\Captcha->index[ D:\xampp\htdocs\hns\application\admin\controller\Captcha.php ]
[ info ] [ VIEW ] D:\xampp\htdocs\hns\public/../application/admin\view\captcha\index.html [ array (
) ]
[ info ] [ LOG ] INIT File

---------------------------------------------------------------
[ 2018-04-09T19:12:00+08:00 ] ::1 ::1 GET /hns/public/index.php/captcha.html
[ log ] localhost/hns/public/index.php/captcha.html [运行时间：0.026888s][吞吐率：37.19req/s] [内存消耗：995.88kb] [文件加载：32]
[ info ] [ LANG ] D:\xampp\htdocs\hns\thinkphp\lang\zh-cn.php
[ info ] [ ROUTE ] array (
  'type' => 'method',
  'method' => 
  array (
    0 => '\\think\\captcha\\CaptchaController',
    1 => 'index',
  ),
  'var' => 
  array (
  ),
)
[ info ] [ HEADER ] array (
  'host' => 'localhost',
  'connection' => 'keep-alive',
  'user-agent' => 'Mozilla/5.0 (Windows NT 10.0; WOW64) AppleWebKit/537.36 (KHTML, like Gecko) Chrome/65.0.3325.146 Safari/537.36',
  'accept' => 'image/webp,image/apng,image/*,*/*;q=0.8',
  'referer' => 'http://localhost/hns/public/index.php/admin/captcha',
  'accept-encoding' => 'gzip, deflate, br',
  'accept-language' => 'zh-CN,zh;q=0.9',
  'cookie' => 'pgv_pvi=878369792; Hm_lvt_080836300300be57b7f34f4b3e97d911=1522896617,1523184463,1523189357,1523251483; PHPSESSID=eoaigl7d6tb0h5io0hkb1t1mb3; pgv_si=s1459032064; Hm_lpvt_080836300300be57b7f34f4b3e97d911=1523268646',
)
[ info ] [ PARAM ] array (
  'id' => NULL,
)
[ info ] [ RUN ] think\captcha\CaptchaController->index[ D:\xampp\htdocs\hns\vendor\topthink\think-captcha\src\CaptchaController.php ]
[ info ] [ SESSION ] INIT array (
  'id' => '',
  'var_session_id' => '',
  'prefix' => 'think',
  'type' => '',
  'auto_start' => true,
)
[ info ] [ LOG ] INIT File

---------------------------------------------------------------
[ 2018-04-09T19:12:14+08:00 ] ::1 ::1 GET /hns/public/index.php/admin/login
[ log ] localhost/hns/public/index.php/admin/login [运行时间：0.022697s][吞吐率：44.06req/s] [内存消耗：1,320.21kb] [文件加载：41]
[ info ] [ LANG ] D:\xampp\htdocs\hns\thinkphp\lang\zh-cn.php
[ info ] [ ROUTE ] array (
  'type' => 'module',
  'module' => 
  array (
    0 => 'admin',
    1 => 'login',
    2 => NULL,
  ),
)
[ info ] [ HEADER ] array (
  'host' => 'localhost',
  'connection' => 'keep-alive',
  'upgrade-insecure-requests' => '1',
  'user-agent' => 'Mozilla/5.0 (Windows NT 10.0; WOW64) AppleWebKit/537.36 (KHTML, like Gecko) Chrome/65.0.3325.146 Safari/537.36',
  'accept' => 'text/html,application/xhtml+xml,application/xml;q=0.9,image/webp,image/apng,*/*;q=0.8',
  'accept-encoding' => 'gzip, deflate, br',
  'accept-language' => 'zh-CN,zh;q=0.9',
  'cookie' => 'pgv_pvi=878369792; Hm_lvt_080836300300be57b7f34f4b3e97d911=1522896617,1523184463,1523189357,1523251483; PHPSESSID=eoaigl7d6tb0h5io0hkb1t1mb3; pgv_si=s1459032064; Hm_lpvt_080836300300be57b7f34f4b3e97d911=1523268646',
)
[ info ] [ PARAM ] array (
)
[ info ] [ RUN ] app\admin\controller\Login->index[ D:\xampp\htdocs\hns\application\admin\controller\Login.php ]
[ info ] [ VIEW ] D:\xampp\htdocs\hns\public/../application/admin\view\login\index.html [ array (
) ]
[ info ] [ LOG ] INIT File

---------------------------------------------------------------
[ 2018-04-09T19:12:14+08:00 ] ::1 ::1 GET /hns/public/index.php/admin/lib/jquery/1.9.1/jquery.min.js
[ log ] localhost/hns/public/index.php/admin/lib/jquery/1.9.1/jquery.min.js [运行时间：0.027034s][吞吐率：36.99req/s] [内存消耗：978.68kb] [文件加载：33]
[ info ] [ LANG ] D:\xampp\htdocs\hns\thinkphp\lang\zh-cn.php
[ info ] [ ROUTE ] array (
  'type' => 'module',
  'module' => 
  array (
    0 => 'admin',
    1 => 'lib',
    2 => 'jquery',
  ),
)
[ info ] [ HEADER ] array (
  'host' => 'localhost',
  'connection' => 'keep-alive',
  'user-agent' => 'Mozilla/5.0 (Windows NT 10.0; WOW64) AppleWebKit/537.36 (KHTML, like Gecko) Chrome/65.0.3325.146 Safari/537.36',
  'accept' => '*/*',
  'referer' => 'http://localhost/hns/public/index.php/admin/login',
  'accept-encoding' => 'gzip, deflate, br',
  'accept-language' => 'zh-CN,zh;q=0.9',
  'cookie' => 'pgv_pvi=878369792; Hm_lvt_080836300300be57b7f34f4b3e97d911=1522896617,1523184463,1523189357,1523251483; PHPSESSID=eoaigl7d6tb0h5io0hkb1t1mb3; pgv_si=s1459032064; Hm_lpvt_080836300300be57b7f34f4b3e97d911=1523268646',
)
[ info ] [ PARAM ] array (
  0 => 'jquery.min.js',
)
[ info ] [ LOG ] INIT File

---------------------------------------------------------------
[ 2018-04-09T19:12:14+08:00 ] ::1 ::1 GET /hns/public/index.php/admin/static/h-ui/js/H-ui.js
[ log ] localhost/hns/public/index.php/admin/static/h-ui/js/H-ui.js [运行时间：0.025650s][吞吐率：38.99req/s] [内存消耗：978.63kb] [文件加载：33]
[ info ] [ LANG ] D:\xampp\htdocs\hns\thinkphp\lang\zh-cn.php
[ info ] [ ROUTE ] array (
  'type' => 'module',
  'module' => 
  array (
    0 => 'admin',
    1 => 'static',
    2 => 'h-ui',
  ),
)
[ info ] [ HEADER ] array (
  'host' => 'localhost',
  'connection' => 'keep-alive',
  'user-agent' => 'Mozilla/5.0 (Windows NT 10.0; WOW64) AppleWebKit/537.36 (KHTML, like Gecko) Chrome/65.0.3325.146 Safari/537.36',
  'accept' => '*/*',
  'referer' => 'http://localhost/hns/public/index.php/admin/login',
  'accept-encoding' => 'gzip, deflate, br',
  'accept-language' => 'zh-CN,zh;q=0.9',
  'cookie' => 'pgv_pvi=878369792; Hm_lvt_080836300300be57b7f34f4b3e97d911=1522896617,1523184463,1523189357,1523251483; PHPSESSID=eoaigl7d6tb0h5io0hkb1t1mb3; pgv_si=s1459032064; Hm_lpvt_080836300300be57b7f34f4b3e97d911=1523268646',
)
[ info ] [ PARAM ] array (
  'js' => 'H-ui.js',
)
[ info ] [ LOG ] INIT File

---------------------------------------------------------------
[ 2018-04-09T19:12:14+08:00 ] ::1 ::1 GET /hns/public/index.php/admin/static/h-ui/js/H-ui.js
[ log ] localhost/hns/public/index.php/admin/static/h-ui/js/H-ui.js [运行时间：0.018562s][吞吐率：53.87req/s] [内存消耗：978.63kb] [文件加载：33]
[ info ] [ LANG ] D:\xampp\htdocs\hns\thinkphp\lang\zh-cn.php
[ info ] [ ROUTE ] array (
  'type' => 'module',
  'module' => 
  array (
    0 => 'admin',
    1 => 'static',
    2 => 'h-ui',
  ),
)
[ info ] [ HEADER ] array (
  'host' => 'localhost',
  'connection' => 'keep-alive',
  'user-agent' => 'Mozilla/5.0 (Windows NT 10.0; WOW64) AppleWebKit/537.36 (KHTML, like Gecko) Chrome/65.0.3325.146 Safari/537.36',
  'accept' => '*/*',
  'referer' => 'http://localhost/hns/public/index.php/admin/login',
  'accept-encoding' => 'gzip, deflate, br',
  'accept-language' => 'zh-CN,zh;q=0.9',
  'cookie' => 'pgv_pvi=878369792; Hm_lvt_080836300300be57b7f34f4b3e97d911=1522896617,1523184463,1523189357,1523251483; PHPSESSID=eoaigl7d6tb0h5io0hkb1t1mb3; pgv_si=s1459032064; Hm_lpvt_080836300300be57b7f34f4b3e97d911=1523268646',
)
[ info ] [ PARAM ] array (
  'js' => 'H-ui.js',
)
[ info ] [ LOG ] INIT File

---------------------------------------------------------------
