---------------------------------------------------------------
[ 2018-03-31T19:26:26+08:00 ] 0.0.0.0 GET /hns/public/index.php/index
[ info ] localhost/hns/public/index.php/index [运行时间：0.196999s][吞吐率：5.08req/s] [内存消耗：1,115.92kb] [文件加载：32]
[ info ] [ LANG ] D:\xampp\htdocs\hns\thinkphp\lang\zh-cn.php
[ info ] [ ROUTE ] array (
  'type' => 'module',
  'module' => 
  array (
    0 => 'index',
    1 => NULL,
    2 => NULL,
  ),
)
[ info ] [ HEADER ] array (
  'host' => 'localhost',
  'connection' => 'keep-alive',
  'cache-control' => 'max-age=0',
  'upgrade-insecure-requests' => '1',
  'user-agent' => 'Mozilla/5.0 (Windows NT 10.0; WOW64) AppleWebKit/537.36 (KHTML, like Gecko) Chrome/65.0.3325.146 Safari/537.36',
  'accept' => 'text/html,application/xhtml+xml,application/xml;q=0.9,image/webp,image/apng,*/*;q=0.8',
  'accept-encoding' => 'gzip, deflate, br',
  'accept-language' => 'zh-CN,zh;q=0.9',
  'cookie' => 'pgv_pvi=878369792',
)
[ info ] [ PARAM ] array (
)
[ info ] [ RUN ] app\index\controller\Index->index[ D:\xampp\htdocs\hns\application\index\controller\Index.php ]
[ info ] [ VIEW ] D:\xampp\htdocs\hns\public/../application/index\view\index\index.html [ array (
) ]
[ info ] [ LOG ] INIT File
---------------------------------------------------------------
[ 2018-03-31T19:26:26+08:00 ] 0.0.0.0 GET /hns/public/index.php/images/item_icon.png
[ info ] localhost/hns/public/index.php/images/item_icon.png [运行时间：0.038912s][吞吐率：25.70req/s] [内存消耗：825.66kb] [文件加载：27]
[ info ] [ LANG ] D:\xampp\htdocs\hns\thinkphp\lang\zh-cn.php
[ info ] [ ROUTE ] array (
  'type' => 'module',
  'module' => 
  array (
    0 => 'images',
    1 => 'item_icon.png',
    2 => NULL,
  ),
)
[ info ] [ HEADER ] array (
  'host' => 'localhost',
  'connection' => 'keep-alive',
  'user-agent' => 'Mozilla/5.0 (Windows NT 10.0; WOW64) AppleWebKit/537.36 (KHTML, like Gecko) Chrome/65.0.3325.146 Safari/537.36',
  'accept' => 'image/webp,image/apng,image/*,*/*;q=0.8',
  'referer' => 'http://localhost/hns/public/index.php/index',
  'accept-encoding' => 'gzip, deflate, br',
  'accept-language' => 'zh-CN,zh;q=0.9',
  'cookie' => 'pgv_pvi=878369792',
)
[ info ] [ PARAM ] array (
)
[ info ] [ LOG ] INIT File
---------------------------------------------------------------
[ 2018-03-31T19:26:26+08:00 ] 0.0.0.0 GET /hns/public/index.php/images/small_img.png
[ info ] localhost/hns/public/index.php/images/small_img.png [运行时间：0.019569s][吞吐率：51.10req/s] [内存消耗：825.66kb] [文件加载：27]
[ info ] [ LANG ] D:\xampp\htdocs\hns\thinkphp\lang\zh-cn.php
[ info ] [ ROUTE ] array (
  'type' => 'module',
  'module' => 
  array (
    0 => 'images',
    1 => 'small_img.png',
    2 => NULL,
  ),
)
[ info ] [ HEADER ] array (
  'host' => 'localhost',
  'connection' => 'keep-alive',
  'user-agent' => 'Mozilla/5.0 (Windows NT 10.0; WOW64) AppleWebKit/537.36 (KHTML, like Gecko) Chrome/65.0.3325.146 Safari/537.36',
  'accept' => 'image/webp,image/apng,image/*,*/*;q=0.8',
  'referer' => 'http://localhost/hns/public/index.php/index',
  'accept-encoding' => 'gzip, deflate, br',
  'accept-language' => 'zh-CN,zh;q=0.9',
  'cookie' => 'pgv_pvi=878369792',
)
[ info ] [ PARAM ] array (
)
[ info ] [ LOG ] INIT File
---------------------------------------------------------------
[ 2018-03-31T19:26:26+08:00 ] 0.0.0.0 GET /hns/public/index.php/images/banner1.jpg
[ info ] localhost/hns/public/index.php/images/banner1.jpg [运行时间：0.025011s][吞吐率：39.98req/s] [内存消耗：825.66kb] [文件加载：27]
[ info ] [ LANG ] D:\xampp\htdocs\hns\thinkphp\lang\zh-cn.php
[ info ] [ ROUTE ] array (
  'type' => 'module',
  'module' => 
  array (
    0 => 'images',
    1 => 'banner1.jpg',
    2 => NULL,
  ),
)
[ info ] [ HEADER ] array (
  'host' => 'localhost',
  'connection' => 'keep-alive',
  'user-agent' => 'Mozilla/5.0 (Windows NT 10.0; WOW64) AppleWebKit/537.36 (KHTML, like Gecko) Chrome/65.0.3325.146 Safari/537.36',
  'accept' => 'image/webp,image/apng,image/*,*/*;q=0.8',
  'referer' => 'http://localhost/hns/public/index.php/index',
  'accept-encoding' => 'gzip, deflate, br',
  'accept-language' => 'zh-CN,zh;q=0.9',
  'cookie' => 'pgv_pvi=878369792',
)
[ info ] [ PARAM ] array (
)
[ info ] [ LOG ] INIT File
---------------------------------------------------------------
[ 2018-03-31T19:26:26+08:00 ] 0.0.0.0 GET /hns/public/index.php/images/edit_icon.png
[ info ] localhost/hns/public/index.php/images/edit_icon.png [运行时间：0.030940s][吞吐率：32.32req/s] [内存消耗：825.66kb] [文件加载：27]
[ info ] [ LANG ] D:\xampp\htdocs\hns\thinkphp\lang\zh-cn.php
[ info ] [ ROUTE ] array (
  'type' => 'module',
  'module' => 
  array (
    0 => 'images',
    1 => 'edit_icon.png',
    2 => NULL,
  ),
)
[ info ] [ HEADER ] array (
  'host' => 'localhost',
  'connection' => 'keep-alive',
  'user-agent' => 'Mozilla/5.0 (Windows NT 10.0; WOW64) AppleWebKit/537.36 (KHTML, like Gecko) Chrome/65.0.3325.146 Safari/537.36',
  'accept' => 'image/webp,image/apng,image/*,*/*;q=0.8',
  'referer' => 'http://localhost/hns/public/index.php/index',
  'accept-encoding' => 'gzip, deflate, br',
  'accept-language' => 'zh-CN,zh;q=0.9',
  'cookie' => 'pgv_pvi=878369792',
)
[ info ] [ PARAM ] array (
)
[ info ] [ LOG ] INIT File
---------------------------------------------------------------
[ 2018-03-31T19:26:26+08:00 ] 0.0.0.0 GET /hns/public/index.php/images/logo.png
[ info ] localhost/hns/public/index.php/images/logo.png [运行时间：0.036101s][吞吐率：27.70req/s] [内存消耗：825.59kb] [文件加载：27]
[ info ] [ LANG ] D:\xampp\htdocs\hns\thinkphp\lang\zh-cn.php
[ info ] [ ROUTE ] array (
  'type' => 'module',
  'module' => 
  array (
    0 => 'images',
    1 => 'logo.png',
    2 => NULL,
  ),
)
[ info ] [ HEADER ] array (
  'host' => 'localhost',
  'connection' => 'keep-alive',
  'user-agent' => 'Mozilla/5.0 (Windows NT 10.0; WOW64) AppleWebKit/537.36 (KHTML, like Gecko) Chrome/65.0.3325.146 Safari/537.36',
  'accept' => 'image/webp,image/apng,image/*,*/*;q=0.8',
  'referer' => 'http://localhost/hns/public/index.php/index',
  'accept-encoding' => 'gzip, deflate, br',
  'accept-language' => 'zh-CN,zh;q=0.9',
  'cookie' => 'pgv_pvi=878369792',
)
[ info ] [ PARAM ] array (
)
[ info ] [ LOG ] INIT File
---------------------------------------------------------------
[ 2018-03-31T19:26:26+08:00 ] 0.0.0.0 GET /hns/public/index.php/images/delete_item_btn.png
[ info ] localhost/hns/public/index.php/images/delete_item_btn.png [运行时间：0.035680s][吞吐率：28.03req/s] [内存消耗：825.77kb] [文件加载：27]
[ info ] [ LANG ] D:\xampp\htdocs\hns\thinkphp\lang\zh-cn.php
[ info ] [ ROUTE ] array (
  'type' => 'module',
  'module' => 
  array (
    0 => 'images',
    1 => 'delete_item_btn.png',
    2 => NULL,
  ),
)
[ info ] [ HEADER ] array (
  'host' => 'localhost',
  'connection' => 'keep-alive',
  'user-agent' => 'Mozilla/5.0 (Windows NT 10.0; WOW64) AppleWebKit/537.36 (KHTML, like Gecko) Chrome/65.0.3325.146 Safari/537.36',
  'accept' => 'image/webp,image/apng,image/*,*/*;q=0.8',
  'referer' => 'http://localhost/hns/public/index.php/index',
  'accept-encoding' => 'gzip, deflate, br',
  'accept-language' => 'zh-CN,zh;q=0.9',
  'cookie' => 'pgv_pvi=878369792',
)
[ info ] [ PARAM ] array (
)
[ info ] [ LOG ] INIT File
---------------------------------------------------------------
[ 2018-03-31T19:26:26+08:00 ] 0.0.0.0 GET /hns/public/index.php/images/banner3.jpg
[ info ] localhost/hns/public/index.php/images/banner3.jpg [运行时间：0.026500s][吞吐率：37.74req/s] [内存消耗：825.66kb] [文件加载：27]
[ info ] [ LANG ] D:\xampp\htdocs\hns\thinkphp\lang\zh-cn.php
[ info ] [ ROUTE ] array (
  'type' => 'module',
  'module' => 
  array (
    0 => 'images',
    1 => 'banner3.jpg',
    2 => NULL,
  ),
)
[ info ] [ HEADER ] array (
  'host' => 'localhost',
  'connection' => 'keep-alive',
  'user-agent' => 'Mozilla/5.0 (Windows NT 10.0; WOW64) AppleWebKit/537.36 (KHTML, like Gecko) Chrome/65.0.3325.146 Safari/537.36',
  'accept' => 'image/webp,image/apng,image/*,*/*;q=0.8',
  'referer' => 'http://localhost/hns/public/index.php/index',
  'accept-encoding' => 'gzip, deflate, br',
  'accept-language' => 'zh-CN,zh;q=0.9',
  'cookie' => 'pgv_pvi=878369792',
)
[ info ] [ PARAM ] array (
)
[ info ] [ LOG ] INIT File
---------------------------------------------------------------
[ 2018-03-31T19:26:26+08:00 ] 0.0.0.0 GET /hns/public/index.php/images/banner2.jpg
[ info ] localhost/hns/public/index.php/images/banner2.jpg [运行时间：0.036421s][吞吐率：27.46req/s] [内存消耗：825.66kb] [文件加载：27]
[ info ] [ LANG ] D:\xampp\htdocs\hns\thinkphp\lang\zh-cn.php
[ info ] [ ROUTE ] array (
  'type' => 'module',
  'module' => 
  array (
    0 => 'images',
    1 => 'banner2.jpg',
    2 => NULL,
  ),
)
[ info ] [ HEADER ] array (
  'host' => 'localhost',
  'connection' => 'keep-alive',
  'user-agent' => 'Mozilla/5.0 (Windows NT 10.0; WOW64) AppleWebKit/537.36 (KHTML, like Gecko) Chrome/65.0.3325.146 Safari/537.36',
  'accept' => 'image/webp,image/apng,image/*,*/*;q=0.8',
  'referer' => 'http://localhost/hns/public/index.php/index',
  'accept-encoding' => 'gzip, deflate, br',
  'accept-language' => 'zh-CN,zh;q=0.9',
  'cookie' => 'pgv_pvi=878369792',
)
[ info ] [ PARAM ] array (
)
[ info ] [ LOG ] INIT File
---------------------------------------------------------------
[ 2018-03-31T19:26:26+08:00 ] 0.0.0.0 GET /hns/public/index.php/images/banner4.jpg
[ info ] localhost/hns/public/index.php/images/banner4.jpg [运行时间：0.032687s][吞吐率：30.59req/s] [内存消耗：825.66kb] [文件加载：27]
[ info ] [ LANG ] D:\xampp\htdocs\hns\thinkphp\lang\zh-cn.php
[ info ] [ ROUTE ] array (
  'type' => 'module',
  'module' => 
  array (
    0 => 'images',
    1 => 'banner4.jpg',
    2 => NULL,
  ),
)
[ info ] [ HEADER ] array (
  'host' => 'localhost',
  'connection' => 'keep-alive',
  'user-agent' => 'Mozilla/5.0 (Windows NT 10.0; WOW64) AppleWebKit/537.36 (KHTML, like Gecko) Chrome/65.0.3325.146 Safari/537.36',
  'accept' => 'image/webp,image/apng,image/*,*/*;q=0.8',
  'referer' => 'http://localhost/hns/public/index.php/index',
  'accept-encoding' => 'gzip, deflate, br',
  'accept-language' => 'zh-CN,zh;q=0.9',
  'cookie' => 'pgv_pvi=878369792',
)
[ info ] [ PARAM ] array (
)
[ info ] [ LOG ] INIT File
---------------------------------------------------------------
[ 2018-03-31T19:26:26+08:00 ] 0.0.0.0 GET /hns/public/index.php/images/hns/public/static1.jpg
[ info ] localhost/hns/public/index.php/images/hns/public/static1.jpg [运行时间：0.027932s][吞吐率：35.80req/s] [内存消耗：825.77kb] [文件加载：27]
[ info ] [ LANG ] D:\xampp\htdocs\hns\thinkphp\lang\zh-cn.php
[ info ] [ ROUTE ] array (
  'type' => 'module',
  'module' => 
  array (
    0 => 'images',
    1 => 'hns',
    2 => 'public',
  ),
)
[ info ] [ HEADER ] array (
  'host' => 'localhost',
  'connection' => 'keep-alive',
  'user-agent' => 'Mozilla/5.0 (Windows NT 10.0; WOW64) AppleWebKit/537.36 (KHTML, like Gecko) Chrome/65.0.3325.146 Safari/537.36',
  'accept' => 'image/webp,image/apng,image/*,*/*;q=0.8',
  'referer' => 'http://localhost/hns/public/index.php/index',
  'accept-encoding' => 'gzip, deflate, br',
  'accept-language' => 'zh-CN,zh;q=0.9',
  'cookie' => 'pgv_pvi=878369792',
)
[ info ] [ PARAM ] array (
)
[ info ] [ LOG ] INIT File
---------------------------------------------------------------
[ 2018-03-31T19:26:26+08:00 ] 0.0.0.0 GET /hns/public/index.php/images/default_img.png
[ info ] localhost/hns/public/index.php/images/default_img.png [运行时间：0.022906s][吞吐率：43.66req/s] [内存消耗：825.66kb] [文件加载：27]
[ info ] [ LANG ] D:\xampp\htdocs\hns\thinkphp\lang\zh-cn.php
[ info ] [ ROUTE ] array (
  'type' => 'module',
  'module' => 
  array (
    0 => 'images',
    1 => 'default_img.png',
    2 => NULL,
  ),
)
[ info ] [ HEADER ] array (
  'host' => 'localhost',
  'connection' => 'keep-alive',
  'user-agent' => 'Mozilla/5.0 (Windows NT 10.0; WOW64) AppleWebKit/537.36 (KHTML, like Gecko) Chrome/65.0.3325.146 Safari/537.36',
  'accept' => 'image/webp,image/apng,image/*,*/*;q=0.8',
  'referer' => 'http://localhost/hns/public/index.php/index',
  'accept-encoding' => 'gzip, deflate, br',
  'accept-language' => 'zh-CN,zh;q=0.9',
  'cookie' => 'pgv_pvi=878369792',
)
[ info ] [ PARAM ] array (
)
[ info ] [ LOG ] INIT File
---------------------------------------------------------------
[ 2018-03-31T19:26:26+08:00 ] 0.0.0.0 GET /hns/public/index.php/images/hns/public/static2.jpg
[ info ] localhost/hns/public/index.php/images/hns/public/static2.jpg [运行时间：0.028013s][吞吐率：35.70req/s] [内存消耗：825.77kb] [文件加载：27]
[ info ] [ LANG ] D:\xampp\htdocs\hns\thinkphp\lang\zh-cn.php
[ info ] [ ROUTE ] array (
  'type' => 'module',
  'module' => 
  array (
    0 => 'images',
    1 => 'hns',
    2 => 'public',
  ),
)
[ info ] [ HEADER ] array (
  'host' => 'localhost',
  'connection' => 'keep-alive',
  'user-agent' => 'Mozilla/5.0 (Windows NT 10.0; WOW64) AppleWebKit/537.36 (KHTML, like Gecko) Chrome/65.0.3325.146 Safari/537.36',
  'accept' => 'image/webp,image/apng,image/*,*/*;q=0.8',
  'referer' => 'http://localhost/hns/public/index.php/index',
  'accept-encoding' => 'gzip, deflate, br',
  'accept-language' => 'zh-CN,zh;q=0.9',
  'cookie' => 'pgv_pvi=878369792',
)
[ info ] [ PARAM ] array (
)
[ info ] [ LOG ] INIT File
---------------------------------------------------------------
[ 2018-03-31T19:26:26+08:00 ] 0.0.0.0 GET /hns/public/index.php/images/quick_view_img.png
[ info ] localhost/hns/public/index.php/images/quick_view_img.png [运行时间：0.027054s][吞吐率：36.96req/s] [内存消耗：825.70kb] [文件加载：27]
[ info ] [ LANG ] D:\xampp\htdocs\hns\thinkphp\lang\zh-cn.php
[ info ] [ ROUTE ] array (
  'type' => 'module',
  'module' => 
  array (
    0 => 'images',
    1 => 'quick_view_img.png',
    2 => NULL,
  ),
)
[ info ] [ HEADER ] array (
  'host' => 'localhost',
  'connection' => 'keep-alive',
  'user-agent' => 'Mozilla/5.0 (Windows NT 10.0; WOW64) AppleWebKit/537.36 (KHTML, like Gecko) Chrome/65.0.3325.146 Safari/537.36',
  'accept' => 'image/webp,image/apng,image/*,*/*;q=0.8',
  'referer' => 'http://localhost/hns/public/index.php/index',
  'accept-encoding' => 'gzip, deflate, br',
  'accept-language' => 'zh-CN,zh;q=0.9',
  'cookie' => 'pgv_pvi=878369792',
)
[ info ] [ PARAM ] array (
)
[ info ] [ LOG ] INIT File
---------------------------------------------------------------
[ 2018-03-31T19:26:26+08:00 ] 0.0.0.0 GET /hns/public/index.php/images/sale_icon_img.png
[ info ] localhost/hns/public/index.php/images/sale_icon_img.png [运行时间：0.027809s][吞吐率：35.96req/s] [内存消耗：825.70kb] [文件加载：27]
[ info ] [ LANG ] D:\xampp\htdocs\hns\thinkphp\lang\zh-cn.php
[ info ] [ ROUTE ] array (
  'type' => 'module',
  'module' => 
  array (
    0 => 'images',
    1 => 'sale_icon_img.png',
    2 => NULL,
  ),
)
[ info ] [ HEADER ] array (
  'host' => 'localhost',
  'connection' => 'keep-alive',
  'user-agent' => 'Mozilla/5.0 (Windows NT 10.0; WOW64) AppleWebKit/537.36 (KHTML, like Gecko) Chrome/65.0.3325.146 Safari/537.36',
  'accept' => 'image/webp,image/apng,image/*,*/*;q=0.8',
  'referer' => 'http://localhost/hns/public/index.php/index',
  'accept-encoding' => 'gzip, deflate, br',
  'accept-language' => 'zh-CN,zh;q=0.9',
  'cookie' => 'pgv_pvi=878369792',
)
[ info ] [ PARAM ] array (
)
[ info ] [ LOG ] INIT File
---------------------------------------------------------------
[ 2018-03-31T19:26:26+08:00 ] 0.0.0.0 GET /hns/public/index.php/images/quick_thum_img.png
[ info ] localhost/hns/public/index.php/images/quick_thum_img.png [运行时间：0.027383s][吞吐率：36.52req/s] [内存消耗：825.70kb] [文件加载：27]
[ info ] [ LANG ] D:\xampp\htdocs\hns\thinkphp\lang\zh-cn.php
[ info ] [ ROUTE ] array (
  'type' => 'module',
  'module' => 
  array (
    0 => 'images',
    1 => 'quick_thum_img.png',
    2 => NULL,
  ),
)
[ info ] [ HEADER ] array (
  'host' => 'localhost',
  'connection' => 'keep-alive',
  'user-agent' => 'Mozilla/5.0 (Windows NT 10.0; WOW64) AppleWebKit/537.36 (KHTML, like Gecko) Chrome/65.0.3325.146 Safari/537.36',
  'accept' => 'image/webp,image/apng,image/*,*/*;q=0.8',
  'referer' => 'http://localhost/hns/public/index.php/index',
  'accept-encoding' => 'gzip, deflate, br',
  'accept-language' => 'zh-CN,zh;q=0.9',
  'cookie' => 'pgv_pvi=878369792',
)
[ info ] [ PARAM ] array (
)
[ info ] [ LOG ] INIT File
---------------------------------------------------------------
[ 2018-03-31T19:26:26+08:00 ] 0.0.0.0 GET /hns/public/index.php/images/qty_prev.png
[ info ] localhost/hns/public/index.php/images/qty_prev.png [运行时间：0.037681s][吞吐率：26.54req/s] [内存消耗：825.66kb] [文件加载：27]
[ info ] [ LANG ] D:\xampp\htdocs\hns\thinkphp\lang\zh-cn.php
[ info ] [ ROUTE ] array (
  'type' => 'module',
  'module' => 
  array (
    0 => 'images',
    1 => 'qty_prev.png',
    2 => NULL,
  ),
)
[ info ] [ HEADER ] array (
  'host' => 'localhost',
  'connection' => 'keep-alive',
  'user-agent' => 'Mozilla/5.0 (Windows NT 10.0; WOW64) AppleWebKit/537.36 (KHTML, like Gecko) Chrome/65.0.3325.146 Safari/537.36',
  'accept' => 'image/webp,image/apng,image/*,*/*;q=0.8',
  'referer' => 'http://localhost/hns/public/index.php/index',
  'accept-encoding' => 'gzip, deflate, br',
  'accept-language' => 'zh-CN,zh;q=0.9',
  'cookie' => 'pgv_pvi=878369792',
)
[ info ] [ PARAM ] array (
)
[ info ] [ LOG ] INIT File
---------------------------------------------------------------
[ 2018-03-31T19:26:26+08:00 ] 0.0.0.0 GET /hns/public/index.php/images/qty_next.png
[ info ] localhost/hns/public/index.php/images/qty_next.png [运行时间：0.028414s][吞吐率：35.19req/s] [内存消耗：825.66kb] [文件加载：27]
[ info ] [ LANG ] D:\xampp\htdocs\hns\thinkphp\lang\zh-cn.php
[ info ] [ ROUTE ] array (
  'type' => 'module',
  'module' => 
  array (
    0 => 'images',
    1 => 'qty_next.png',
    2 => NULL,
  ),
)
[ info ] [ HEADER ] array (
  'host' => 'localhost',
  'connection' => 'keep-alive',
  'user-agent' => 'Mozilla/5.0 (Windows NT 10.0; WOW64) AppleWebKit/537.36 (KHTML, like Gecko) Chrome/65.0.3325.146 Safari/537.36',
  'accept' => 'image/webp,image/apng,image/*,*/*;q=0.8',
  'referer' => 'http://localhost/hns/public/index.php/index',
  'accept-encoding' => 'gzip, deflate, br',
  'accept-language' => 'zh-CN,zh;q=0.9',
  'cookie' => 'pgv_pvi=878369792',
)
[ info ] [ PARAM ] array (
)
[ info ] [ LOG ] INIT File
---------------------------------------------------------------
[ 2018-03-31T19:26:26+08:00 ] 0.0.0.0 GET /hns/public/index.php/images/twitter.png
[ info ] localhost/hns/public/index.php/images/twitter.png [运行时间：0.025880s][吞吐率：38.64req/s] [内存消耗：825.66kb] [文件加载：27]
[ info ] [ LANG ] D:\xampp\htdocs\hns\thinkphp\lang\zh-cn.php
[ info ] [ ROUTE ] array (
  'type' => 'module',
  'module' => 
  array (
    0 => 'images',
    1 => 'twitter.png',
    2 => NULL,
  ),
)
[ info ] [ HEADER ] array (
  'host' => 'localhost',
  'connection' => 'keep-alive',
  'user-agent' => 'Mozilla/5.0 (Windows NT 10.0; WOW64) AppleWebKit/537.36 (KHTML, like Gecko) Chrome/65.0.3325.146 Safari/537.36',
  'accept' => 'image/webp,image/apng,image/*,*/*;q=0.8',
  'referer' => 'http://localhost/hns/public/index.php/index',
  'accept-encoding' => 'gzip, deflate, br',
  'accept-language' => 'zh-CN,zh;q=0.9',
  'cookie' => 'pgv_pvi=878369792',
)
[ info ] [ PARAM ] array (
)
[ info ] [ LOG ] INIT File
---------------------------------------------------------------
[ 2018-03-31T19:26:26+08:00 ] 0.0.0.0 GET /hns/public/index.php/images/dribbble.png
[ info ] localhost/hns/public/index.php/images/dribbble.png [运行时间：0.031994s][吞吐率：31.26req/s] [内存消耗：825.66kb] [文件加载：27]
[ info ] [ LANG ] D:\xampp\htdocs\hns\thinkphp\lang\zh-cn.php
[ info ] [ ROUTE ] array (
  'type' => 'module',
  'module' => 
  array (
    0 => 'images',
    1 => 'dribbble.png',
    2 => NULL,
  ),
)
[ info ] [ HEADER ] array (
  'host' => 'localhost',
  'connection' => 'keep-alive',
  'user-agent' => 'Mozilla/5.0 (Windows NT 10.0; WOW64) AppleWebKit/537.36 (KHTML, like Gecko) Chrome/65.0.3325.146 Safari/537.36',
  'accept' => 'image/webp,image/apng,image/*,*/*;q=0.8',
  'referer' => 'http://localhost/hns/public/index.php/index',
  'accept-encoding' => 'gzip, deflate, br',
  'accept-language' => 'zh-CN,zh;q=0.9',
  'cookie' => 'pgv_pvi=878369792',
)
[ info ] [ PARAM ] array (
)
[ info ] [ LOG ] INIT File
---------------------------------------------------------------
[ 2018-03-31T19:26:26+08:00 ] 0.0.0.0 GET /hns/public/index.php/images/facebook.png
[ info ] localhost/hns/public/index.php/images/facebook.png [运行时间：0.043901s][吞吐率：22.78req/s] [内存消耗：825.66kb] [文件加载：27]
[ info ] [ LANG ] D:\xampp\htdocs\hns\thinkphp\lang\zh-cn.php
[ info ] [ ROUTE ] array (
  'type' => 'module',
  'module' => 
  array (
    0 => 'images',
    1 => 'facebook.png',
    2 => NULL,
  ),
)
[ info ] [ HEADER ] array (
  'host' => 'localhost',
  'connection' => 'keep-alive',
  'user-agent' => 'Mozilla/5.0 (Windows NT 10.0; WOW64) AppleWebKit/537.36 (KHTML, like Gecko) Chrome/65.0.3325.146 Safari/537.36',
  'accept' => 'image/webp,image/apng,image/*,*/*;q=0.8',
  'referer' => 'http://localhost/hns/public/index.php/index',
  'accept-encoding' => 'gzip, deflate, br',
  'accept-language' => 'zh-CN,zh;q=0.9',
  'cookie' => 'pgv_pvi=878369792',
)
[ info ] [ PARAM ] array (
)
[ info ] [ LOG ] INIT File
---------------------------------------------------------------
[ 2018-03-31T19:26:26+08:00 ] 0.0.0.0 GET /hns/public/index.php/images/youtube.png
[ info ] localhost/hns/public/index.php/images/youtube.png [运行时间：0.040286s][吞吐率：24.82req/s] [内存消耗：825.66kb] [文件加载：27]
[ info ] [ LANG ] D:\xampp\htdocs\hns\thinkphp\lang\zh-cn.php
[ info ] [ ROUTE ] array (
  'type' => 'module',
  'module' => 
  array (
    0 => 'images',
    1 => 'youtube.png',
    2 => NULL,
  ),
)
[ info ] [ HEADER ] array (
  'host' => 'localhost',
  'connection' => 'keep-alive',
  'user-agent' => 'Mozilla/5.0 (Windows NT 10.0; WOW64) AppleWebKit/537.36 (KHTML, like Gecko) Chrome/65.0.3325.146 Safari/537.36',
  'accept' => 'image/webp,image/apng,image/*,*/*;q=0.8',
  'referer' => 'http://localhost/hns/public/index.php/index',
  'accept-encoding' => 'gzip, deflate, br',
  'accept-language' => 'zh-CN,zh;q=0.9',
  'cookie' => 'pgv_pvi=878369792',
)
[ info ] [ PARAM ] array (
)
[ info ] [ LOG ] INIT File
---------------------------------------------------------------
[ 2018-03-31T19:26:26+08:00 ] 0.0.0.0 GET /hns/public/index.php/images/skype.png
[ info ] localhost/hns/public/index.php/images/skype.png [运行时间：0.025108s][吞吐率：39.83req/s] [内存消耗：825.61kb] [文件加载：27]
[ info ] [ LANG ] D:\xampp\htdocs\hns\thinkphp\lang\zh-cn.php
[ info ] [ ROUTE ] array (
  'type' => 'module',
  'module' => 
  array (
    0 => 'images',
    1 => 'skype.png',
    2 => NULL,
  ),
)
[ info ] [ HEADER ] array (
  'host' => 'localhost',
  'connection' => 'keep-alive',
  'user-agent' => 'Mozilla/5.0 (Windows NT 10.0; WOW64) AppleWebKit/537.36 (KHTML, like Gecko) Chrome/65.0.3325.146 Safari/537.36',
  'accept' => 'image/webp,image/apng,image/*,*/*;q=0.8',
  'referer' => 'http://localhost/hns/public/index.php/index',
  'accept-encoding' => 'gzip, deflate, br',
  'accept-language' => 'zh-CN,zh;q=0.9',
  'cookie' => 'pgv_pvi=878369792',
)
[ info ] [ PARAM ] array (
)
[ info ] [ LOG ] INIT File
---------------------------------------------------------------
[ 2018-03-31T19:26:26+08:00 ] 0.0.0.0 GET /hns/public/index.php/images/payment.png
[ info ] localhost/hns/public/index.php/images/payment.png [运行时间：0.029157s][吞吐率：34.30req/s] [内存消耗：825.66kb] [文件加载：27]
[ info ] [ LANG ] D:\xampp\htdocs\hns\thinkphp\lang\zh-cn.php
[ info ] [ ROUTE ] array (
  'type' => 'module',
  'module' => 
  array (
    0 => 'images',
    1 => 'payment.png',
    2 => NULL,
  ),
)
[ info ] [ HEADER ] array (
  'host' => 'localhost',
  'connection' => 'keep-alive',
  'user-agent' => 'Mozilla/5.0 (Windows NT 10.0; WOW64) AppleWebKit/537.36 (KHTML, like Gecko) Chrome/65.0.3325.146 Safari/537.36',
  'accept' => 'image/webp,image/apng,image/*,*/*;q=0.8',
  'referer' => 'http://localhost/hns/public/index.php/index',
  'accept-encoding' => 'gzip, deflate, br',
  'accept-language' => 'zh-CN,zh;q=0.9',
  'cookie' => 'pgv_pvi=878369792',
)
[ info ] [ PARAM ] array (
)
[ info ] [ LOG ] INIT File
---------------------------------------------------------------
[ 2018-03-31T19:26:26+08:00 ] 0.0.0.0 GET /hns/public/index.php/index
[ info ] localhost/hns/public/index.php/index [运行时间：0.015502s][吞吐率：64.51req/s] [内存消耗：1,115.93kb] [文件加载：32]
[ info ] [ LANG ] D:\xampp\htdocs\hns\thinkphp\lang\zh-cn.php
[ info ] [ ROUTE ] array (
  'type' => 'module',
  'module' => 
  array (
    0 => 'index',
    1 => NULL,
    2 => NULL,
  ),
)
[ info ] [ HEADER ] array (
  'host' => 'localhost',
  'connection' => 'keep-alive',
  'cache-control' => 'max-age=0',
  'upgrade-insecure-requests' => '1',
  'user-agent' => 'Mozilla/5.0 (Windows NT 10.0; WOW64) AppleWebKit/537.36 (KHTML, like Gecko) Chrome/65.0.3325.146 Safari/537.36',
  'accept' => 'text/html,application/xhtml+xml,application/xml;q=0.9,image/webp,image/apng,*/*;q=0.8',
  'accept-encoding' => 'gzip, deflate, br',
  'accept-language' => 'zh-CN,zh;q=0.9',
  'cookie' => 'pgv_pvi=878369792',
)
[ info ] [ PARAM ] array (
)
[ info ] [ RUN ] app\index\controller\Index->index[ D:\xampp\htdocs\hns\application\index\controller\Index.php ]
[ info ] [ VIEW ] D:\xampp\htdocs\hns\public/../application/index\view\index\index.html [ array (
) ]
[ info ] [ LOG ] INIT File
---------------------------------------------------------------
[ 2018-03-31T19:26:26+08:00 ] 0.0.0.0 GET /hns/public/index.php/images/item_icon.png
[ info ] localhost/hns/public/index.php/images/item_icon.png [运行时间：0.014686s][吞吐率：68.09req/s] [内存消耗：825.66kb] [文件加载：27]
[ info ] [ LANG ] D:\xampp\htdocs\hns\thinkphp\lang\zh-cn.php
[ info ] [ ROUTE ] array (
  'type' => 'module',
  'module' => 
  array (
    0 => 'images',
    1 => 'item_icon.png',
    2 => NULL,
  ),
)
[ info ] [ HEADER ] array (
  'host' => 'localhost',
  'connection' => 'keep-alive',
  'user-agent' => 'Mozilla/5.0 (Windows NT 10.0; WOW64) AppleWebKit/537.36 (KHTML, like Gecko) Chrome/65.0.3325.146 Safari/537.36',
  'accept' => 'image/webp,image/apng,image/*,*/*;q=0.8',
  'referer' => 'http://localhost/hns/public/index.php/index',
  'accept-encoding' => 'gzip, deflate, br',
  'accept-language' => 'zh-CN,zh;q=0.9',
  'cookie' => 'pgv_pvi=878369792',
)
[ info ] [ PARAM ] array (
)
[ info ] [ LOG ] INIT File
---------------------------------------------------------------
[ 2018-03-31T19:26:26+08:00 ] 0.0.0.0 GET /hns/public/index.php/images/small_img.png
[ info ] localhost/hns/public/index.php/images/small_img.png [运行时间：0.017235s][吞吐率：58.02req/s] [内存消耗：825.66kb] [文件加载：27]
[ info ] [ LANG ] D:\xampp\htdocs\hns\thinkphp\lang\zh-cn.php
[ info ] [ ROUTE ] array (
  'type' => 'module',
  'module' => 
  array (
    0 => 'images',
    1 => 'small_img.png',
    2 => NULL,
  ),
)
[ info ] [ HEADER ] array (
  'host' => 'localhost',
  'connection' => 'keep-alive',
  'user-agent' => 'Mozilla/5.0 (Windows NT 10.0; WOW64) AppleWebKit/537.36 (KHTML, like Gecko) Chrome/65.0.3325.146 Safari/537.36',
  'accept' => 'image/webp,image/apng,image/*,*/*;q=0.8',
  'referer' => 'http://localhost/hns/public/index.php/index',
  'accept-encoding' => 'gzip, deflate, br',
  'accept-language' => 'zh-CN,zh;q=0.9',
  'cookie' => 'pgv_pvi=878369792',
)
[ info ] [ PARAM ] array (
)
[ info ] [ LOG ] INIT File
---------------------------------------------------------------
[ 2018-03-31T19:26:26+08:00 ] 0.0.0.0 GET /hns/public/index.php/images/edit_icon.png
[ info ] localhost/hns/public/index.php/images/edit_icon.png [运行时间：0.020437s][吞吐率：48.93req/s] [内存消耗：825.66kb] [文件加载：27]
[ info ] [ LANG ] D:\xampp\htdocs\hns\thinkphp\lang\zh-cn.php
[ info ] [ ROUTE ] array (
  'type' => 'module',
  'module' => 
  array (
    0 => 'images',
    1 => 'edit_icon.png',
    2 => NULL,
  ),
)
[ info ] [ HEADER ] array (
  'host' => 'localhost',
  'connection' => 'keep-alive',
  'user-agent' => 'Mozilla/5.0 (Windows NT 10.0; WOW64) AppleWebKit/537.36 (KHTML, like Gecko) Chrome/65.0.3325.146 Safari/537.36',
  'accept' => 'image/webp,image/apng,image/*,*/*;q=0.8',
  'referer' => 'http://localhost/hns/public/index.php/index',
  'accept-encoding' => 'gzip, deflate, br',
  'accept-language' => 'zh-CN,zh;q=0.9',
  'cookie' => 'pgv_pvi=878369792',
)
[ info ] [ PARAM ] array (
)
[ info ] [ LOG ] INIT File
---------------------------------------------------------------
[ 2018-03-31T19:26:26+08:00 ] 0.0.0.0 GET /hns/public/index.php/images/logo.png
[ info ] localhost/hns/public/index.php/images/logo.png [运行时间：0.020892s][吞吐率：47.86req/s] [内存消耗：825.59kb] [文件加载：27]
[ info ] [ LANG ] D:\xampp\htdocs\hns\thinkphp\lang\zh-cn.php
[ info ] [ ROUTE ] array (
  'type' => 'module',
  'module' => 
  array (
    0 => 'images',
    1 => 'logo.png',
    2 => NULL,
  ),
)
[ info ] [ HEADER ] array (
  'host' => 'localhost',
  'connection' => 'keep-alive',
  'user-agent' => 'Mozilla/5.0 (Windows NT 10.0; WOW64) AppleWebKit/537.36 (KHTML, like Gecko) Chrome/65.0.3325.146 Safari/537.36',
  'accept' => 'image/webp,image/apng,image/*,*/*;q=0.8',
  'referer' => 'http://localhost/hns/public/index.php/index',
  'accept-encoding' => 'gzip, deflate, br',
  'accept-language' => 'zh-CN,zh;q=0.9',
  'cookie' => 'pgv_pvi=878369792',
)
[ info ] [ PARAM ] array (
)
[ info ] [ LOG ] INIT File
---------------------------------------------------------------
[ 2018-03-31T19:26:26+08:00 ] 0.0.0.0 GET /hns/public/index.php/images/banner2.jpg
[ info ] localhost/hns/public/index.php/images/banner2.jpg [运行时间：0.026317s][吞吐率：38.00req/s] [内存消耗：825.66kb] [文件加载：27]
[ info ] [ LANG ] D:\xampp\htdocs\hns\thinkphp\lang\zh-cn.php
[ info ] [ ROUTE ] array (
  'type' => 'module',
  'module' => 
  array (
    0 => 'images',
    1 => 'banner2.jpg',
    2 => NULL,
  ),
)
[ info ] [ HEADER ] array (
  'host' => 'localhost',
  'connection' => 'keep-alive',
  'user-agent' => 'Mozilla/5.0 (Windows NT 10.0; WOW64) AppleWebKit/537.36 (KHTML, like Gecko) Chrome/65.0.3325.146 Safari/537.36',
  'accept' => 'image/webp,image/apng,image/*,*/*;q=0.8',
  'referer' => 'http://localhost/hns/public/index.php/index',
  'accept-encoding' => 'gzip, deflate, br',
  'accept-language' => 'zh-CN,zh;q=0.9',
  'cookie' => 'pgv_pvi=878369792',
)
[ info ] [ PARAM ] array (
)
[ info ] [ LOG ] INIT File
---------------------------------------------------------------
[ 2018-03-31T19:26:26+08:00 ] 0.0.0.0 GET /hns/public/index.php/images/banner3.jpg
[ info ] localhost/hns/public/index.php/images/banner3.jpg [运行时间：0.022951s][吞吐率：43.57req/s] [内存消耗：825.66kb] [文件加载：27]
[ info ] [ LANG ] D:\xampp\htdocs\hns\thinkphp\lang\zh-cn.php
[ info ] [ ROUTE ] array (
  'type' => 'module',
  'module' => 
  array (
    0 => 'images',
    1 => 'banner3.jpg',
    2 => NULL,
  ),
)
[ info ] [ HEADER ] array (
  'host' => 'localhost',
  'connection' => 'keep-alive',
  'user-agent' => 'Mozilla/5.0 (Windows NT 10.0; WOW64) AppleWebKit/537.36 (KHTML, like Gecko) Chrome/65.0.3325.146 Safari/537.36',
  'accept' => 'image/webp,image/apng,image/*,*/*;q=0.8',
  'referer' => 'http://localhost/hns/public/index.php/index',
  'accept-encoding' => 'gzip, deflate, br',
  'accept-language' => 'zh-CN,zh;q=0.9',
  'cookie' => 'pgv_pvi=878369792',
)
[ info ] [ PARAM ] array (
)
[ info ] [ LOG ] INIT File
---------------------------------------------------------------
[ 2018-03-31T19:26:26+08:00 ] 0.0.0.0 GET /hns/public/index.php/images/delete_item_btn.png
[ info ] localhost/hns/public/index.php/images/delete_item_btn.png [运行时间：0.036234s][吞吐率：27.60req/s] [内存消耗：825.77kb] [文件加载：27]
[ info ] [ LANG ] D:\xampp\htdocs\hns\thinkphp\lang\zh-cn.php
[ info ] [ ROUTE ] array (
  'type' => 'module',
  'module' => 
  array (
    0 => 'images',
    1 => 'delete_item_btn.png',
    2 => NULL,
  ),
)
[ info ] [ HEADER ] array (
  'host' => 'localhost',
  'connection' => 'keep-alive',
  'user-agent' => 'Mozilla/5.0 (Windows NT 10.0; WOW64) AppleWebKit/537.36 (KHTML, like Gecko) Chrome/65.0.3325.146 Safari/537.36',
  'accept' => 'image/webp,image/apng,image/*,*/*;q=0.8',
  'referer' => 'http://localhost/hns/public/index.php/index',
  'accept-encoding' => 'gzip, deflate, br',
  'accept-language' => 'zh-CN,zh;q=0.9',
  'cookie' => 'pgv_pvi=878369792',
)
[ info ] [ PARAM ] array (
)
[ info ] [ LOG ] INIT File
---------------------------------------------------------------
[ 2018-03-31T19:26:26+08:00 ] 0.0.0.0 GET /hns/public/index.php/images/banner1.jpg
[ info ] localhost/hns/public/index.php/images/banner1.jpg [运行时间：0.053625s][吞吐率：18.65req/s] [内存消耗：825.66kb] [文件加载：27]
[ info ] [ LANG ] D:\xampp\htdocs\hns\thinkphp\lang\zh-cn.php
[ info ] [ ROUTE ] array (
  'type' => 'module',
  'module' => 
  array (
    0 => 'images',
    1 => 'banner1.jpg',
    2 => NULL,
  ),
)
[ info ] [ HEADER ] array (
  'host' => 'localhost',
  'connection' => 'keep-alive',
  'user-agent' => 'Mozilla/5.0 (Windows NT 10.0; WOW64) AppleWebKit/537.36 (KHTML, like Gecko) Chrome/65.0.3325.146 Safari/537.36',
  'accept' => 'image/webp,image/apng,image/*,*/*;q=0.8',
  'referer' => 'http://localhost/hns/public/index.php/index',
  'accept-encoding' => 'gzip, deflate, br',
  'accept-language' => 'zh-CN,zh;q=0.9',
  'cookie' => 'pgv_pvi=878369792',
)
[ info ] [ PARAM ] array (
)
[ info ] [ LOG ] INIT File
---------------------------------------------------------------
[ 2018-03-31T19:26:26+08:00 ] 0.0.0.0 GET /hns/public/index.php/images/default_img.png
[ info ] localhost/hns/public/index.php/images/default_img.png [运行时间：0.027613s][吞吐率：36.21req/s] [内存消耗：825.66kb] [文件加载：27]
[ info ] [ LANG ] D:\xampp\htdocs\hns\thinkphp\lang\zh-cn.php
[ info ] [ ROUTE ] array (
  'type' => 'module',
  'module' => 
  array (
    0 => 'images',
    1 => 'default_img.png',
    2 => NULL,
  ),
)
[ info ] [ HEADER ] array (
  'host' => 'localhost',
  'connection' => 'keep-alive',
  'user-agent' => 'Mozilla/5.0 (Windows NT 10.0; WOW64) AppleWebKit/537.36 (KHTML, like Gecko) Chrome/65.0.3325.146 Safari/537.36',
  'accept' => 'image/webp,image/apng,image/*,*/*;q=0.8',
  'referer' => 'http://localhost/hns/public/index.php/index',
  'accept-encoding' => 'gzip, deflate, br',
  'accept-language' => 'zh-CN,zh;q=0.9',
  'cookie' => 'pgv_pvi=878369792',
)
[ info ] [ PARAM ] array (
)
[ info ] [ LOG ] INIT File
---------------------------------------------------------------
[ 2018-03-31T19:26:26+08:00 ] 0.0.0.0 GET /hns/public/index.php/images/hns/public/static1.jpg
[ info ] localhost/hns/public/index.php/images/hns/public/static1.jpg [运行时间：0.040792s][吞吐率：24.51req/s] [内存消耗：825.77kb] [文件加载：27]
[ info ] [ LANG ] D:\xampp\htdocs\hns\thinkphp\lang\zh-cn.php
[ info ] [ ROUTE ] array (
  'type' => 'module',
  'module' => 
  array (
    0 => 'images',
    1 => 'hns',
    2 => 'public',
  ),
)
[ info ] [ HEADER ] array (
  'host' => 'localhost',
  'connection' => 'keep-alive',
  'user-agent' => 'Mozilla/5.0 (Windows NT 10.0; WOW64) AppleWebKit/537.36 (KHTML, like Gecko) Chrome/65.0.3325.146 Safari/537.36',
  'accept' => 'image/webp,image/apng,image/*,*/*;q=0.8',
  'referer' => 'http://localhost/hns/public/index.php/index',
  'accept-encoding' => 'gzip, deflate, br',
  'accept-language' => 'zh-CN,zh;q=0.9',
  'cookie' => 'pgv_pvi=878369792',
)
[ info ] [ PARAM ] array (
)
[ info ] [ LOG ] INIT File
---------------------------------------------------------------
[ 2018-03-31T19:26:27+08:00 ] 0.0.0.0 GET /hns/public/index.php/images/hns/public/static2.jpg
[ info ] localhost/hns/public/index.php/images/hns/public/static2.jpg [运行时间：0.037070s][吞吐率：26.98req/s] [内存消耗：825.77kb] [文件加载：27]
[ info ] [ LANG ] D:\xampp\htdocs\hns\thinkphp\lang\zh-cn.php
[ info ] [ ROUTE ] array (
  'type' => 'module',
  'module' => 
  array (
    0 => 'images',
    1 => 'hns',
    2 => 'public',
  ),
)
[ info ] [ HEADER ] array (
  'host' => 'localhost',
  'connection' => 'keep-alive',
  'user-agent' => 'Mozilla/5.0 (Windows NT 10.0; WOW64) AppleWebKit/537.36 (KHTML, like Gecko) Chrome/65.0.3325.146 Safari/537.36',
  'accept' => 'image/webp,image/apng,image/*,*/*;q=0.8',
  'referer' => 'http://localhost/hns/public/index.php/index',
  'accept-encoding' => 'gzip, deflate, br',
  'accept-language' => 'zh-CN,zh;q=0.9',
  'cookie' => 'pgv_pvi=878369792',
)
[ info ] [ PARAM ] array (
)
[ info ] [ LOG ] INIT File
---------------------------------------------------------------
[ 2018-03-31T19:26:27+08:00 ] 0.0.0.0 GET /hns/public/index.php/images/sale_icon_img.png
[ info ] localhost/hns/public/index.php/images/sale_icon_img.png [运行时间：0.028583s][吞吐率：34.99req/s] [内存消耗：825.70kb] [文件加载：27]
[ info ] [ LANG ] D:\xampp\htdocs\hns\thinkphp\lang\zh-cn.php
[ info ] [ ROUTE ] array (
  'type' => 'module',
  'module' => 
  array (
    0 => 'images',
    1 => 'sale_icon_img.png',
    2 => NULL,
  ),
)
[ info ] [ HEADER ] array (
  'host' => 'localhost',
  'connection' => 'keep-alive',
  'user-agent' => 'Mozilla/5.0 (Windows NT 10.0; WOW64) AppleWebKit/537.36 (KHTML, like Gecko) Chrome/65.0.3325.146 Safari/537.36',
  'accept' => 'image/webp,image/apng,image/*,*/*;q=0.8',
  'referer' => 'http://localhost/hns/public/index.php/index',
  'accept-encoding' => 'gzip, deflate, br',
  'accept-language' => 'zh-CN,zh;q=0.9',
  'cookie' => 'pgv_pvi=878369792',
)
[ info ] [ PARAM ] array (
)
[ info ] [ LOG ] INIT File
---------------------------------------------------------------
[ 2018-03-31T19:26:27+08:00 ] 0.0.0.0 GET /hns/public/index.php/images/banner4.jpg
[ info ] localhost/hns/public/index.php/images/banner4.jpg [运行时间：0.036712s][吞吐率：27.24req/s] [内存消耗：825.66kb] [文件加载：27]
[ info ] [ LANG ] D:\xampp\htdocs\hns\thinkphp\lang\zh-cn.php
[ info ] [ ROUTE ] array (
  'type' => 'module',
  'module' => 
  array (
    0 => 'images',
    1 => 'banner4.jpg',
    2 => NULL,
  ),
)
[ info ] [ HEADER ] array (
  'host' => 'localhost',
  'connection' => 'keep-alive',
  'user-agent' => 'Mozilla/5.0 (Windows NT 10.0; WOW64) AppleWebKit/537.36 (KHTML, like Gecko) Chrome/65.0.3325.146 Safari/537.36',
  'accept' => 'image/webp,image/apng,image/*,*/*;q=0.8',
  'referer' => 'http://localhost/hns/public/index.php/index',
  'accept-encoding' => 'gzip, deflate, br',
  'accept-language' => 'zh-CN,zh;q=0.9',
  'cookie' => 'pgv_pvi=878369792',
)
[ info ] [ PARAM ] array (
)
[ info ] [ LOG ] INIT File
---------------------------------------------------------------
[ 2018-03-31T19:26:27+08:00 ] 0.0.0.0 GET /hns/public/index.php/images/quick_view_img.png
[ info ] localhost/hns/public/index.php/images/quick_view_img.png [运行时间：0.031039s][吞吐率：32.22req/s] [内存消耗：825.70kb] [文件加载：27]
[ info ] [ LANG ] D:\xampp\htdocs\hns\thinkphp\lang\zh-cn.php
[ info ] [ ROUTE ] array (
  'type' => 'module',
  'module' => 
  array (
    0 => 'images',
    1 => 'quick_view_img.png',
    2 => NULL,
  ),
)
[ info ] [ HEADER ] array (
  'host' => 'localhost',
  'connection' => 'keep-alive',
  'user-agent' => 'Mozilla/5.0 (Windows NT 10.0; WOW64) AppleWebKit/537.36 (KHTML, like Gecko) Chrome/65.0.3325.146 Safari/537.36',
  'accept' => 'image/webp,image/apng,image/*,*/*;q=0.8',
  'referer' => 'http://localhost/hns/public/index.php/index',
  'accept-encoding' => 'gzip, deflate, br',
  'accept-language' => 'zh-CN,zh;q=0.9',
  'cookie' => 'pgv_pvi=878369792',
)
[ info ] [ PARAM ] array (
)
[ info ] [ LOG ] INIT File
---------------------------------------------------------------
[ 2018-03-31T19:26:27+08:00 ] 0.0.0.0 GET /hns/public/index.php/images/quick_thum_img.png
[ info ] localhost/hns/public/index.php/images/quick_thum_img.png [运行时间：0.035734s][吞吐率：27.98req/s] [内存消耗：825.70kb] [文件加载：27]
[ info ] [ LANG ] D:\xampp\htdocs\hns\thinkphp\lang\zh-cn.php
[ info ] [ ROUTE ] array (
  'type' => 'module',
  'module' => 
  array (
    0 => 'images',
    1 => 'quick_thum_img.png',
    2 => NULL,
  ),
)
[ info ] [ HEADER ] array (
  'host' => 'localhost',
  'connection' => 'keep-alive',
  'user-agent' => 'Mozilla/5.0 (Windows NT 10.0; WOW64) AppleWebKit/537.36 (KHTML, like Gecko) Chrome/65.0.3325.146 Safari/537.36',
  'accept' => 'image/webp,image/apng,image/*,*/*;q=0.8',
  'referer' => 'http://localhost/hns/public/index.php/index',
  'accept-encoding' => 'gzip, deflate, br',
  'accept-language' => 'zh-CN,zh;q=0.9',
  'cookie' => 'pgv_pvi=878369792',
)
[ info ] [ PARAM ] array (
)
[ info ] [ LOG ] INIT File
---------------------------------------------------------------
[ 2018-03-31T19:26:27+08:00 ] 0.0.0.0 GET /hns/public/index.php/images/qty_prev.png
[ info ] localhost/hns/public/index.php/images/qty_prev.png [运行时间：0.033766s][吞吐率：29.62req/s] [内存消耗：825.66kb] [文件加载：27]
[ info ] [ LANG ] D:\xampp\htdocs\hns\thinkphp\lang\zh-cn.php
[ info ] [ ROUTE ] array (
  'type' => 'module',
  'module' => 
  array (
    0 => 'images',
    1 => 'qty_prev.png',
    2 => NULL,
  ),
)
[ info ] [ HEADER ] array (
  'host' => 'localhost',
  'connection' => 'keep-alive',
  'user-agent' => 'Mozilla/5.0 (Windows NT 10.0; WOW64) AppleWebKit/537.36 (KHTML, like Gecko) Chrome/65.0.3325.146 Safari/537.36',
  'accept' => 'image/webp,image/apng,image/*,*/*;q=0.8',
  'referer' => 'http://localhost/hns/public/index.php/index',
  'accept-encoding' => 'gzip, deflate, br',
  'accept-language' => 'zh-CN,zh;q=0.9',
  'cookie' => 'pgv_pvi=878369792',
)
[ info ] [ PARAM ] array (
)
[ info ] [ LOG ] INIT File
---------------------------------------------------------------
[ 2018-03-31T19:26:27+08:00 ] 0.0.0.0 GET /hns/public/index.php/images/qty_next.png
[ info ] localhost/hns/public/index.php/images/qty_next.png [运行时间：0.026973s][吞吐率：37.07req/s] [内存消耗：825.66kb] [文件加载：27]
[ info ] [ LANG ] D:\xampp\htdocs\hns\thinkphp\lang\zh-cn.php
[ info ] [ ROUTE ] array (
  'type' => 'module',
  'module' => 
  array (
    0 => 'images',
    1 => 'qty_next.png',
    2 => NULL,
  ),
)
[ info ] [ HEADER ] array (
  'host' => 'localhost',
  'connection' => 'keep-alive',
  'user-agent' => 'Mozilla/5.0 (Windows NT 10.0; WOW64) AppleWebKit/537.36 (KHTML, like Gecko) Chrome/65.0.3325.146 Safari/537.36',
  'accept' => 'image/webp,image/apng,image/*,*/*;q=0.8',
  'referer' => 'http://localhost/hns/public/index.php/index',
  'accept-encoding' => 'gzip, deflate, br',
  'accept-language' => 'zh-CN,zh;q=0.9',
  'cookie' => 'pgv_pvi=878369792',
)
[ info ] [ PARAM ] array (
)
[ info ] [ LOG ] INIT File
---------------------------------------------------------------
[ 2018-03-31T19:26:27+08:00 ] 0.0.0.0 GET /hns/public/index.php/images/facebook.png
[ info ] localhost/hns/public/index.php/images/facebook.png [运行时间：0.029658s][吞吐率：33.72req/s] [内存消耗：825.66kb] [文件加载：27]
[ info ] [ LANG ] D:\xampp\htdocs\hns\thinkphp\lang\zh-cn.php
[ info ] [ ROUTE ] array (
  'type' => 'module',
  'module' => 
  array (
    0 => 'images',
    1 => 'facebook.png',
    2 => NULL,
  ),
)
[ info ] [ HEADER ] array (
  'host' => 'localhost',
  'connection' => 'keep-alive',
  'user-agent' => 'Mozilla/5.0 (Windows NT 10.0; WOW64) AppleWebKit/537.36 (KHTML, like Gecko) Chrome/65.0.3325.146 Safari/537.36',
  'accept' => 'image/webp,image/apng,image/*,*/*;q=0.8',
  'referer' => 'http://localhost/hns/public/index.php/index',
  'accept-encoding' => 'gzip, deflate, br',
  'accept-language' => 'zh-CN,zh;q=0.9',
  'cookie' => 'pgv_pvi=878369792',
)
[ info ] [ PARAM ] array (
)
[ info ] [ LOG ] INIT File
---------------------------------------------------------------
[ 2018-03-31T19:26:27+08:00 ] 0.0.0.0 GET /hns/public/index.php/images/rss.png
[ info ] localhost/hns/public/index.php/images/rss.png [运行时间：0.024357s][吞吐率：41.06req/s] [内存消耗：825.56kb] [文件加载：27]
[ info ] [ LANG ] D:\xampp\htdocs\hns\thinkphp\lang\zh-cn.php
[ info ] [ ROUTE ] array (
  'type' => 'module',
  'module' => 
  array (
    0 => 'images',
    1 => 'rss.png',
    2 => NULL,
  ),
)
[ info ] [ HEADER ] array (
  'host' => 'localhost',
  'connection' => 'keep-alive',
  'user-agent' => 'Mozilla/5.0 (Windows NT 10.0; WOW64) AppleWebKit/537.36 (KHTML, like Gecko) Chrome/65.0.3325.146 Safari/537.36',
  'accept' => 'image/webp,image/apng,image/*,*/*;q=0.8',
  'referer' => 'http://localhost/hns/public/index.php/index',
  'accept-encoding' => 'gzip, deflate, br',
  'accept-language' => 'zh-CN,zh;q=0.9',
  'cookie' => 'pgv_pvi=878369792',
)
[ info ] [ PARAM ] array (
)
[ info ] [ LOG ] INIT File
---------------------------------------------------------------
[ 2018-03-31T19:26:27+08:00 ] 0.0.0.0 GET /hns/public/index.php/images/twitter.png
[ info ] localhost/hns/public/index.php/images/twitter.png [运行时间：0.023083s][吞吐率：43.32req/s] [内存消耗：825.66kb] [文件加载：27]
[ info ] [ LANG ] D:\xampp\htdocs\hns\thinkphp\lang\zh-cn.php
[ info ] [ ROUTE ] array (
  'type' => 'module',
  'module' => 
  array (
    0 => 'images',
    1 => 'twitter.png',
    2 => NULL,
  ),
)
[ info ] [ HEADER ] array (
  'host' => 'localhost',
  'connection' => 'keep-alive',
  'user-agent' => 'Mozilla/5.0 (Windows NT 10.0; WOW64) AppleWebKit/537.36 (KHTML, like Gecko) Chrome/65.0.3325.146 Safari/537.36',
  'accept' => 'image/webp,image/apng,image/*,*/*;q=0.8',
  'referer' => 'http://localhost/hns/public/index.php/index',
  'accept-encoding' => 'gzip, deflate, br',
  'accept-language' => 'zh-CN,zh;q=0.9',
  'cookie' => 'pgv_pvi=878369792',
)
[ info ] [ PARAM ] array (
)
[ info ] [ LOG ] INIT File
---------------------------------------------------------------
[ 2018-03-31T19:26:27+08:00 ] 0.0.0.0 GET /hns/public/index.php/images/dribbble.png
[ info ] localhost/hns/public/index.php/images/dribbble.png [运行时间：0.025969s][吞吐率：38.51req/s] [内存消耗：825.66kb] [文件加载：27]
[ info ] [ LANG ] D:\xampp\htdocs\hns\thinkphp\lang\zh-cn.php
[ info ] [ ROUTE ] array (
  'type' => 'module',
  'module' => 
  array (
    0 => 'images',
    1 => 'dribbble.png',
    2 => NULL,
  ),
)
[ info ] [ HEADER ] array (
  'host' => 'localhost',
  'connection' => 'keep-alive',
  'user-agent' => 'Mozilla/5.0 (Windows NT 10.0; WOW64) AppleWebKit/537.36 (KHTML, like Gecko) Chrome/65.0.3325.146 Safari/537.36',
  'accept' => 'image/webp,image/apng,image/*,*/*;q=0.8',
  'referer' => 'http://localhost/hns/public/index.php/index',
  'accept-encoding' => 'gzip, deflate, br',
  'accept-language' => 'zh-CN,zh;q=0.9',
  'cookie' => 'pgv_pvi=878369792',
)
[ info ] [ PARAM ] array (
)
[ info ] [ LOG ] INIT File
---------------------------------------------------------------
[ 2018-03-31T19:26:27+08:00 ] 0.0.0.0 GET /hns/public/index.php/images/youtube.png
[ info ] localhost/hns/public/index.php/images/youtube.png [运行时间：0.021801s][吞吐率：45.87req/s] [内存消耗：825.66kb] [文件加载：27]
[ info ] [ LANG ] D:\xampp\htdocs\hns\thinkphp\lang\zh-cn.php
[ info ] [ ROUTE ] array (
  'type' => 'module',
  'module' => 
  array (
    0 => 'images',
    1 => 'youtube.png',
    2 => NULL,
  ),
)
[ info ] [ HEADER ] array (
  'host' => 'localhost',
  'connection' => 'keep-alive',
  'user-agent' => 'Mozilla/5.0 (Windows NT 10.0; WOW64) AppleWebKit/537.36 (KHTML, like Gecko) Chrome/65.0.3325.146 Safari/537.36',
  'accept' => 'image/webp,image/apng,image/*,*/*;q=0.8',
  'referer' => 'http://localhost/hns/public/index.php/index',
  'accept-encoding' => 'gzip, deflate, br',
  'accept-language' => 'zh-CN,zh;q=0.9',
  'cookie' => 'pgv_pvi=878369792',
)
[ info ] [ PARAM ] array (
)
[ info ] [ LOG ] INIT File
---------------------------------------------------------------
[ 2018-03-31T19:26:27+08:00 ] 0.0.0.0 GET /hns/public/index.php/images/skype.png
[ info ] localhost/hns/public/index.php/images/skype.png [运行时间：0.023725s][吞吐率：42.15req/s] [内存消耗：825.61kb] [文件加载：27]
[ info ] [ LANG ] D:\xampp\htdocs\hns\thinkphp\lang\zh-cn.php
[ info ] [ ROUTE ] array (
  'type' => 'module',
  'module' => 
  array (
    0 => 'images',
    1 => 'skype.png',
    2 => NULL,
  ),
)
[ info ] [ HEADER ] array (
  'host' => 'localhost',
  'connection' => 'keep-alive',
  'user-agent' => 'Mozilla/5.0 (Windows NT 10.0; WOW64) AppleWebKit/537.36 (KHTML, like Gecko) Chrome/65.0.3325.146 Safari/537.36',
  'accept' => 'image/webp,image/apng,image/*,*/*;q=0.8',
  'referer' => 'http://localhost/hns/public/index.php/index',
  'accept-encoding' => 'gzip, deflate, br',
  'accept-language' => 'zh-CN,zh;q=0.9',
  'cookie' => 'pgv_pvi=878369792',
)
[ info ] [ PARAM ] array (
)
[ info ] [ LOG ] INIT File
---------------------------------------------------------------
[ 2018-03-31T19:26:27+08:00 ] 0.0.0.0 GET /hns/public/index.php/images/payment.png
[ info ] localhost/hns/public/index.php/images/payment.png [运行时间：0.021562s][吞吐率：46.38req/s] [内存消耗：825.66kb] [文件加载：27]
[ info ] [ LANG ] D:\xampp\htdocs\hns\thinkphp\lang\zh-cn.php
[ info ] [ ROUTE ] array (
  'type' => 'module',
  'module' => 
  array (
    0 => 'images',
    1 => 'payment.png',
    2 => NULL,
  ),
)
[ info ] [ HEADER ] array (
  'host' => 'localhost',
  'connection' => 'keep-alive',
  'user-agent' => 'Mozilla/5.0 (Windows NT 10.0; WOW64) AppleWebKit/537.36 (KHTML, like Gecko) Chrome/65.0.3325.146 Safari/537.36',
  'accept' => 'image/webp,image/apng,image/*,*/*;q=0.8',
  'referer' => 'http://localhost/hns/public/index.php/index',
  'accept-encoding' => 'gzip, deflate, br',
  'accept-language' => 'zh-CN,zh;q=0.9',
  'cookie' => 'pgv_pvi=878369792',
)
[ info ] [ PARAM ] array (
)
[ info ] [ LOG ] INIT File
---------------------------------------------------------------
[ 2018-03-31T19:26:28+08:00 ] 0.0.0.0 GET /hns/public/index.php/account_login.html
[ info ] localhost/hns/public/index.php/account_login.html [运行时间：0.013588s][吞吐率：73.59req/s] [内存消耗：826.62kb] [文件加载：27]
[ info ] [ LANG ] D:\xampp\htdocs\hns\thinkphp\lang\zh-cn.php
[ info ] [ ROUTE ] array (
  'type' => 'module',
  'module' => 
  array (
    0 => 'account_login',
    1 => NULL,
    2 => NULL,
  ),
)
[ info ] [ HEADER ] array (
  'host' => 'localhost',
  'connection' => 'keep-alive',
  'upgrade-insecure-requests' => '1',
  'user-agent' => 'Mozilla/5.0 (Windows NT 10.0; WOW64) AppleWebKit/537.36 (KHTML, like Gecko) Chrome/65.0.3325.146 Safari/537.36',
  'accept' => 'text/html,application/xhtml+xml,application/xml;q=0.9,image/webp,image/apng,*/*;q=0.8',
  'referer' => 'http://localhost/hns/public/index.php/index',
  'accept-encoding' => 'gzip, deflate, br',
  'accept-language' => 'zh-CN,zh;q=0.9',
  'cookie' => 'pgv_pvi=878369792',
)
[ info ] [ PARAM ] array (
)
[ info ] [ LOG ] INIT File
---------------------------------------------------------------
[ 2018-03-31T19:26:35+08:00 ] 0.0.0.0 GET /hns/public/index.php/index/user/login
[ info ] localhost/hns/public/index.php/index/user/login [运行时间：0.127193s][吞吐率：7.86req/s] [内存消耗：1,278.23kb] [文件加载：35]
[ info ] [ LANG ] D:\xampp\htdocs\hns\thinkphp\lang\zh-cn.php
[ info ] [ ROUTE ] array (
  'type' => 'module',
  'module' => 
  array (
    0 => 'index',
    1 => 'user',
    2 => 'login',
  ),
)
[ info ] [ HEADER ] array (
  'host' => 'localhost',
  'connection' => 'keep-alive',
  'upgrade-insecure-requests' => '1',
  'user-agent' => 'Mozilla/5.0 (Windows NT 10.0; WOW64) AppleWebKit/537.36 (KHTML, like Gecko) Chrome/65.0.3325.146 Safari/537.36',
  'accept' => 'text/html,application/xhtml+xml,application/xml;q=0.9,image/webp,image/apng,*/*;q=0.8',
  'accept-encoding' => 'gzip, deflate, br',
  'accept-language' => 'zh-CN,zh;q=0.9',
  'cookie' => 'pgv_pvi=878369792',
)
[ info ] [ PARAM ] array (
)
[ info ] [ RUN ] app\index\controller\User->login[ D:\xampp\htdocs\hns\application\index\controller\User.php ]
[ info ] [ VIEW ] D:\xampp\htdocs\hns\public/../application/index\view\user\login.html [ array (
) ]
[ info ] [ LOG ] INIT File
---------------------------------------------------------------
[ 2018-03-31T19:26:35+08:00 ] 0.0.0.0 GET /hns/public/index.php/index/user/images/item_icon.png
[ info ] localhost/hns/public/index.php/index/user/images/item_icon.png [运行时间：0.017618s][吞吐率：56.76req/s] [内存消耗：1,096.09kb] [文件加载：34]
[ info ] [ LANG ] D:\xampp\htdocs\hns\thinkphp\lang\zh-cn.php
[ info ] [ ROUTE ] array (
  'type' => 'module',
  'module' => 
  array (
    0 => 'index',
    1 => 'user',
    2 => 'images',
  ),
)
[ info ] [ HEADER ] array (
  'host' => 'localhost',
  'connection' => 'keep-alive',
  'user-agent' => 'Mozilla/5.0 (Windows NT 10.0; WOW64) AppleWebKit/537.36 (KHTML, like Gecko) Chrome/65.0.3325.146 Safari/537.36',
  'accept' => 'image/webp,image/apng,image/*,*/*;q=0.8',
  'referer' => 'http://localhost/hns/public/index.php/index/user/login',
  'accept-encoding' => 'gzip, deflate, br',
  'accept-language' => 'zh-CN,zh;q=0.9',
  'cookie' => 'pgv_pvi=878369792',
)
[ info ] [ PARAM ] array (
)
[ info ] [ LOG ] INIT File
---------------------------------------------------------------
[ 2018-03-31T19:26:35+08:00 ] 0.0.0.0 GET /hns/public/index.php/index/user/images/small_img.png
[ info ] localhost/hns/public/index.php/index/user/images/small_img.png [运行时间：0.025603s][吞吐率：39.06req/s] [内存消耗：1,096.09kb] [文件加载：34]
[ info ] [ LANG ] D:\xampp\htdocs\hns\thinkphp\lang\zh-cn.php
[ info ] [ ROUTE ] array (
  'type' => 'module',
  'module' => 
  array (
    0 => 'index',
    1 => 'user',
    2 => 'images',
  ),
)
[ info ] [ HEADER ] array (
  'host' => 'localhost',
  'connection' => 'keep-alive',
  'user-agent' => 'Mozilla/5.0 (Windows NT 10.0; WOW64) AppleWebKit/537.36 (KHTML, like Gecko) Chrome/65.0.3325.146 Safari/537.36',
  'accept' => 'image/webp,image/apng,image/*,*/*;q=0.8',
  'referer' => 'http://localhost/hns/public/index.php/index/user/login',
  'accept-encoding' => 'gzip, deflate, br',
  'accept-language' => 'zh-CN,zh;q=0.9',
  'cookie' => 'pgv_pvi=878369792',
)
[ info ] [ PARAM ] array (
)
[ info ] [ LOG ] INIT File
---------------------------------------------------------------
[ 2018-03-31T19:26:35+08:00 ] 0.0.0.0 GET /hns/public/index.php/index/user/images/facebook.png
[ info ] localhost/hns/public/index.php/index/user/images/facebook.png [运行时间：0.024175s][吞吐率：41.36req/s] [内存消耗：1,096.08kb] [文件加载：34]
[ info ] [ LANG ] D:\xampp\htdocs\hns\thinkphp\lang\zh-cn.php
[ info ] [ ROUTE ] array (
  'type' => 'module',
  'module' => 
  array (
    0 => 'index',
    1 => 'user',
    2 => 'images',
  ),
)
[ info ] [ HEADER ] array (
  'host' => 'localhost',
  'connection' => 'keep-alive',
  'user-agent' => 'Mozilla/5.0 (Windows NT 10.0; WOW64) AppleWebKit/537.36 (KHTML, like Gecko) Chrome/65.0.3325.146 Safari/537.36',
  'accept' => 'image/webp,image/apng,image/*,*/*;q=0.8',
  'referer' => 'http://localhost/hns/public/index.php/index/user/login',
  'accept-encoding' => 'gzip, deflate, br',
  'accept-language' => 'zh-CN,zh;q=0.9',
  'cookie' => 'pgv_pvi=878369792',
)
[ info ] [ PARAM ] array (
)
[ info ] [ LOG ] INIT File
---------------------------------------------------------------
[ 2018-03-31T19:26:35+08:00 ] 0.0.0.0 GET /hns/public/index.php/index/user/images/edit_icon.png
[ info ] localhost/hns/public/index.php/index/user/images/edit_icon.png [运行时间：0.027746s][吞吐率：36.04req/s] [内存消耗：1,096.09kb] [文件加载：34]
[ info ] [ LANG ] D:\xampp\htdocs\hns\thinkphp\lang\zh-cn.php
[ info ] [ ROUTE ] array (
  'type' => 'module',
  'module' => 
  array (
    0 => 'index',
    1 => 'user',
    2 => 'images',
  ),
)
[ info ] [ HEADER ] array (
  'host' => 'localhost',
  'connection' => 'keep-alive',
  'user-agent' => 'Mozilla/5.0 (Windows NT 10.0; WOW64) AppleWebKit/537.36 (KHTML, like Gecko) Chrome/65.0.3325.146 Safari/537.36',
  'accept' => 'image/webp,image/apng,image/*,*/*;q=0.8',
  'referer' => 'http://localhost/hns/public/index.php/index/user/login',
  'accept-encoding' => 'gzip, deflate, br',
  'accept-language' => 'zh-CN,zh;q=0.9',
  'cookie' => 'pgv_pvi=878369792',
)
[ info ] [ PARAM ] array (
)
[ info ] [ LOG ] INIT File
---------------------------------------------------------------
[ 2018-03-31T19:26:35+08:00 ] 0.0.0.0 GET /hns/public/index.php/index/user/images/delete_item_btn.png
[ info ] localhost/hns/public/index.php/index/user/images/delete_item_btn.png [运行时间：0.026409s][吞吐率：37.87req/s] [内存消耗：1,096.15kb] [文件加载：34]
[ info ] [ LANG ] D:\xampp\htdocs\hns\thinkphp\lang\zh-cn.php
[ info ] [ ROUTE ] array (
  'type' => 'module',
  'module' => 
  array (
    0 => 'index',
    1 => 'user',
    2 => 'images',
  ),
)
[ info ] [ HEADER ] array (
  'host' => 'localhost',
  'connection' => 'keep-alive',
  'user-agent' => 'Mozilla/5.0 (Windows NT 10.0; WOW64) AppleWebKit/537.36 (KHTML, like Gecko) Chrome/65.0.3325.146 Safari/537.36',
  'accept' => 'image/webp,image/apng,image/*,*/*;q=0.8',
  'referer' => 'http://localhost/hns/public/index.php/index/user/login',
  'accept-encoding' => 'gzip, deflate, br',
  'accept-language' => 'zh-CN,zh;q=0.9',
  'cookie' => 'pgv_pvi=878369792',
)
[ info ] [ PARAM ] array (
)
[ info ] [ LOG ] INIT File
---------------------------------------------------------------
[ 2018-03-31T19:26:35+08:00 ] 0.0.0.0 GET /hns/public/index.php/index/user/images/rss.png
[ info ] localhost/hns/public/index.php/index/user/images/rss.png [运行时间：0.026298s][吞吐率：38.03req/s] [内存消耗：1,096.02kb] [文件加载：34]
[ info ] [ LANG ] D:\xampp\htdocs\hns\thinkphp\lang\zh-cn.php
[ info ] [ ROUTE ] array (
  'type' => 'module',
  'module' => 
  array (
    0 => 'index',
    1 => 'user',
    2 => 'images',
  ),
)
[ info ] [ HEADER ] array (
  'host' => 'localhost',
  'connection' => 'keep-alive',
  'user-agent' => 'Mozilla/5.0 (Windows NT 10.0; WOW64) AppleWebKit/537.36 (KHTML, like Gecko) Chrome/65.0.3325.146 Safari/537.36',
  'accept' => 'image/webp,image/apng,image/*,*/*;q=0.8',
  'referer' => 'http://localhost/hns/public/index.php/index/user/login',
  'accept-encoding' => 'gzip, deflate, br',
  'accept-language' => 'zh-CN,zh;q=0.9',
  'cookie' => 'pgv_pvi=878369792',
)
[ info ] [ PARAM ] array (
)
[ info ] [ LOG ] INIT File
---------------------------------------------------------------
[ 2018-03-31T19:26:35+08:00 ] 0.0.0.0 GET /hns/public/index.php/index/user/images/logo.png
[ info ] localhost/hns/public/index.php/index/user/images/logo.png [运行时间：0.034335s][吞吐率：29.12req/s] [内存消耗：1,096.08kb] [文件加载：34]
[ info ] [ LANG ] D:\xampp\htdocs\hns\thinkphp\lang\zh-cn.php
[ info ] [ ROUTE ] array (
  'type' => 'module',
  'module' => 
  array (
    0 => 'index',
    1 => 'user',
    2 => 'images',
  ),
)
[ info ] [ HEADER ] array (
  'host' => 'localhost',
  'connection' => 'keep-alive',
  'user-agent' => 'Mozilla/5.0 (Windows NT 10.0; WOW64) AppleWebKit/537.36 (KHTML, like Gecko) Chrome/65.0.3325.146 Safari/537.36',
  'accept' => 'image/webp,image/apng,image/*,*/*;q=0.8',
  'referer' => 'http://localhost/hns/public/index.php/index/user/login',
  'accept-encoding' => 'gzip, deflate, br',
  'accept-language' => 'zh-CN,zh;q=0.9',
  'cookie' => 'pgv_pvi=878369792',
)
[ info ] [ PARAM ] array (
)
[ info ] [ LOG ] INIT File
---------------------------------------------------------------
[ 2018-03-31T19:26:35+08:00 ] 0.0.0.0 GET /hns/public/index.php/index/user/images/twitter.png
[ info ] localhost/hns/public/index.php/index/user/images/twitter.png [运行时间：0.031676s][吞吐率：31.57req/s] [内存消耗：1,096.08kb] [文件加载：34]
[ info ] [ LANG ] D:\xampp\htdocs\hns\thinkphp\lang\zh-cn.php
[ info ] [ ROUTE ] array (
  'type' => 'module',
  'module' => 
  array (
    0 => 'index',
    1 => 'user',
    2 => 'images',
  ),
)
[ info ] [ HEADER ] array (
  'host' => 'localhost',
  'connection' => 'keep-alive',
  'user-agent' => 'Mozilla/5.0 (Windows NT 10.0; WOW64) AppleWebKit/537.36 (KHTML, like Gecko) Chrome/65.0.3325.146 Safari/537.36',
  'accept' => 'image/webp,image/apng,image/*,*/*;q=0.8',
  'referer' => 'http://localhost/hns/public/index.php/index/user/login',
  'accept-encoding' => 'gzip, deflate, br',
  'accept-language' => 'zh-CN,zh;q=0.9',
  'cookie' => 'pgv_pvi=878369792',
)
[ info ] [ PARAM ] array (
)
[ info ] [ LOG ] INIT File
---------------------------------------------------------------
[ 2018-03-31T19:26:35+08:00 ] 0.0.0.0 GET /hns/public/index.php/index/user/images/dribbble.png
[ info ] localhost/hns/public/index.php/index/user/images/dribbble.png [运行时间：0.021041s][吞吐率：47.53req/s] [内存消耗：1,096.08kb] [文件加载：34]
[ info ] [ LANG ] D:\xampp\htdocs\hns\thinkphp\lang\zh-cn.php
[ info ] [ ROUTE ] array (
  'type' => 'module',
  'module' => 
  array (
    0 => 'index',
    1 => 'user',
    2 => 'images',
  ),
)
[ info ] [ HEADER ] array (
  'host' => 'localhost',
  'connection' => 'keep-alive',
  'user-agent' => 'Mozilla/5.0 (Windows NT 10.0; WOW64) AppleWebKit/537.36 (KHTML, like Gecko) Chrome/65.0.3325.146 Safari/537.36',
  'accept' => 'image/webp,image/apng,image/*,*/*;q=0.8',
  'referer' => 'http://localhost/hns/public/index.php/index/user/login',
  'accept-encoding' => 'gzip, deflate, br',
  'accept-language' => 'zh-CN,zh;q=0.9',
  'cookie' => 'pgv_pvi=878369792',
)
[ info ] [ PARAM ] array (
)
[ info ] [ LOG ] INIT File
---------------------------------------------------------------
[ 2018-03-31T19:26:35+08:00 ] 0.0.0.0 GET /hns/public/index.php/index/user/images/youtube.png
[ info ] localhost/hns/public/index.php/index/user/images/youtube.png [运行时间：0.023364s][吞吐率：42.80req/s] [内存消耗：1,096.08kb] [文件加载：34]
[ info ] [ LANG ] D:\xampp\htdocs\hns\thinkphp\lang\zh-cn.php
[ info ] [ ROUTE ] array (
  'type' => 'module',
  'module' => 
  array (
    0 => 'index',
    1 => 'user',
    2 => 'images',
  ),
)
[ info ] [ HEADER ] array (
  'host' => 'localhost',
  'connection' => 'keep-alive',
  'user-agent' => 'Mozilla/5.0 (Windows NT 10.0; WOW64) AppleWebKit/537.36 (KHTML, like Gecko) Chrome/65.0.3325.146 Safari/537.36',
  'accept' => 'image/webp,image/apng,image/*,*/*;q=0.8',
  'referer' => 'http://localhost/hns/public/index.php/index/user/login',
  'accept-encoding' => 'gzip, deflate, br',
  'accept-language' => 'zh-CN,zh;q=0.9',
  'cookie' => 'pgv_pvi=878369792',
)
[ info ] [ PARAM ] array (
)
[ info ] [ LOG ] INIT File
---------------------------------------------------------------
[ 2018-03-31T19:26:35+08:00 ] 0.0.0.0 GET /hns/public/index.php/index/user/images/payment.png
[ info ] localhost/hns/public/index.php/index/user/images/payment.png [运行时间：0.024680s][吞吐率：40.52req/s] [内存消耗：1,096.08kb] [文件加载：34]
[ info ] [ LANG ] D:\xampp\htdocs\hns\thinkphp\lang\zh-cn.php
[ info ] [ ROUTE ] array (
  'type' => 'module',
  'module' => 
  array (
    0 => 'index',
    1 => 'user',
    2 => 'images',
  ),
)
[ info ] [ HEADER ] array (
  'host' => 'localhost',
  'connection' => 'keep-alive',
  'user-agent' => 'Mozilla/5.0 (Windows NT 10.0; WOW64) AppleWebKit/537.36 (KHTML, like Gecko) Chrome/65.0.3325.146 Safari/537.36',
  'accept' => 'image/webp,image/apng,image/*,*/*;q=0.8',
  'referer' => 'http://localhost/hns/public/index.php/index/user/login',
  'accept-encoding' => 'gzip, deflate, br',
  'accept-language' => 'zh-CN,zh;q=0.9',
  'cookie' => 'pgv_pvi=878369792',
)
[ info ] [ PARAM ] array (
)
[ info ] [ LOG ] INIT File
---------------------------------------------------------------
[ 2018-03-31T19:26:57+08:00 ] 0.0.0.0 POST /hns/public/index.php/index/user/logincheck.html
[ info ] localhost/hns/public/index.php/index/user/logincheck.html [运行时间：0.070608s][吞吐率：14.16req/s] [内存消耗：1,097.36kb] [文件加载：34]
[ info ] [ LANG ] D:\xampp\htdocs\hns\thinkphp\lang\zh-cn.php
[ info ] [ ROUTE ] array (
  'type' => 'module',
  'module' => 
  array (
    0 => 'index',
    1 => 'user',
    2 => 'logincheck',
  ),
)
[ info ] [ HEADER ] array (
  'host' => 'localhost',
  'connection' => 'keep-alive',
  'content-length' => '0',
  'cache-control' => 'max-age=0',
  'origin' => 'http://localhost',
  'upgrade-insecure-requests' => '1',
  'content-type' => 'application/x-www-form-urlencoded',
  'user-agent' => 'Mozilla/5.0 (Windows NT 10.0; WOW64) AppleWebKit/537.36 (KHTML, like Gecko) Chrome/65.0.3325.146 Safari/537.36',
  'accept' => 'text/html,application/xhtml+xml,application/xml;q=0.9,image/webp,image/apng,*/*;q=0.8',
  'referer' => 'http://localhost/hns/public/index.php/index/user/login',
  'accept-encoding' => 'gzip, deflate, br',
  'accept-language' => 'zh-CN,zh;q=0.9',
  'cookie' => 'pgv_pvi=878369792',
)
[ info ] [ PARAM ] array (
)
[ info ] [ RUN ] app\index\controller\User->logincheck[ D:\xampp\htdocs\hns\application\index\controller\User.php ]
[ info ] [ LOG ] INIT File
[ error ] [0]模板文件不存在:D:\xampp\htdocs\hns\public/../application/index\view\user\logincheck.html[D:\xampp\htdocs\hns\thinkphp\library\think\view\driver\Think.php:80]
---------------------------------------------------------------
[ 2018-03-31T19:27:26+08:00 ] 0.0.0.0 GET /hns/public/index.php/index/user/register
[ info ] localhost/hns/public/index.php/index/user/register [运行时间：0.066370s][吞吐率：15.07req/s] [内存消耗：1,277.90kb] [文件加载：35]
[ info ] [ LANG ] D:\xampp\htdocs\hns\thinkphp\lang\zh-cn.php
[ info ] [ ROUTE ] array (
  'type' => 'module',
  'module' => 
  array (
    0 => 'index',
    1 => 'user',
    2 => 'register',
  ),
)
[ info ] [ HEADER ] array (
  'host' => 'localhost',
  'connection' => 'keep-alive',
  'upgrade-insecure-requests' => '1',
  'user-agent' => 'Mozilla/5.0 (Windows NT 10.0; WOW64) AppleWebKit/537.36 (KHTML, like Gecko) Chrome/65.0.3325.146 Safari/537.36',
  'accept' => 'text/html,application/xhtml+xml,application/xml;q=0.9,image/webp,image/apng,*/*;q=0.8',
  'accept-encoding' => 'gzip, deflate, br',
  'accept-language' => 'zh-CN,zh;q=0.9',
  'cookie' => 'pgv_pvi=878369792',
)
[ info ] [ PARAM ] array (
)
[ info ] [ RUN ] app\index\controller\User->register[ D:\xampp\htdocs\hns\application\index\controller\User.php ]
[ info ] [ VIEW ] D:\xampp\htdocs\hns\public/../application/index\view\user\register.html [ array (
) ]
[ info ] [ LOG ] INIT File
---------------------------------------------------------------
[ 2018-03-31T19:27:26+08:00 ] 0.0.0.0 GET /hns/public/index.php/index/user/images/item_icon.png
[ info ] localhost/hns/public/index.php/index/user/images/item_icon.png [运行时间：0.018721s][吞吐率：53.42req/s] [内存消耗：1,096.09kb] [文件加载：34]
[ info ] [ LANG ] D:\xampp\htdocs\hns\thinkphp\lang\zh-cn.php
[ info ] [ ROUTE ] array (
  'type' => 'module',
  'module' => 
  array (
    0 => 'index',
    1 => 'user',
    2 => 'images',
  ),
)
[ info ] [ HEADER ] array (
  'host' => 'localhost',
  'connection' => 'keep-alive',
  'user-agent' => 'Mozilla/5.0 (Windows NT 10.0; WOW64) AppleWebKit/537.36 (KHTML, like Gecko) Chrome/65.0.3325.146 Safari/537.36',
  'accept' => 'image/webp,image/apng,image/*,*/*;q=0.8',
  'referer' => 'http://localhost/hns/public/index.php/index/user/register',
  'accept-encoding' => 'gzip, deflate, br',
  'accept-language' => 'zh-CN,zh;q=0.9',
  'cookie' => 'pgv_pvi=878369792',
)
[ info ] [ PARAM ] array (
)
[ info ] [ LOG ] INIT File
---------------------------------------------------------------
[ 2018-03-31T19:27:26+08:00 ] 0.0.0.0 GET /hns/public/index.php/index/user/images/small_img.png
[ info ] localhost/hns/public/index.php/index/user/images/small_img.png [运行时间：0.018628s][吞吐率：53.68req/s] [内存消耗：1,096.09kb] [文件加载：34]
[ info ] [ LANG ] D:\xampp\htdocs\hns\thinkphp\lang\zh-cn.php
[ info ] [ ROUTE ] array (
  'type' => 'module',
  'module' => 
  array (
    0 => 'index',
    1 => 'user',
    2 => 'images',
  ),
)
[ info ] [ HEADER ] array (
  'host' => 'localhost',
  'connection' => 'keep-alive',
  'user-agent' => 'Mozilla/5.0 (Windows NT 10.0; WOW64) AppleWebKit/537.36 (KHTML, like Gecko) Chrome/65.0.3325.146 Safari/537.36',
  'accept' => 'image/webp,image/apng,image/*,*/*;q=0.8',
  'referer' => 'http://localhost/hns/public/index.php/index/user/register',
  'accept-encoding' => 'gzip, deflate, br',
  'accept-language' => 'zh-CN,zh;q=0.9',
  'cookie' => 'pgv_pvi=878369792',
)
[ info ] [ PARAM ] array (
)
[ info ] [ LOG ] INIT File
---------------------------------------------------------------
[ 2018-03-31T19:27:26+08:00 ] 0.0.0.0 GET /hns/public/index.php/index/user/images/edit_icon.png
[ info ] localhost/hns/public/index.php/index/user/images/edit_icon.png [运行时间：0.027859s][吞吐率：35.90req/s] [内存消耗：1,096.09kb] [文件加载：34]
[ info ] [ LANG ] D:\xampp\htdocs\hns\thinkphp\lang\zh-cn.php
[ info ] [ ROUTE ] array (
  'type' => 'module',
  'module' => 
  array (
    0 => 'index',
    1 => 'user',
    2 => 'images',
  ),
)
[ info ] [ HEADER ] array (
  'host' => 'localhost',
  'connection' => 'keep-alive',
  'user-agent' => 'Mozilla/5.0 (Windows NT 10.0; WOW64) AppleWebKit/537.36 (KHTML, like Gecko) Chrome/65.0.3325.146 Safari/537.36',
  'accept' => 'image/webp,image/apng,image/*,*/*;q=0.8',
  'referer' => 'http://localhost/hns/public/index.php/index/user/register',
  'accept-encoding' => 'gzip, deflate, br',
  'accept-language' => 'zh-CN,zh;q=0.9',
  'cookie' => 'pgv_pvi=878369792',
)
[ info ] [ PARAM ] array (
)
[ info ] [ LOG ] INIT File
---------------------------------------------------------------
[ 2018-03-31T19:27:26+08:00 ] 0.0.0.0 GET /hns/public/index.php/index/user/images/logo.png
[ info ] localhost/hns/public/index.php/index/user/images/logo.png [运行时间：0.028856s][吞吐率：34.66req/s] [内存消耗：1,096.08kb] [文件加载：34]
[ info ] [ LANG ] D:\xampp\htdocs\hns\thinkphp\lang\zh-cn.php
[ info ] [ ROUTE ] array (
  'type' => 'module',
  'module' => 
  array (
    0 => 'index',
    1 => 'user',
    2 => 'images',
  ),
)
[ info ] [ HEADER ] array (
  'host' => 'localhost',
  'connection' => 'keep-alive',
  'user-agent' => 'Mozilla/5.0 (Windows NT 10.0; WOW64) AppleWebKit/537.36 (KHTML, like Gecko) Chrome/65.0.3325.146 Safari/537.36',
  'accept' => 'image/webp,image/apng,image/*,*/*;q=0.8',
  'referer' => 'http://localhost/hns/public/index.php/index/user/register',
  'accept-encoding' => 'gzip, deflate, br',
  'accept-language' => 'zh-CN,zh;q=0.9',
  'cookie' => 'pgv_pvi=878369792',
)
[ info ] [ PARAM ] array (
)
[ info ] [ LOG ] INIT File
---------------------------------------------------------------
[ 2018-03-31T19:27:26+08:00 ] 0.0.0.0 GET /hns/public/index.php/index/user/images/twitter.png
[ info ] localhost/hns/public/index.php/index/user/images/twitter.png [运行时间：0.029116s][吞吐率：34.35req/s] [内存消耗：1,096.08kb] [文件加载：34]
[ info ] [ LANG ] D:\xampp\htdocs\hns\thinkphp\lang\zh-cn.php
[ info ] [ ROUTE ] array (
  'type' => 'module',
  'module' => 
  array (
    0 => 'index',
    1 => 'user',
    2 => 'images',
  ),
)
[ info ] [ HEADER ] array (
  'host' => 'localhost',
  'connection' => 'keep-alive',
  'user-agent' => 'Mozilla/5.0 (Windows NT 10.0; WOW64) AppleWebKit/537.36 (KHTML, like Gecko) Chrome/65.0.3325.146 Safari/537.36',
  'accept' => 'image/webp,image/apng,image/*,*/*;q=0.8',
  'referer' => 'http://localhost/hns/public/index.php/index/user/register',
  'accept-encoding' => 'gzip, deflate, br',
  'accept-language' => 'zh-CN,zh;q=0.9',
  'cookie' => 'pgv_pvi=878369792',
)
[ info ] [ PARAM ] array (
)
[ info ] [ LOG ] INIT File
OG ] INIT File
---------------------------------------------------------------
[ 2018-03-31T19:27:26+08:00 ] 0.0.0.0 GET /hns/public/index.php/index/user/images/facebook.png
[ info ] localhost/hns/public/index.php/index/user/images/facebook.png [运行时间：0.031608s][吞吐率：31.64req/s] [内存消耗：1,096.08kb] [文件加载：34]
[ info ] [ LANG ] D:\xampp\htdocs\hns\thinkphp\lang\zh-cn.php
[ info ] [ ROUTE ] array (
  'type' => 'module',
  'module' => 
  array (
    0 => 'index',
    1 => 'user',
    2 => 'images',
  ),
)
[ info ] [ HEADER ] array (
  'host' => 'localhost',
  'connection' => 'keep-alive',
  'user-agent' => 'Mozilla/5.0 (Windows NT 10.0; WOW64) AppleWebKit/537.36 (KHTML, like Gecko) Chrome/65.0.3325.146 Safari/537.36',
  'accept' => 'image/webp,image/apng,image/*,*/*;q=0.8',
  'referer' => 'http://localhost/hns/public/index.php/index/user/register',
  'accept-encoding' => 'gzip, deflate, br',
  'accept-language' => 'zh-CN,zh;q=0.9',
  'cookie' => 'pgv_pvi=878369792',
)
[ info ] [ PARAM ] array (
)
[ info ] [ LOG ] INIT File
---------------------------------------------------------------
[ 2018-03-31T19:27:26+08:00 ] 0.0.0.0 GET /hns/public/index.php/index/user/images/rss.png
[ info ] localhost/hns/public/index.php/index/user/images/rss.png [运行时间：0.032400s][吞吐率：30.86req/s] [内存消耗：1,096.02kb] [文件加载：34]
[ info ] [ LANG ] D:\xampp\htdocs\hns\thinkphp\lang\zh-cn.php
[ info ] [ ROUTE ] array (
  'type' => 'module',
  'module' => 
  array (
    0 => 'index',
    1 => 'user',
    2 => 'images',
  ),
)
[ info ] [ HEADER ] array (
  'host' => 'localhost',
  'connection' => 'keep-alive',
  'user-agent' => 'Mozilla/5.0 (Windows NT 10.0; WOW64) AppleWebKit/537.36 (KHTML, like Gecko) Chrome/65.0.3325.146 Safari/537.36',
  'accept' => 'image/webp,image/apng,image/*,*/*;q=0.8',
  'referer' => 'http://localhost/hns/public/index.php/index/user/register',
  'accept-encoding' => 'gzip, deflate, br',
  'accept-language' => 'zh-CN,zh;q=0.9',
  'cookie' => 'pgv_pvi=878369792',
)
[ info ] [ PARAM ] array (
)
[ info ] [ LOG ] INIT File
---------------------------------------------------------------
[ 2018-03-31T19:27:26+08:00 ] 0.0.0.0 GET /hns/public/index.php/index/user/images/dribbble.png
[ info ] localhost/hns/public/index.php/index/user/images/dribbble.png [运行时间：0.029174s][吞吐率：34.28req/s] [内存消耗：1,096.08kb] [文件加载：34]
[ info ] [ LANG ] D:\xampp\htdocs\hns\thinkphp\lang\zh-cn.php
[ info ] [ ROUTE ] array (
  'type' => 'module',
  'module' => 
  array (
    0 => 'index',
    1 => 'user',
    2 => 'images',
  ),
)
[ info ] [ HEADER ] array (
  'host' => 'localhost',
  'connection' => 'keep-alive',
  'user-agent' => 'Mozilla/5.0 (Windows NT 10.0; WOW64) AppleWebKit/537.36 (KHTML, like Gecko) Chrome/65.0.3325.146 Safari/537.36',
  'accept' => 'image/webp,image/apng,image/*,*/*;q=0.8',
  'referer' => 'http://localhost/hns/public/index.php/index/user/register',
  'accept-encoding' => 'gzip, deflate, br',
  'accept-language' => 'zh-CN,zh;q=0.9',
  'cookie' => 'pgv_pvi=878369792',
)
[ info ] [ PARAM ] array (
)
[ info ] [ LOG ] INIT File
---------------------------------------------------------------
[ 2018-03-31T19:27:26+08:00 ] 0.0.0.0 GET /hns/public/index.php/index/user/images/youtube.png
[ info ] localhost/hns/public/index.php/index/user/images/youtube.png [运行时间：0.023834s][吞吐率：41.96req/s] [内存消耗：1,096.08kb] [文件加载：34]
[ info ] [ LANG ] D:\xampp\htdocs\hns\thinkphp\lang\zh-cn.php
[ info ] [ ROUTE ] array (
  'type' => 'module',
  'module' => 
  array (
    0 => 'index',
    1 => 'user',
    2 => 'images',
  ),
)
[ info ] [ HEADER ] array (
  'host' => 'localhost',
  'connection' => 'keep-alive',
  'user-agent' => 'Mozilla/5.0 (Windows NT 10.0; WOW64) AppleWebKit/537.36 (KHTML, like Gecko) Chrome/65.0.3325.146 Safari/537.36',
  'accept' => 'image/webp,image/apng,image/*,*/*;q=0.8',
  'referer' => 'http://localhost/hns/public/index.php/index/user/register',
  'accept-encoding' => 'gzip, deflate, br',
  'accept-language' => 'zh-CN,zh;q=0.9',
  'cookie' => 'pgv_pvi=878369792',
)
[ info ] [ PARAM ] array (
)
[ info ] [ LOG ] INIT File
---------------------------------------------------------------
[ 2018-03-31T19:27:26+08:00 ] 0.0.0.0 GET /hns/public/index.php/index/user/images/skype.png
[ info ] localhost/hns/public/index.php/index/user/images/skype.png [运行时间：0.025165s][吞吐率：39.74req/s] [内存消耗：1,096.08kb] [文件加载：34]
[ info ] [ LANG ] D:\xampp\htdocs\hns\thinkphp\lang\zh-cn.php
[ info ] [ ROUTE ] array (
  'type' => 'module',
  'module' => 
  array (
    0 => 'index',
    1 => 'user',
    2 => 'images',
  ),
)
[ info ] [ HEADER ] array (
  'host' => 'localhost',
  'connection' => 'keep-alive',
  'user-agent' => 'Mozilla/5.0 (Windows NT 10.0; WOW64) AppleWebKit/537.36 (KHTML, like Gecko) Chrome/65.0.3325.146 Safari/537.36',
  'accept' => 'image/webp,image/apng,image/*,*/*;q=0.8',
  'referer' => 'http://localhost/hns/public/index.php/index/user/register',
  'accept-encoding' => 'gzip, deflate, br',
  'accept-language' => 'zh-CN,zh;q=0.9',
  'cookie' => 'pgv_pvi=878369792',
)
[ info ] [ PARAM ] array (
)
[ info ] [ LOG ] INIT File
---------------------------------------------------------------
[ 2018-03-31T19:27:26+08:00 ] 0.0.0.0 GET /hns/public/index.php/index/user/images/payment.png
[ info ] localhost/hns/public/index.php/index/user/images/payment.png [运行时间：0.025127s][吞吐率：39.80req/s] [内存消耗：1,096.08kb] [文件加载：34]
[ info ] [ LANG ] D:\xampp\htdocs\hns\thinkphp\lang\zh-cn.php
[ info ] [ ROUTE ] array (
  'type' => 'module',
  'module' => 
  array (
    0 => 'index',
    1 => 'user',
    2 => 'images',
  ),
)
[ info ] [ HEADER ] array (
  'host' => 'localhost',
  'connection' => 'keep-alive',
  'user-agent' => 'Mozilla/5.0 (Windows NT 10.0; WOW64) AppleWebKit/537.36 (KHTML, like Gecko) Chrome/65.0.3325.146 Safari/537.36',
  'accept' => 'image/webp,image/apng,image/*,*/*;q=0.8',
  'referer' => 'http://localhost/hns/public/index.php/index/user/register',
  'accept-encoding' => 'gzip, deflate, br',
  'accept-language' => 'zh-CN,zh;q=0.9',
  'cookie' => 'pgv_pvi=878369792',
)
[ info ] [ PARAM ] array (
)
[ info ] [ LOG ] INIT File
---------------------------------------------------------------
[ 2018-03-31T19:27:26+08:00 ] 0.0.0.0 GET /hns/public/index.php/index/user/images/small_img.png
[ info ] localhost/hns/public/index.php/index/user/images/small_img.png [运行时间：0.024592s][吞吐率：40.66req/s] [内存消耗：1,096.09kb] [文件加载：34]
[ info ] [ LANG ] D:\xampp\htdocs\hns\thinkphp\lang\zh-cn.php
[ info ] [ ROUTE ] array (
  'type' => 'module',
  'module' => 
  array (
    0 => 'index',
    1 => 'user',
    2 => 'images',
  ),
)
[ info ] [ HEADER ] array (
  'host' => 'localhost',
  'connection' => 'keep-alive',
  'user-agent' => 'Mozilla/5.0 (Windows NT 10.0; WOW64) AppleWebKit/537.36 (KHTML, like Gecko) Chrome/65.0.3325.146 Safari/537.36',
  'accept' => 'image/webp,image/apng,image/*,*/*;q=0.8',
  'referer' => 'http://localhost/hns/public/index.php/index/user/register',
  'accept-encoding' => 'gzip, deflate, br',
  'accept-language' => 'zh-CN,zh;q=0.9',
  'cookie' => 'pgv_pvi=878369792',
)
[ info ] [ PARAM ] array (
)
[ info ] [ LOG ] INIT File
