[ 2018-05-05T10:57:17+08:00 ] ::1 ::1 GET /hns/public/index.php/admin
[ log ] localhost/hns/public/index.php/admin [运行时间：0.226002s][吞吐率：4.42req/s] [内存消耗：1,206.38kb] [文件加载：39]
[ info ] [ LANG ] D:\xampp\htdocs\hns\thinkphp\lang\zh-cn.php
[ info ] [ ROUTE ] array (
  'type' => 'module',
  'module' => 
  array (
    0 => 'admin',
    1 => NULL,
    2 => NULL,
  ),
)
[ info ] [ HEADER ] array (
  'host' => 'localhost',
  'connection' => 'keep-alive',
  'upgrade-insecure-requests' => '1',
  'user-agent' => 'Mozilla/5.0 (Windows NT 10.0; WOW64) AppleWebKit/537.36 (KHTML, like Gecko) Chrome/66.0.3359.117 Safari/537.36',
  'accept' => 'text/html,application/xhtml+xml,application/xml;q=0.9,image/webp,image/apng,*/*;q=0.8',
  'accept-encoding' => 'gzip, deflate, br',
  'accept-language' => 'zh-CN,zh;q=0.9,en;q=0.8',
  'cookie' => 'pgv_pvi=878369792; Huiskin=default; Hm_lvt_080836300300be57b7f34f4b3e97d911=1524118976,1524322114,1524542079,1524548245',
)
[ info ] [ PARAM ] array (
)
[ info ] [ RUN ] app\admin\controller\Index->index[ D:\xampp\htdocs\hns\application\admin\controller\Index.php ]
[ info ] [ VIEW ] D:\xampp\htdocs\hns\public/../application/admin\view\index\index.html [ array (
) ]
[ info ] [ SESSION ] INIT array (
  'id' => '',
  'var_session_id' => '',
  'prefix' => 'think',
  'type' => '',
  'auto_start' => true,
)
[ info ] [ LOG ] INIT File

---------------------------------------------------------------
[ 2018-05-05T10:57:19+08:00 ] ::1 ::1 GET /hns/public/index.php/admin/advice/index.html
[ log ] localhost/hns/public/index.php/admin/advice/index.html [运行时间：0.187197s][吞吐率：5.34req/s] [内存消耗：2,147.47kb] [文件加载：51]
[ info ] [ LANG ] D:\xampp\htdocs\hns\thinkphp\lang\zh-cn.php
[ info ] [ ROUTE ] array (
  'type' => 'module',
  'module' => 
  array (
    0 => 'admin',
    1 => 'advice',
    2 => 'index',
  ),
)
[ info ] [ HEADER ] array (
  'host' => 'localhost',
  'connection' => 'keep-alive',
  'upgrade-insecure-requests' => '1',
  'user-agent' => 'Mozilla/5.0 (Windows NT 10.0; WOW64) AppleWebKit/537.36 (KHTML, like Gecko) Chrome/66.0.3359.117 Safari/537.36',
  'accept' => 'text/html,application/xhtml+xml,application/xml;q=0.9,image/webp,image/apng,*/*;q=0.8',
  'referer' => 'http://localhost/hns/public/index.php/admin',
  'accept-encoding' => 'gzip, deflate, br',
  'accept-language' => 'zh-CN,zh;q=0.9,en;q=0.8',
  'cookie' => 'pgv_pvi=878369792; Huiskin=default; Hm_lvt_080836300300be57b7f34f4b3e97d911=1524118976,1524322114,1524542079,1524548245; PHPSESSID=tsp4tus9hpku940f55950fsohl',
)
[ info ] [ PARAM ] array (
)
[ info ] [ DB ] INIT mysql
[ info ] [ RUN ] app\admin\controller\Advice->index[ D:\xampp\htdocs\hns\application\admin\controller\Advice.php ]
[ info ] [ VIEW ] D:\xampp\htdocs\hns\public/../application/admin\view\advice\index.html [ array (
  0 => 'advices',
) ]
[ info ] [ LOG ] INIT File
[ sql ] [ DB ] CONNECT:[ UseTime:0.000946s ] mysql:dbname=hns;host=127.0.0.1;charset=utf8
[ sql ] [ SQL ] SHOW COLUMNS FROM `hn_advice` [ RunTime:0.011260s ]
[ sql ] [ SQL ] SELECT COUNT(*) AS tp_count FROM `hn_advice` LIMIT 1 [ RunTime:0.000324s ]
[ sql ] [ SQL ] SELECT * FROM `hn_advice` LIMIT 0,5 [ RunTime:0.000273s ]

---------------------------------------------------------------
[ 2018-05-05T10:57:24+08:00 ] ::1 ::1 GET /hns/public/index.php/admin/user/index.html
[ log ] localhost/hns/public/index.php/admin/user/index.html [运行时间：0.175681s][吞吐率：5.69req/s] [内存消耗：2,138.73kb] [文件加载：50]
[ info ] [ LANG ] D:\xampp\htdocs\hns\thinkphp\lang\zh-cn.php
[ info ] [ ROUTE ] array (
  'type' => 'module',
  'module' => 
  array (
    0 => 'admin',
    1 => 'user',
    2 => 'index',
  ),
)
[ info ] [ HEADER ] array (
  'host' => 'localhost',
  'connection' => 'keep-alive',
  'upgrade-insecure-requests' => '1',
  'user-agent' => 'Mozilla/5.0 (Windows NT 10.0; WOW64) AppleWebKit/537.36 (KHTML, like Gecko) Chrome/66.0.3359.117 Safari/537.36',
  'accept' => 'text/html,application/xhtml+xml,application/xml;q=0.9,image/webp,image/apng,*/*;q=0.8',
  'referer' => 'http://localhost/hns/public/index.php/admin',
  'accept-encoding' => 'gzip, deflate, br',
  'accept-language' => 'zh-CN,zh;q=0.9,en;q=0.8',
  'cookie' => 'pgv_pvi=878369792; Huiskin=default; Hm_lvt_080836300300be57b7f34f4b3e97d911=1524118976,1524322114,1524542079,1524548245; PHPSESSID=tsp4tus9hpku940f55950fsohl',
)
[ info ] [ PARAM ] array (
)
[ info ] [ DB ] INIT mysql
[ info ] [ RUN ] app\admin\controller\User->index[ D:\xampp\htdocs\hns\application\admin\controller\User.php ]
[ info ] [ VIEW ] D:\xampp\htdocs\hns\public/../application/admin\view\user\index.html [ array (
  0 => 'users',
) ]
[ info ] [ LOG ] INIT File
[ sql ] [ DB ] CONNECT:[ UseTime:0.010888s ] mysql:dbname=hns;host=127.0.0.1;charset=utf8
[ sql ] [ SQL ] SHOW COLUMNS FROM `hn_user` [ RunTime:0.005274s ]
[ sql ] [ SQL ] SELECT COUNT(*) AS tp_count FROM `hn_user` LIMIT 1 [ RunTime:0.000308s ]
[ sql ] [ SQL ] SELECT * FROM `hn_user` LIMIT 0,10 [ RunTime:0.000366s ]

---------------------------------------------------------------
[ 2018-05-05T10:57:26+08:00 ] ::1 ::1 GET /hns/public/index.php/admin/admin/index.html
[ log ] localhost/hns/public/index.php/admin/admin/index.html [运行时间：0.106801s][吞吐率：9.36req/s] [内存消耗：2,145.69kb] [文件加载：51]
[ info ] [ LANG ] D:\xampp\htdocs\hns\thinkphp\lang\zh-cn.php
[ info ] [ ROUTE ] array (
  'type' => 'module',
  'module' => 
  array (
    0 => 'admin',
    1 => 'admin',
    2 => 'index',
  ),
)
[ info ] [ HEADER ] array (
  'host' => 'localhost',
  'connection' => 'keep-alive',
  'upgrade-insecure-requests' => '1',
  'user-agent' => 'Mozilla/5.0 (Windows NT 10.0; WOW64) AppleWebKit/537.36 (KHTML, like Gecko) Chrome/66.0.3359.117 Safari/537.36',
  'accept' => 'text/html,application/xhtml+xml,application/xml;q=0.9,image/webp,image/apng,*/*;q=0.8',
  'referer' => 'http://localhost/hns/public/index.php/admin',
  'accept-encoding' => 'gzip, deflate, br',
  'accept-language' => 'zh-CN,zh;q=0.9,en;q=0.8',
  'cookie' => 'pgv_pvi=878369792; Huiskin=default; Hm_lvt_080836300300be57b7f34f4b3e97d911=1524118976,1524322114,1524542079,1524548245; PHPSESSID=tsp4tus9hpku940f55950fsohl',
)
[ info ] [ PARAM ] array (
)
[ info ] [ DB ] INIT mysql
[ info ] [ RUN ] app\admin\controller\Admin->index[ D:\xampp\htdocs\hns\application\admin\controller\Admin.php ]
[ info ] [ VIEW ] D:\xampp\htdocs\hns\public/../application/admin\view\admin\index.html [ array (
  0 => 'admins',
) ]
[ info ] [ LOG ] INIT File
[ sql ] [ DB ] CONNECT:[ UseTime:0.001019s ] mysql:dbname=hns;host=127.0.0.1;charset=utf8
[ sql ] [ SQL ] SHOW COLUMNS FROM `hn_admin` [ RunTime:0.005306s ]
[ sql ] [ SQL ] SELECT COUNT(*) AS tp_count FROM `hn_admin` LIMIT 1 [ RunTime:0.000275s ]
[ sql ] [ SQL ] SELECT * FROM `hn_admin` LIMIT 0,10 [ RunTime:0.000289s ]

---------------------------------------------------------------
[ 2018-05-05T10:57:27+08:00 ] ::1 ::1 GET /hns/public/index.php/admin/user/index.html
[ log ] localhost/hns/public/index.php/admin/user/index.html [运行时间：0.044113s][吞吐率：22.67req/s] [内存消耗：2,138.73kb] [文件加载：50]
[ info ] [ LANG ] D:\xampp\htdocs\hns\thinkphp\lang\zh-cn.php
[ info ] [ ROUTE ] array (
  'type' => 'module',
  'module' => 
  array (
    0 => 'admin',
    1 => 'user',
    2 => 'index',
  ),
)
[ info ] [ HEADER ] array (
  'host' => 'localhost',
  'connection' => 'keep-alive',
  'upgrade-insecure-requests' => '1',
  'user-agent' => 'Mozilla/5.0 (Windows NT 10.0; WOW64) AppleWebKit/537.36 (KHTML, like Gecko) Chrome/66.0.3359.117 Safari/537.36',
  'accept' => 'text/html,application/xhtml+xml,application/xml;q=0.9,image/webp,image/apng,*/*;q=0.8',
  'referer' => 'http://localhost/hns/public/index.php/admin',
  'accept-encoding' => 'gzip, deflate, br',
  'accept-language' => 'zh-CN,zh;q=0.9,en;q=0.8',
  'cookie' => 'pgv_pvi=878369792; Huiskin=default; Hm_lvt_080836300300be57b7f34f4b3e97d911=1524118976,1524322114,1524542079,1524548245; PHPSESSID=tsp4tus9hpku940f55950fsohl',
)
[ info ] [ PARAM ] array (
)
[ info ] [ DB ] INIT mysql
[ info ] [ RUN ] app\admin\controller\User->index[ D:\xampp\htdocs\hns\application\admin\controller\User.php ]
[ info ] [ VIEW ] D:\xampp\htdocs\hns\public/../application/admin\view\user\index.html [ array (
  0 => 'users',
) ]
[ info ] [ LOG ] INIT File
[ sql ] [ DB ] CONNECT:[ UseTime:0.011008s ] mysql:dbname=hns;host=127.0.0.1;charset=utf8
[ sql ] [ SQL ] SHOW COLUMNS FROM `hn_user` [ RunTime:0.004420s ]
[ sql ] [ SQL ] SELECT COUNT(*) AS tp_count FROM `hn_user` LIMIT 1 [ RunTime:0.000311s ]
[ sql ] [ SQL ] SELECT * FROM `hn_user` LIMIT 0,10 [ RunTime:0.000325s ]

---------------------------------------------------------------
[ 2018-05-05T10:57:33+08:00 ] ::1 ::1 GET /hns/public/index.php/admin/order/index.html
[ log ] localhost/hns/public/index.php/admin/order/index.html [运行时间：0.056038s][吞吐率：17.84req/s] [内存消耗：1,159.95kb] [文件加载：38]
[ info ] [ LANG ] D:\xampp\htdocs\hns\thinkphp\lang\zh-cn.php
[ info ] [ ROUTE ] array (
  'type' => 'module',
  'module' => 
  array (
    0 => 'admin',
    1 => 'order',
    2 => 'index',
  ),
)
[ info ] [ HEADER ] array (
  'host' => 'localhost',
  'connection' => 'keep-alive',
  'upgrade-insecure-requests' => '1',
  'user-agent' => 'Mozilla/5.0 (Windows NT 10.0; WOW64) AppleWebKit/537.36 (KHTML, like Gecko) Chrome/66.0.3359.117 Safari/537.36',
  'accept' => 'text/html,application/xhtml+xml,application/xml;q=0.9,image/webp,image/apng,*/*;q=0.8',
  'referer' => 'http://localhost/hns/public/index.php/admin',
  'accept-encoding' => 'gzip, deflate, br',
  'accept-language' => 'zh-CN,zh;q=0.9,en;q=0.8',
  'cookie' => 'pgv_pvi=878369792; Huiskin=default; Hm_lvt_080836300300be57b7f34f4b3e97d911=1524118976,1524322114,1524542079,1524548245; PHPSESSID=tsp4tus9hpku940f55950fsohl',
)
[ info ] [ PARAM ] array (
)
[ info ] [ RUN ] app\admin\controller\Order->index[ D:\xampp\htdocs\hns\application\admin\controller\Order.php ]
[ info ] [ VIEW ] D:\xampp\htdocs\hns\public/../application/admin\view\order\index.html [ array (
) ]
[ info ] [ LOG ] INIT File

---------------------------------------------------------------
[ 2018-05-05T10:57:34+08:00 ] ::1 ::1 GET /hns/public/index.php/admin/order/delist.html
[ log ] localhost/hns/public/index.php/admin/order/delist.html [运行时间：0.117605s][吞吐率：8.50req/s] [内存消耗：1,183.84kb] [文件加载：40]
[ info ] [ LANG ] D:\xampp\htdocs\hns\thinkphp\lang\zh-cn.php
[ info ] [ ROUTE ] array (
  'type' => 'module',
  'module' => 
  array (
    0 => 'admin',
    1 => 'order',
    2 => 'delist',
  ),
)
[ info ] [ HEADER ] array (
  'host' => 'localhost',
  'connection' => 'keep-alive',
  'upgrade-insecure-requests' => '1',
  'user-agent' => 'Mozilla/5.0 (Windows NT 10.0; WOW64) AppleWebKit/537.36 (KHTML, like Gecko) Chrome/66.0.3359.117 Safari/537.36',
  'accept' => 'text/html,application/xhtml+xml,application/xml;q=0.9,image/webp,image/apng,*/*;q=0.8',
  'referer' => 'http://localhost/hns/public/index.php/admin',
  'accept-encoding' => 'gzip, deflate, br',
  'accept-language' => 'zh-CN,zh;q=0.9,en;q=0.8',
  'cookie' => 'pgv_pvi=878369792; Huiskin=default; Hm_lvt_080836300300be57b7f34f4b3e97d911=1524118976,1524322114,1524542079,1524548245; PHPSESSID=tsp4tus9hpku940f55950fsohl',
)
[ info ] [ PARAM ] array (
)
[ info ] [ LOG ] INIT File

---------------------------------------------------------------
[ 2018-05-05T10:57:35+08:00 ] ::1 ::1 GET /hns/public/index.php/admin/order/index.html
[ log ] localhost/hns/public/index.php/admin/order/index.html [运行时间：0.015689s][吞吐率：63.74req/s] [内存消耗：1,159.95kb] [文件加载：38]
[ info ] [ LANG ] D:\xampp\htdocs\hns\thinkphp\lang\zh-cn.php
[ info ] [ ROUTE ] array (
  'type' => 'module',
  'module' => 
  array (
    0 => 'admin',
    1 => 'order',
    2 => 'index',
  ),
)
[ info ] [ HEADER ] array (
  'host' => 'localhost',
  'connection' => 'keep-alive',
  'upgrade-insecure-requests' => '1',
  'user-agent' => 'Mozilla/5.0 (Windows NT 10.0; WOW64) AppleWebKit/537.36 (KHTML, like Gecko) Chrome/66.0.3359.117 Safari/537.36',
  'accept' => 'text/html,application/xhtml+xml,application/xml;q=0.9,image/webp,image/apng,*/*;q=0.8',
  'referer' => 'http://localhost/hns/public/index.php/admin',
  'accept-encoding' => 'gzip, deflate, br',
  'accept-language' => 'zh-CN,zh;q=0.9,en;q=0.8',
  'cookie' => 'pgv_pvi=878369792; Huiskin=default; Hm_lvt_080836300300be57b7f34f4b3e97d911=1524118976,1524322114,1524542079,1524548245; PHPSESSID=tsp4tus9hpku940f55950fsohl',
)
[ info ] [ PARAM ] array (
)
[ info ] [ RUN ] app\admin\controller\Order->index[ D:\xampp\htdocs\hns\application\admin\controller\Order.php ]
[ info ] [ VIEW ] D:\xampp\htdocs\hns\public/../application/admin\view\order\index.html [ array (
) ]
[ info ] [ LOG ] INIT File

---------------------------------------------------------------
