[ 2018-05-08T14:49:07+08:00 ] ::1 ::1 POST /hns/public/index.php/index/user/logincheck.html
[ log ] localhost/hns/public/index.php/index/user/logincheck.html [运行时间：0.048856s][吞吐率：20.47req/s] [内存消耗：2,186.38kb] [文件加载：52]
[ info ] [ LANG ] D:\xampp\htdocs\hns\thinkphp\lang\zh-cn.php
[ info ] [ ROUTE ] array (
  'type' => 'module',
  'module' => 
  array (
    0 => 'index',
    1 => 'user',
    2 => 'logincheck',
  ),
)
[ info ] [ HEADER ] array (
  'host' => 'localhost',
  'connection' => 'keep-alive',
  'content-length' => '52',
  'cache-control' => 'max-age=0',
  'origin' => 'http://localhost',
  'upgrade-insecure-requests' => '1',
  'content-type' => 'application/x-www-form-urlencoded',
  'user-agent' => 'Mozilla/5.0 (Windows NT 10.0; WOW64) AppleWebKit/537.36 (KHTML, like Gecko) Chrome/66.0.3359.117 Safari/537.36',
  'accept' => 'text/html,application/xhtml+xml,application/xml;q=0.9,image/webp,image/apng,*/*;q=0.8',
  'referer' => 'http://localhost/hns/public/index.php/index/user/login.html',
  'accept-encoding' => 'gzip, deflate, br',
  'accept-language' => 'zh-CN,zh;q=0.9,en;q=0.8',
  'cookie' => 'pgv_pvi=878369792; Huiskin=default; PHPSESSID=res4tgnc8cp3phtek4a8rc7vc7; Hm_lvt_080836300300be57b7f34f4b3e97d911=1524322114,1524542079,1524548245,1525759048; Hm_lpvt_080836300300be57b7f34f4b3e97d911=1525759064',
)
[ info ] [ PARAM ] array (
  'email' => '12605832255@qq.com',
  'password' => '123456',
  'code' => '2042',
)
[ info ] [ DB ] INIT mysql
[ info ] [ RUN ] app\index\controller\User->logincheck[ D:\xampp\htdocs\hns\application\index\controller\User.php ]
[ info ] [ SESSION ] INIT array (
  'id' => '',
  'var_session_id' => '',
  'prefix' => 'think',
  'type' => '',
  'auto_start' => true,
)
[ info ] [ DB ] INIT mysql
[ info ] [ LOG ] INIT File
[ sql ] [ DB ] CONNECT:[ UseTime:0.013660s ] mysql:dbname=hns;host=127.0.0.1;charset=utf8
[ sql ] [ SQL ] SHOW COLUMNS FROM `hn_user` [ RunTime:0.004889s ]
[ sql ] [ SQL ] SELECT * FROM `hn_user` WHERE  `email` = '12605832255@qq.com' LIMIT 1 [ RunTime:0.000437s ]

---------------------------------------------------------------
[ 2018-05-08T14:49:07+08:00 ] ::1 ::1 GET /hns/public/index.php/index/index/index.html
[ log ] localhost/hns/public/index.php/index/index/index.html [运行时间：0.045248s][吞吐率：22.10req/s] [内存消耗：2,213.34kb] [文件加载：52]
[ info ] [ LANG ] D:\xampp\htdocs\hns\thinkphp\lang\zh-cn.php
[ info ] [ ROUTE ] array (
  'type' => 'module',
  'module' => 
  array (
    0 => 'index',
    1 => 'index',
    2 => 'index',
  ),
)
[ info ] [ HEADER ] array (
  'host' => 'localhost',
  'connection' => 'keep-alive',
  'cache-control' => 'max-age=0',
  'upgrade-insecure-requests' => '1',
  'user-agent' => 'Mozilla/5.0 (Windows NT 10.0; WOW64) AppleWebKit/537.36 (KHTML, like Gecko) Chrome/66.0.3359.117 Safari/537.36',
  'accept' => 'text/html,application/xhtml+xml,application/xml;q=0.9,image/webp,image/apng,*/*;q=0.8',
  'referer' => 'http://localhost/hns/public/index.php/index/user/login.html',
  'accept-encoding' => 'gzip, deflate, br',
  'accept-language' => 'zh-CN,zh;q=0.9,en;q=0.8',
  'cookie' => 'pgv_pvi=878369792; Huiskin=default; PHPSESSID=res4tgnc8cp3phtek4a8rc7vc7; Hm_lvt_080836300300be57b7f34f4b3e97d911=1524322114,1524542079,1524548245,1525759048; Hm_lpvt_080836300300be57b7f34f4b3e97d911=1525759064',
)
[ info ] [ PARAM ] array (
)
[ info ] [ DB ] INIT mysql
[ info ] [ RUN ] app\index\controller\Index->index[ D:\xampp\htdocs\hns\application\index\controller\Index.php ]
[ info ] [ SESSION ] INIT array (
  'id' => '',
  'var_session_id' => '',
  'prefix' => 'think',
  'type' => '',
  'auto_start' => true,
)
[ info ] [ VIEW ] D:\xampp\htdocs\hns\public/../application/index\view\index\index.html [ array (
  0 => 'shop_cart',
  1 => 'categorys',
  2 => 'books',
) ]
[ info ] [ LOG ] INIT File
[ sql ] [ DB ] CONNECT:[ UseTime:0.002028s ] mysql:dbname=hns;host=127.0.0.1;charset=utf8
[ sql ] [ SQL ] SHOW COLUMNS FROM `hn_category` [ RunTime:0.005538s ]
[ sql ] [ SQL ] SELECT COUNT(*) AS tp_count FROM `hn_category` LIMIT 1 [ RunTime:0.000340s ]
[ sql ] [ SQL ] SELECT * FROM `hn_category` LIMIT 0,10 [ RunTime:0.000322s ]
[ sql ] [ SQL ] SHOW COLUMNS FROM `hn_book` [ RunTime:0.004760s ]
[ sql ] [ SQL ] SELECT COUNT(*) AS tp_count FROM `hn_book` WHERE  `status` = 1 LIMIT 1 [ RunTime:0.000345s ]
[ sql ] [ SQL ] SELECT * FROM `hn_book` WHERE  `status` = 1 LIMIT 0,4 [ RunTime:0.000520s ]

---------------------------------------------------------------
[ 2018-05-08T14:49:10+08:00 ] ::1 ::1 GET /hns/public/index.php/index/order/index.html
[ log ] localhost/hns/public/index.php/index/order/index.html [运行时间：0.068532s][吞吐率：14.59req/s] [内存消耗：2,312.77kb] [文件加载：54]
[ info ] [ LANG ] D:\xampp\htdocs\hns\thinkphp\lang\zh-cn.php
[ info ] [ ROUTE ] array (
  'type' => 'module',
  'module' => 
  array (
    0 => 'index',
    1 => 'order',
    2 => 'index',
  ),
)
[ info ] [ HEADER ] array (
  'host' => 'localhost',
  'connection' => 'keep-alive',
  'upgrade-insecure-requests' => '1',
  'user-agent' => 'Mozilla/5.0 (Windows NT 10.0; WOW64) AppleWebKit/537.36 (KHTML, like Gecko) Chrome/66.0.3359.117 Safari/537.36',
  'accept' => 'text/html,application/xhtml+xml,application/xml;q=0.9,image/webp,image/apng,*/*;q=0.8',
  'referer' => 'http://localhost/hns/public/index.php/index/index/index.html',
  'accept-encoding' => 'gzip, deflate, br',
  'accept-language' => 'zh-CN,zh;q=0.9,en;q=0.8',
  'cookie' => 'pgv_pvi=878369792; Huiskin=default; PHPSESSID=res4tgnc8cp3phtek4a8rc7vc7; Hm_lvt_080836300300be57b7f34f4b3e97d911=1524322114,1524542079,1524548245,1525759048; Hm_lpvt_080836300300be57b7f34f4b3e97d911=1525759064',
)
[ info ] [ PARAM ] array (
)
[ info ] [ DB ] INIT mysql
[ info ] [ RUN ] app\index\controller\Order->index[ D:\xampp\htdocs\hns\application\index\controller\Order.php ]
[ info ] [ SESSION ] INIT array (
  'id' => '',
  'var_session_id' => '',
  'prefix' => 'think',
  'type' => '',
  'auto_start' => true,
)
[ info ] [ DB ] INIT mysql
[ info ] [ VIEW ] D:\xampp\htdocs\hns\public/../application/index\view\order\index.html [ array (
  0 => 'shop_cart',
  1 => 'categorys',
  2 => '$books',
  3 => 'orders',
) ]
[ info ] [ LOG ] INIT File
[ sql ] [ DB ] CONNECT:[ UseTime:0.001463s ] mysql:dbname=hns;host=127.0.0.1;charset=utf8
[ sql ] [ SQL ] SHOW COLUMNS FROM `hn_category` [ RunTime:0.007788s ]
[ sql ] [ SQL ] SELECT COUNT(*) AS tp_count FROM `hn_category` LIMIT 1 [ RunTime:0.000368s ]
[ sql ] [ SQL ] SELECT * FROM `hn_category` LIMIT 0,10 [ RunTime:0.000303s ]
[ sql ] [ SQL ] SHOW COLUMNS FROM `hn_book` [ RunTime:0.005081s ]
[ sql ] [ SQL ] SELECT COUNT(*) AS tp_count FROM `hn_book` WHERE  `status` = 1 LIMIT 1 [ RunTime:0.000325s ]
[ sql ] [ SQL ] SELECT * FROM `hn_book` WHERE  `status` = 1 LIMIT 0,4 [ RunTime:0.000426s ]
[ sql ] [ DB ] CONNECT:[ UseTime:0.012376s ] mysql:dbname=hns;host=127.0.0.1;charset=utf8
[ sql ] [ SQL ] SHOW COLUMNS FROM `hn_order` [ RunTime:0.005519s ]
[ sql ] [ SQL ] SELECT COUNT(*) AS tp_count FROM `hn_order` `o` INNER JOIN `hn_user` `u` ON `o`.`buyerid`=`u`.`id` INNER JOIN `hn_book` `b` ON `o`.`bookid`=`b`.`book_id` WHERE  `buyerid` = 13 LIMIT 1 [ RunTime:0.000390s ]
[ sql ] [ SQL ] SELECT * FROM `hn_order` `o` INNER JOIN `hn_user` `u` ON `o`.`buyerid`=`u`.`id` INNER JOIN `hn_book` `b` ON `o`.`bookid`=`b`.`book_id` WHERE  `buyerid` = 13 LIMIT 0,10 [ RunTime:0.000643s ]

---------------------------------------------------------------
[ 2018-05-08T14:49:12+08:00 ] ::1 ::1 GET /hns/public/index.php/index/order/goodsconfirm/bid/30.html
[ log ] localhost/hns/public/index.php/index/order/goodsconfirm/bid/30.html [运行时间：0.180962s][吞吐率：5.53req/s] [内存消耗：2,149.59kb] [文件加载：53]
[ info ] [ LANG ] D:\xampp\htdocs\hns\thinkphp\lang\zh-cn.php
[ info ] [ ROUTE ] array (
  'type' => 'module',
  'module' => 
  array (
    0 => 'index',
    1 => 'order',
    2 => 'goodsconfirm',
  ),
)
[ info ] [ HEADER ] array (
  'host' => 'localhost',
  'connection' => 'keep-alive',
  'upgrade-insecure-requests' => '1',
  'user-agent' => 'Mozilla/5.0 (Windows NT 10.0; WOW64) AppleWebKit/537.36 (KHTML, like Gecko) Chrome/66.0.3359.117 Safari/537.36',
  'accept' => 'text/html,application/xhtml+xml,application/xml;q=0.9,image/webp,image/apng,*/*;q=0.8',
  'referer' => 'http://localhost/hns/public/index.php/index/order/index.html',
  'accept-encoding' => 'gzip, deflate, br',
  'accept-language' => 'zh-CN,zh;q=0.9,en;q=0.8',
  'cookie' => 'pgv_pvi=878369792; Huiskin=default; PHPSESSID=res4tgnc8cp3phtek4a8rc7vc7; Hm_lvt_080836300300be57b7f34f4b3e97d911=1524322114,1524542079,1524548245,1525759048; Hm_lpvt_080836300300be57b7f34f4b3e97d911=1525759064',
)
[ info ] [ PARAM ] array (
  'bid' => '30',
)
[ info ] [ DB ] INIT mysql
[ info ] [ RUN ] app\index\controller\Order->goodsConfirm[ D:\xampp\htdocs\hns\application\index\controller\Order.php ]
[ info ] [ DB ] INIT mysql
[ info ] [ CACHE ] INIT File
[ info ] [ DB ] INIT mysql
[ info ] [ LOG ] INIT File
[ sql ] [ DB ] CONNECT:[ UseTime:0.001348s ] mysql:dbname=hns;host=127.0.0.1;charset=utf8
[ sql ] [ SQL ] SHOW COLUMNS FROM `hn_book` [ RunTime:0.006868s ]
[ sql ] [ SQL ] UPDATE `hn_book`  SET `status`=-1  WHERE  `book_id` = 30 [ RunTime:0.084950s ]
[ sql ] [ DB ] CONNECT:[ UseTime:0.012263s ] mysql:dbname=hns;host=127.0.0.1;charset=utf8
[ sql ] [ SQL ] SHOW COLUMNS FROM `hn_order` [ RunTime:0.006537s ]
[ sql ] [ SQL ] UPDATE `hn_order`  SET `orderstatus`=2  WHERE  `bookid` = 30 [ RunTime:0.039198s ]

---------------------------------------------------------------
[ 2018-05-08T14:49:12+08:00 ] ::1 ::1 GET /hns/public/index.php/index/order/index.html
[ log ] localhost/hns/public/index.php/index/order/index.html [运行时间：0.069527s][吞吐率：14.38req/s] [内存消耗：2,312.77kb] [文件加载：54]
[ info ] [ LANG ] D:\xampp\htdocs\hns\thinkphp\lang\zh-cn.php
[ info ] [ ROUTE ] array (
  'type' => 'module',
  'module' => 
  array (
    0 => 'index',
    1 => 'order',
    2 => 'index',
  ),
)
[ info ] [ HEADER ] array (
  'host' => 'localhost',
  'connection' => 'keep-alive',
  'upgrade-insecure-requests' => '1',
  'user-agent' => 'Mozilla/5.0 (Windows NT 10.0; WOW64) AppleWebKit/537.36 (KHTML, like Gecko) Chrome/66.0.3359.117 Safari/537.36',
  'accept' => 'text/html,application/xhtml+xml,application/xml;q=0.9,image/webp,image/apng,*/*;q=0.8',
  'referer' => 'http://localhost/hns/public/index.php/index/order/index.html',
  'accept-encoding' => 'gzip, deflate, br',
  'accept-language' => 'zh-CN,zh;q=0.9,en;q=0.8',
  'cookie' => 'pgv_pvi=878369792; Huiskin=default; PHPSESSID=res4tgnc8cp3phtek4a8rc7vc7; Hm_lvt_080836300300be57b7f34f4b3e97d911=1524322114,1524542079,1524548245,1525759048; Hm_lpvt_080836300300be57b7f34f4b3e97d911=1525759064',
)
[ info ] [ PARAM ] array (
)
[ info ] [ DB ] INIT mysql
[ info ] [ RUN ] app\index\controller\Order->index[ D:\xampp\htdocs\hns\application\index\controller\Order.php ]
[ info ] [ SESSION ] INIT array (
  'id' => '',
  'var_session_id' => '',
  'prefix' => 'think',
  'type' => '',
  'auto_start' => true,
)
[ info ] [ DB ] INIT mysql
[ info ] [ VIEW ] D:\xampp\htdocs\hns\public/../application/index\view\order\index.html [ array (
  0 => 'shop_cart',
  1 => 'categorys',
  2 => '$books',
  3 => 'orders',
) ]
[ info ] [ LOG ] INIT File
[ sql ] [ DB ] CONNECT:[ UseTime:0.011735s ] mysql:dbname=hns;host=127.0.0.1;charset=utf8
[ sql ] [ SQL ] SHOW COLUMNS FROM `hn_category` [ RunTime:0.005139s ]
[ sql ] [ SQL ] SELECT COUNT(*) AS tp_count FROM `hn_category` LIMIT 1 [ RunTime:0.000271s ]
[ sql ] [ SQL ] SELECT * FROM `hn_category` LIMIT 0,10 [ RunTime:0.000256s ]
[ sql ] [ SQL ] SHOW COLUMNS FROM `hn_book` [ RunTime:0.005287s ]
[ sql ] [ SQL ] SELECT COUNT(*) AS tp_count FROM `hn_book` WHERE  `status` = 1 LIMIT 1 [ RunTime:0.000323s ]
[ sql ] [ SQL ] SELECT * FROM `hn_book` WHERE  `status` = 1 LIMIT 0,4 [ RunTime:0.000382s ]
[ sql ] [ DB ] CONNECT:[ UseTime:0.012473s ] mysql:dbname=hns;host=127.0.0.1;charset=utf8
[ sql ] [ SQL ] SHOW COLUMNS FROM `hn_order` [ RunTime:0.004922s ]
[ sql ] [ SQL ] SELECT COUNT(*) AS tp_count FROM `hn_order` `o` INNER JOIN `hn_user` `u` ON `o`.`buyerid`=`u`.`id` INNER JOIN `hn_book` `b` ON `o`.`bookid`=`b`.`book_id` WHERE  `buyerid` = 13 LIMIT 1 [ RunTime:0.000406s ]
[ sql ] [ SQL ] SELECT * FROM `hn_order` `o` INNER JOIN `hn_user` `u` ON `o`.`buyerid`=`u`.`id` INNER JOIN `hn_book` `b` ON `o`.`bookid`=`b`.`book_id` WHERE  `buyerid` = 13 LIMIT 0,10 [ RunTime:0.000506s ]

---------------------------------------------------------------
[ 2018-05-08T14:49:14+08:00 ] ::1 ::1 GET /hns/public/index.php/index/order/index.html
[ log ] localhost/hns/public/index.php/index/order/index.html [运行时间：0.075361s][吞吐率：13.27req/s] [内存消耗：2,313.10kb] [文件加载：54]
[ info ] [ LANG ] D:\xampp\htdocs\hns\thinkphp\lang\zh-cn.php
[ info ] [ ROUTE ] array (
  'type' => 'module',
  'module' => 
  array (
    0 => 'index',
    1 => 'order',
    2 => 'index',
  ),
)
[ info ] [ HEADER ] array (
  'host' => 'localhost',
  'connection' => 'keep-alive',
  'cache-control' => 'max-age=0',
  'upgrade-insecure-requests' => '1',
  'user-agent' => 'Mozilla/5.0 (Windows NT 10.0; WOW64) AppleWebKit/537.36 (KHTML, like Gecko) Chrome/66.0.3359.117 Safari/537.36',
  'accept' => 'text/html,application/xhtml+xml,application/xml;q=0.9,image/webp,image/apng,*/*;q=0.8',
  'referer' => 'http://localhost/hns/public/index.php/index/order/index.html',
  'accept-encoding' => 'gzip, deflate, br',
  'accept-language' => 'zh-CN,zh;q=0.9,en;q=0.8',
  'cookie' => 'pgv_pvi=878369792; Huiskin=default; PHPSESSID=res4tgnc8cp3phtek4a8rc7vc7; Hm_lvt_080836300300be57b7f34f4b3e97d911=1524322114,1524542079,1524548245,1525759048; Hm_lpvt_080836300300be57b7f34f4b3e97d911=1525759064',
)
[ info ] [ PARAM ] array (
)
[ info ] [ DB ] INIT mysql
[ info ] [ RUN ] app\index\controller\Order->index[ D:\xampp\htdocs\hns\application\index\controller\Order.php ]
[ info ] [ SESSION ] INIT array (
  'id' => '',
  'var_session_id' => '',
  'prefix' => 'think',
  'type' => '',
  'auto_start' => true,
)
[ info ] [ DB ] INIT mysql
[ info ] [ VIEW ] D:\xampp\htdocs\hns\public/../application/index\view\order\index.html [ array (
  0 => 'shop_cart',
  1 => 'categorys',
  2 => '$books',
  3 => 'orders',
) ]
[ info ] [ LOG ] INIT File
[ sql ] [ DB ] CONNECT:[ UseTime:0.011390s ] mysql:dbname=hns;host=127.0.0.1;charset=utf8
[ sql ] [ SQL ] SHOW COLUMNS FROM `hn_category` [ RunTime:0.004224s ]
[ sql ] [ SQL ] SELECT COUNT(*) AS tp_count FROM `hn_category` LIMIT 1 [ RunTime:0.000297s ]
[ sql ] [ SQL ] SELECT * FROM `hn_category` LIMIT 0,10 [ RunTime:0.000245s ]
[ sql ] [ SQL ] SHOW COLUMNS FROM `hn_book` [ RunTime:0.006489s ]
[ sql ] [ SQL ] SELECT COUNT(*) AS tp_count FROM `hn_book` WHERE  `status` = 1 LIMIT 1 [ RunTime:0.000335s ]
[ sql ] [ SQL ] SELECT * FROM `hn_book` WHERE  `status` = 1 LIMIT 0,4 [ RunTime:0.000334s ]
[ sql ] [ DB ] CONNECT:[ UseTime:0.012443s ] mysql:dbname=hns;host=127.0.0.1;charset=utf8
[ sql ] [ SQL ] SHOW COLUMNS FROM `hn_order` [ RunTime:0.005028s ]
[ sql ] [ SQL ] SELECT COUNT(*) AS tp_count FROM `hn_order` `o` INNER JOIN `hn_user` `u` ON `o`.`buyerid`=`u`.`id` INNER JOIN `hn_book` `b` ON `o`.`bookid`=`b`.`book_id` WHERE  `buyerid` = 13 LIMIT 1 [ RunTime:0.000390s ]
[ sql ] [ SQL ] SELECT * FROM `hn_order` `o` INNER JOIN `hn_user` `u` ON `o`.`buyerid`=`u`.`id` INNER JOIN `hn_book` `b` ON `o`.`bookid`=`b`.`book_id` WHERE  `buyerid` = 13 LIMIT 0,10 [ RunTime:0.000484s ]

---------------------------------------------------------------
[ 2018-05-08T14:49:19+08:00 ] ::1 ::1 GET /hns/public/index.php/index/order/index.html
[ log ] localhost/hns/public/index.php/index/order/index.html [运行时间：0.061609s][吞吐率：16.23req/s] [内存消耗：2,312.77kb] [文件加载：54]
[ info ] [ LANG ] D:\xampp\htdocs\hns\thinkphp\lang\zh-cn.php
[ info ] [ ROUTE ] array (
  'type' => 'module',
  'module' => 
  array (
    0 => 'index',
    1 => 'order',
    2 => 'index',
  ),
)
[ info ] [ HEADER ] array (
  'host' => 'localhost',
  'connection' => 'keep-alive',
  'upgrade-insecure-requests' => '1',
  'user-agent' => 'Mozilla/5.0 (Windows NT 10.0; WOW64) AppleWebKit/537.36 (KHTML, like Gecko) Chrome/66.0.3359.117 Safari/537.36',
  'accept' => 'text/html,application/xhtml+xml,application/xml;q=0.9,image/webp,image/apng,*/*;q=0.8',
  'referer' => 'http://localhost/hns/public/index.php/index/order/index.html',
  'accept-encoding' => 'gzip, deflate, br',
  'accept-language' => 'zh-CN,zh;q=0.9,en;q=0.8',
  'cookie' => 'pgv_pvi=878369792; Huiskin=default; PHPSESSID=res4tgnc8cp3phtek4a8rc7vc7; Hm_lvt_080836300300be57b7f34f4b3e97d911=1524322114,1524542079,1524548245,1525759048; Hm_lpvt_080836300300be57b7f34f4b3e97d911=1525759064',
)
[ info ] [ PARAM ] array (
)
[ info ] [ DB ] INIT mysql
[ info ] [ RUN ] app\index\controller\Order->index[ D:\xampp\htdocs\hns\application\index\controller\Order.php ]
[ info ] [ SESSION ] INIT array (
  'id' => '',
  'var_session_id' => '',
  'prefix' => 'think',
  'type' => '',
  'auto_start' => true,
)
[ info ] [ DB ] INIT mysql
[ info ] [ VIEW ] D:\xampp\htdocs\hns\public/../application/index\view\order\index.html [ array (
  0 => 'shop_cart',
  1 => 'categorys',
  2 => '$books',
  3 => 'orders',
) ]
[ info ] [ LOG ] INIT File
[ sql ] [ DB ] CONNECT:[ UseTime:0.011541s ] mysql:dbname=hns;host=127.0.0.1;charset=utf8
[ sql ] [ SQL ] SHOW COLUMNS FROM `hn_category` [ RunTime:0.005020s ]
[ sql ] [ SQL ] SELECT COUNT(*) AS tp_count FROM `hn_category` LIMIT 1 [ RunTime:0.000298s ]
[ sql ] [ SQL ] SELECT * FROM `hn_category` LIMIT 0,10 [ RunTime:0.000261s ]
[ sql ] [ SQL ] SHOW COLUMNS FROM `hn_book` [ RunTime:0.006028s ]
[ sql ] [ SQL ] SELECT COUNT(*) AS tp_count FROM `hn_book` WHERE  `status` = 1 LIMIT 1 [ RunTime:0.000324s ]
[ sql ] [ SQL ] SELECT * FROM `hn_book` WHERE  `status` = 1 LIMIT 0,4 [ RunTime:0.000328s ]
[ sql ] [ DB ] CONNECT:[ UseTime:0.002196s ] mysql:dbname=hns;host=127.0.0.1;charset=utf8
[ sql ] [ SQL ] SHOW COLUMNS FROM `hn_order` [ RunTime:0.004862s ]
[ sql ] [ SQL ] SELECT COUNT(*) AS tp_count FROM `hn_order` `o` INNER JOIN `hn_user` `u` ON `o`.`buyerid`=`u`.`id` INNER JOIN `hn_book` `b` ON `o`.`bookid`=`b`.`book_id` WHERE  `buyerid` = 13 LIMIT 1 [ RunTime:0.000376s ]
[ sql ] [ SQL ] SELECT * FROM `hn_order` `o` INNER JOIN `hn_user` `u` ON `o`.`buyerid`=`u`.`id` INNER JOIN `hn_book` `b` ON `o`.`bookid`=`b`.`book_id` WHERE  `buyerid` = 13 LIMIT 0,10 [ RunTime:0.000544s ]

---------------------------------------------------------------
[ 2018-05-08T14:49:20+08:00 ] ::1 ::1 GET /hns/public/index.php/index/order/index.html
[ log ] localhost/hns/public/index.php/index/order/index.html [运行时间：0.063161s][吞吐率：15.83req/s] [内存消耗：2,312.77kb] [文件加载：54]
[ info ] [ LANG ] D:\xampp\htdocs\hns\thinkphp\lang\zh-cn.php
[ info ] [ ROUTE ] array (
  'type' => 'module',
  'module' => 
  array (
    0 => 'index',
    1 => 'order',
    2 => 'index',
  ),
)
[ info ] [ HEADER ] array (
  'host' => 'localhost',
  'connection' => 'keep-alive',
  'upgrade-insecure-requests' => '1',
  'user-agent' => 'Mozilla/5.0 (Windows NT 10.0; WOW64) AppleWebKit/537.36 (KHTML, like Gecko) Chrome/66.0.3359.117 Safari/537.36',
  'accept' => 'text/html,application/xhtml+xml,application/xml;q=0.9,image/webp,image/apng,*/*;q=0.8',
  'referer' => 'http://localhost/hns/public/index.php/index/order/index.html',
  'accept-encoding' => 'gzip, deflate, br',
  'accept-language' => 'zh-CN,zh;q=0.9,en;q=0.8',
  'cookie' => 'pgv_pvi=878369792; Huiskin=default; PHPSESSID=res4tgnc8cp3phtek4a8rc7vc7; Hm_lvt_080836300300be57b7f34f4b3e97d911=1524322114,1524542079,1524548245,1525759048; Hm_lpvt_080836300300be57b7f34f4b3e97d911=1525759064',
)
[ info ] [ PARAM ] array (
)
[ info ] [ DB ] INIT mysql
[ info ] [ RUN ] app\index\controller\Order->index[ D:\xampp\htdocs\hns\application\index\controller\Order.php ]
[ info ] [ SESSION ] INIT array (
  'id' => '',
  'var_session_id' => '',
  'prefix' => 'think',
  'type' => '',
  'auto_start' => true,
)
[ info ] [ DB ] INIT mysql
[ info ] [ VIEW ] D:\xampp\htdocs\hns\public/../application/index\view\order\index.html [ array (
  0 => 'shop_cart',
  1 => 'categorys',
  2 => '$books',
  3 => 'orders',
) ]
[ info ] [ LOG ] INIT File
[ sql ] [ DB ] CONNECT:[ UseTime:0.001750s ] mysql:dbname=hns;host=127.0.0.1;charset=utf8
[ sql ] [ SQL ] SHOW COLUMNS FROM `hn_category` [ RunTime:0.006891s ]
[ sql ] [ SQL ] SELECT COUNT(*) AS tp_count FROM `hn_category` LIMIT 1 [ RunTime:0.000309s ]
[ sql ] [ SQL ] SELECT * FROM `hn_category` LIMIT 0,10 [ RunTime:0.000258s ]
[ sql ] [ SQL ] SHOW COLUMNS FROM `hn_book` [ RunTime:0.004823s ]
[ sql ] [ SQL ] SELECT COUNT(*) AS tp_count FROM `hn_book` WHERE  `status` = 1 LIMIT 1 [ RunTime:0.000311s ]
[ sql ] [ SQL ] SELECT * FROM `hn_book` WHERE  `status` = 1 LIMIT 0,4 [ RunTime:0.000387s ]
[ sql ] [ DB ] CONNECT:[ UseTime:0.012140s ] mysql:dbname=hns;host=127.0.0.1;charset=utf8
[ sql ] [ SQL ] SHOW COLUMNS FROM `hn_order` [ RunTime:0.005101s ]
[ sql ] [ SQL ] SELECT COUNT(*) AS tp_count FROM `hn_order` `o` INNER JOIN `hn_user` `u` ON `o`.`buyerid`=`u`.`id` INNER JOIN `hn_book` `b` ON `o`.`bookid`=`b`.`book_id` WHERE  `buyerid` = 13 LIMIT 1 [ RunTime:0.000593s ]
[ sql ] [ SQL ] SELECT * FROM `hn_order` `o` INNER JOIN `hn_user` `u` ON `o`.`buyerid`=`u`.`id` INNER JOIN `hn_book` `b` ON `o`.`bookid`=`b`.`book_id` WHERE  `buyerid` = 13 LIMIT 0,10 [ RunTime:0.000841s ]

---------------------------------------------------------------
[ 2018-05-08T14:51:56+08:00 ] ::1 ::1 GET /hns/public/index.php/index/order/index.html
[ log ] localhost/hns/public/index.php/index/order/index.html [运行时间：0.073851s][吞吐率：13.54req/s] [内存消耗：2,314.05kb] [文件加载：54]
[ info ] [ LANG ] D:\xampp\htdocs\hns\thinkphp\lang\zh-cn.php
[ info ] [ ROUTE ] array (
  'type' => 'module',
  'module' => 
  array (
    0 => 'index',
    1 => 'order',
    2 => 'index',
  ),
)
[ info ] [ HEADER ] array (
  'host' => 'localhost',
  'connection' => 'keep-alive',
  'cache-control' => 'max-age=0',
  'upgrade-insecure-requests' => '1',
  'user-agent' => 'Mozilla/5.0 (Windows NT 10.0; WOW64) AppleWebKit/537.36 (KHTML, like Gecko) Chrome/66.0.3359.117 Safari/537.36',
  'accept' => 'text/html,application/xhtml+xml,application/xml;q=0.9,image/webp,image/apng,*/*;q=0.8',
  'referer' => 'http://localhost/hns/public/index.php/index/order/index.html',
  'accept-encoding' => 'gzip, deflate, br',
  'accept-language' => 'zh-CN,zh;q=0.9,en;q=0.8',
  'cookie' => 'pgv_pvi=878369792; Huiskin=default; PHPSESSID=res4tgnc8cp3phtek4a8rc7vc7; Hm_lvt_080836300300be57b7f34f4b3e97d911=1524322114,1524542079,1524548245,1525759048; Hm_lpvt_080836300300be57b7f34f4b3e97d911=1525759064',
)
[ info ] [ PARAM ] array (
)
[ info ] [ DB ] INIT mysql
[ info ] [ RUN ] app\index\controller\Order->index[ D:\xampp\htdocs\hns\application\index\controller\Order.php ]
[ info ] [ SESSION ] INIT array (
  'id' => '',
  'var_session_id' => '',
  'prefix' => 'think',
  'type' => '',
  'auto_start' => true,
)
[ info ] [ DB ] INIT mysql
[ info ] [ VIEW ] D:\xampp\htdocs\hns\public/../application/index\view\order\index.html [ array (
  0 => 'shop_cart',
  1 => 'categorys',
  2 => '$books',
  3 => 'orders',
) ]
[ info ] [ LOG ] INIT File
[ sql ] [ DB ] CONNECT:[ UseTime:0.001328s ] mysql:dbname=hns;host=127.0.0.1;charset=utf8
[ sql ] [ SQL ] SHOW COLUMNS FROM `hn_category` [ RunTime:0.010831s ]
[ sql ] [ SQL ] SELECT COUNT(*) AS tp_count FROM `hn_category` LIMIT 1 [ RunTime:0.000372s ]
[ sql ] [ SQL ] SELECT * FROM `hn_category` LIMIT 0,10 [ RunTime:0.000273s ]
[ sql ] [ SQL ] SHOW COLUMNS FROM `hn_book` [ RunTime:0.004544s ]
[ sql ] [ SQL ] SELECT COUNT(*) AS tp_count FROM `hn_book` WHERE  `status` = 1 LIMIT 1 [ RunTime:0.000353s ]
[ sql ] [ SQL ] SELECT * FROM `hn_book` WHERE  `status` = 1 LIMIT 0,4 [ RunTime:0.000593s ]
[ sql ] [ DB ] CONNECT:[ UseTime:0.012293s ] mysql:dbname=hns;host=127.0.0.1;charset=utf8
[ sql ] [ SQL ] SHOW COLUMNS FROM `hn_order` [ RunTime:0.008229s ]
[ sql ] [ SQL ] SELECT COUNT(*) AS tp_count FROM `hn_order` `o` INNER JOIN `hn_user` `u` ON `o`.`buyerid`=`u`.`id` INNER JOIN `hn_book` `b` ON `o`.`bookid`=`b`.`book_id` WHERE  `buyerid` = 13 LIMIT 1 [ RunTime:0.000467s ]
[ sql ] [ SQL ] SELECT * FROM `hn_order` `o` INNER JOIN `hn_user` `u` ON `o`.`buyerid`=`u`.`id` INNER JOIN `hn_book` `b` ON `o`.`bookid`=`b`.`book_id` WHERE  `buyerid` = 13 ORDER BY `orderstatus`  asc LIMIT 0,10 [ RunTime:0.000695s ]

---------------------------------------------------------------
[ 2018-05-08T14:51:59+08:00 ] ::1 ::1 GET /hns/public/index.php/index/order/index.html
[ log ] localhost/hns/public/index.php/index/order/index.html [运行时间：0.062279s][吞吐率：16.06req/s] [内存消耗：2,314.05kb] [文件加载：54]
[ info ] [ LANG ] D:\xampp\htdocs\hns\thinkphp\lang\zh-cn.php
[ info ] [ ROUTE ] array (
  'type' => 'module',
  'module' => 
  array (
    0 => 'index',
    1 => 'order',
    2 => 'index',
  ),
)
[ info ] [ HEADER ] array (
  'host' => 'localhost',
  'connection' => 'keep-alive',
  'cache-control' => 'max-age=0',
  'upgrade-insecure-requests' => '1',
  'user-agent' => 'Mozilla/5.0 (Windows NT 10.0; WOW64) AppleWebKit/537.36 (KHTML, like Gecko) Chrome/66.0.3359.117 Safari/537.36',
  'accept' => 'text/html,application/xhtml+xml,application/xml;q=0.9,image/webp,image/apng,*/*;q=0.8',
  'referer' => 'http://localhost/hns/public/index.php/index/order/index.html',
  'accept-encoding' => 'gzip, deflate, br',
  'accept-language' => 'zh-CN,zh;q=0.9,en;q=0.8',
  'cookie' => 'pgv_pvi=878369792; Huiskin=default; PHPSESSID=res4tgnc8cp3phtek4a8rc7vc7; Hm_lvt_080836300300be57b7f34f4b3e97d911=1524322114,1524542079,1524548245,1525759048; Hm_lpvt_080836300300be57b7f34f4b3e97d911=1525759064',
)
[ info ] [ PARAM ] array (
)
[ info ] [ DB ] INIT mysql
[ info ] [ RUN ] app\index\controller\Order->index[ D:\xampp\htdocs\hns\application\index\controller\Order.php ]
[ info ] [ SESSION ] INIT array (
  'id' => '',
  'var_session_id' => '',
  'prefix' => 'think',
  'type' => '',
  'auto_start' => true,
)
[ info ] [ DB ] INIT mysql
[ info ] [ VIEW ] D:\xampp\htdocs\hns\public/../application/index\view\order\index.html [ array (
  0 => 'shop_cart',
  1 => 'categorys',
  2 => '$books',
  3 => 'orders',
) ]
[ info ] [ LOG ] INIT File
[ sql ] [ DB ] CONNECT:[ UseTime:0.010941s ] mysql:dbname=hns;host=127.0.0.1;charset=utf8
[ sql ] [ SQL ] SHOW COLUMNS FROM `hn_category` [ RunTime:0.004767s ]
[ sql ] [ SQL ] SELECT COUNT(*) AS tp_count FROM `hn_category` LIMIT 1 [ RunTime:0.000307s ]
[ sql ] [ SQL ] SELECT * FROM `hn_category` LIMIT 0,10 [ RunTime:0.000246s ]
[ sql ] [ SQL ] SHOW COLUMNS FROM `hn_book` [ RunTime:0.005445s ]
[ sql ] [ SQL ] SELECT COUNT(*) AS tp_count FROM `hn_book` WHERE  `status` = 1 LIMIT 1 [ RunTime:0.000438s ]
[ sql ] [ SQL ] SELECT * FROM `hn_book` WHERE  `status` = 1 LIMIT 0,4 [ RunTime:0.000850s ]
[ sql ] [ DB ] CONNECT:[ UseTime:0.002082s ] mysql:dbname=hns;host=127.0.0.1;charset=utf8
[ sql ] [ SQL ] SHOW COLUMNS FROM `hn_order` [ RunTime:0.004943s ]
[ sql ] [ SQL ] SELECT COUNT(*) AS tp_count FROM `hn_order` `o` INNER JOIN `hn_user` `u` ON `o`.`buyerid`=`u`.`id` INNER JOIN `hn_book` `b` ON `o`.`bookid`=`b`.`book_id` WHERE  `buyerid` = 13 LIMIT 1 [ RunTime:0.000405s ]
[ sql ] [ SQL ] SELECT * FROM `hn_order` `o` INNER JOIN `hn_user` `u` ON `o`.`buyerid`=`u`.`id` INNER JOIN `hn_book` `b` ON `o`.`bookid`=`b`.`book_id` WHERE  `buyerid` = 13 ORDER BY `orderstatus`  asc LIMIT 0,10 [ RunTime:0.000506s ]

---------------------------------------------------------------
[ 2018-05-08T14:52:00+08:00 ] ::1 ::1 GET /hns/public/index.php/index/order/index.html
[ log ] localhost/hns/public/index.php/index/order/index.html [运行时间：0.066750s][吞吐率：14.98req/s] [内存消耗：2,314.05kb] [文件加载：54]
[ info ] [ LANG ] D:\xampp\htdocs\hns\thinkphp\lang\zh-cn.php
[ info ] [ ROUTE ] array (
  'type' => 'module',
  'module' => 
  array (
    0 => 'index',
    1 => 'order',
    2 => 'index',
  ),
)
[ info ] [ HEADER ] array (
  'host' => 'localhost',
  'connection' => 'keep-alive',
  'cache-control' => 'max-age=0',
  'upgrade-insecure-requests' => '1',
  'user-agent' => 'Mozilla/5.0 (Windows NT 10.0; WOW64) AppleWebKit/537.36 (KHTML, like Gecko) Chrome/66.0.3359.117 Safari/537.36',
  'accept' => 'text/html,application/xhtml+xml,application/xml;q=0.9,image/webp,image/apng,*/*;q=0.8',
  'referer' => 'http://localhost/hns/public/index.php/index/order/index.html',
  'accept-encoding' => 'gzip, deflate, br',
  'accept-language' => 'zh-CN,zh;q=0.9,en;q=0.8',
  'cookie' => 'pgv_pvi=878369792; Huiskin=default; PHPSESSID=res4tgnc8cp3phtek4a8rc7vc7; Hm_lvt_080836300300be57b7f34f4b3e97d911=1524322114,1524542079,1524548245,1525759048; Hm_lpvt_080836300300be57b7f34f4b3e97d911=1525759064',
)
[ info ] [ PARAM ] array (
)
[ info ] [ DB ] INIT mysql
[ info ] [ RUN ] app\index\controller\Order->index[ D:\xampp\htdocs\hns\application\index\controller\Order.php ]
[ info ] [ SESSION ] INIT array (
  'id' => '',
  'var_session_id' => '',
  'prefix' => 'think',
  'type' => '',
  'auto_start' => true,
)
[ info ] [ DB ] INIT mysql
[ info ] [ VIEW ] D:\xampp\htdocs\hns\public/../application/index\view\order\index.html [ array (
  0 => 'shop_cart',
  1 => 'categorys',
  2 => '$books',
  3 => 'orders',
) ]
[ info ] [ LOG ] INIT File
[ sql ] [ DB ] CONNECT:[ UseTime:0.003405s ] mysql:dbname=hns;host=127.0.0.1;charset=utf8
[ sql ] [ SQL ] SHOW COLUMNS FROM `hn_category` [ RunTime:0.005190s ]
[ sql ] [ SQL ] SELECT COUNT(*) AS tp_count FROM `hn_category` LIMIT 1 [ RunTime:0.000295s ]
[ sql ] [ SQL ] SELECT * FROM `hn_category` LIMIT 0,10 [ RunTime:0.000368s ]
[ sql ] [ SQL ] SHOW COLUMNS FROM `hn_book` [ RunTime:0.004911s ]
[ sql ] [ SQL ] SELECT COUNT(*) AS tp_count FROM `hn_book` WHERE  `status` = 1 LIMIT 1 [ RunTime:0.001736s ]
[ sql ] [ SQL ] SELECT * FROM `hn_book` WHERE  `status` = 1 LIMIT 0,4 [ RunTime:0.001605s ]
[ sql ] [ DB ] CONNECT:[ UseTime:0.013029s ] mysql:dbname=hns;host=127.0.0.1;charset=utf8
[ sql ] [ SQL ] SHOW COLUMNS FROM `hn_order` [ RunTime:0.005349s ]
[ sql ] [ SQL ] SELECT COUNT(*) AS tp_count FROM `hn_order` `o` INNER JOIN `hn_user` `u` ON `o`.`buyerid`=`u`.`id` INNER JOIN `hn_book` `b` ON `o`.`bookid`=`b`.`book_id` WHERE  `buyerid` = 13 LIMIT 1 [ RunTime:0.000410s ]
[ sql ] [ SQL ] SELECT * FROM `hn_order` `o` INNER JOIN `hn_user` `u` ON `o`.`buyerid`=`u`.`id` INNER JOIN `hn_book` `b` ON `o`.`bookid`=`b`.`book_id` WHERE  `buyerid` = 13 ORDER BY `orderstatus`  asc LIMIT 0,10 [ RunTime:0.000624s ]

---------------------------------------------------------------
[ 2018-05-08T14:52:27+08:00 ] ::1 ::1 GET /hns/public/index.php/index/order/index.html
[ log ] localhost/hns/public/index.php/index/order/index.html [运行时间：0.064040s][吞吐率：15.62req/s] [内存消耗：2,314.05kb] [文件加载：54]
[ info ] [ LANG ] D:\xampp\htdocs\hns\thinkphp\lang\zh-cn.php
[ info ] [ ROUTE ] array (
  'type' => 'module',
  'module' => 
  array (
    0 => 'index',
    1 => 'order',
    2 => 'index',
  ),
)
[ info ] [ HEADER ] array (
  'host' => 'localhost',
  'connection' => 'keep-alive',
  'cache-control' => 'max-age=0',
  'upgrade-insecure-requests' => '1',
  'user-agent' => 'Mozilla/5.0 (Windows NT 10.0; WOW64) AppleWebKit/537.36 (KHTML, like Gecko) Chrome/66.0.3359.117 Safari/537.36',
  'accept' => 'text/html,application/xhtml+xml,application/xml;q=0.9,image/webp,image/apng,*/*;q=0.8',
  'referer' => 'http://localhost/hns/public/index.php/index/order/index.html',
  'accept-encoding' => 'gzip, deflate, br',
  'accept-language' => 'zh-CN,zh;q=0.9,en;q=0.8',
  'cookie' => 'pgv_pvi=878369792; Huiskin=default; PHPSESSID=res4tgnc8cp3phtek4a8rc7vc7; Hm_lvt_080836300300be57b7f34f4b3e97d911=1524322114,1524542079,1524548245,1525759048; Hm_lpvt_080836300300be57b7f34f4b3e97d911=1525759064',
)
[ info ] [ PARAM ] array (
)
[ info ] [ DB ] INIT mysql
[ info ] [ RUN ] app\index\controller\Order->index[ D:\xampp\htdocs\hns\application\index\controller\Order.php ]
[ info ] [ SESSION ] INIT array (
  'id' => '',
  'var_session_id' => '',
  'prefix' => 'think',
  'type' => '',
  'auto_start' => true,
)
[ info ] [ DB ] INIT mysql
[ info ] [ VIEW ] D:\xampp\htdocs\hns\public/../application/index\view\order\index.html [ array (
  0 => 'shop_cart',
  1 => 'categorys',
  2 => '$books',
  3 => 'orders',
) ]
[ info ] [ LOG ] INIT File
[ sql ] [ DB ] CONNECT:[ UseTime:0.011832s ] mysql:dbname=hns;host=127.0.0.1;charset=utf8
[ sql ] [ SQL ] SHOW COLUMNS FROM `hn_category` [ RunTime:0.005862s ]
[ sql ] [ SQL ] SELECT COUNT(*) AS tp_count FROM `hn_category` LIMIT 1 [ RunTime:0.000313s ]
[ sql ] [ SQL ] SELECT * FROM `hn_category` LIMIT 0,10 [ RunTime:0.000268s ]
[ sql ] [ SQL ] SHOW COLUMNS FROM `hn_book` [ RunTime:0.006470s ]
[ sql ] [ SQL ] SELECT COUNT(*) AS tp_count FROM `hn_book` WHERE  `status` = 1 LIMIT 1 [ RunTime:0.000322s ]
[ sql ] [ SQL ] SELECT * FROM `hn_book` WHERE  `status` = 1 LIMIT 0,4 [ RunTime:0.000405s ]
[ sql ] [ DB ] CONNECT:[ UseTime:0.002013s ] mysql:dbname=hns;host=127.0.0.1;charset=utf8
[ sql ] [ SQL ] SHOW COLUMNS FROM `hn_order` [ RunTime:0.004978s ]
[ sql ] [ SQL ] SELECT COUNT(*) AS tp_count FROM `hn_order` `o` INNER JOIN `hn_user` `u` ON `o`.`buyerid`=`u`.`id` INNER JOIN `hn_book` `b` ON `o`.`bookid`=`b`.`book_id` WHERE  `buyerid` = 13 LIMIT 1 [ RunTime:0.000338s ]
[ sql ] [ SQL ] SELECT * FROM `hn_order` `o` INNER JOIN `hn_user` `u` ON `o`.`buyerid`=`u`.`id` INNER JOIN `hn_book` `b` ON `o`.`bookid`=`b`.`book_id` WHERE  `buyerid` = 13 ORDER BY `orderstatus`  asc LIMIT 0,10 [ RunTime:0.000502s ]

---------------------------------------------------------------
